[2.023s] Invoking command in '/home/robotica/taller1_grupo15/keyboard': PYTHONPATH=/home/robotica/taller1_grupo15/build/keyboard/prefix_override:/home/robotica/taller1_grupo15/install/keyboard/lib/python3.10/site-packages:${PYTHONPATH} /usr/bin/python3 setup.py egg_info --egg-base ../build/keyboard build --build-base /home/robotica/taller1_grupo15/build/keyboard/build install --record /home/robotica/taller1_grupo15/build/keyboard/install.log --single-version-externally-managed
[2.786s] running egg_info
[2.788s] writing ../build/keyboard/keyboard.egg-info/PKG-INFO
[2.790s] writing dependency_links to ../build/keyboard/keyboard.egg-info/dependency_links.txt
[2.795s] writing requirements to ../build/keyboard/keyboard.egg-info/requires.txt
[2.796s] writing top-level names to ../build/keyboard/keyboard.egg-info/top_level.txt
[2.806s] reading manifest file '../build/keyboard/keyboard.egg-info/SOURCES.txt'
[2.807s] reading manifest template 'MANIFEST.in'
[2.807s] adding license file 'LICENSE.txt'
[2.808s] writing manifest file '../build/keyboard/keyboard.egg-info/SOURCES.txt'
[2.837s] running build
[2.838s] running build_py
[2.839s] running install
[2.839s] /usr/lib/python3/dist-packages/setuptools/command/install.py:34: SetuptoolsDeprecationWarning: setup.py install is deprecated. Use build and pip and other standards-based tools.
[2.839s]   warnings.warn(
[2.840s] running install_lib
[2.842s] running install_egg_info
[2.845s] removing '/home/robotica/taller1_grupo15/install/keyboard/lib/python3.10/site-packages/keyboard-0.13.5-py3.10.egg-info' (and everything under it)
[2.851s] Copying ../build/keyboard/keyboard.egg-info to /home/robotica/taller1_grupo15/install/keyboard/lib/python3.10/site-packages/keyboard-0.13.5-py3.10.egg-info
[2.857s] running install_scripts
[2.928s] writing list of installed files to '/home/robotica/taller1_grupo15/build/keyboard/install.log'
[3.054s] Invoked command in '/home/robotica/taller1_grupo15/keyboard' returned '0': PYTHONPATH=/home/robotica/taller1_grupo15/build/keyboard/prefix_override:/home/robotica/taller1_grupo15/install/keyboard/lib/python3.10/site-packages:${PYTHONPATH} /usr/bin/python3 setup.py egg_info --egg-base ../build/keyboard build --build-base /home/robotica/taller1_grupo15/build/keyboard/build install --record /home/robotica/taller1_grupo15/build/keyboard/install.log --single-version-externally-managed
