[2.325s] Invoking command in '/home/robotica/taller1_grupo15/src/turtle_bot_15': PYTHONPATH=/home/robotica/taller1_grupo15/build/turtle_bot_15/prefix_override:/home/robotica/taller1_grupo15/install/turtle_bot_15/lib/python3.10/site-packages:${PYTHONPATH} /usr/bin/python3 setup.py egg_info --egg-base ../../build/turtle_bot_15 build --build-base /home/robotica/taller1_grupo15/build/turtle_bot_15/build install --record /home/robotica/taller1_grupo15/build/turtle_bot_15/install.log --single-version-externally-managed
[3.266s] running egg_info
[3.277s] writing ../../build/turtle_bot_15/turtle_bot_15.egg-info/PKG-INFO
[3.288s] writing dependency_links to ../../build/turtle_bot_15/turtle_bot_15.egg-info/dependency_links.txt
[3.290s] writing entry points to ../../build/turtle_bot_15/turtle_bot_15.egg-info/entry_points.txt
[3.293s] writing requirements to ../../build/turtle_bot_15/turtle_bot_15.egg-info/requires.txt
[3.298s] writing top-level names to ../../build/turtle_bot_15/turtle_bot_15.egg-info/top_level.txt
[3.316s] reading manifest file '../../build/turtle_bot_15/turtle_bot_15.egg-info/SOURCES.txt'
[3.334s] writing manifest file '../../build/turtle_bot_15/turtle_bot_15.egg-info/SOURCES.txt'
[3.338s] running build
[3.338s] running build_py
[3.339s] copying turtle_bot_15/turtle_bot_teleop.py -> /home/robotica/taller1_grupo15/build/turtle_bot_15/build/lib/turtle_bot_15
[3.339s] running install
[3.340s] /usr/lib/python3/dist-packages/setuptools/command/install.py:34: SetuptoolsDeprecationWarning: setup.py install is deprecated. Use build and pip and other standards-based tools.
[3.340s]   warnings.warn(
[3.341s] running install_lib
[3.342s] copying /home/robotica/taller1_grupo15/build/turtle_bot_15/build/lib/turtle_bot_15/turtle_bot_teleop.py -> /home/robotica/taller1_grupo15/install/turtle_bot_15/lib/python3.10/site-packages/turtle_bot_15
[3.373s] byte-compiling /home/robotica/taller1_grupo15/install/turtle_bot_15/lib/python3.10/site-packages/turtle_bot_15/turtle_bot_teleop.py to turtle_bot_teleop.cpython-310.pyc
[3.374s] Sorry: TabError: inconsistent use of tabs and spaces in indentation (turtle_bot_teleop.py, line 28)
[3.392s] running install_data
[3.392s] running install_egg_info
[3.392s] removing '/home/robotica/taller1_grupo15/install/turtle_bot_15/lib/python3.10/site-packages/turtle_bot_15-0.0.0-py3.10.egg-info' (and everything under it)
[3.392s] Copying ../../build/turtle_bot_15/turtle_bot_15.egg-info to /home/robotica/taller1_grupo15/install/turtle_bot_15/lib/python3.10/site-packages/turtle_bot_15-0.0.0-py3.10.egg-info
[3.395s] running install_scripts
[3.516s] Installing turtle_bot_teleop script to /home/robotica/taller1_grupo15/install/turtle_bot_15/lib/turtle_bot_15
[3.524s] writing list of installed files to '/home/robotica/taller1_grupo15/build/turtle_bot_15/install.log'
[3.704s] Invoked command in '/home/robotica/taller1_grupo15/src/turtle_bot_15' returned '0': PYTHONPATH=/home/robotica/taller1_grupo15/build/turtle_bot_15/prefix_override:/home/robotica/taller1_grupo15/install/turtle_bot_15/lib/python3.10/site-packages:${PYTHONPATH} /usr/bin/python3 setup.py egg_info --egg-base ../../build/turtle_bot_15 build --build-base /home/robotica/taller1_grupo15/build/turtle_bot_15/build install --record /home/robotica/taller1_grupo15/build/turtle_bot_15/install.log --single-version-externally-managed
