[1.742s] Invoking command in '/home/robotica/taller1_grupo15/keyboard': PYTHONPATH=/home/robotica/taller1_grupo15/build/keyboard/prefix_override:/home/robotica/taller1_grupo15/install/keyboard/lib/python3.10/site-packages:${PYTHONPATH} /usr/bin/python3 setup.py egg_info --egg-base ../build/keyboard build --build-base /home/robotica/taller1_grupo15/build/keyboard/build install --record /home/robotica/taller1_grupo15/build/keyboard/install.log --single-version-externally-managed
[2.456s] running egg_info
[2.468s] writing ../build/keyboard/keyboard.egg-info/PKG-INFO
[2.469s] writing dependency_links to ../build/keyboard/keyboard.egg-info/dependency_links.txt
[2.471s] writing requirements to ../build/keyboard/keyboard.egg-info/requires.txt
[2.472s] writing top-level names to ../build/keyboard/keyboard.egg-info/top_level.txt
[2.476s] reading manifest file '../build/keyboard/keyboard.egg-info/SOURCES.txt'
[2.476s] reading manifest template 'MANIFEST.in'
[2.478s] adding license file 'LICENSE.txt'
[2.491s] writing manifest file '../build/keyboard/keyboard.egg-info/SOURCES.txt'
[2.493s] running build
[2.493s] running build_py
[2.494s] running install
[2.495s] /usr/lib/python3/dist-packages/setuptools/command/install.py:34: SetuptoolsDeprecationWarning: setup.py install is deprecated. Use build and pip and other standards-based tools.
[2.495s]   warnings.warn(
[2.496s] running install_lib
[2.498s] running install_egg_info
[2.509s] removing '/home/robotica/taller1_grupo15/install/keyboard/lib/python3.10/site-packages/keyboard-0.13.5-py3.10.egg-info' (and everything under it)
[2.510s] Copying ../build/keyboard/keyboard.egg-info to /home/robotica/taller1_grupo15/install/keyboard/lib/python3.10/site-packages/keyboard-0.13.5-py3.10.egg-info
[2.511s] running install_scripts
[2.558s] writing list of installed files to '/home/robotica/taller1_grupo15/build/keyboard/install.log'
[2.667s] Invoked command in '/home/robotica/taller1_grupo15/keyboard' returned '0': PYTHONPATH=/home/robotica/taller1_grupo15/build/keyboard/prefix_override:/home/robotica/taller1_grupo15/install/keyboard/lib/python3.10/site-packages:${PYTHONPATH} /usr/bin/python3 setup.py egg_info --egg-base ../build/keyboard build --build-base /home/robotica/taller1_grupo15/build/keyboard/build install --record /home/robotica/taller1_grupo15/build/keyboard/install.log --single-version-externally-managed
