running egg_info
creating ../build/keyboard/keyboard.egg-info
writing ../build/keyboard/keyboard.egg-info/PKG-INFO
writing dependency_links to ../build/keyboard/keyboard.egg-info/dependency_links.txt
writing requirements to ../build/keyboard/keyboard.egg-info/requires.txt
writing top-level names to ../build/keyboard/keyboard.egg-info/top_level.txt
writing manifest file '../build/keyboard/keyboard.egg-info/SOURCES.txt'
reading manifest file '../build/keyboard/keyboard.egg-info/SOURCES.txt'
reading manifest template 'MANIFEST.in'
adding license file 'LICENSE.txt'
writing manifest file '../build/keyboard/keyboard.egg-info/SOURCES.txt'
running build
running build_py
creating /home/robotica/taller1_grupo15/build/keyboard/build
creating /home/robotica/taller1_grupo15/build/keyboard/build/lib
creating /home/robotica/taller1_grupo15/build/keyboard/build/lib/keyboard
copying keyboard/_canonical_names.py -> /home/robotica/taller1_grupo15/build/keyboard/build/lib/keyboard
copying keyboard/_darwinmouse.py -> /home/robotica/taller1_grupo15/build/keyboard/build/lib/keyboard
copying keyboard/_nixmouse.py -> /home/robotica/taller1_grupo15/build/keyboard/build/lib/keyboard
copying keyboard/_winmouse.py -> /home/robotica/taller1_grupo15/build/keyboard/build/lib/keyboard
copying keyboard/__main__.py -> /home/robotica/taller1_grupo15/build/keyboard/build/lib/keyboard
copying keyboard/_keyboard_event.py -> /home/robotica/taller1_grupo15/build/keyboard/build/lib/keyboard
copying keyboard/_mouse_event.py -> /home/robotica/taller1_grupo15/build/keyboard/build/lib/keyboard
copying keyboard/mouse.py -> /home/robotica/taller1_grupo15/build/keyboard/build/lib/keyboard
copying keyboard/_darwinkeyboard.py -> /home/robotica/taller1_grupo15/build/keyboard/build/lib/keyboard
copying keyboard/_keyboard_tests.py -> /home/robotica/taller1_grupo15/build/keyboard/build/lib/keyboard
copying keyboard/_mouse_tests.py -> /home/robotica/taller1_grupo15/build/keyboard/build/lib/keyboard
copying keyboard/__init__.py -> /home/robotica/taller1_grupo15/build/keyboard/build/lib/keyboard
copying keyboard/_winkeyboard.py -> /home/robotica/taller1_grupo15/build/keyboard/build/lib/keyboard
copying keyboard/_nixcommon.py -> /home/robotica/taller1_grupo15/build/keyboard/build/lib/keyboard
copying keyboard/_nixkeyboard.py -> /home/robotica/taller1_grupo15/build/keyboard/build/lib/keyboard
copying keyboard/_generic.py -> /home/robotica/taller1_grupo15/build/keyboard/build/lib/keyboard
running install
/usr/lib/python3/dist-packages/setuptools/command/install.py:34: SetuptoolsDeprecationWarning: setup.py install is deprecated. Use build and pip and other standards-based tools.
  warnings.warn(
running install_lib
creating /home/robotica/taller1_grupo15/install/keyboard/lib/python3.10/site-packages/keyboard
copying /home/robotica/taller1_grupo15/build/keyboard/build/lib/keyboard/_canonical_names.py -> /home/robotica/taller1_grupo15/install/keyboard/lib/python3.10/site-packages/keyboard
copying /home/robotica/taller1_grupo15/build/keyboard/build/lib/keyboard/_darwinmouse.py -> /home/robotica/taller1_grupo15/install/keyboard/lib/python3.10/site-packages/keyboard
copying /home/robotica/taller1_grupo15/build/keyboard/build/lib/keyboard/_nixmouse.py -> /home/robotica/taller1_grupo15/install/keyboard/lib/python3.10/site-packages/keyboard
copying /home/robotica/taller1_grupo15/build/keyboard/build/lib/keyboard/_winmouse.py -> /home/robotica/taller1_grupo15/install/keyboard/lib/python3.10/site-packages/keyboard
copying /home/robotica/taller1_grupo15/build/keyboard/build/lib/keyboard/__main__.py -> /home/robotica/taller1_grupo15/install/keyboard/lib/python3.10/site-packages/keyboard
copying /home/robotica/taller1_grupo15/build/keyboard/build/lib/keyboard/_keyboard_event.py -> /home/robotica/taller1_grupo15/install/keyboard/lib/python3.10/site-packages/keyboard
copying /home/robotica/taller1_grupo15/build/keyboard/build/lib/keyboard/_mouse_event.py -> /home/robotica/taller1_grupo15/install/keyboard/lib/python3.10/site-packages/keyboard
copying /home/robotica/taller1_grupo15/build/keyboard/build/lib/keyboard/mouse.py -> /home/robotica/taller1_grupo15/install/keyboard/lib/python3.10/site-packages/keyboard
copying /home/robotica/taller1_grupo15/build/keyboard/build/lib/keyboard/_darwinkeyboard.py -> /home/robotica/taller1_grupo15/install/keyboard/lib/python3.10/site-packages/keyboard
copying /home/robotica/taller1_grupo15/build/keyboard/build/lib/keyboard/_keyboard_tests.py -> /home/robotica/taller1_grupo15/install/keyboard/lib/python3.10/site-packages/keyboard
copying /home/robotica/taller1_grupo15/build/keyboard/build/lib/keyboard/_mouse_tests.py -> /home/robotica/taller1_grupo15/install/keyboard/lib/python3.10/site-packages/keyboard
copying /home/robotica/taller1_grupo15/build/keyboard/build/lib/keyboard/__init__.py -> /home/robotica/taller1_grupo15/install/keyboard/lib/python3.10/site-packages/keyboard
copying /home/robotica/taller1_grupo15/build/keyboard/build/lib/keyboard/_winkeyboard.py -> /home/robotica/taller1_grupo15/install/keyboard/lib/python3.10/site-packages/keyboard
copying /home/robotica/taller1_grupo15/build/keyboard/build/lib/keyboard/_nixcommon.py -> /home/robotica/taller1_grupo15/install/keyboard/lib/python3.10/site-packages/keyboard
copying /home/robotica/taller1_grupo15/build/keyboard/build/lib/keyboard/_nixkeyboard.py -> /home/robotica/taller1_grupo15/install/keyboard/lib/python3.10/site-packages/keyboard
copying /home/robotica/taller1_grupo15/build/keyboard/build/lib/keyboard/_generic.py -> /home/robotica/taller1_grupo15/install/keyboard/lib/python3.10/site-packages/keyboard
byte-compiling /home/robotica/taller1_grupo15/install/keyboard/lib/python3.10/site-packages/keyboard/_canonical_names.py to _canonical_names.cpython-310.pyc
byte-compiling /home/robotica/taller1_grupo15/install/keyboard/lib/python3.10/site-packages/keyboard/_darwinmouse.py to _darwinmouse.cpython-310.pyc
byte-compiling /home/robotica/taller1_grupo15/install/keyboard/lib/python3.10/site-packages/keyboard/_nixmouse.py to _nixmouse.cpython-310.pyc
byte-compiling /home/robotica/taller1_grupo15/install/keyboard/lib/python3.10/site-packages/keyboard/_winmouse.py to _winmouse.cpython-310.pyc
byte-compiling /home/robotica/taller1_grupo15/install/keyboard/lib/python3.10/site-packages/keyboard/__main__.py to __main__.cpython-310.pyc
byte-compiling /home/robotica/taller1_grupo15/install/keyboard/lib/python3.10/site-packages/keyboard/_keyboard_event.py to _keyboard_event.cpython-310.pyc
byte-compiling /home/robotica/taller1_grupo15/install/keyboard/lib/python3.10/site-packages/keyboard/_mouse_event.py to _mouse_event.cpython-310.pyc
byte-compiling /home/robotica/taller1_grupo15/install/keyboard/lib/python3.10/site-packages/keyboard/mouse.py to mouse.cpython-310.pyc
byte-compiling /home/robotica/taller1_grupo15/install/keyboard/lib/python3.10/site-packages/keyboard/_darwinkeyboard.py to _darwinkeyboard.cpython-310.pyc
byte-compiling /home/robotica/taller1_grupo15/install/keyboard/lib/python3.10/site-packages/keyboard/_keyboard_tests.py to _keyboard_tests.cpython-310.pyc
byte-compiling /home/robotica/taller1_grupo15/install/keyboard/lib/python3.10/site-packages/keyboard/_mouse_tests.py to _mouse_tests.cpython-310.pyc
byte-compiling /home/robotica/taller1_grupo15/install/keyboard/lib/python3.10/site-packages/keyboard/__init__.py to __init__.cpython-310.pyc
byte-compiling /home/robotica/taller1_grupo15/install/keyboard/lib/python3.10/site-packages/keyboard/_winkeyboard.py to _winkeyboard.cpython-310.pyc
byte-compiling /home/robotica/taller1_grupo15/install/keyboard/lib/python3.10/site-packages/keyboard/_nixcommon.py to _nixcommon.cpython-310.pyc
byte-compiling /home/robotica/taller1_grupo15/install/keyboard/lib/python3.10/site-packages/keyboard/_nixkeyboard.py to _nixkeyboard.cpython-310.pyc
byte-compiling /home/robotica/taller1_grupo15/install/keyboard/lib/python3.10/site-packages/keyboard/_generic.py to _generic.cpython-310.pyc
running install_egg_info
Copying ../build/keyboard/keyboard.egg-info to /home/robotica/taller1_grupo15/install/keyboard/lib/python3.10/site-packages/keyboard-0.13.5-py3.10.egg-info
running install_scripts
writing list of installed files to '/home/robotica/taller1_grupo15/build/keyboard/install.log'
