running egg_info
writing ../build/keyboard/keyboard.egg-info/PKG-INFO
writing dependency_links to ../build/keyboard/keyboard.egg-info/dependency_links.txt
writing requirements to ../build/keyboard/keyboard.egg-info/requires.txt
writing top-level names to ../build/keyboard/keyboard.egg-info/top_level.txt
reading manifest file '../build/keyboard/keyboard.egg-info/SOURCES.txt'
reading manifest template 'MANIFEST.in'
adding license file 'LICENSE.txt'
writing manifest file '../build/keyboard/keyboard.egg-info/SOURCES.txt'
/usr/lib/python3/dist-packages/setuptools/command/install.py:34: SetuptoolsDeprecationWarning: setup.py install is deprecated. Use build and pip and other standards-based tools.
  warnings.warn(
running build
running build_py
running install
running install_lib
running install_egg_info
removing '/home/robotica/taller1_grupo15/install/keyboard/lib/python3.10/site-packages/keyboard-0.13.5-py3.10.egg-info' (and everything under it)
Copying ../build/keyboard/keyboard.egg-info to /home/robotica/taller1_grupo15/install/keyboard/lib/python3.10/site-packages/keyboard-0.13.5-py3.10.egg-info
running install_scripts
writing list of installed files to '/home/robotica/taller1_grupo15/build/keyboard/install.log'
