[1.356s] Invoking command in '/home/robotica/Robotica/Taller 1/src/turtle_bot_15': PYTHONPATH=/home/robotica/Robotica/Taller 1/src/build/turtle_bot_15/prefix_override:/home/robotica/Robotica/Taller 1/src/install/turtle_bot_15/lib/python3.10/site-packages:${PYTHONPATH} /usr/bin/python3 setup.py egg_info --egg-base ../build/turtle_bot_15 build --build-base /home/robotica/Robotica/Taller 1/src/build/turtle_bot_15/build install --record /home/robotica/Robotica/Taller 1/src/build/turtle_bot_15/install.log --single-version-externally-managed
[1.931s] running egg_info
[1.934s] writing ../build/turtle_bot_15/turtle_bot_15.egg-info/PKG-INFO
[1.944s] writing dependency_links to ../build/turtle_bot_15/turtle_bot_15.egg-info/dependency_links.txt
[1.951s] writing entry points to ../build/turtle_bot_15/turtle_bot_15.egg-info/entry_points.txt
[1.959s] writing requirements to ../build/turtle_bot_15/turtle_bot_15.egg-info/requires.txt
[1.965s] writing top-level names to ../build/turtle_bot_15/turtle_bot_15.egg-info/top_level.txt
[1.986s] reading manifest file '../build/turtle_bot_15/turtle_bot_15.egg-info/SOURCES.txt'
[2.003s] writing manifest file '../build/turtle_bot_15/turtle_bot_15.egg-info/SOURCES.txt'
[2.011s] running build
[2.015s] running build_py
[2.038s] running install
[2.041s] /usr/lib/python3/dist-packages/setuptools/command/install.py:34: SetuptoolsDeprecationWarning: setup.py install is deprecated. Use build and pip and other standards-based tools.
[2.045s]   warnings.warn(
[2.048s] running install_lib
[2.055s] running install_data
[2.061s] running install_egg_info
[2.066s] removing '/home/robotica/Robotica/Taller 1/src/install/turtle_bot_15/lib/python3.10/site-packages/turtle_bot_15-0.0.0-py3.10.egg-info' (and everything under it)
[2.087s] Copying ../build/turtle_bot_15/turtle_bot_15.egg-info to /home/robotica/Robotica/Taller 1/src/install/turtle_bot_15/lib/python3.10/site-packages/turtle_bot_15-0.0.0-py3.10.egg-info
[2.183s] running install_scripts
[2.224s] Installing turtle_bot_interface script to /home/robotica/Robotica/Taller 1/src/install/turtle_bot_15/lib/turtle_bot_15
[2.244s] Installing turtle_bot_teleop script to /home/robotica/Robotica/Taller 1/src/install/turtle_bot_15/lib/turtle_bot_15
[2.257s] writing list of installed files to '/home/robotica/Robotica/Taller 1/src/build/turtle_bot_15/install.log'
[2.335s] Invoked command in '/home/robotica/Robotica/Taller 1/src/turtle_bot_15' returned '0': PYTHONPATH=/home/robotica/Robotica/Taller 1/src/build/turtle_bot_15/prefix_override:/home/robotica/Robotica/Taller 1/src/install/turtle_bot_15/lib/python3.10/site-packages:${PYTHONPATH} /usr/bin/python3 setup.py egg_info --egg-base ../build/turtle_bot_15 build --build-base /home/robotica/Robotica/Taller 1/src/build/turtle_bot_15/build install --record /home/robotica/Robotica/Taller 1/src/build/turtle_bot_15/install.log --single-version-externally-managed
