[4.372s] Invoking command in '/home/robotica/taller1_grupo15/src/turtle_bot_15': PYTHONPATH=/home/robotica/taller1_grupo15/build/turtle_bot_15/prefix_override:/home/robotica/taller1_grupo15/install/turtle_bot_15/lib/python3.10/site-packages:${PYTHONPATH} /usr/bin/python3 setup.py egg_info --egg-base ../../build/turtle_bot_15 build --build-base /home/robotica/taller1_grupo15/build/turtle_bot_15/build install --record /home/robotica/taller1_grupo15/build/turtle_bot_15/install.log --single-version-externally-managed
[6.144s] running egg_info
[6.145s] writing ../../build/turtle_bot_15/turtle_bot_15.egg-info/PKG-INFO
[6.148s] writing dependency_links to ../../build/turtle_bot_15/turtle_bot_15.egg-info/dependency_links.txt
[6.151s] writing entry points to ../../build/turtle_bot_15/turtle_bot_15.egg-info/entry_points.txt
[6.153s] writing requirements to ../../build/turtle_bot_15/turtle_bot_15.egg-info/requires.txt
[6.155s] writing top-level names to ../../build/turtle_bot_15/turtle_bot_15.egg-info/top_level.txt
[6.160s] reading manifest file '../../build/turtle_bot_15/turtle_bot_15.egg-info/SOURCES.txt'
[6.161s] writing manifest file '../../build/turtle_bot_15/turtle_bot_15.egg-info/SOURCES.txt'
[6.191s] running build
[6.191s] running build_py
[6.194s] running install
[6.195s] /usr/lib/python3/dist-packages/setuptools/command/install.py:34: SetuptoolsDeprecationWarning: setup.py install is deprecated. Use build and pip and other standards-based tools.
[6.197s]   warnings.warn(
[6.218s] running install_lib
[6.225s] running install_data
[6.227s] running install_egg_info
[6.234s] removing '/home/robotica/taller1_grupo15/install/turtle_bot_15/lib/python3.10/site-packages/turtle_bot_15-0.0.0-py3.10.egg-info' (and everything under it)
[6.235s] Copying ../../build/turtle_bot_15/turtle_bot_15.egg-info to /home/robotica/taller1_grupo15/install/turtle_bot_15/lib/python3.10/site-packages/turtle_bot_15-0.0.0-py3.10.egg-info
[6.236s] running install_scripts
[6.279s] Installing turtle_bot_teleop script to /home/robotica/taller1_grupo15/install/turtle_bot_15/lib/turtle_bot_15
[6.300s] writing list of installed files to '/home/robotica/taller1_grupo15/build/turtle_bot_15/install.log'
[6.538s] Invoked command in '/home/robotica/taller1_grupo15/src/turtle_bot_15' returned '0': PYTHONPATH=/home/robotica/taller1_grupo15/build/turtle_bot_15/prefix_override:/home/robotica/taller1_grupo15/install/turtle_bot_15/lib/python3.10/site-packages:${PYTHONPATH} /usr/bin/python3 setup.py egg_info --egg-base ../../build/turtle_bot_15 build --build-base /home/robotica/taller1_grupo15/build/turtle_bot_15/build install --record /home/robotica/taller1_grupo15/build/turtle_bot_15/install.log --single-version-externally-managed
