[2.525s] Invoking command in '/home/robotica/taller1_grupo15/keyboard': PYTHONPATH=/home/robotica/taller1_grupo15/build/keyboard/prefix_override:/home/robotica/taller1_grupo15/install/keyboard/lib/python3.10/site-packages:${PYTHONPATH} /usr/bin/python3 setup.py egg_info --egg-base ../build/keyboard build --build-base /home/robotica/taller1_grupo15/build/keyboard/build install --record /home/robotica/taller1_grupo15/build/keyboard/install.log --single-version-externally-managed
[3.430s] running egg_info
[3.441s] writing ../build/keyboard/keyboard.egg-info/PKG-INFO
[3.444s] writing dependency_links to ../build/keyboard/keyboard.egg-info/dependency_links.txt
[3.459s] writing requirements to ../build/keyboard/keyboard.egg-info/requires.txt
[3.462s] writing top-level names to ../build/keyboard/keyboard.egg-info/top_level.txt
[3.466s] reading manifest file '../build/keyboard/keyboard.egg-info/SOURCES.txt'
[3.467s] reading manifest template 'MANIFEST.in'
[3.467s] adding license file 'LICENSE.txt'
[3.468s] writing manifest file '../build/keyboard/keyboard.egg-info/SOURCES.txt'
[3.469s] running build
[3.470s] running build_py
[3.471s] running install
[3.478s] /usr/lib/python3/dist-packages/setuptools/command/install.py:34: SetuptoolsDeprecationWarning: setup.py install is deprecated. Use build and pip and other standards-based tools.
[3.479s]   warnings.warn(
[3.479s] running install_lib
[3.485s] running install_egg_info
[3.492s] removing '/home/robotica/taller1_grupo15/install/keyboard/lib/python3.10/site-packages/keyboard-0.13.5-py3.10.egg-info' (and everything under it)
[3.493s] Copying ../build/keyboard/keyboard.egg-info to /home/robotica/taller1_grupo15/install/keyboard/lib/python3.10/site-packages/keyboard-0.13.5-py3.10.egg-info
[3.494s] running install_scripts
[3.566s] writing list of installed files to '/home/robotica/taller1_grupo15/build/keyboard/install.log'
[3.675s] Invoked command in '/home/robotica/taller1_grupo15/keyboard' returned '0': PYTHONPATH=/home/robotica/taller1_grupo15/build/keyboard/prefix_override:/home/robotica/taller1_grupo15/install/keyboard/lib/python3.10/site-packages:${PYTHONPATH} /usr/bin/python3 setup.py egg_info --egg-base ../build/keyboard build --build-base /home/robotica/taller1_grupo15/build/keyboard/build install --record /home/robotica/taller1_grupo15/build/keyboard/install.log --single-version-externally-managed
