[1.968s] Invoking command in '/home/robotica/taller1_grupo15/keyboard': PYTHONPATH=/home/robotica/taller1_grupo15/build/keyboard/prefix_override:/home/robotica/taller1_grupo15/install/keyboard/lib/python3.10/site-packages:${PYTHONPATH} /usr/bin/python3 setup.py egg_info --egg-base ../build/keyboard build --build-base /home/robotica/taller1_grupo15/build/keyboard/build install --record /home/robotica/taller1_grupo15/build/keyboard/install.log --single-version-externally-managed
[2.734s] running egg_info
[2.741s] writing ../build/keyboard/keyboard.egg-info/PKG-INFO
[2.751s] writing dependency_links to ../build/keyboard/keyboard.egg-info/dependency_links.txt
[2.756s] writing requirements to ../build/keyboard/keyboard.egg-info/requires.txt
[2.766s] writing top-level names to ../build/keyboard/keyboard.egg-info/top_level.txt
[2.771s] reading manifest file '../build/keyboard/keyboard.egg-info/SOURCES.txt'
[2.771s] reading manifest template 'MANIFEST.in'
[2.772s] adding license file 'LICENSE.txt'
[2.773s] writing manifest file '../build/keyboard/keyboard.egg-info/SOURCES.txt'
[2.784s] running build
[2.786s] running build_py
[2.797s] running install
[2.798s] /usr/lib/python3/dist-packages/setuptools/command/install.py:34: SetuptoolsDeprecationWarning: setup.py install is deprecated. Use build and pip and other standards-based tools.
[2.798s]   warnings.warn(
[2.798s] running install_lib
[2.801s] running install_egg_info
[2.803s] removing '/home/robotica/taller1_grupo15/install/keyboard/lib/python3.10/site-packages/keyboard-0.13.5-py3.10.egg-info' (and everything under it)
[2.803s] Copying ../build/keyboard/keyboard.egg-info to /home/robotica/taller1_grupo15/install/keyboard/lib/python3.10/site-packages/keyboard-0.13.5-py3.10.egg-info
[2.804s] running install_scripts
[2.857s] writing list of installed files to '/home/robotica/taller1_grupo15/build/keyboard/install.log'
[2.983s] Invoked command in '/home/robotica/taller1_grupo15/keyboard' returned '0': PYTHONPATH=/home/robotica/taller1_grupo15/build/keyboard/prefix_override:/home/robotica/taller1_grupo15/install/keyboard/lib/python3.10/site-packages:${PYTHONPATH} /usr/bin/python3 setup.py egg_info --egg-base ../build/keyboard build --build-base /home/robotica/taller1_grupo15/build/keyboard/build install --record /home/robotica/taller1_grupo15/build/keyboard/install.log --single-version-externally-managed
