[0.063s] Invoking command in '/home/robotica/taller1_grupo15/build/turtle_bot_servcli': CMAKE_PREFIX_PATH=/opt/ros/humble /usr/bin/cmake --build /home/robotica/taller1_grupo15/build/turtle_bot_servcli -- -j1 -l1
[0.228s] -- Found ament_cmake: 1.3.3 (/opt/ros/humble/share/ament_cmake/cmake)
[0.635s] -- Found ament_lint_auto: 0.12.4 (/opt/ros/humble/share/ament_lint_auto/cmake)
[0.762s] -- Found geometry_msgs: 4.2.2 (/opt/ros/humble/share/geometry_msgs/cmake)
[0.840s] -- Found rosidl_generator_c: 3.1.4 (/opt/ros/humble/share/rosidl_generator_c/cmake)
[0.844s] -- Found rosidl_adapter: 3.1.4 (/opt/ros/humble/share/rosidl_adapter/cmake)
[0.865s] -- Found rosidl_generator_cpp: 3.1.4 (/opt/ros/humble/share/rosidl_generator_cpp/cmake)
[0.915s] -- Using all available rosidl_typesupport_c: rosidl_typesupport_fastrtps_c;rosidl_typesupport_introspection_c
[0.951s] -- Using all available rosidl_typesupport_cpp: rosidl_typesupport_fastrtps_cpp;rosidl_typesupport_introspection_cpp
[1.293s] -- Found rosidl_default_generators: 1.2.0 (/opt/ros/humble/share/rosidl_default_generators/cmake)
[1.963s] -- Found ament_cmake_ros: 0.10.0 (/opt/ros/humble/share/ament_cmake_ros/cmake)
[2.900s] -- Using all available rosidl_typesupport_c: rosidl_typesupport_fastrtps_c;rosidl_typesupport_introspection_c
[3.261s] -- Using all available rosidl_typesupport_cpp: rosidl_typesupport_fastrtps_cpp;rosidl_typesupport_introspection_cpp
[3.323s] -- Found python_cmake_module: 0.10.0 (/opt/ros/humble/share/python_cmake_module/cmake)
[3.386s] -- Using PYTHON_EXECUTABLE: /usr/bin/python3
[3.387s] -- Using PYTHON_INCLUDE_DIRS: /usr/include/python3.10
[3.387s] -- Using PYTHON_LIBRARIES: /usr/lib/x86_64-linux-gnu/libpython3.10.so
[3.495s] -- Added test 'lint_cmake' to check CMake code style
[3.496s] -- Added test 'xmllint' to check XML markup files
[3.501s] -- Configuring done
[3.654s] -- Generating done
[3.678s] -- Build files have been written to: /home/robotica/taller1_grupo15/build/turtle_bot_servcli
[3.764s] [  2%] [34m[1mGenerating C++ code for ROS interfaces[0m
[4.366s] [  2%] Built target turtle_bot_servcli__cpp
[4.403s] [  5%] [34m[1mGenerating C++ type support dispatch for ROS interfaces[0m
[5.198s] [35m[1mConsolidate compiler generated dependencies of target turtle_bot_servcli__rosidl_typesupport_cpp[0m
[5.300s] [  7%] [32mBuilding CXX object CMakeFiles/turtle_bot_servcli__rosidl_typesupport_cpp.dir/rosidl_typesupport_cpp/turtle_bot_servcli/msg/posicion__type_support.cpp.o[0m
[5.841s] [ 10%] [32mBuilding CXX object CMakeFiles/turtle_bot_servcli__rosidl_typesupport_cpp.dir/rosidl_typesupport_cpp/turtle_bot_servcli/srv/move_robot_to_position__type_support.cpp.o[0m
[6.497s] [ 12%] [32m[1mLinking CXX shared library libturtle_bot_servcli__rosidl_typesupport_cpp.so[0m
[6.598s] [ 12%] Built target turtle_bot_servcli__rosidl_typesupport_cpp
[6.629s] [ 15%] [34m[1mGenerating C code for ROS interfaces[0m
[7.528s] [35m[1mConsolidate compiler generated dependencies of target turtle_bot_servcli__rosidl_generator_c[0m
[7.605s] [ 17%] [32mBuilding C object CMakeFiles/turtle_bot_servcli__rosidl_generator_c.dir/rosidl_generator_c/turtle_bot_servcli/msg/detail/posicion__functions.c.o[0m
[7.761s] [ 20%] [32mBuilding C object CMakeFiles/turtle_bot_servcli__rosidl_generator_c.dir/rosidl_generator_c/turtle_bot_servcli/srv/detail/move_robot_to_position__functions.c.o[0m
[7.906s] [ 23%] [32m[1mLinking C shared library libturtle_bot_servcli__rosidl_generator_c.so[0m
[7.990s] [ 23%] Built target turtle_bot_servcli__rosidl_generator_c
[8.017s] [ 25%] [34m[1mGenerating C type support for eProsima Fast-RTPS[0m
[8.865s] [35m[1mConsolidate compiler generated dependencies of target turtle_bot_servcli__rosidl_typesupport_fastrtps_c[0m
[8.889s] [ 28%] [32mBuilding CXX object CMakeFiles/turtle_bot_servcli__rosidl_typesupport_fastrtps_c.dir/rosidl_typesupport_fastrtps_c/turtle_bot_servcli/msg/detail/posicion__type_support_c.cpp.o[0m
[9.596s] [ 30%] [32mBuilding CXX object CMakeFiles/turtle_bot_servcli__rosidl_typesupport_fastrtps_c.dir/rosidl_typesupport_fastrtps_c/turtle_bot_servcli/srv/detail/move_robot_to_position__type_support_c.cpp.o[0m
[10.288s] [ 33%] [32m[1mLinking CXX shared library libturtle_bot_servcli__rosidl_typesupport_fastrtps_c.so[0m
[10.552s] [ 33%] Built target turtle_bot_servcli__rosidl_typesupport_fastrtps_c
[10.572s] [ 35%] [34m[1mGenerating C++ type support for eProsima Fast-RTPS[0m
[11.572s] [35m[1mConsolidate compiler generated dependencies of target turtle_bot_servcli__rosidl_typesupport_fastrtps_cpp[0m
[11.616s] [ 38%] [32mBuilding CXX object CMakeFiles/turtle_bot_servcli__rosidl_typesupport_fastrtps_cpp.dir/rosidl_typesupport_fastrtps_cpp/turtle_bot_servcli/msg/detail/dds_fastrtps/posicion__type_support.cpp.o[0m
[12.545s] [ 41%] [32mBuilding CXX object CMakeFiles/turtle_bot_servcli__rosidl_typesupport_fastrtps_cpp.dir/rosidl_typesupport_fastrtps_cpp/turtle_bot_servcli/srv/detail/dds_fastrtps/move_robot_to_position__type_support.cpp.o[0m
[13.600s] [ 43%] [32m[1mLinking CXX shared library libturtle_bot_servcli__rosidl_typesupport_fastrtps_cpp.so[0m
[13.870s] [ 43%] Built target turtle_bot_servcli__rosidl_typesupport_fastrtps_cpp
[13.886s] [ 46%] [34m[1mGenerating C introspection for ROS interfaces[0m
[14.604s] [35m[1mConsolidate compiler generated dependencies of target turtle_bot_servcli__rosidl_typesupport_introspection_c[0m
[14.623s] [ 48%] [32mBuilding C object CMakeFiles/turtle_bot_servcli__rosidl_typesupport_introspection_c.dir/rosidl_typesupport_introspection_c/turtle_bot_servcli/msg/detail/posicion__type_support.c.o[0m
[14.711s] [ 51%] [32mBuilding C object CMakeFiles/turtle_bot_servcli__rosidl_typesupport_introspection_c.dir/rosidl_typesupport_introspection_c/turtle_bot_servcli/srv/detail/move_robot_to_position__type_support.c.o[0m
[14.880s] [ 53%] [32m[1mLinking C shared library libturtle_bot_servcli__rosidl_typesupport_introspection_c.so[0m
[15.057s] [ 53%] Built target turtle_bot_servcli__rosidl_typesupport_introspection_c
[15.094s] [ 56%] [34m[1mGenerating C type support dispatch for ROS interfaces[0m
[15.665s] [35m[1mConsolidate compiler generated dependencies of target turtle_bot_servcli__rosidl_typesupport_c[0m
[15.692s] [ 58%] [32mBuilding CXX object CMakeFiles/turtle_bot_servcli__rosidl_typesupport_c.dir/rosidl_typesupport_c/turtle_bot_servcli/msg/posicion__type_support.cpp.o[0m
[15.767s] [ 61%] [32mBuilding CXX object CMakeFiles/turtle_bot_servcli__rosidl_typesupport_c.dir/rosidl_typesupport_c/turtle_bot_servcli/srv/move_robot_to_position__type_support.cpp.o[0m
[15.815s] [ 64%] [32m[1mLinking CXX shared library libturtle_bot_servcli__rosidl_typesupport_c.so[0m
[15.959s] [ 64%] Built target turtle_bot_servcli__rosidl_typesupport_c
[15.992s] [ 66%] [34m[1mGenerating C++ introspection for ROS interfaces[0m
[16.600s] [35m[1mConsolidate compiler generated dependencies of target turtle_bot_servcli__rosidl_typesupport_introspection_cpp[0m
[16.641s] [ 69%] [32mBuilding CXX object CMakeFiles/turtle_bot_servcli__rosidl_typesupport_introspection_cpp.dir/rosidl_typesupport_introspection_cpp/turtle_bot_servcli/msg/detail/posicion__type_support.cpp.o[0m
[17.481s] [ 71%] [32mBuilding CXX object CMakeFiles/turtle_bot_servcli__rosidl_typesupport_introspection_cpp.dir/rosidl_typesupport_introspection_cpp/turtle_bot_servcli/srv/detail/move_robot_to_position__type_support.cpp.o[0m
[18.652s] [ 74%] [32m[1mLinking CXX shared library libturtle_bot_servcli__rosidl_typesupport_introspection_cpp.so[0m
[18.821s] [ 74%] Built target turtle_bot_servcli__rosidl_typesupport_introspection_cpp
[18.867s] [ 74%] Built target turtle_bot_servcli
[18.973s] [ 74%] Built target ament_cmake_python_copy_turtle_bot_servcli
[19.486s] running egg_info
[19.488s] writing turtle_bot_servcli.egg-info/PKG-INFO
[19.492s] writing dependency_links to turtle_bot_servcli.egg-info/dependency_links.txt
[19.494s] writing top-level names to turtle_bot_servcli.egg-info/top_level.txt
[19.498s] reading manifest file 'turtle_bot_servcli.egg-info/SOURCES.txt'
[19.500s] writing manifest file 'turtle_bot_servcli.egg-info/SOURCES.txt'
[19.590s] [ 74%] Built target ament_cmake_python_build_turtle_bot_servcli_egg
[19.660s] [ 76%] [34m[1mGenerating Python code for ROS interfaces[0m
[20.944s] [ 76%] Built target turtle_bot_servcli__py
[21.041s] [35m[1mConsolidate compiler generated dependencies of target turtle_bot_servcli__rosidl_generator_py[0m
[21.106s] [ 79%] [32mBuilding C object CMakeFiles/turtle_bot_servcli__rosidl_generator_py.dir/rosidl_generator_py/turtle_bot_servcli/msg/_posicion_s.c.o[0m
[21.360s] [ 82%] [32mBuilding C object CMakeFiles/turtle_bot_servcli__rosidl_generator_py.dir/rosidl_generator_py/turtle_bot_servcli/srv/_move_robot_to_position_s.c.o[0m
[21.580s] [ 84%] [32m[1mLinking C shared library rosidl_generator_py/turtle_bot_servcli/libturtle_bot_servcli__rosidl_generator_py.so[0m
[21.665s] [ 84%] Built target turtle_bot_servcli__rosidl_generator_py
[21.692s] [35m[1mConsolidate compiler generated dependencies of target turtle_bot_servcli__rosidl_typesupport_fastrtps_c__pyext[0m
[21.713s] [ 87%] [32mBuilding C object CMakeFiles/turtle_bot_servcli__rosidl_typesupport_fastrtps_c__pyext.dir/rosidl_generator_py/turtle_bot_servcli/_turtle_bot_servcli_s.ep.rosidl_typesupport_fastrtps_c.c.o[0m
[21.943s] [ 89%] [32m[1mLinking C shared library rosidl_generator_py/turtle_bot_servcli/turtle_bot_servcli_s__rosidl_typesupport_fastrtps_c.cpython-310-x86_64-linux-gnu.so[0m
[22.047s] [ 89%] Built target turtle_bot_servcli__rosidl_typesupport_fastrtps_c__pyext
[22.083s] [35m[1mConsolidate compiler generated dependencies of target turtle_bot_servcli__rosidl_typesupport_introspection_c__pyext[0m
[22.157s] [ 92%] [32mBuilding C object CMakeFiles/turtle_bot_servcli__rosidl_typesupport_introspection_c__pyext.dir/rosidl_generator_py/turtle_bot_servcli/_turtle_bot_servcli_s.ep.rosidl_typesupport_introspection_c.c.o[0m
[22.438s] [ 94%] [32m[1mLinking C shared library rosidl_generator_py/turtle_bot_servcli/turtle_bot_servcli_s__rosidl_typesupport_introspection_c.cpython-310-x86_64-linux-gnu.so[0m
[22.567s] [ 94%] Built target turtle_bot_servcli__rosidl_typesupport_introspection_c__pyext
[22.610s] [35m[1mConsolidate compiler generated dependencies of target turtle_bot_servcli__rosidl_typesupport_c__pyext[0m
[22.644s] [ 97%] [32mBuilding C object CMakeFiles/turtle_bot_servcli__rosidl_typesupport_c__pyext.dir/rosidl_generator_py/turtle_bot_servcli/_turtle_bot_servcli_s.ep.rosidl_typesupport_c.c.o[0m
[22.849s] [100%] [32m[1mLinking C shared library rosidl_generator_py/turtle_bot_servcli/turtle_bot_servcli_s__rosidl_typesupport_c.cpython-310-x86_64-linux-gnu.so[0m
[22.944s] [100%] Built target turtle_bot_servcli__rosidl_typesupport_c__pyext
[22.966s] Invoked command in '/home/robotica/taller1_grupo15/build/turtle_bot_servcli' returned '0': CMAKE_PREFIX_PATH=/opt/ros/humble /usr/bin/cmake --build /home/robotica/taller1_grupo15/build/turtle_bot_servcli -- -j1 -l1
[23.347s] Invoking command in '/home/robotica/taller1_grupo15/build/turtle_bot_servcli': CMAKE_PREFIX_PATH=/opt/ros/humble /usr/bin/cmake --install /home/robotica/taller1_grupo15/build/turtle_bot_servcli
[23.362s] -- Install configuration: ""
[23.363s] -- Up-to-date: /home/robotica/taller1_grupo15/install/turtle_bot_servcli/share/ament_index/resource_index/rosidl_interfaces/turtle_bot_servcli
[23.364s] -- Up-to-date: /home/robotica/taller1_grupo15/install/turtle_bot_servcli/include/turtle_bot_servcli/turtle_bot_servcli
[23.364s] -- Up-to-date: /home/robotica/taller1_grupo15/install/turtle_bot_servcli/include/turtle_bot_servcli/turtle_bot_servcli/srv
[23.364s] -- Up-to-date: /home/robotica/taller1_grupo15/install/turtle_bot_servcli/include/turtle_bot_servcli/turtle_bot_servcli/srv/detail
[23.364s] -- Installing: /home/robotica/taller1_grupo15/install/turtle_bot_servcli/include/turtle_bot_servcli/turtle_bot_servcli/srv/detail/move_robot_to_position__type_support.h
[23.365s] -- Installing: /home/robotica/taller1_grupo15/install/turtle_bot_servcli/include/turtle_bot_servcli/turtle_bot_servcli/srv/detail/move_robot_to_position__functions.c
[23.365s] -- Installing: /home/robotica/taller1_grupo15/install/turtle_bot_servcli/include/turtle_bot_servcli/turtle_bot_servcli/srv/detail/move_robot_to_position__functions.h
[23.365s] -- Installing: /home/robotica/taller1_grupo15/install/turtle_bot_servcli/include/turtle_bot_servcli/turtle_bot_servcli/srv/detail/move_robot_to_position__struct.h
[23.365s] -- Installing: /home/robotica/taller1_grupo15/install/turtle_bot_servcli/include/turtle_bot_servcli/turtle_bot_servcli/srv/move_robot_to_position.h
[23.366s] -- Up-to-date: /home/robotica/taller1_grupo15/install/turtle_bot_servcli/include/turtle_bot_servcli/turtle_bot_servcli/msg
[23.366s] -- Up-to-date: /home/robotica/taller1_grupo15/install/turtle_bot_servcli/include/turtle_bot_servcli/turtle_bot_servcli/msg/detail
[23.366s] -- Installing: /home/robotica/taller1_grupo15/install/turtle_bot_servcli/include/turtle_bot_servcli/turtle_bot_servcli/msg/detail/posicion__struct.h
[23.366s] -- Installing: /home/robotica/taller1_grupo15/install/turtle_bot_servcli/include/turtle_bot_servcli/turtle_bot_servcli/msg/detail/posicion__functions.c
[23.367s] -- Installing: /home/robotica/taller1_grupo15/install/turtle_bot_servcli/include/turtle_bot_servcli/turtle_bot_servcli/msg/detail/posicion__type_support.h
[23.367s] -- Installing: /home/robotica/taller1_grupo15/install/turtle_bot_servcli/include/turtle_bot_servcli/turtle_bot_servcli/msg/detail/posicion__functions.h
[23.367s] -- Installing: /home/robotica/taller1_grupo15/install/turtle_bot_servcli/include/turtle_bot_servcli/turtle_bot_servcli/msg/posicion.h
[23.368s] -- Up-to-date: /home/robotica/taller1_grupo15/install/turtle_bot_servcli/include/turtle_bot_servcli/turtle_bot_servcli/msg/rosidl_generator_c__visibility_control.h
[23.368s] -- Up-to-date: /home/robotica/taller1_grupo15/install/turtle_bot_servcli/share/turtle_bot_servcli/environment/library_path.sh
[23.368s] -- Installing: /home/robotica/taller1_grupo15/install/turtle_bot_servcli/share/turtle_bot_servcli/environment/library_path.dsv
[23.369s] -- Installing: /home/robotica/taller1_grupo15/install/turtle_bot_servcli/lib/libturtle_bot_servcli__rosidl_generator_c.so
[23.369s] -- Set runtime path of "/home/robotica/taller1_grupo15/install/turtle_bot_servcli/lib/libturtle_bot_servcli__rosidl_generator_c.so" to ""
[23.369s] -- Up-to-date: /home/robotica/taller1_grupo15/install/turtle_bot_servcli/include/turtle_bot_servcli/turtle_bot_servcli
[23.370s] -- Up-to-date: /home/robotica/taller1_grupo15/install/turtle_bot_servcli/include/turtle_bot_servcli/turtle_bot_servcli/srv
[23.370s] -- Up-to-date: /home/robotica/taller1_grupo15/install/turtle_bot_servcli/include/turtle_bot_servcli/turtle_bot_servcli/srv/detail
[23.370s] -- Installing: /home/robotica/taller1_grupo15/install/turtle_bot_servcli/include/turtle_bot_servcli/turtle_bot_servcli/srv/detail/move_robot_to_position__rosidl_typesupport_fastrtps_c.h
[23.370s] -- Up-to-date: /home/robotica/taller1_grupo15/install/turtle_bot_servcli/include/turtle_bot_servcli/turtle_bot_servcli/msg
[23.371s] -- Up-to-date: /home/robotica/taller1_grupo15/install/turtle_bot_servcli/include/turtle_bot_servcli/turtle_bot_servcli/msg/detail
[23.371s] -- Installing: /home/robotica/taller1_grupo15/install/turtle_bot_servcli/include/turtle_bot_servcli/turtle_bot_servcli/msg/detail/posicion__rosidl_typesupport_fastrtps_c.h
[23.371s] -- Up-to-date: /home/robotica/taller1_grupo15/install/turtle_bot_servcli/include/turtle_bot_servcli/turtle_bot_servcli/msg/rosidl_typesupport_fastrtps_c__visibility_control.h
[23.372s] -- Installing: /home/robotica/taller1_grupo15/install/turtle_bot_servcli/lib/libturtle_bot_servcli__rosidl_typesupport_fastrtps_c.so
[23.372s] -- Set runtime path of "/home/robotica/taller1_grupo15/install/turtle_bot_servcli/lib/libturtle_bot_servcli__rosidl_typesupport_fastrtps_c.so" to ""
[23.373s] -- Up-to-date: /home/robotica/taller1_grupo15/install/turtle_bot_servcli/include/turtle_bot_servcli/turtle_bot_servcli
[23.373s] -- Up-to-date: /home/robotica/taller1_grupo15/install/turtle_bot_servcli/include/turtle_bot_servcli/turtle_bot_servcli/srv
[23.373s] -- Up-to-date: /home/robotica/taller1_grupo15/install/turtle_bot_servcli/include/turtle_bot_servcli/turtle_bot_servcli/srv/detail
[23.373s] -- Installing: /home/robotica/taller1_grupo15/install/turtle_bot_servcli/include/turtle_bot_servcli/turtle_bot_servcli/srv/detail/move_robot_to_position__traits.hpp
[23.386s] -- Installing: /home/robotica/taller1_grupo15/install/turtle_bot_servcli/include/turtle_bot_servcli/turtle_bot_servcli/srv/detail/move_robot_to_position__builder.hpp
[23.386s] -- Installing: /home/robotica/taller1_grupo15/install/turtle_bot_servcli/include/turtle_bot_servcli/turtle_bot_servcli/srv/detail/move_robot_to_position__struct.hpp
[23.387s] -- Installing: /home/robotica/taller1_grupo15/install/turtle_bot_servcli/include/turtle_bot_servcli/turtle_bot_servcli/srv/move_robot_to_position.hpp
[23.387s] -- Up-to-date: /home/robotica/taller1_grupo15/install/turtle_bot_servcli/include/turtle_bot_servcli/turtle_bot_servcli/msg
[23.387s] -- Up-to-date: /home/robotica/taller1_grupo15/install/turtle_bot_servcli/include/turtle_bot_servcli/turtle_bot_servcli/msg/detail
[23.388s] -- Installing: /home/robotica/taller1_grupo15/install/turtle_bot_servcli/include/turtle_bot_servcli/turtle_bot_servcli/msg/detail/posicion__builder.hpp
[23.388s] -- Installing: /home/robotica/taller1_grupo15/install/turtle_bot_servcli/include/turtle_bot_servcli/turtle_bot_servcli/msg/detail/posicion__struct.hpp
[23.388s] -- Installing: /home/robotica/taller1_grupo15/install/turtle_bot_servcli/include/turtle_bot_servcli/turtle_bot_servcli/msg/detail/posicion__traits.hpp
[23.389s] -- Installing: /home/robotica/taller1_grupo15/install/turtle_bot_servcli/include/turtle_bot_servcli/turtle_bot_servcli/msg/posicion.hpp
[23.389s] -- Up-to-date: /home/robotica/taller1_grupo15/install/turtle_bot_servcli/include/turtle_bot_servcli/turtle_bot_servcli
[23.389s] -- Up-to-date: /home/robotica/taller1_grupo15/install/turtle_bot_servcli/include/turtle_bot_servcli/turtle_bot_servcli/srv
[23.389s] -- Up-to-date: /home/robotica/taller1_grupo15/install/turtle_bot_servcli/include/turtle_bot_servcli/turtle_bot_servcli/srv/detail
[23.390s] -- Installing: /home/robotica/taller1_grupo15/install/turtle_bot_servcli/include/turtle_bot_servcli/turtle_bot_servcli/srv/detail/move_robot_to_position__rosidl_typesupport_fastrtps_cpp.hpp
[23.390s] -- Up-to-date: /home/robotica/taller1_grupo15/install/turtle_bot_servcli/include/turtle_bot_servcli/turtle_bot_servcli/srv/detail/dds_fastrtps
[23.390s] -- Up-to-date: /home/robotica/taller1_grupo15/install/turtle_bot_servcli/include/turtle_bot_servcli/turtle_bot_servcli/msg
[23.390s] -- Up-to-date: /home/robotica/taller1_grupo15/install/turtle_bot_servcli/include/turtle_bot_servcli/turtle_bot_servcli/msg/detail
[23.390s] -- Up-to-date: /home/robotica/taller1_grupo15/install/turtle_bot_servcli/include/turtle_bot_servcli/turtle_bot_servcli/msg/detail/dds_fastrtps
[23.391s] -- Installing: /home/robotica/taller1_grupo15/install/turtle_bot_servcli/include/turtle_bot_servcli/turtle_bot_servcli/msg/detail/posicion__rosidl_typesupport_fastrtps_cpp.hpp
[23.391s] -- Up-to-date: /home/robotica/taller1_grupo15/install/turtle_bot_servcli/include/turtle_bot_servcli/turtle_bot_servcli/msg/rosidl_typesupport_fastrtps_cpp__visibility_control.h
[23.391s] -- Installing: /home/robotica/taller1_grupo15/install/turtle_bot_servcli/lib/libturtle_bot_servcli__rosidl_typesupport_fastrtps_cpp.so
[23.392s] -- Set runtime path of "/home/robotica/taller1_grupo15/install/turtle_bot_servcli/lib/libturtle_bot_servcli__rosidl_typesupport_fastrtps_cpp.so" to ""
[23.395s] -- Up-to-date: /home/robotica/taller1_grupo15/install/turtle_bot_servcli/include/turtle_bot_servcli/turtle_bot_servcli
[23.396s] -- Up-to-date: /home/robotica/taller1_grupo15/install/turtle_bot_servcli/include/turtle_bot_servcli/turtle_bot_servcli/srv
[23.396s] -- Up-to-date: /home/robotica/taller1_grupo15/install/turtle_bot_servcli/include/turtle_bot_servcli/turtle_bot_servcli/srv/detail
[23.396s] -- Installing: /home/robotica/taller1_grupo15/install/turtle_bot_servcli/include/turtle_bot_servcli/turtle_bot_servcli/srv/detail/move_robot_to_position__rosidl_typesupport_introspection_c.h
[23.396s] -- Installing: /home/robotica/taller1_grupo15/install/turtle_bot_servcli/include/turtle_bot_servcli/turtle_bot_servcli/srv/detail/move_robot_to_position__type_support.c
[23.397s] -- Up-to-date: /home/robotica/taller1_grupo15/install/turtle_bot_servcli/include/turtle_bot_servcli/turtle_bot_servcli/msg
[23.397s] -- Up-to-date: /home/robotica/taller1_grupo15/install/turtle_bot_servcli/include/turtle_bot_servcli/turtle_bot_servcli/msg/detail
[23.397s] -- Installing: /home/robotica/taller1_grupo15/install/turtle_bot_servcli/include/turtle_bot_servcli/turtle_bot_servcli/msg/detail/posicion__rosidl_typesupport_introspection_c.h
[23.397s] -- Installing: /home/robotica/taller1_grupo15/install/turtle_bot_servcli/include/turtle_bot_servcli/turtle_bot_servcli/msg/detail/posicion__type_support.c
[23.398s] -- Up-to-date: /home/robotica/taller1_grupo15/install/turtle_bot_servcli/include/turtle_bot_servcli/turtle_bot_servcli/msg/rosidl_typesupport_introspection_c__visibility_control.h
[23.398s] -- Installing: /home/robotica/taller1_grupo15/install/turtle_bot_servcli/lib/libturtle_bot_servcli__rosidl_typesupport_introspection_c.so
[23.406s] -- Set runtime path of "/home/robotica/taller1_grupo15/install/turtle_bot_servcli/lib/libturtle_bot_servcli__rosidl_typesupport_introspection_c.so" to ""
[23.407s] -- Installing: /home/robotica/taller1_grupo15/install/turtle_bot_servcli/lib/libturtle_bot_servcli__rosidl_typesupport_c.so
[23.407s] -- Set runtime path of "/home/robotica/taller1_grupo15/install/turtle_bot_servcli/lib/libturtle_bot_servcli__rosidl_typesupport_c.so" to ""
[23.407s] -- Up-to-date: /home/robotica/taller1_grupo15/install/turtle_bot_servcli/include/turtle_bot_servcli/turtle_bot_servcli
[23.408s] -- Up-to-date: /home/robotica/taller1_grupo15/install/turtle_bot_servcli/include/turtle_bot_servcli/turtle_bot_servcli/srv
[23.408s] -- Up-to-date: /home/robotica/taller1_grupo15/install/turtle_bot_servcli/include/turtle_bot_servcli/turtle_bot_servcli/srv/detail
[23.408s] -- Installing: /home/robotica/taller1_grupo15/install/turtle_bot_servcli/include/turtle_bot_servcli/turtle_bot_servcli/srv/detail/move_robot_to_position__type_support.cpp
[23.408s] -- Installing: /home/robotica/taller1_grupo15/install/turtle_bot_servcli/include/turtle_bot_servcli/turtle_bot_servcli/srv/detail/move_robot_to_position__rosidl_typesupport_introspection_cpp.hpp
[23.408s] -- Up-to-date: /home/robotica/taller1_grupo15/install/turtle_bot_servcli/include/turtle_bot_servcli/turtle_bot_servcli/msg
[23.409s] -- Up-to-date: /home/robotica/taller1_grupo15/install/turtle_bot_servcli/include/turtle_bot_servcli/turtle_bot_servcli/msg/detail
[23.409s] -- Installing: /home/robotica/taller1_grupo15/install/turtle_bot_servcli/include/turtle_bot_servcli/turtle_bot_servcli/msg/detail/posicion__rosidl_typesupport_introspection_cpp.hpp
[23.409s] -- Installing: /home/robotica/taller1_grupo15/install/turtle_bot_servcli/include/turtle_bot_servcli/turtle_bot_servcli/msg/detail/posicion__type_support.cpp
[23.410s] -- Installing: /home/robotica/taller1_grupo15/install/turtle_bot_servcli/lib/libturtle_bot_servcli__rosidl_typesupport_introspection_cpp.so
[23.410s] -- Set runtime path of "/home/robotica/taller1_grupo15/install/turtle_bot_servcli/lib/libturtle_bot_servcli__rosidl_typesupport_introspection_cpp.so" to ""
[23.410s] -- Installing: /home/robotica/taller1_grupo15/install/turtle_bot_servcli/lib/libturtle_bot_servcli__rosidl_typesupport_cpp.so
[23.411s] -- Set runtime path of "/home/robotica/taller1_grupo15/install/turtle_bot_servcli/lib/libturtle_bot_servcli__rosidl_typesupport_cpp.so" to ""
[23.411s] -- Up-to-date: /home/robotica/taller1_grupo15/install/turtle_bot_servcli/share/turtle_bot_servcli/environment/pythonpath.sh
[23.411s] -- Installing: /home/robotica/taller1_grupo15/install/turtle_bot_servcli/share/turtle_bot_servcli/environment/pythonpath.dsv
[23.412s] -- Up-to-date: /home/robotica/taller1_grupo15/install/turtle_bot_servcli/local/lib/python3.10/dist-packages/turtle_bot_servcli-0.0.0-py3.10.egg-info
[23.412s] -- Installing: /home/robotica/taller1_grupo15/install/turtle_bot_servcli/local/lib/python3.10/dist-packages/turtle_bot_servcli-0.0.0-py3.10.egg-info/SOURCES.txt
[23.412s] -- Installing: /home/robotica/taller1_grupo15/install/turtle_bot_servcli/local/lib/python3.10/dist-packages/turtle_bot_servcli-0.0.0-py3.10.egg-info/PKG-INFO
[23.412s] -- Installing: /home/robotica/taller1_grupo15/install/turtle_bot_servcli/local/lib/python3.10/dist-packages/turtle_bot_servcli-0.0.0-py3.10.egg-info/dependency_links.txt
[23.413s] -- Installing: /home/robotica/taller1_grupo15/install/turtle_bot_servcli/local/lib/python3.10/dist-packages/turtle_bot_servcli-0.0.0-py3.10.egg-info/top_level.txt
[23.413s] -- Up-to-date: /home/robotica/taller1_grupo15/install/turtle_bot_servcli/local/lib/python3.10/dist-packages/turtle_bot_servcli
[23.413s] -- Installing: /home/robotica/taller1_grupo15/install/turtle_bot_servcli/local/lib/python3.10/dist-packages/turtle_bot_servcli/turtle_bot_servcli_s__rosidl_typesupport_c.cpython-310-x86_64-linux-gnu.so
[23.417s] -- Installing: /home/robotica/taller1_grupo15/install/turtle_bot_servcli/local/lib/python3.10/dist-packages/turtle_bot_servcli/_turtle_bot_servcli_s.ep.rosidl_typesupport_c.c
[23.417s] -- Installing: /home/robotica/taller1_grupo15/install/turtle_bot_servcli/local/lib/python3.10/dist-packages/turtle_bot_servcli/turtle_bot_servcli_s__rosidl_typesupport_fastrtps_c.cpython-310-x86_64-linux-gnu.so
[23.418s] -- Up-to-date: /home/robotica/taller1_grupo15/install/turtle_bot_servcli/local/lib/python3.10/dist-packages/turtle_bot_servcli/srv
[23.418s] -- Installing: /home/robotica/taller1_grupo15/install/turtle_bot_servcli/local/lib/python3.10/dist-packages/turtle_bot_servcli/srv/_move_robot_to_position.py
[23.418s] -- Installing: /home/robotica/taller1_grupo15/install/turtle_bot_servcli/local/lib/python3.10/dist-packages/turtle_bot_servcli/srv/__init__.py
[23.419s] -- Installing: /home/robotica/taller1_grupo15/install/turtle_bot_servcli/local/lib/python3.10/dist-packages/turtle_bot_servcli/srv/_move_robot_to_position_s.c
[23.419s] -- Installing: /home/robotica/taller1_grupo15/install/turtle_bot_servcli/local/lib/python3.10/dist-packages/turtle_bot_servcli/turtle_bot_servcli_s__rosidl_typesupport_introspection_c.cpython-310-x86_64-linux-gnu.so
[23.419s] -- Up-to-date: /home/robotica/taller1_grupo15/install/turtle_bot_servcli/local/lib/python3.10/dist-packages/turtle_bot_servcli/msg
[23.419s] -- Installing: /home/robotica/taller1_grupo15/install/turtle_bot_servcli/local/lib/python3.10/dist-packages/turtle_bot_servcli/msg/_posicion_s.c
[23.426s] -- Installing: /home/robotica/taller1_grupo15/install/turtle_bot_servcli/local/lib/python3.10/dist-packages/turtle_bot_servcli/msg/_posicion.py
[23.426s] -- Installing: /home/robotica/taller1_grupo15/install/turtle_bot_servcli/local/lib/python3.10/dist-packages/turtle_bot_servcli/msg/__init__.py
[23.427s] -- Installing: /home/robotica/taller1_grupo15/install/turtle_bot_servcli/local/lib/python3.10/dist-packages/turtle_bot_servcli/__init__.py
[23.427s] -- Installing: /home/robotica/taller1_grupo15/install/turtle_bot_servcli/local/lib/python3.10/dist-packages/turtle_bot_servcli/libturtle_bot_servcli__rosidl_generator_py.so
[23.427s] -- Installing: /home/robotica/taller1_grupo15/install/turtle_bot_servcli/local/lib/python3.10/dist-packages/turtle_bot_servcli/_turtle_bot_servcli_s.ep.rosidl_typesupport_introspection_c.c
[23.428s] -- Installing: /home/robotica/taller1_grupo15/install/turtle_bot_servcli/local/lib/python3.10/dist-packages/turtle_bot_servcli/_turtle_bot_servcli_s.ep.rosidl_typesupport_fastrtps_c.c
[23.511s] Listing '/home/robotica/taller1_grupo15/install/turtle_bot_servcli/local/lib/python3.10/dist-packages/turtle_bot_servcli'...
[23.511s] Compiling '/home/robotica/taller1_grupo15/install/turtle_bot_servcli/local/lib/python3.10/dist-packages/turtle_bot_servcli/__init__.py'...
[23.511s] Listing '/home/robotica/taller1_grupo15/install/turtle_bot_servcli/local/lib/python3.10/dist-packages/turtle_bot_servcli/msg'...
[23.511s] Compiling '/home/robotica/taller1_grupo15/install/turtle_bot_servcli/local/lib/python3.10/dist-packages/turtle_bot_servcli/msg/__init__.py'...
[23.511s] Compiling '/home/robotica/taller1_grupo15/install/turtle_bot_servcli/local/lib/python3.10/dist-packages/turtle_bot_servcli/msg/_posicion.py'...
[23.511s] Listing '/home/robotica/taller1_grupo15/install/turtle_bot_servcli/local/lib/python3.10/dist-packages/turtle_bot_servcli/srv'...
[23.511s] Compiling '/home/robotica/taller1_grupo15/install/turtle_bot_servcli/local/lib/python3.10/dist-packages/turtle_bot_servcli/srv/__init__.py'...
[23.511s] Compiling '/home/robotica/taller1_grupo15/install/turtle_bot_servcli/local/lib/python3.10/dist-packages/turtle_bot_servcli/srv/_move_robot_to_position.py'...
[23.544s] -- Installing: /home/robotica/taller1_grupo15/install/turtle_bot_servcli/local/lib/python3.10/dist-packages/turtle_bot_servcli/turtle_bot_servcli_s__rosidl_typesupport_fastrtps_c.cpython-310-x86_64-linux-gnu.so
[23.544s] -- Set runtime path of "/home/robotica/taller1_grupo15/install/turtle_bot_servcli/local/lib/python3.10/dist-packages/turtle_bot_servcli/turtle_bot_servcli_s__rosidl_typesupport_fastrtps_c.cpython-310-x86_64-linux-gnu.so" to ""
[23.544s] -- Installing: /home/robotica/taller1_grupo15/install/turtle_bot_servcli/local/lib/python3.10/dist-packages/turtle_bot_servcli/turtle_bot_servcli_s__rosidl_typesupport_introspection_c.cpython-310-x86_64-linux-gnu.so
[23.544s] -- Set runtime path of "/home/robotica/taller1_grupo15/install/turtle_bot_servcli/local/lib/python3.10/dist-packages/turtle_bot_servcli/turtle_bot_servcli_s__rosidl_typesupport_introspection_c.cpython-310-x86_64-linux-gnu.so" to ""
[23.545s] -- Installing: /home/robotica/taller1_grupo15/install/turtle_bot_servcli/local/lib/python3.10/dist-packages/turtle_bot_servcli/turtle_bot_servcli_s__rosidl_typesupport_c.cpython-310-x86_64-linux-gnu.so
[23.545s] -- Set runtime path of "/home/robotica/taller1_grupo15/install/turtle_bot_servcli/local/lib/python3.10/dist-packages/turtle_bot_servcli/turtle_bot_servcli_s__rosidl_typesupport_c.cpython-310-x86_64-linux-gnu.so" to ""
[23.545s] -- Installing: /home/robotica/taller1_grupo15/install/turtle_bot_servcli/lib/libturtle_bot_servcli__rosidl_generator_py.so
[23.545s] -- Set runtime path of "/home/robotica/taller1_grupo15/install/turtle_bot_servcli/lib/libturtle_bot_servcli__rosidl_generator_py.so" to ""
[23.545s] -- Up-to-date: /home/robotica/taller1_grupo15/install/turtle_bot_servcli/share/turtle_bot_servcli/msg/Posicion.idl
[23.545s] -- Installing: /home/robotica/taller1_grupo15/install/turtle_bot_servcli/share/turtle_bot_servcli/srv/MoveRobotToPosition.idl
[23.545s] -- Up-to-date: /home/robotica/taller1_grupo15/install/turtle_bot_servcli/share/turtle_bot_servcli/msg/Posicion.msg
[23.545s] -- Installing: /home/robotica/taller1_grupo15/install/turtle_bot_servcli/share/turtle_bot_servcli/srv/MoveRobotToPosition.srv
[23.545s] -- Installing: /home/robotica/taller1_grupo15/install/turtle_bot_servcli/share/turtle_bot_servcli/srv/MoveRobotToPosition_Request.msg
[23.545s] -- Installing: /home/robotica/taller1_grupo15/install/turtle_bot_servcli/share/turtle_bot_servcli/srv/MoveRobotToPosition_Response.msg
[23.545s] -- Up-to-date: /home/robotica/taller1_grupo15/install/turtle_bot_servcli/share/ament_index/resource_index/package_run_dependencies/turtle_bot_servcli
[23.545s] -- Up-to-date: /home/robotica/taller1_grupo15/install/turtle_bot_servcli/share/ament_index/resource_index/parent_prefix_path/turtle_bot_servcli
[23.545s] -- Up-to-date: /home/robotica/taller1_grupo15/install/turtle_bot_servcli/share/turtle_bot_servcli/environment/ament_prefix_path.sh
[23.546s] -- Installing: /home/robotica/taller1_grupo15/install/turtle_bot_servcli/share/turtle_bot_servcli/environment/ament_prefix_path.dsv
[23.546s] -- Up-to-date: /home/robotica/taller1_grupo15/install/turtle_bot_servcli/share/turtle_bot_servcli/environment/path.sh
[23.546s] -- Installing: /home/robotica/taller1_grupo15/install/turtle_bot_servcli/share/turtle_bot_servcli/environment/path.dsv
[23.546s] -- Up-to-date: /home/robotica/taller1_grupo15/install/turtle_bot_servcli/share/turtle_bot_servcli/local_setup.bash
[23.546s] -- Up-to-date: /home/robotica/taller1_grupo15/install/turtle_bot_servcli/share/turtle_bot_servcli/local_setup.sh
[23.546s] -- Up-to-date: /home/robotica/taller1_grupo15/install/turtle_bot_servcli/share/turtle_bot_servcli/local_setup.zsh
[23.546s] -- Installing: /home/robotica/taller1_grupo15/install/turtle_bot_servcli/share/turtle_bot_servcli/local_setup.dsv
[23.546s] -- Installing: /home/robotica/taller1_grupo15/install/turtle_bot_servcli/share/turtle_bot_servcli/package.dsv
[23.546s] -- Up-to-date: /home/robotica/taller1_grupo15/install/turtle_bot_servcli/share/ament_index/resource_index/packages/turtle_bot_servcli
[23.546s] -- Up-to-date: /home/robotica/taller1_grupo15/install/turtle_bot_servcli/share/turtle_bot_servcli/cmake/export_turtle_bot_servcli__rosidl_generator_cExport.cmake
[23.546s] -- Up-to-date: /home/robotica/taller1_grupo15/install/turtle_bot_servcli/share/turtle_bot_servcli/cmake/export_turtle_bot_servcli__rosidl_generator_cExport-noconfig.cmake
[23.546s] -- Up-to-date: /home/robotica/taller1_grupo15/install/turtle_bot_servcli/share/turtle_bot_servcli/cmake/export_turtle_bot_servcli__rosidl_typesupport_fastrtps_cExport.cmake
[23.547s] -- Up-to-date: /home/robotica/taller1_grupo15/install/turtle_bot_servcli/share/turtle_bot_servcli/cmake/export_turtle_bot_servcli__rosidl_typesupport_fastrtps_cExport-noconfig.cmake
[23.547s] -- Up-to-date: /home/robotica/taller1_grupo15/install/turtle_bot_servcli/share/turtle_bot_servcli/cmake/export_turtle_bot_servcli__rosidl_generator_cppExport.cmake
[23.547s] -- Up-to-date: /home/robotica/taller1_grupo15/install/turtle_bot_servcli/share/turtle_bot_servcli/cmake/export_turtle_bot_servcli__rosidl_typesupport_fastrtps_cppExport.cmake
[23.547s] -- Up-to-date: /home/robotica/taller1_grupo15/install/turtle_bot_servcli/share/turtle_bot_servcli/cmake/export_turtle_bot_servcli__rosidl_typesupport_fastrtps_cppExport-noconfig.cmake
[23.547s] -- Up-to-date: /home/robotica/taller1_grupo15/install/turtle_bot_servcli/share/turtle_bot_servcli/cmake/turtle_bot_servcli__rosidl_typesupport_introspection_cExport.cmake
[23.547s] -- Up-to-date: /home/robotica/taller1_grupo15/install/turtle_bot_servcli/share/turtle_bot_servcli/cmake/turtle_bot_servcli__rosidl_typesupport_introspection_cExport-noconfig.cmake
[23.547s] -- Up-to-date: /home/robotica/taller1_grupo15/install/turtle_bot_servcli/share/turtle_bot_servcli/cmake/turtle_bot_servcli__rosidl_typesupport_cExport.cmake
[23.547s] -- Up-to-date: /home/robotica/taller1_grupo15/install/turtle_bot_servcli/share/turtle_bot_servcli/cmake/turtle_bot_servcli__rosidl_typesupport_cExport-noconfig.cmake
[23.547s] -- Up-to-date: /home/robotica/taller1_grupo15/install/turtle_bot_servcli/share/turtle_bot_servcli/cmake/turtle_bot_servcli__rosidl_typesupport_introspection_cppExport.cmake
[23.547s] -- Up-to-date: /home/robotica/taller1_grupo15/install/turtle_bot_servcli/share/turtle_bot_servcli/cmake/turtle_bot_servcli__rosidl_typesupport_introspection_cppExport-noconfig.cmake
[23.547s] -- Up-to-date: /home/robotica/taller1_grupo15/install/turtle_bot_servcli/share/turtle_bot_servcli/cmake/turtle_bot_servcli__rosidl_typesupport_cppExport.cmake
[23.547s] -- Up-to-date: /home/robotica/taller1_grupo15/install/turtle_bot_servcli/share/turtle_bot_servcli/cmake/turtle_bot_servcli__rosidl_typesupport_cppExport-noconfig.cmake
[23.547s] -- Up-to-date: /home/robotica/taller1_grupo15/install/turtle_bot_servcli/share/turtle_bot_servcli/cmake/export_turtle_bot_servcli__rosidl_generator_pyExport.cmake
[23.547s] -- Up-to-date: /home/robotica/taller1_grupo15/install/turtle_bot_servcli/share/turtle_bot_servcli/cmake/export_turtle_bot_servcli__rosidl_generator_pyExport-noconfig.cmake
[23.547s] -- Up-to-date: /home/robotica/taller1_grupo15/install/turtle_bot_servcli/share/turtle_bot_servcli/cmake/rosidl_cmake-extras.cmake
[23.548s] -- Up-to-date: /home/robotica/taller1_grupo15/install/turtle_bot_servcli/share/turtle_bot_servcli/cmake/ament_cmake_export_dependencies-extras.cmake
[23.548s] -- Up-to-date: /home/robotica/taller1_grupo15/install/turtle_bot_servcli/share/turtle_bot_servcli/cmake/ament_cmake_export_include_directories-extras.cmake
[23.548s] -- Up-to-date: /home/robotica/taller1_grupo15/install/turtle_bot_servcli/share/turtle_bot_servcli/cmake/ament_cmake_export_libraries-extras.cmake
[23.548s] -- Up-to-date: /home/robotica/taller1_grupo15/install/turtle_bot_servcli/share/turtle_bot_servcli/cmake/ament_cmake_export_targets-extras.cmake
[23.548s] -- Up-to-date: /home/robotica/taller1_grupo15/install/turtle_bot_servcli/share/turtle_bot_servcli/cmake/rosidl_cmake_export_typesupport_targets-extras.cmake
[23.548s] -- Up-to-date: /home/robotica/taller1_grupo15/install/turtle_bot_servcli/share/turtle_bot_servcli/cmake/rosidl_cmake_export_typesupport_libraries-extras.cmake
[23.548s] -- Up-to-date: /home/robotica/taller1_grupo15/install/turtle_bot_servcli/share/turtle_bot_servcli/cmake/turtle_bot_servcliConfig.cmake
[23.548s] -- Up-to-date: /home/robotica/taller1_grupo15/install/turtle_bot_servcli/share/turtle_bot_servcli/cmake/turtle_bot_servcliConfig-version.cmake
[23.548s] -- Up-to-date: /home/robotica/taller1_grupo15/install/turtle_bot_servcli/share/turtle_bot_servcli/package.xml
[23.562s] Invoked command in '/home/robotica/taller1_grupo15/build/turtle_bot_servcli' returned '0': CMAKE_PREFIX_PATH=/opt/ros/humble /usr/bin/cmake --install /home/robotica/taller1_grupo15/build/turtle_bot_servcli
