[3.080s] Invoking command in '/home/robotica/Robotica/Taller 1/src/turtle_bot_15': PYTHONPATH=/home/robotica/Robotica/Taller 1/build/turtle_bot_15/prefix_override:/home/robotica/Robotica/Taller 1/install/turtle_bot_15/lib/python3.10/site-packages:${PYTHONPATH} /usr/bin/python3 setup.py egg_info --egg-base ../../build/turtle_bot_15 build --build-base /home/robotica/Robotica/Taller 1/build/turtle_bot_15/build install --record /home/robotica/Robotica/Taller 1/build/turtle_bot_15/install.log --single-version-externally-managed
[4.656s] running egg_info
[4.663s] writing ../../build/turtle_bot_15/turtle_bot_15.egg-info/PKG-INFO
[4.692s] writing dependency_links to ../../build/turtle_bot_15/turtle_bot_15.egg-info/dependency_links.txt
[4.710s] writing entry points to ../../build/turtle_bot_15/turtle_bot_15.egg-info/entry_points.txt
[4.717s] writing requirements to ../../build/turtle_bot_15/turtle_bot_15.egg-info/requires.txt
[4.723s] writing top-level names to ../../build/turtle_bot_15/turtle_bot_15.egg-info/top_level.txt
[4.746s] reading manifest file '../../build/turtle_bot_15/turtle_bot_15.egg-info/SOURCES.txt'
[4.775s] writing manifest file '../../build/turtle_bot_15/turtle_bot_15.egg-info/SOURCES.txt'
[4.825s] running build
[4.829s] running build_py
[4.847s] running install
[4.856s] running install_lib
[4.864s] /usr/lib/python3/dist-packages/setuptools/command/install.py:34: SetuptoolsDeprecationWarning: setup.py install is deprecated. Use build and pip and other standards-based tools.
[4.872s]   warnings.warn(
[4.931s] running install_data
[4.973s] running install_egg_info
[5.004s] removing '/home/robotica/Robotica/Taller 1/install/turtle_bot_15/lib/python3.10/site-packages/turtle_bot_15-0.0.0-py3.10.egg-info' (and everything under it)
[5.127s] Copying ../../build/turtle_bot_15/turtle_bot_15.egg-info to /home/robotica/Robotica/Taller 1/install/turtle_bot_15/lib/python3.10/site-packages/turtle_bot_15-0.0.0-py3.10.egg-info
[5.455s] running install_scripts
[5.513s] Installing turtle_bot_interface script to /home/robotica/Robotica/Taller 1/install/turtle_bot_15/lib/turtle_bot_15
[5.524s] Installing turtle_bot_teleop script to /home/robotica/Robotica/Taller 1/install/turtle_bot_15/lib/turtle_bot_15
[5.540s] writing list of installed files to '/home/robotica/Robotica/Taller 1/build/turtle_bot_15/install.log'
[5.651s] Invoked command in '/home/robotica/Robotica/Taller 1/src/turtle_bot_15' returned '0': PYTHONPATH=/home/robotica/Robotica/Taller 1/build/turtle_bot_15/prefix_override:/home/robotica/Robotica/Taller 1/install/turtle_bot_15/lib/python3.10/site-packages:${PYTHONPATH} /usr/bin/python3 setup.py egg_info --egg-base ../../build/turtle_bot_15 build --build-base /home/robotica/Robotica/Taller 1/build/turtle_bot_15/build install --record /home/robotica/Robotica/Taller 1/build/turtle_bot_15/install.log --single-version-externally-managed
