[0.012s] Invoking command in '/home/robotica/taller1_grupo15/build/turtle_bot_servcli': CMAKE_PREFIX_PATH=/opt/ros/humble /usr/bin/cmake --build /home/robotica/taller1_grupo15/build/turtle_bot_servcli -- -j1 -l1
[0.108s] -- Found ament_cmake: 1.3.3 (/opt/ros/humble/share/ament_cmake/cmake)
[0.605s] -- Found ament_lint_auto: 0.12.4 (/opt/ros/humble/share/ament_lint_auto/cmake)
[0.742s] -- Found geometry_msgs: 4.2.2 (/opt/ros/humble/share/geometry_msgs/cmake)
[0.778s] -- Found rosidl_generator_c: 3.1.4 (/opt/ros/humble/share/rosidl_generator_c/cmake)
[0.783s] -- Found rosidl_adapter: 3.1.4 (/opt/ros/humble/share/rosidl_adapter/cmake)
[0.803s] -- Found rosidl_generator_cpp: 3.1.4 (/opt/ros/humble/share/rosidl_generator_cpp/cmake)
[0.828s] -- Using all available rosidl_typesupport_c: rosidl_typesupport_fastrtps_c;rosidl_typesupport_introspection_c
[0.867s] -- Using all available rosidl_typesupport_cpp: rosidl_typesupport_fastrtps_cpp;rosidl_typesupport_introspection_cpp
[1.170s] -- Found rosidl_default_generators: 1.2.0 (/opt/ros/humble/share/rosidl_default_generators/cmake)
[1.637s] -- Found ament_cmake_ros: 0.10.0 (/opt/ros/humble/share/ament_cmake_ros/cmake)
[2.509s] -- Using all available rosidl_typesupport_c: rosidl_typesupport_fastrtps_c;rosidl_typesupport_introspection_c
[2.869s] -- Using all available rosidl_typesupport_cpp: rosidl_typesupport_fastrtps_cpp;rosidl_typesupport_introspection_cpp
[2.937s] -- Found python_cmake_module: 0.10.0 (/opt/ros/humble/share/python_cmake_module/cmake)
[2.987s] -- Using PYTHON_EXECUTABLE: /usr/bin/python3
[2.988s] -- Using PYTHON_INCLUDE_DIRS: /usr/include/python3.10
[2.988s] -- Using PYTHON_LIBRARIES: /usr/lib/x86_64-linux-gnu/libpython3.10.so
[3.131s] -- Added test 'lint_cmake' to check CMake code style
[3.135s] -- Added test 'xmllint' to check XML markup files
[3.157s] -- Configuring done
[3.598s] -- Generating done
[3.685s] -- Build files have been written to: /home/robotica/taller1_grupo15/build/turtle_bot_servcli
[3.787s] [  2%] [34m[1mGenerating C++ code for ROS interfaces[0m
[4.383s] [  2%] Built target turtle_bot_servcli__cpp
[4.422s] [  5%] [34m[1mGenerating C++ type support for eProsima Fast-RTPS[0m
[5.092s] [35m[1mConsolidate compiler generated dependencies of target turtle_bot_servcli__rosidl_typesupport_fastrtps_cpp[0m
[5.124s] [  7%] [32mBuilding CXX object CMakeFiles/turtle_bot_servcli__rosidl_typesupport_fastrtps_cpp.dir/rosidl_typesupport_fastrtps_cpp/turtle_bot_servcli/msg/detail/dds_fastrtps/posicion__type_support.cpp.o[0m
[6.323s] [ 10%] [32mBuilding CXX object CMakeFiles/turtle_bot_servcli__rosidl_typesupport_fastrtps_cpp.dir/rosidl_typesupport_fastrtps_cpp/turtle_bot_servcli/srv/detail/dds_fastrtps/move_robot__type_support.cpp.o[0m
[7.215s] [ 12%] [32m[1mLinking CXX shared library libturtle_bot_servcli__rosidl_typesupport_fastrtps_cpp.so[0m
[7.415s] [ 12%] Built target turtle_bot_servcli__rosidl_typesupport_fastrtps_cpp
[7.451s] [ 15%] [34m[1mGenerating C code for ROS interfaces[0m
[8.356s] [35m[1mConsolidate compiler generated dependencies of target turtle_bot_servcli__rosidl_generator_c[0m
[8.387s] [ 17%] [32mBuilding C object CMakeFiles/turtle_bot_servcli__rosidl_generator_c.dir/rosidl_generator_c/turtle_bot_servcli/msg/detail/posicion__functions.c.o[0m
[8.489s] [ 20%] [32mBuilding C object CMakeFiles/turtle_bot_servcli__rosidl_generator_c.dir/rosidl_generator_c/turtle_bot_servcli/srv/detail/move_robot__functions.c.o[0m
[8.614s] [ 23%] [32m[1mLinking C shared library libturtle_bot_servcli__rosidl_generator_c.so[0m
[8.702s] [ 23%] Built target turtle_bot_servcli__rosidl_generator_c
[8.743s] [ 25%] [34m[1mGenerating C introspection for ROS interfaces[0m
[9.688s] [35m[1mConsolidate compiler generated dependencies of target turtle_bot_servcli__rosidl_typesupport_introspection_c[0m
[9.716s] [ 28%] [32mBuilding C object CMakeFiles/turtle_bot_servcli__rosidl_typesupport_introspection_c.dir/rosidl_typesupport_introspection_c/turtle_bot_servcli/msg/detail/posicion__type_support.c.o[0m
[9.795s] [ 30%] [32mBuilding C object CMakeFiles/turtle_bot_servcli__rosidl_typesupport_introspection_c.dir/rosidl_typesupport_introspection_c/turtle_bot_servcli/srv/detail/move_robot__type_support.c.o[0m
[9.855s] [ 33%] [32m[1mLinking C shared library libturtle_bot_servcli__rosidl_typesupport_introspection_c.so[0m
[9.943s] [ 33%] Built target turtle_bot_servcli__rosidl_typesupport_introspection_c
[9.960s] [ 35%] [34m[1mGenerating C type support dispatch for ROS interfaces[0m
[10.517s] [35m[1mConsolidate compiler generated dependencies of target turtle_bot_servcli__rosidl_typesupport_c[0m
[10.555s] [ 38%] [32mBuilding CXX object CMakeFiles/turtle_bot_servcli__rosidl_typesupport_c.dir/rosidl_typesupport_c/turtle_bot_servcli/msg/posicion__type_support.cpp.o[0m
[10.643s] [ 41%] [32mBuilding CXX object CMakeFiles/turtle_bot_servcli__rosidl_typesupport_c.dir/rosidl_typesupport_c/turtle_bot_servcli/srv/move_robot__type_support.cpp.o[0m
[10.715s] [ 43%] [32m[1mLinking CXX shared library libturtle_bot_servcli__rosidl_typesupport_c.so[0m
[10.813s] [ 43%] Built target turtle_bot_servcli__rosidl_typesupport_c
[10.841s] [ 46%] [34m[1mGenerating C++ introspection for ROS interfaces[0m
[11.665s] [35m[1mConsolidate compiler generated dependencies of target turtle_bot_servcli__rosidl_typesupport_introspection_cpp[0m
[11.727s] [ 48%] [32mBuilding CXX object CMakeFiles/turtle_bot_servcli__rosidl_typesupport_introspection_cpp.dir/rosidl_typesupport_introspection_cpp/turtle_bot_servcli/msg/detail/posicion__type_support.cpp.o[0m
[13.003s] [ 51%] [32mBuilding CXX object CMakeFiles/turtle_bot_servcli__rosidl_typesupport_introspection_cpp.dir/rosidl_typesupport_introspection_cpp/turtle_bot_servcli/srv/detail/move_robot__type_support.cpp.o[0m
[14.386s] [ 53%] [32m[1mLinking CXX shared library libturtle_bot_servcli__rosidl_typesupport_introspection_cpp.so[0m
[14.638s] [ 53%] Built target turtle_bot_servcli__rosidl_typesupport_introspection_cpp
[14.662s] [ 56%] [34m[1mGenerating C++ type support dispatch for ROS interfaces[0m
[15.775s] [35m[1mConsolidate compiler generated dependencies of target turtle_bot_servcli__rosidl_typesupport_cpp[0m
[15.819s] [ 58%] [32mBuilding CXX object CMakeFiles/turtle_bot_servcli__rosidl_typesupport_cpp.dir/rosidl_typesupport_cpp/turtle_bot_servcli/msg/posicion__type_support.cpp.o[0m
[16.674s] [ 61%] [32mBuilding CXX object CMakeFiles/turtle_bot_servcli__rosidl_typesupport_cpp.dir/rosidl_typesupport_cpp/turtle_bot_servcli/srv/move_robot__type_support.cpp.o[0m
[17.423s] [ 64%] [32m[1mLinking CXX shared library libturtle_bot_servcli__rosidl_typesupport_cpp.so[0m
[17.520s] [ 64%] Built target turtle_bot_servcli__rosidl_typesupport_cpp
[17.547s] [ 66%] [34m[1mGenerating C type support for eProsima Fast-RTPS[0m
[18.128s] [35m[1mConsolidate compiler generated dependencies of target turtle_bot_servcli__rosidl_typesupport_fastrtps_c[0m
[18.148s] [ 69%] [32mBuilding CXX object CMakeFiles/turtle_bot_servcli__rosidl_typesupport_fastrtps_c.dir/rosidl_typesupport_fastrtps_c/turtle_bot_servcli/msg/detail/posicion__type_support_c.cpp.o[0m
[18.867s] [ 71%] [32mBuilding CXX object CMakeFiles/turtle_bot_servcli__rosidl_typesupport_fastrtps_c.dir/rosidl_typesupport_fastrtps_c/turtle_bot_servcli/srv/detail/move_robot__type_support_c.cpp.o[0m
[19.600s] [ 74%] [32m[1mLinking CXX shared library libturtle_bot_servcli__rosidl_typesupport_fastrtps_c.so[0m
[19.803s] [ 74%] Built target turtle_bot_servcli__rosidl_typesupport_fastrtps_c
[19.833s] [ 74%] Built target turtle_bot_servcli
[19.914s] [ 74%] Built target ament_cmake_python_copy_turtle_bot_servcli
[20.443s] running egg_info
[20.447s] writing turtle_bot_servcli.egg-info/PKG-INFO
[20.448s] writing dependency_links to turtle_bot_servcli.egg-info/dependency_links.txt
[20.450s] writing top-level names to turtle_bot_servcli.egg-info/top_level.txt
[20.454s] reading manifest file 'turtle_bot_servcli.egg-info/SOURCES.txt'
[20.456s] writing manifest file 'turtle_bot_servcli.egg-info/SOURCES.txt'
[20.537s] [ 74%] Built target ament_cmake_python_build_turtle_bot_servcli_egg
[20.573s] [ 76%] [34m[1mGenerating Python code for ROS interfaces[0m
[21.649s] [ 76%] Built target turtle_bot_servcli__py
[21.686s] [35m[1mConsolidate compiler generated dependencies of target turtle_bot_servcli__rosidl_generator_py[0m
[21.711s] [ 79%] [32mBuilding C object CMakeFiles/turtle_bot_servcli__rosidl_generator_py.dir/rosidl_generator_py/turtle_bot_servcli/msg/_posicion_s.c.o[0m
[21.915s] [ 82%] [32mBuilding C object CMakeFiles/turtle_bot_servcli__rosidl_generator_py.dir/rosidl_generator_py/turtle_bot_servcli/srv/_move_robot_s.c.o[0m
[22.124s] [ 84%] [32m[1mLinking C shared library rosidl_generator_py/turtle_bot_servcli/libturtle_bot_servcli__rosidl_generator_py.so[0m
[22.224s] [ 84%] Built target turtle_bot_servcli__rosidl_generator_py
[22.240s] [35m[1mConsolidate compiler generated dependencies of target turtle_bot_servcli__rosidl_typesupport_fastrtps_c__pyext[0m
[22.277s] [ 87%] [32mBuilding C object CMakeFiles/turtle_bot_servcli__rosidl_typesupport_fastrtps_c__pyext.dir/rosidl_generator_py/turtle_bot_servcli/_turtle_bot_servcli_s.ep.rosidl_typesupport_fastrtps_c.c.o[0m
[22.699s] [ 89%] [32m[1mLinking C shared library rosidl_generator_py/turtle_bot_servcli/turtle_bot_servcli_s__rosidl_typesupport_fastrtps_c.cpython-310-x86_64-linux-gnu.so[0m
[22.846s] [ 89%] Built target turtle_bot_servcli__rosidl_typesupport_fastrtps_c__pyext
[22.864s] [35m[1mConsolidate compiler generated dependencies of target turtle_bot_servcli__rosidl_typesupport_introspection_c__pyext[0m
[22.887s] [ 92%] [32mBuilding C object CMakeFiles/turtle_bot_servcli__rosidl_typesupport_introspection_c__pyext.dir/rosidl_generator_py/turtle_bot_servcli/_turtle_bot_servcli_s.ep.rosidl_typesupport_introspection_c.c.o[0m
[23.376s] [ 94%] [32m[1mLinking C shared library rosidl_generator_py/turtle_bot_servcli/turtle_bot_servcli_s__rosidl_typesupport_introspection_c.cpython-310-x86_64-linux-gnu.so[0m
[23.545s] [ 94%] Built target turtle_bot_servcli__rosidl_typesupport_introspection_c__pyext
[23.606s] [35m[1mConsolidate compiler generated dependencies of target turtle_bot_servcli__rosidl_typesupport_c__pyext[0m
[23.647s] [ 97%] [32mBuilding C object CMakeFiles/turtle_bot_servcli__rosidl_typesupport_c__pyext.dir/rosidl_generator_py/turtle_bot_servcli/_turtle_bot_servcli_s.ep.rosidl_typesupport_c.c.o[0m
[23.877s] [100%] [32m[1mLinking C shared library rosidl_generator_py/turtle_bot_servcli/turtle_bot_servcli_s__rosidl_typesupport_c.cpython-310-x86_64-linux-gnu.so[0m
[24.022s] [100%] Built target turtle_bot_servcli__rosidl_typesupport_c__pyext
[24.040s] Invoked command in '/home/robotica/taller1_grupo15/build/turtle_bot_servcli' returned '0': CMAKE_PREFIX_PATH=/opt/ros/humble /usr/bin/cmake --build /home/robotica/taller1_grupo15/build/turtle_bot_servcli -- -j1 -l1
[24.397s] Invoking command in '/home/robotica/taller1_grupo15/build/turtle_bot_servcli': CMAKE_PREFIX_PATH=/opt/ros/humble /usr/bin/cmake --install /home/robotica/taller1_grupo15/build/turtle_bot_servcli
[24.418s] -- Install configuration: ""
[24.418s] -- Installing: /home/robotica/taller1_grupo15/install/turtle_bot_servcli/share/ament_index/resource_index/rosidl_interfaces/turtle_bot_servcli
[24.419s] -- Up-to-date: /home/robotica/taller1_grupo15/install/turtle_bot_servcli/include/turtle_bot_servcli/turtle_bot_servcli
[24.419s] -- Up-to-date: /home/robotica/taller1_grupo15/install/turtle_bot_servcli/include/turtle_bot_servcli/turtle_bot_servcli/srv
[24.419s] -- Up-to-date: /home/robotica/taller1_grupo15/install/turtle_bot_servcli/include/turtle_bot_servcli/turtle_bot_servcli/srv/detail
[24.419s] -- Installing: /home/robotica/taller1_grupo15/install/turtle_bot_servcli/include/turtle_bot_servcli/turtle_bot_servcli/srv/detail/move_robot__functions.c
[24.420s] -- Up-to-date: /home/robotica/taller1_grupo15/install/turtle_bot_servcli/include/turtle_bot_servcli/turtle_bot_servcli/srv/detail/move_robot_to_position__type_support.h
[24.420s] -- Up-to-date: /home/robotica/taller1_grupo15/install/turtle_bot_servcli/include/turtle_bot_servcli/turtle_bot_servcli/srv/detail/move_robot_to_position__functions.c
[24.420s] -- Up-to-date: /home/robotica/taller1_grupo15/install/turtle_bot_servcli/include/turtle_bot_servcli/turtle_bot_servcli/srv/detail/move_robot_to_position__functions.h
[24.420s] -- Installing: /home/robotica/taller1_grupo15/install/turtle_bot_servcli/include/turtle_bot_servcli/turtle_bot_servcli/srv/detail/move_robot__struct.h
[24.421s] -- Installing: /home/robotica/taller1_grupo15/install/turtle_bot_servcli/include/turtle_bot_servcli/turtle_bot_servcli/srv/detail/move_robot__type_support.h
[24.421s] -- Up-to-date: /home/robotica/taller1_grupo15/install/turtle_bot_servcli/include/turtle_bot_servcli/turtle_bot_servcli/srv/detail/move_robot_to_position__struct.h
[24.421s] -- Installing: /home/robotica/taller1_grupo15/install/turtle_bot_servcli/include/turtle_bot_servcli/turtle_bot_servcli/srv/detail/move_robot__functions.h
[24.422s] -- Installing: /home/robotica/taller1_grupo15/install/turtle_bot_servcli/include/turtle_bot_servcli/turtle_bot_servcli/srv/move_robot.h
[24.422s] -- Up-to-date: /home/robotica/taller1_grupo15/install/turtle_bot_servcli/include/turtle_bot_servcli/turtle_bot_servcli/srv/move_robot_to_position.h
[24.422s] -- Up-to-date: /home/robotica/taller1_grupo15/install/turtle_bot_servcli/include/turtle_bot_servcli/turtle_bot_servcli/msg
[24.422s] -- Up-to-date: /home/robotica/taller1_grupo15/install/turtle_bot_servcli/include/turtle_bot_servcli/turtle_bot_servcli/msg/detail
[24.423s] -- Installing: /home/robotica/taller1_grupo15/install/turtle_bot_servcli/include/turtle_bot_servcli/turtle_bot_servcli/msg/detail/posicion__struct.h
[24.423s] -- Installing: /home/robotica/taller1_grupo15/install/turtle_bot_servcli/include/turtle_bot_servcli/turtle_bot_servcli/msg/detail/posicion__functions.c
[24.424s] -- Installing: /home/robotica/taller1_grupo15/install/turtle_bot_servcli/include/turtle_bot_servcli/turtle_bot_servcli/msg/detail/posicion__type_support.h
[24.426s] -- Installing: /home/robotica/taller1_grupo15/install/turtle_bot_servcli/include/turtle_bot_servcli/turtle_bot_servcli/msg/detail/posicion__functions.h
[24.427s] -- Installing: /home/robotica/taller1_grupo15/install/turtle_bot_servcli/include/turtle_bot_servcli/turtle_bot_servcli/msg/posicion.h
[24.427s] -- Up-to-date: /home/robotica/taller1_grupo15/install/turtle_bot_servcli/include/turtle_bot_servcli/turtle_bot_servcli/msg/rosidl_generator_c__visibility_control.h
[24.427s] -- Up-to-date: /home/robotica/taller1_grupo15/install/turtle_bot_servcli/share/turtle_bot_servcli/environment/library_path.sh
[24.428s] -- Installing: /home/robotica/taller1_grupo15/install/turtle_bot_servcli/share/turtle_bot_servcli/environment/library_path.dsv
[24.428s] -- Installing: /home/robotica/taller1_grupo15/install/turtle_bot_servcli/lib/libturtle_bot_servcli__rosidl_generator_c.so
[24.429s] -- Set runtime path of "/home/robotica/taller1_grupo15/install/turtle_bot_servcli/lib/libturtle_bot_servcli__rosidl_generator_c.so" to ""
[24.429s] -- Up-to-date: /home/robotica/taller1_grupo15/install/turtle_bot_servcli/include/turtle_bot_servcli/turtle_bot_servcli
[24.429s] -- Up-to-date: /home/robotica/taller1_grupo15/install/turtle_bot_servcli/include/turtle_bot_servcli/turtle_bot_servcli/srv
[24.429s] -- Up-to-date: /home/robotica/taller1_grupo15/install/turtle_bot_servcli/include/turtle_bot_servcli/turtle_bot_servcli/srv/detail
[24.430s] -- Installing: /home/robotica/taller1_grupo15/install/turtle_bot_servcli/include/turtle_bot_servcli/turtle_bot_servcli/srv/detail/move_robot__rosidl_typesupport_fastrtps_c.h
[24.430s] -- Up-to-date: /home/robotica/taller1_grupo15/install/turtle_bot_servcli/include/turtle_bot_servcli/turtle_bot_servcli/srv/detail/move_robot_to_position__rosidl_typesupport_fastrtps_c.h
[24.430s] -- Up-to-date: /home/robotica/taller1_grupo15/install/turtle_bot_servcli/include/turtle_bot_servcli/turtle_bot_servcli/msg
[24.430s] -- Up-to-date: /home/robotica/taller1_grupo15/install/turtle_bot_servcli/include/turtle_bot_servcli/turtle_bot_servcli/msg/detail
[24.430s] -- Installing: /home/robotica/taller1_grupo15/install/turtle_bot_servcli/include/turtle_bot_servcli/turtle_bot_servcli/msg/detail/posicion__rosidl_typesupport_fastrtps_c.h
[24.431s] -- Up-to-date: /home/robotica/taller1_grupo15/install/turtle_bot_servcli/include/turtle_bot_servcli/turtle_bot_servcli/msg/rosidl_typesupport_fastrtps_c__visibility_control.h
[24.431s] -- Installing: /home/robotica/taller1_grupo15/install/turtle_bot_servcli/lib/libturtle_bot_servcli__rosidl_typesupport_fastrtps_c.so
[24.432s] -- Set runtime path of "/home/robotica/taller1_grupo15/install/turtle_bot_servcli/lib/libturtle_bot_servcli__rosidl_typesupport_fastrtps_c.so" to ""
[24.432s] -- Up-to-date: /home/robotica/taller1_grupo15/install/turtle_bot_servcli/include/turtle_bot_servcli/turtle_bot_servcli
[24.433s] -- Up-to-date: /home/robotica/taller1_grupo15/install/turtle_bot_servcli/include/turtle_bot_servcli/turtle_bot_servcli/srv
[24.433s] -- Up-to-date: /home/robotica/taller1_grupo15/install/turtle_bot_servcli/include/turtle_bot_servcli/turtle_bot_servcli/srv/detail
[24.433s] -- Installing: /home/robotica/taller1_grupo15/install/turtle_bot_servcli/include/turtle_bot_servcli/turtle_bot_servcli/srv/detail/move_robot__struct.hpp
[24.433s] -- Up-to-date: /home/robotica/taller1_grupo15/install/turtle_bot_servcli/include/turtle_bot_servcli/turtle_bot_servcli/srv/detail/move_robot_to_position__traits.hpp
[24.433s] -- Installing: /home/robotica/taller1_grupo15/install/turtle_bot_servcli/include/turtle_bot_servcli/turtle_bot_servcli/srv/detail/move_robot__traits.hpp
[24.434s] -- Up-to-date: /home/robotica/taller1_grupo15/install/turtle_bot_servcli/include/turtle_bot_servcli/turtle_bot_servcli/srv/detail/move_robot_to_position__builder.hpp
[24.434s] -- Installing: /home/robotica/taller1_grupo15/install/turtle_bot_servcli/include/turtle_bot_servcli/turtle_bot_servcli/srv/detail/move_robot__builder.hpp
[24.434s] -- Up-to-date: /home/robotica/taller1_grupo15/install/turtle_bot_servcli/include/turtle_bot_servcli/turtle_bot_servcli/srv/detail/move_robot_to_position__struct.hpp
[24.435s] -- Installing: /home/robotica/taller1_grupo15/install/turtle_bot_servcli/include/turtle_bot_servcli/turtle_bot_servcli/srv/move_robot.hpp
[24.436s] -- Up-to-date: /home/robotica/taller1_grupo15/install/turtle_bot_servcli/include/turtle_bot_servcli/turtle_bot_servcli/srv/move_robot_to_position.hpp
[24.436s] -- Up-to-date: /home/robotica/taller1_grupo15/install/turtle_bot_servcli/include/turtle_bot_servcli/turtle_bot_servcli/msg
[24.436s] -- Up-to-date: /home/robotica/taller1_grupo15/install/turtle_bot_servcli/include/turtle_bot_servcli/turtle_bot_servcli/msg/detail
[24.436s] -- Installing: /home/robotica/taller1_grupo15/install/turtle_bot_servcli/include/turtle_bot_servcli/turtle_bot_servcli/msg/detail/posicion__builder.hpp
[24.437s] -- Installing: /home/robotica/taller1_grupo15/install/turtle_bot_servcli/include/turtle_bot_servcli/turtle_bot_servcli/msg/detail/posicion__struct.hpp
[24.437s] -- Installing: /home/robotica/taller1_grupo15/install/turtle_bot_servcli/include/turtle_bot_servcli/turtle_bot_servcli/msg/detail/posicion__traits.hpp
[24.437s] -- Installing: /home/robotica/taller1_grupo15/install/turtle_bot_servcli/include/turtle_bot_servcli/turtle_bot_servcli/msg/posicion.hpp
[24.437s] -- Up-to-date: /home/robotica/taller1_grupo15/install/turtle_bot_servcli/include/turtle_bot_servcli/turtle_bot_servcli
[24.438s] -- Up-to-date: /home/robotica/taller1_grupo15/install/turtle_bot_servcli/include/turtle_bot_servcli/turtle_bot_servcli/srv
[24.438s] -- Up-to-date: /home/robotica/taller1_grupo15/install/turtle_bot_servcli/include/turtle_bot_servcli/turtle_bot_servcli/srv/detail
[24.438s] -- Up-to-date: /home/robotica/taller1_grupo15/install/turtle_bot_servcli/include/turtle_bot_servcli/turtle_bot_servcli/srv/detail/move_robot_to_position__rosidl_typesupport_fastrtps_cpp.hpp
[24.438s] -- Up-to-date: /home/robotica/taller1_grupo15/install/turtle_bot_servcli/include/turtle_bot_servcli/turtle_bot_servcli/srv/detail/dds_fastrtps
[24.438s] -- Installing: /home/robotica/taller1_grupo15/install/turtle_bot_servcli/include/turtle_bot_servcli/turtle_bot_servcli/srv/detail/move_robot__rosidl_typesupport_fastrtps_cpp.hpp
[24.439s] -- Up-to-date: /home/robotica/taller1_grupo15/install/turtle_bot_servcli/include/turtle_bot_servcli/turtle_bot_servcli/msg
[24.439s] -- Up-to-date: /home/robotica/taller1_grupo15/install/turtle_bot_servcli/include/turtle_bot_servcli/turtle_bot_servcli/msg/detail
[24.439s] -- Up-to-date: /home/robotica/taller1_grupo15/install/turtle_bot_servcli/include/turtle_bot_servcli/turtle_bot_servcli/msg/detail/dds_fastrtps
[24.439s] -- Installing: /home/robotica/taller1_grupo15/install/turtle_bot_servcli/include/turtle_bot_servcli/turtle_bot_servcli/msg/detail/posicion__rosidl_typesupport_fastrtps_cpp.hpp
[24.440s] -- Up-to-date: /home/robotica/taller1_grupo15/install/turtle_bot_servcli/include/turtle_bot_servcli/turtle_bot_servcli/msg/rosidl_typesupport_fastrtps_cpp__visibility_control.h
[24.440s] -- Installing: /home/robotica/taller1_grupo15/install/turtle_bot_servcli/lib/libturtle_bot_servcli__rosidl_typesupport_fastrtps_cpp.so
[24.441s] -- Set runtime path of "/home/robotica/taller1_grupo15/install/turtle_bot_servcli/lib/libturtle_bot_servcli__rosidl_typesupport_fastrtps_cpp.so" to ""
[24.441s] -- Up-to-date: /home/robotica/taller1_grupo15/install/turtle_bot_servcli/include/turtle_bot_servcli/turtle_bot_servcli
[24.442s] -- Up-to-date: /home/robotica/taller1_grupo15/install/turtle_bot_servcli/include/turtle_bot_servcli/turtle_bot_servcli/srv
[24.442s] -- Up-to-date: /home/robotica/taller1_grupo15/install/turtle_bot_servcli/include/turtle_bot_servcli/turtle_bot_servcli/srv/detail
[24.442s] -- Up-to-date: /home/robotica/taller1_grupo15/install/turtle_bot_servcli/include/turtle_bot_servcli/turtle_bot_servcli/srv/detail/move_robot_to_position__rosidl_typesupport_introspection_c.h
[24.442s] -- Installing: /home/robotica/taller1_grupo15/install/turtle_bot_servcli/include/turtle_bot_servcli/turtle_bot_servcli/srv/detail/move_robot__type_support.c
[24.443s] -- Installing: /home/robotica/taller1_grupo15/install/turtle_bot_servcli/include/turtle_bot_servcli/turtle_bot_servcli/srv/detail/move_robot__rosidl_typesupport_introspection_c.h
[24.443s] -- Up-to-date: /home/robotica/taller1_grupo15/install/turtle_bot_servcli/include/turtle_bot_servcli/turtle_bot_servcli/srv/detail/move_robot_to_position__type_support.c
[24.443s] -- Up-to-date: /home/robotica/taller1_grupo15/install/turtle_bot_servcli/include/turtle_bot_servcli/turtle_bot_servcli/msg
[24.443s] -- Up-to-date: /home/robotica/taller1_grupo15/install/turtle_bot_servcli/include/turtle_bot_servcli/turtle_bot_servcli/msg/detail
[24.444s] -- Installing: /home/robotica/taller1_grupo15/install/turtle_bot_servcli/include/turtle_bot_servcli/turtle_bot_servcli/msg/detail/posicion__rosidl_typesupport_introspection_c.h
[24.444s] -- Installing: /home/robotica/taller1_grupo15/install/turtle_bot_servcli/include/turtle_bot_servcli/turtle_bot_servcli/msg/detail/posicion__type_support.c
[24.444s] -- Up-to-date: /home/robotica/taller1_grupo15/install/turtle_bot_servcli/include/turtle_bot_servcli/turtle_bot_servcli/msg/rosidl_typesupport_introspection_c__visibility_control.h
[24.445s] -- Installing: /home/robotica/taller1_grupo15/install/turtle_bot_servcli/lib/libturtle_bot_servcli__rosidl_typesupport_introspection_c.so
[24.446s] -- Set runtime path of "/home/robotica/taller1_grupo15/install/turtle_bot_servcli/lib/libturtle_bot_servcli__rosidl_typesupport_introspection_c.so" to ""
[24.446s] -- Installing: /home/robotica/taller1_grupo15/install/turtle_bot_servcli/lib/libturtle_bot_servcli__rosidl_typesupport_c.so
[24.447s] -- Set runtime path of "/home/robotica/taller1_grupo15/install/turtle_bot_servcli/lib/libturtle_bot_servcli__rosidl_typesupport_c.so" to ""
[24.447s] -- Up-to-date: /home/robotica/taller1_grupo15/install/turtle_bot_servcli/include/turtle_bot_servcli/turtle_bot_servcli
[24.447s] -- Up-to-date: /home/robotica/taller1_grupo15/install/turtle_bot_servcli/include/turtle_bot_servcli/turtle_bot_servcli/srv
[24.447s] -- Up-to-date: /home/robotica/taller1_grupo15/install/turtle_bot_servcli/include/turtle_bot_servcli/turtle_bot_servcli/srv/detail
[24.448s] -- Installing: /home/robotica/taller1_grupo15/install/turtle_bot_servcli/include/turtle_bot_servcli/turtle_bot_servcli/srv/detail/move_robot__rosidl_typesupport_introspection_cpp.hpp
[24.448s] -- Up-to-date: /home/robotica/taller1_grupo15/install/turtle_bot_servcli/include/turtle_bot_servcli/turtle_bot_servcli/srv/detail/move_robot_to_position__type_support.cpp
[24.448s] -- Up-to-date: /home/robotica/taller1_grupo15/install/turtle_bot_servcli/include/turtle_bot_servcli/turtle_bot_servcli/srv/detail/move_robot_to_position__rosidl_typesupport_introspection_cpp.hpp
[24.448s] -- Installing: /home/robotica/taller1_grupo15/install/turtle_bot_servcli/include/turtle_bot_servcli/turtle_bot_servcli/srv/detail/move_robot__type_support.cpp
[24.449s] -- Up-to-date: /home/robotica/taller1_grupo15/install/turtle_bot_servcli/include/turtle_bot_servcli/turtle_bot_servcli/msg
[24.449s] -- Up-to-date: /home/robotica/taller1_grupo15/install/turtle_bot_servcli/include/turtle_bot_servcli/turtle_bot_servcli/msg/detail
[24.449s] -- Installing: /home/robotica/taller1_grupo15/install/turtle_bot_servcli/include/turtle_bot_servcli/turtle_bot_servcli/msg/detail/posicion__rosidl_typesupport_introspection_cpp.hpp
[24.449s] -- Installing: /home/robotica/taller1_grupo15/install/turtle_bot_servcli/include/turtle_bot_servcli/turtle_bot_servcli/msg/detail/posicion__type_support.cpp
[24.450s] -- Installing: /home/robotica/taller1_grupo15/install/turtle_bot_servcli/lib/libturtle_bot_servcli__rosidl_typesupport_introspection_cpp.so
[24.450s] -- Set runtime path of "/home/robotica/taller1_grupo15/install/turtle_bot_servcli/lib/libturtle_bot_servcli__rosidl_typesupport_introspection_cpp.so" to ""
[24.451s] -- Installing: /home/robotica/taller1_grupo15/install/turtle_bot_servcli/lib/libturtle_bot_servcli__rosidl_typesupport_cpp.so
[24.451s] -- Set runtime path of "/home/robotica/taller1_grupo15/install/turtle_bot_servcli/lib/libturtle_bot_servcli__rosidl_typesupport_cpp.so" to ""
[24.452s] -- Up-to-date: /home/robotica/taller1_grupo15/install/turtle_bot_servcli/share/turtle_bot_servcli/environment/pythonpath.sh
[24.452s] -- Installing: /home/robotica/taller1_grupo15/install/turtle_bot_servcli/share/turtle_bot_servcli/environment/pythonpath.dsv
[24.452s] -- Up-to-date: /home/robotica/taller1_grupo15/install/turtle_bot_servcli/local/lib/python3.10/dist-packages/turtle_bot_servcli-0.0.0-py3.10.egg-info
[24.452s] -- Installing: /home/robotica/taller1_grupo15/install/turtle_bot_servcli/local/lib/python3.10/dist-packages/turtle_bot_servcli-0.0.0-py3.10.egg-info/SOURCES.txt
[24.453s] -- Installing: /home/robotica/taller1_grupo15/install/turtle_bot_servcli/local/lib/python3.10/dist-packages/turtle_bot_servcli-0.0.0-py3.10.egg-info/PKG-INFO
[24.453s] -- Installing: /home/robotica/taller1_grupo15/install/turtle_bot_servcli/local/lib/python3.10/dist-packages/turtle_bot_servcli-0.0.0-py3.10.egg-info/dependency_links.txt
[24.453s] -- Installing: /home/robotica/taller1_grupo15/install/turtle_bot_servcli/local/lib/python3.10/dist-packages/turtle_bot_servcli-0.0.0-py3.10.egg-info/top_level.txt
[24.454s] -- Up-to-date: /home/robotica/taller1_grupo15/install/turtle_bot_servcli/local/lib/python3.10/dist-packages/turtle_bot_servcli
[24.454s] -- Installing: /home/robotica/taller1_grupo15/install/turtle_bot_servcli/local/lib/python3.10/dist-packages/turtle_bot_servcli/turtle_bot_servcli_s__rosidl_typesupport_c.cpython-310-x86_64-linux-gnu.so
[24.454s] -- Installing: /home/robotica/taller1_grupo15/install/turtle_bot_servcli/local/lib/python3.10/dist-packages/turtle_bot_servcli/_turtle_bot_servcli_s.ep.rosidl_typesupport_c.c
[24.455s] -- Installing: /home/robotica/taller1_grupo15/install/turtle_bot_servcli/local/lib/python3.10/dist-packages/turtle_bot_servcli/turtle_bot_servcli_s__rosidl_typesupport_fastrtps_c.cpython-310-x86_64-linux-gnu.so
[24.455s] -- Up-to-date: /home/robotica/taller1_grupo15/install/turtle_bot_servcli/local/lib/python3.10/dist-packages/turtle_bot_servcli/srv
[24.467s] -- Installing: /home/robotica/taller1_grupo15/install/turtle_bot_servcli/local/lib/python3.10/dist-packages/turtle_bot_servcli/srv/_move_robot_s.c
[24.467s] -- Up-to-date: /home/robotica/taller1_grupo15/install/turtle_bot_servcli/local/lib/python3.10/dist-packages/turtle_bot_servcli/srv/_move_robot_to_position.py
[24.467s] -- Installing: /home/robotica/taller1_grupo15/install/turtle_bot_servcli/local/lib/python3.10/dist-packages/turtle_bot_servcli/srv/_move_robot.py
[24.468s] -- Installing: /home/robotica/taller1_grupo15/install/turtle_bot_servcli/local/lib/python3.10/dist-packages/turtle_bot_servcli/srv/__init__.py
[24.468s] -- Up-to-date: /home/robotica/taller1_grupo15/install/turtle_bot_servcli/local/lib/python3.10/dist-packages/turtle_bot_servcli/srv/_move_robot_to_position_s.c
[24.468s] -- Installing: /home/robotica/taller1_grupo15/install/turtle_bot_servcli/local/lib/python3.10/dist-packages/turtle_bot_servcli/turtle_bot_servcli_s__rosidl_typesupport_introspection_c.cpython-310-x86_64-linux-gnu.so
[24.469s] -- Up-to-date: /home/robotica/taller1_grupo15/install/turtle_bot_servcli/local/lib/python3.10/dist-packages/turtle_bot_servcli/msg
[24.469s] -- Installing: /home/robotica/taller1_grupo15/install/turtle_bot_servcli/local/lib/python3.10/dist-packages/turtle_bot_servcli/msg/_posicion_s.c
[24.469s] -- Installing: /home/robotica/taller1_grupo15/install/turtle_bot_servcli/local/lib/python3.10/dist-packages/turtle_bot_servcli/msg/_posicion.py
[24.469s] -- Installing: /home/robotica/taller1_grupo15/install/turtle_bot_servcli/local/lib/python3.10/dist-packages/turtle_bot_servcli/msg/__init__.py
[24.470s] -- Installing: /home/robotica/taller1_grupo15/install/turtle_bot_servcli/local/lib/python3.10/dist-packages/turtle_bot_servcli/__init__.py
[24.470s] -- Installing: /home/robotica/taller1_grupo15/install/turtle_bot_servcli/local/lib/python3.10/dist-packages/turtle_bot_servcli/libturtle_bot_servcli__rosidl_generator_py.so
[24.470s] -- Installing: /home/robotica/taller1_grupo15/install/turtle_bot_servcli/local/lib/python3.10/dist-packages/turtle_bot_servcli/_turtle_bot_servcli_s.ep.rosidl_typesupport_introspection_c.c
[24.477s] -- Installing: /home/robotica/taller1_grupo15/install/turtle_bot_servcli/local/lib/python3.10/dist-packages/turtle_bot_servcli/_turtle_bot_servcli_s.ep.rosidl_typesupport_fastrtps_c.c
[24.596s] Listing '/home/robotica/taller1_grupo15/install/turtle_bot_servcli/local/lib/python3.10/dist-packages/turtle_bot_servcli'...
[24.596s] Compiling '/home/robotica/taller1_grupo15/install/turtle_bot_servcli/local/lib/python3.10/dist-packages/turtle_bot_servcli/__init__.py'...
[24.596s] Listing '/home/robotica/taller1_grupo15/install/turtle_bot_servcli/local/lib/python3.10/dist-packages/turtle_bot_servcli/msg'...
[24.596s] Compiling '/home/robotica/taller1_grupo15/install/turtle_bot_servcli/local/lib/python3.10/dist-packages/turtle_bot_servcli/msg/__init__.py'...
[24.597s] Compiling '/home/robotica/taller1_grupo15/install/turtle_bot_servcli/local/lib/python3.10/dist-packages/turtle_bot_servcli/msg/_posicion.py'...
[24.597s] Listing '/home/robotica/taller1_grupo15/install/turtle_bot_servcli/local/lib/python3.10/dist-packages/turtle_bot_servcli/srv'...
[24.597s] Compiling '/home/robotica/taller1_grupo15/install/turtle_bot_servcli/local/lib/python3.10/dist-packages/turtle_bot_servcli/srv/__init__.py'...
[24.597s] Compiling '/home/robotica/taller1_grupo15/install/turtle_bot_servcli/local/lib/python3.10/dist-packages/turtle_bot_servcli/srv/_move_robot.py'...
[24.631s] -- Installing: /home/robotica/taller1_grupo15/install/turtle_bot_servcli/local/lib/python3.10/dist-packages/turtle_bot_servcli/turtle_bot_servcli_s__rosidl_typesupport_fastrtps_c.cpython-310-x86_64-linux-gnu.so
[24.631s] -- Set runtime path of "/home/robotica/taller1_grupo15/install/turtle_bot_servcli/local/lib/python3.10/dist-packages/turtle_bot_servcli/turtle_bot_servcli_s__rosidl_typesupport_fastrtps_c.cpython-310-x86_64-linux-gnu.so" to ""
[24.631s] -- Installing: /home/robotica/taller1_grupo15/install/turtle_bot_servcli/local/lib/python3.10/dist-packages/turtle_bot_servcli/turtle_bot_servcli_s__rosidl_typesupport_introspection_c.cpython-310-x86_64-linux-gnu.so
[24.631s] -- Set runtime path of "/home/robotica/taller1_grupo15/install/turtle_bot_servcli/local/lib/python3.10/dist-packages/turtle_bot_servcli/turtle_bot_servcli_s__rosidl_typesupport_introspection_c.cpython-310-x86_64-linux-gnu.so" to ""
[24.631s] -- Installing: /home/robotica/taller1_grupo15/install/turtle_bot_servcli/local/lib/python3.10/dist-packages/turtle_bot_servcli/turtle_bot_servcli_s__rosidl_typesupport_c.cpython-310-x86_64-linux-gnu.so
[24.632s] -- Set runtime path of "/home/robotica/taller1_grupo15/install/turtle_bot_servcli/local/lib/python3.10/dist-packages/turtle_bot_servcli/turtle_bot_servcli_s__rosidl_typesupport_c.cpython-310-x86_64-linux-gnu.so" to ""
[24.632s] -- Installing: /home/robotica/taller1_grupo15/install/turtle_bot_servcli/lib/libturtle_bot_servcli__rosidl_generator_py.so
[24.632s] -- Set runtime path of "/home/robotica/taller1_grupo15/install/turtle_bot_servcli/lib/libturtle_bot_servcli__rosidl_generator_py.so" to ""
[24.633s] -- Up-to-date: /home/robotica/taller1_grupo15/install/turtle_bot_servcli/share/turtle_bot_servcli/msg/Posicion.idl
[24.633s] -- Installing: /home/robotica/taller1_grupo15/install/turtle_bot_servcli/share/turtle_bot_servcli/srv/MoveRobot.idl
[24.633s] -- Up-to-date: /home/robotica/taller1_grupo15/install/turtle_bot_servcli/share/turtle_bot_servcli/msg/Posicion.msg
[24.634s] -- Installing: /home/robotica/taller1_grupo15/install/turtle_bot_servcli/share/turtle_bot_servcli/srv/MoveRobot.srv
[24.634s] -- Installing: /home/robotica/taller1_grupo15/install/turtle_bot_servcli/share/turtle_bot_servcli/srv/MoveRobot_Request.msg
[24.634s] -- Installing: /home/robotica/taller1_grupo15/install/turtle_bot_servcli/share/turtle_bot_servcli/srv/MoveRobot_Response.msg
[24.634s] -- Up-to-date: /home/robotica/taller1_grupo15/install/turtle_bot_servcli/share/ament_index/resource_index/package_run_dependencies/turtle_bot_servcli
[24.634s] -- Up-to-date: /home/robotica/taller1_grupo15/install/turtle_bot_servcli/share/ament_index/resource_index/parent_prefix_path/turtle_bot_servcli
[24.634s] -- Up-to-date: /home/robotica/taller1_grupo15/install/turtle_bot_servcli/share/turtle_bot_servcli/environment/ament_prefix_path.sh
[24.634s] -- Installing: /home/robotica/taller1_grupo15/install/turtle_bot_servcli/share/turtle_bot_servcli/environment/ament_prefix_path.dsv
[24.634s] -- Up-to-date: /home/robotica/taller1_grupo15/install/turtle_bot_servcli/share/turtle_bot_servcli/environment/path.sh
[24.634s] -- Installing: /home/robotica/taller1_grupo15/install/turtle_bot_servcli/share/turtle_bot_servcli/environment/path.dsv
[24.634s] -- Up-to-date: /home/robotica/taller1_grupo15/install/turtle_bot_servcli/share/turtle_bot_servcli/local_setup.bash
[24.634s] -- Up-to-date: /home/robotica/taller1_grupo15/install/turtle_bot_servcli/share/turtle_bot_servcli/local_setup.sh
[24.634s] -- Up-to-date: /home/robotica/taller1_grupo15/install/turtle_bot_servcli/share/turtle_bot_servcli/local_setup.zsh
[24.634s] -- Installing: /home/robotica/taller1_grupo15/install/turtle_bot_servcli/share/turtle_bot_servcli/local_setup.dsv
[24.635s] -- Installing: /home/robotica/taller1_grupo15/install/turtle_bot_servcli/share/turtle_bot_servcli/package.dsv
[24.635s] -- Up-to-date: /home/robotica/taller1_grupo15/install/turtle_bot_servcli/share/ament_index/resource_index/packages/turtle_bot_servcli
[24.635s] -- Up-to-date: /home/robotica/taller1_grupo15/install/turtle_bot_servcli/share/turtle_bot_servcli/cmake/export_turtle_bot_servcli__rosidl_generator_cExport.cmake
[24.635s] -- Up-to-date: /home/robotica/taller1_grupo15/install/turtle_bot_servcli/share/turtle_bot_servcli/cmake/export_turtle_bot_servcli__rosidl_generator_cExport-noconfig.cmake
[24.635s] -- Up-to-date: /home/robotica/taller1_grupo15/install/turtle_bot_servcli/share/turtle_bot_servcli/cmake/export_turtle_bot_servcli__rosidl_typesupport_fastrtps_cExport.cmake
[24.635s] -- Up-to-date: /home/robotica/taller1_grupo15/install/turtle_bot_servcli/share/turtle_bot_servcli/cmake/export_turtle_bot_servcli__rosidl_typesupport_fastrtps_cExport-noconfig.cmake
[24.635s] -- Up-to-date: /home/robotica/taller1_grupo15/install/turtle_bot_servcli/share/turtle_bot_servcli/cmake/export_turtle_bot_servcli__rosidl_generator_cppExport.cmake
[24.637s] -- Up-to-date: /home/robotica/taller1_grupo15/install/turtle_bot_servcli/share/turtle_bot_servcli/cmake/export_turtle_bot_servcli__rosidl_typesupport_fastrtps_cppExport.cmake
[24.637s] -- Up-to-date: /home/robotica/taller1_grupo15/install/turtle_bot_servcli/share/turtle_bot_servcli/cmake/export_turtle_bot_servcli__rosidl_typesupport_fastrtps_cppExport-noconfig.cmake
[24.637s] -- Up-to-date: /home/robotica/taller1_grupo15/install/turtle_bot_servcli/share/turtle_bot_servcli/cmake/turtle_bot_servcli__rosidl_typesupport_introspection_cExport.cmake
[24.637s] -- Up-to-date: /home/robotica/taller1_grupo15/install/turtle_bot_servcli/share/turtle_bot_servcli/cmake/turtle_bot_servcli__rosidl_typesupport_introspection_cExport-noconfig.cmake
[24.637s] -- Up-to-date: /home/robotica/taller1_grupo15/install/turtle_bot_servcli/share/turtle_bot_servcli/cmake/turtle_bot_servcli__rosidl_typesupport_cExport.cmake
[24.637s] -- Up-to-date: /home/robotica/taller1_grupo15/install/turtle_bot_servcli/share/turtle_bot_servcli/cmake/turtle_bot_servcli__rosidl_typesupport_cExport-noconfig.cmake
[24.637s] -- Up-to-date: /home/robotica/taller1_grupo15/install/turtle_bot_servcli/share/turtle_bot_servcli/cmake/turtle_bot_servcli__rosidl_typesupport_introspection_cppExport.cmake
[24.637s] -- Up-to-date: /home/robotica/taller1_grupo15/install/turtle_bot_servcli/share/turtle_bot_servcli/cmake/turtle_bot_servcli__rosidl_typesupport_introspection_cppExport-noconfig.cmake
[24.643s] -- Up-to-date: /home/robotica/taller1_grupo15/install/turtle_bot_servcli/share/turtle_bot_servcli/cmake/turtle_bot_servcli__rosidl_typesupport_cppExport.cmake
[24.643s] -- Up-to-date: /home/robotica/taller1_grupo15/install/turtle_bot_servcli/share/turtle_bot_servcli/cmake/turtle_bot_servcli__rosidl_typesupport_cppExport-noconfig.cmake
[24.643s] -- Up-to-date: /home/robotica/taller1_grupo15/install/turtle_bot_servcli/share/turtle_bot_servcli/cmake/export_turtle_bot_servcli__rosidl_generator_pyExport.cmake
[24.643s] -- Up-to-date: /home/robotica/taller1_grupo15/install/turtle_bot_servcli/share/turtle_bot_servcli/cmake/export_turtle_bot_servcli__rosidl_generator_pyExport-noconfig.cmake
[24.643s] -- Installing: /home/robotica/taller1_grupo15/install/turtle_bot_servcli/share/turtle_bot_servcli/cmake/rosidl_cmake-extras.cmake
[24.643s] -- Up-to-date: /home/robotica/taller1_grupo15/install/turtle_bot_servcli/share/turtle_bot_servcli/cmake/ament_cmake_export_dependencies-extras.cmake
[24.644s] -- Up-to-date: /home/robotica/taller1_grupo15/install/turtle_bot_servcli/share/turtle_bot_servcli/cmake/ament_cmake_export_include_directories-extras.cmake
[24.644s] -- Up-to-date: /home/robotica/taller1_grupo15/install/turtle_bot_servcli/share/turtle_bot_servcli/cmake/ament_cmake_export_libraries-extras.cmake
[24.644s] -- Up-to-date: /home/robotica/taller1_grupo15/install/turtle_bot_servcli/share/turtle_bot_servcli/cmake/ament_cmake_export_targets-extras.cmake
[24.644s] -- Up-to-date: /home/robotica/taller1_grupo15/install/turtle_bot_servcli/share/turtle_bot_servcli/cmake/rosidl_cmake_export_typesupport_targets-extras.cmake
[24.644s] -- Up-to-date: /home/robotica/taller1_grupo15/install/turtle_bot_servcli/share/turtle_bot_servcli/cmake/rosidl_cmake_export_typesupport_libraries-extras.cmake
[24.644s] -- Up-to-date: /home/robotica/taller1_grupo15/install/turtle_bot_servcli/share/turtle_bot_servcli/cmake/turtle_bot_servcliConfig.cmake
[24.646s] -- Up-to-date: /home/robotica/taller1_grupo15/install/turtle_bot_servcli/share/turtle_bot_servcli/cmake/turtle_bot_servcliConfig-version.cmake
[24.647s] -- Up-to-date: /home/robotica/taller1_grupo15/install/turtle_bot_servcli/share/turtle_bot_servcli/package.xml
[24.654s] Invoked command in '/home/robotica/taller1_grupo15/build/turtle_bot_servcli' returned '0': CMAKE_PREFIX_PATH=/opt/ros/humble /usr/bin/cmake --install /home/robotica/taller1_grupo15/build/turtle_bot_servcli
