[0.602s] Invoking command in '/home/lieeeml00401/taller1_grupo15/src/turtle_bot_15': PYTHONPATH=/home/lieeeml00401/taller1_grupo15/src/build/turtle_bot_15/prefix_override:/home/lieeeml00401/taller1_grupo15/src/install/turtle_bot_15/lib/python3.10/site-packages:${PYTHONPATH} /usr/bin/python3 setup.py egg_info --egg-base ../build/turtle_bot_15 build --build-base /home/lieeeml00401/taller1_grupo15/src/build/turtle_bot_15/build install --record /home/lieeeml00401/taller1_grupo15/src/build/turtle_bot_15/install.log --single-version-externally-managed
[0.826s] running egg_info
[0.827s] writing ../build/turtle_bot_15/turtle_bot_15.egg-info/PKG-INFO
[0.827s] writing dependency_links to ../build/turtle_bot_15/turtle_bot_15.egg-info/dependency_links.txt
[0.827s] writing entry points to ../build/turtle_bot_15/turtle_bot_15.egg-info/entry_points.txt
[0.828s] writing requirements to ../build/turtle_bot_15/turtle_bot_15.egg-info/requires.txt
[0.828s] writing top-level names to ../build/turtle_bot_15/turtle_bot_15.egg-info/top_level.txt
[0.830s] reading manifest file '../build/turtle_bot_15/turtle_bot_15.egg-info/SOURCES.txt'
[0.831s] writing manifest file '../build/turtle_bot_15/turtle_bot_15.egg-info/SOURCES.txt'
[0.831s] running build
[0.831s] running build_py
[0.831s] copying turtle_bot_15/turtle_bot_interface.py -> /home/lieeeml00401/taller1_grupo15/src/build/turtle_bot_15/build/lib/turtle_bot_15
[0.832s] running install
[0.832s] /usr/lib/python3/dist-packages/setuptools/command/install.py:34: SetuptoolsDeprecationWarning: setup.py install is deprecated. Use build and pip and other standards-based tools.
[0.832s]   warnings.warn(
[0.832s] running install_lib
[0.833s] copying /home/lieeeml00401/taller1_grupo15/src/build/turtle_bot_15/build/lib/turtle_bot_15/turtle_bot_interface.py -> /home/lieeeml00401/taller1_grupo15/src/install/turtle_bot_15/lib/python3.10/site-packages/turtle_bot_15
[0.834s] byte-compiling /home/lieeeml00401/taller1_grupo15/src/install/turtle_bot_15/lib/python3.10/site-packages/turtle_bot_15/turtle_bot_interface.py to turtle_bot_interface.cpython-310.pyc
[0.834s] Sorry: TabError: inconsistent use of tabs and spaces in indentation (turtle_bot_interface.py, line 44)
[0.834s] running install_data
[0.835s] running install_egg_info
[0.837s] removing '/home/lieeeml00401/taller1_grupo15/src/install/turtle_bot_15/lib/python3.10/site-packages/turtle_bot_15-0.0.0-py3.10.egg-info' (and everything under it)
[0.837s] Copying ../build/turtle_bot_15/turtle_bot_15.egg-info to /home/lieeeml00401/taller1_grupo15/src/install/turtle_bot_15/lib/python3.10/site-packages/turtle_bot_15-0.0.0-py3.10.egg-info
[0.838s] running install_scripts
[0.862s] Installing turtle_bot_interface script to /home/lieeeml00401/taller1_grupo15/src/install/turtle_bot_15/lib/turtle_bot_15
[0.862s] Installing turtle_bot_teleop script to /home/lieeeml00401/taller1_grupo15/src/install/turtle_bot_15/lib/turtle_bot_15
[0.862s] writing list of installed files to '/home/lieeeml00401/taller1_grupo15/src/build/turtle_bot_15/install.log'
[0.894s] Invoked command in '/home/lieeeml00401/taller1_grupo15/src/turtle_bot_15' returned '0': PYTHONPATH=/home/lieeeml00401/taller1_grupo15/src/build/turtle_bot_15/prefix_override:/home/lieeeml00401/taller1_grupo15/src/install/turtle_bot_15/lib/python3.10/site-packages:${PYTHONPATH} /usr/bin/python3 setup.py egg_info --egg-base ../build/turtle_bot_15 build --build-base /home/lieeeml00401/taller1_grupo15/src/build/turtle_bot_15/build install --record /home/lieeeml00401/taller1_grupo15/src/build/turtle_bot_15/install.log --single-version-externally-managed
