[1.150s] Invoking command in '/home/robotica/Taller1/src/turtle_bot_15': PYTHONPATH=/home/robotica/Taller1/build/turtle_bot_15/prefix_override:/home/robotica/Taller1/install/turtle_bot_15/lib/python3.10/site-packages:${PYTHONPATH} /usr/bin/python3 setup.py egg_info --egg-base ../../build/turtle_bot_15 build --build-base /home/robotica/Taller1/build/turtle_bot_15/build install --record /home/robotica/Taller1/build/turtle_bot_15/install.log --single-version-externally-managed
[1.511s] running egg_info
[1.514s] writing ../../build/turtle_bot_15/turtle_bot_15.egg-info/PKG-INFO
[1.516s] writing dependency_links to ../../build/turtle_bot_15/turtle_bot_15.egg-info/dependency_links.txt
[1.518s] writing entry points to ../../build/turtle_bot_15/turtle_bot_15.egg-info/entry_points.txt
[1.519s] writing requirements to ../../build/turtle_bot_15/turtle_bot_15.egg-info/requires.txt
[1.520s] writing top-level names to ../../build/turtle_bot_15/turtle_bot_15.egg-info/top_level.txt
[1.525s] reading manifest file '../../build/turtle_bot_15/turtle_bot_15.egg-info/SOURCES.txt'
[1.527s] writing manifest file '../../build/turtle_bot_15/turtle_bot_15.egg-info/SOURCES.txt'
[1.530s] running build
[1.530s] running build_py
[1.531s] copying turtle_bot_15/turtle_bot_interface (copy).py -> /home/robotica/Taller1/build/turtle_bot_15/build/lib/turtle_bot_15
[1.534s] copying turtle_bot_15/turtle_bot_interface.py -> /home/robotica/Taller1/build/turtle_bot_15/build/lib/turtle_bot_15
[1.536s] running install
[1.537s] /usr/lib/python3/dist-packages/setuptools/command/install.py:34: SetuptoolsDeprecationWarning: setup.py install is deprecated. Use build and pip and other standards-based tools.
[1.537s]   warnings.warn(
[1.537s] running install_lib
[1.538s] copying /home/robotica/Taller1/build/turtle_bot_15/build/lib/turtle_bot_15/turtle_bot_interface (copy).py -> /home/robotica/Taller1/install/turtle_bot_15/lib/python3.10/site-packages/turtle_bot_15
[1.539s] copying /home/robotica/Taller1/build/turtle_bot_15/build/lib/turtle_bot_15/turtle_bot_interface.py -> /home/robotica/Taller1/install/turtle_bot_15/lib/python3.10/site-packages/turtle_bot_15
[1.540s] byte-compiling /home/robotica/Taller1/install/turtle_bot_15/lib/python3.10/site-packages/turtle_bot_15/turtle_bot_interface (copy).py to turtle_bot_interface (copy).cpython-310.pyc
[1.541s] byte-compiling /home/robotica/Taller1/install/turtle_bot_15/lib/python3.10/site-packages/turtle_bot_15/turtle_bot_interface.py to turtle_bot_interface.cpython-310.pyc
[1.543s] running install_data
[1.544s] running install_egg_info
[1.547s] removing '/home/robotica/Taller1/install/turtle_bot_15/lib/python3.10/site-packages/turtle_bot_15-0.0.0-py3.10.egg-info' (and everything under it)
[1.547s] Copying ../../build/turtle_bot_15/turtle_bot_15.egg-info to /home/robotica/Taller1/install/turtle_bot_15/lib/python3.10/site-packages/turtle_bot_15-0.0.0-py3.10.egg-info
[1.548s] running install_scripts
[1.575s] Installing turtle_bot_interface script to /home/robotica/Taller1/install/turtle_bot_15/lib/turtle_bot_15
[1.582s] Installing turtle_bot_teleop script to /home/robotica/Taller1/install/turtle_bot_15/lib/turtle_bot_15
[1.582s] writing list of installed files to '/home/robotica/Taller1/build/turtle_bot_15/install.log'
[1.637s] Invoked command in '/home/robotica/Taller1/src/turtle_bot_15' returned '0': PYTHONPATH=/home/robotica/Taller1/build/turtle_bot_15/prefix_override:/home/robotica/Taller1/install/turtle_bot_15/lib/python3.10/site-packages:${PYTHONPATH} /usr/bin/python3 setup.py egg_info --egg-base ../../build/turtle_bot_15 build --build-base /home/robotica/Taller1/build/turtle_bot_15/build install --record /home/robotica/Taller1/build/turtle_bot_15/install.log --single-version-externally-managed
