[2.027s] Invoking command in '/home/robotica/taller1_grupo15/keyboard': PYTHONPATH=/home/robotica/taller1_grupo15/build/keyboard/prefix_override:/home/robotica/taller1_grupo15/install/keyboard/lib/python3.10/site-packages:${PYTHONPATH} /usr/bin/python3 setup.py egg_info --egg-base ../build/keyboard build --build-base /home/robotica/taller1_grupo15/build/keyboard/build install --record /home/robotica/taller1_grupo15/build/keyboard/install.log --single-version-externally-managed
[2.781s] running egg_info
[2.787s] writing ../build/keyboard/keyboard.egg-info/PKG-INFO
[2.795s] writing dependency_links to ../build/keyboard/keyboard.egg-info/dependency_links.txt
[2.797s] writing requirements to ../build/keyboard/keyboard.egg-info/requires.txt
[2.802s] writing top-level names to ../build/keyboard/keyboard.egg-info/top_level.txt
[2.817s] reading manifest file '../build/keyboard/keyboard.egg-info/SOURCES.txt'
[2.818s] reading manifest template 'MANIFEST.in'
[2.818s] adding license file 'LICENSE.txt'
[2.820s] writing manifest file '../build/keyboard/keyboard.egg-info/SOURCES.txt'
[2.821s] running build
[2.822s] running build_py
[2.823s] running install
[2.823s] /usr/lib/python3/dist-packages/setuptools/command/install.py:34: SetuptoolsDeprecationWarning: setup.py install is deprecated. Use build and pip and other standards-based tools.
[2.823s]   warnings.warn(
[2.840s] running install_lib
[2.844s] running install_egg_info
[2.851s] removing '/home/robotica/taller1_grupo15/install/keyboard/lib/python3.10/site-packages/keyboard-0.13.5-py3.10.egg-info' (and everything under it)
[2.852s] Copying ../build/keyboard/keyboard.egg-info to /home/robotica/taller1_grupo15/install/keyboard/lib/python3.10/site-packages/keyboard-0.13.5-py3.10.egg-info
[2.853s] running install_scripts
[2.929s] writing list of installed files to '/home/robotica/taller1_grupo15/build/keyboard/install.log'
[3.071s] Invoked command in '/home/robotica/taller1_grupo15/keyboard' returned '0': PYTHONPATH=/home/robotica/taller1_grupo15/build/keyboard/prefix_override:/home/robotica/taller1_grupo15/install/keyboard/lib/python3.10/site-packages:${PYTHONPATH} /usr/bin/python3 setup.py egg_info --egg-base ../build/keyboard build --build-base /home/robotica/taller1_grupo15/build/keyboard/build install --record /home/robotica/taller1_grupo15/build/keyboard/install.log --single-version-externally-managed
