[2.053s] Invoking command in '/home/robotica/taller1_grupo15/src/turtle_bot_15': PYTHONPATH=/home/robotica/taller1_grupo15/build/turtle_bot_15/prefix_override:/home/robotica/taller1_grupo15/install/turtle_bot_15/lib/python3.10/site-packages:${PYTHONPATH} /usr/bin/python3 setup.py egg_info --egg-base ../../build/turtle_bot_15 build --build-base /home/robotica/taller1_grupo15/build/turtle_bot_15/build install --record /home/robotica/taller1_grupo15/build/turtle_bot_15/install.log --single-version-externally-managed
[2.725s] running egg_info
[2.727s] writing ../../build/turtle_bot_15/turtle_bot_15.egg-info/PKG-INFO
[2.741s] writing dependency_links to ../../build/turtle_bot_15/turtle_bot_15.egg-info/dependency_links.txt
[2.744s] writing entry points to ../../build/turtle_bot_15/turtle_bot_15.egg-info/entry_points.txt
[2.745s] writing requirements to ../../build/turtle_bot_15/turtle_bot_15.egg-info/requires.txt
[2.746s] writing top-level names to ../../build/turtle_bot_15/turtle_bot_15.egg-info/top_level.txt
[2.750s] reading manifest file '../../build/turtle_bot_15/turtle_bot_15.egg-info/SOURCES.txt'
[2.762s] writing manifest file '../../build/turtle_bot_15/turtle_bot_15.egg-info/SOURCES.txt'
[2.772s] running build
[2.772s] running build_py
[2.773s] copying turtle_bot_15/turtle_bot_teleop.py -> /home/robotica/taller1_grupo15/build/turtle_bot_15/build/lib/turtle_bot_15
[2.774s] running install
[2.775s] /usr/lib/python3/dist-packages/setuptools/command/install.py:34: SetuptoolsDeprecationWarning: setup.py install is deprecated. Use build and pip and other standards-based tools.
[2.775s]   warnings.warn(
[2.776s] running install_lib
[2.778s] copying /home/robotica/taller1_grupo15/build/turtle_bot_15/build/lib/turtle_bot_15/turtle_bot_teleop.py -> /home/robotica/taller1_grupo15/install/turtle_bot_15/lib/python3.10/site-packages/turtle_bot_15
[2.783s] byte-compiling /home/robotica/taller1_grupo15/install/turtle_bot_15/lib/python3.10/site-packages/turtle_bot_15/turtle_bot_teleop.py to turtle_bot_teleop.cpython-310.pyc
[2.792s] running install_data
[2.793s] running install_egg_info
[2.796s] removing '/home/robotica/taller1_grupo15/install/turtle_bot_15/lib/python3.10/site-packages/turtle_bot_15-0.0.0-py3.10.egg-info' (and everything under it)
[2.796s] Copying ../../build/turtle_bot_15/turtle_bot_15.egg-info to /home/robotica/taller1_grupo15/install/turtle_bot_15/lib/python3.10/site-packages/turtle_bot_15-0.0.0-py3.10.egg-info
[2.798s] running install_scripts
[2.877s] Installing turtle_bot_teleop script to /home/robotica/taller1_grupo15/install/turtle_bot_15/lib/turtle_bot_15
[2.880s] writing list of installed files to '/home/robotica/taller1_grupo15/build/turtle_bot_15/install.log'
[2.980s] Invoked command in '/home/robotica/taller1_grupo15/src/turtle_bot_15' returned '0': PYTHONPATH=/home/robotica/taller1_grupo15/build/turtle_bot_15/prefix_override:/home/robotica/taller1_grupo15/install/turtle_bot_15/lib/python3.10/site-packages:${PYTHONPATH} /usr/bin/python3 setup.py egg_info --egg-base ../../build/turtle_bot_15 build --build-base /home/robotica/taller1_grupo15/build/turtle_bot_15/build install --record /home/robotica/taller1_grupo15/build/turtle_bot_15/install.log --single-version-externally-managed
