[5.905s] Invoking command in '/home/robotica/taller1_grupo15/keyboard': PYTHONPATH=/home/robotica/taller1_grupo15/build/keyboard/prefix_override:/home/robotica/taller1_grupo15/install/keyboard/lib/python3.10/site-packages:${PYTHONPATH} /usr/bin/python3 setup.py egg_info --egg-base ../build/keyboard build --build-base /home/robotica/taller1_grupo15/build/keyboard/build install --record /home/robotica/taller1_grupo15/build/keyboard/install.log --single-version-externally-managed
[8.256s] running egg_info
[8.266s] writing ../build/keyboard/keyboard.egg-info/PKG-INFO
[8.276s] writing dependency_links to ../build/keyboard/keyboard.egg-info/dependency_links.txt
[8.281s] writing requirements to ../build/keyboard/keyboard.egg-info/requires.txt
[8.302s] writing top-level names to ../build/keyboard/keyboard.egg-info/top_level.txt
[8.328s] reading manifest file '../build/keyboard/keyboard.egg-info/SOURCES.txt'
[8.332s] reading manifest template 'MANIFEST.in'
[8.340s] adding license file 'LICENSE.txt'
[8.342s] writing manifest file '../build/keyboard/keyboard.egg-info/SOURCES.txt'
[8.360s] running build
[8.361s] running build_py
[8.366s] running install
[8.374s] /usr/lib/python3/dist-packages/setuptools/command/install.py:34: SetuptoolsDeprecationWarning: setup.py install is deprecated. Use build and pip and other standards-based tools.
[8.374s]   warnings.warn(
[8.374s] running install_lib
[8.400s] running install_egg_info
[8.404s] removing '/home/robotica/taller1_grupo15/install/keyboard/lib/python3.10/site-packages/keyboard-0.13.5-py3.10.egg-info' (and everything under it)
[8.414s] Copying ../build/keyboard/keyboard.egg-info to /home/robotica/taller1_grupo15/install/keyboard/lib/python3.10/site-packages/keyboard-0.13.5-py3.10.egg-info
[8.423s] running install_scripts
[8.672s] writing list of installed files to '/home/robotica/taller1_grupo15/build/keyboard/install.log'
[9.197s] Invoked command in '/home/robotica/taller1_grupo15/keyboard' returned '0': PYTHONPATH=/home/robotica/taller1_grupo15/build/keyboard/prefix_override:/home/robotica/taller1_grupo15/install/keyboard/lib/python3.10/site-packages:${PYTHONPATH} /usr/bin/python3 setup.py egg_info --egg-base ../build/keyboard build --build-base /home/robotica/taller1_grupo15/build/keyboard/build install --record /home/robotica/taller1_grupo15/build/keyboard/install.log --single-version-externally-managed
