[1.561s] Invoking command in '/home/robotica/Taller1/src/turtle_bot_15': PYTHONPATH=/home/robotica/Taller1/build/turtle_bot_15/prefix_override:/home/robotica/Taller1/install/turtle_bot_15/lib/python3.10/site-packages:${PYTHONPATH} /usr/bin/python3 setup.py egg_info --egg-base ../../build/turtle_bot_15 build --build-base /home/robotica/Taller1/build/turtle_bot_15/build install --record /home/robotica/Taller1/build/turtle_bot_15/install.log --single-version-externally-managed
[2.001s] running egg_info
[2.002s] writing ../../build/turtle_bot_15/turtle_bot_15.egg-info/PKG-INFO
[2.017s] /usr/lib/python3/dist-packages/setuptools/command/install.py:34: SetuptoolsDeprecationWarning: setup.py install is deprecated. Use build and pip and other standards-based tools.
[2.017s]   warnings.warn(
[2.023s] writing dependency_links to ../../build/turtle_bot_15/turtle_bot_15.egg-info/dependency_links.txt
[2.023s] writing entry points to ../../build/turtle_bot_15/turtle_bot_15.egg-info/entry_points.txt
[2.023s] writing requirements to ../../build/turtle_bot_15/turtle_bot_15.egg-info/requires.txt
[2.025s] writing top-level names to ../../build/turtle_bot_15/turtle_bot_15.egg-info/top_level.txt
[2.025s] reading manifest file '../../build/turtle_bot_15/turtle_bot_15.egg-info/SOURCES.txt'
[2.025s] writing manifest file '../../build/turtle_bot_15/turtle_bot_15.egg-info/SOURCES.txt'
[2.025s] running build
[2.026s] running build_py
[2.026s] copying turtle_bot_15/turtle_bot_interface.py -> /home/robotica/Taller1/build/turtle_bot_15/build/lib/turtle_bot_15
[2.026s] running install
[2.027s] running install_lib
[2.028s] copying /home/robotica/Taller1/build/turtle_bot_15/build/lib/turtle_bot_15/turtle_bot_interface.py -> /home/robotica/Taller1/install/turtle_bot_15/lib/python3.10/site-packages/turtle_bot_15
[2.031s] byte-compiling /home/robotica/Taller1/install/turtle_bot_15/lib/python3.10/site-packages/turtle_bot_15/turtle_bot_interface.py to turtle_bot_interface.cpython-310.pyc
[2.035s] running install_data
[2.036s] running install_egg_info
[2.041s] removing '/home/robotica/Taller1/install/turtle_bot_15/lib/python3.10/site-packages/turtle_bot_15-0.0.0-py3.10.egg-info' (and everything under it)
[2.043s] Copying ../../build/turtle_bot_15/turtle_bot_15.egg-info to /home/robotica/Taller1/install/turtle_bot_15/lib/python3.10/site-packages/turtle_bot_15-0.0.0-py3.10.egg-info
[2.046s] running install_scripts
[2.080s] Installing turtle_bot_interface script to /home/robotica/Taller1/install/turtle_bot_15/lib/turtle_bot_15
[2.082s] Installing turtle_bot_teleop script to /home/robotica/Taller1/install/turtle_bot_15/lib/turtle_bot_15
[2.084s] writing list of installed files to '/home/robotica/Taller1/build/turtle_bot_15/install.log'
[2.159s] Invoked command in '/home/robotica/Taller1/src/turtle_bot_15' returned '0': PYTHONPATH=/home/robotica/Taller1/build/turtle_bot_15/prefix_override:/home/robotica/Taller1/install/turtle_bot_15/lib/python3.10/site-packages:${PYTHONPATH} /usr/bin/python3 setup.py egg_info --egg-base ../../build/turtle_bot_15 build --build-base /home/robotica/Taller1/build/turtle_bot_15/build install --record /home/robotica/Taller1/build/turtle_bot_15/install.log --single-version-externally-managed
