[2.136s] Invoking command in '/home/robotica/taller1_grupo15/keyboard': PYTHONPATH=/home/robotica/taller1_grupo15/build/keyboard/prefix_override:/home/robotica/taller1_grupo15/install/keyboard/lib/python3.10/site-packages:${PYTHONPATH} /usr/bin/python3 setup.py egg_info --egg-base ../build/keyboard build --build-base /home/robotica/taller1_grupo15/build/keyboard/build install --record /home/robotica/taller1_grupo15/build/keyboard/install.log --single-version-externally-managed
[3.078s] running egg_info
[3.084s] writing ../build/keyboard/keyboard.egg-info/PKG-INFO
[3.089s] writing dependency_links to ../build/keyboard/keyboard.egg-info/dependency_links.txt
[3.094s] writing requirements to ../build/keyboard/keyboard.egg-info/requires.txt
[3.095s] writing top-level names to ../build/keyboard/keyboard.egg-info/top_level.txt
[3.102s] reading manifest file '../build/keyboard/keyboard.egg-info/SOURCES.txt'
[3.103s] reading manifest template 'MANIFEST.in'
[3.112s] adding license file 'LICENSE.txt'
[3.119s] writing manifest file '../build/keyboard/keyboard.egg-info/SOURCES.txt'
[3.121s] running build
[3.122s] running build_py
[3.123s] running install
[3.125s] /usr/lib/python3/dist-packages/setuptools/command/install.py:34: SetuptoolsDeprecationWarning: setup.py install is deprecated. Use build and pip and other standards-based tools.
[3.125s]   warnings.warn(
[3.136s] running install_lib
[3.138s] running install_egg_info
[3.141s] removing '/home/robotica/taller1_grupo15/install/keyboard/lib/python3.10/site-packages/keyboard-0.13.5-py3.10.egg-info' (and everything under it)
[3.142s] Copying ../build/keyboard/keyboard.egg-info to /home/robotica/taller1_grupo15/install/keyboard/lib/python3.10/site-packages/keyboard-0.13.5-py3.10.egg-info
[3.143s] running install_scripts
[3.232s] writing list of installed files to '/home/robotica/taller1_grupo15/build/keyboard/install.log'
[3.365s] Invoked command in '/home/robotica/taller1_grupo15/keyboard' returned '0': PYTHONPATH=/home/robotica/taller1_grupo15/build/keyboard/prefix_override:/home/robotica/taller1_grupo15/install/keyboard/lib/python3.10/site-packages:${PYTHONPATH} /usr/bin/python3 setup.py egg_info --egg-base ../build/keyboard build --build-base /home/robotica/taller1_grupo15/build/keyboard/build install --record /home/robotica/taller1_grupo15/build/keyboard/install.log --single-version-externally-managed
