[2.482s] Invoking command in '/home/robotica/taller1_grupo15/keyboard': PYTHONPATH=/home/robotica/taller1_grupo15/build/keyboard/prefix_override:/home/robotica/taller1_grupo15/install/keyboard/lib/python3.10/site-packages:${PYTHONPATH} /usr/bin/python3 setup.py egg_info --egg-base ../build/keyboard build --build-base /home/robotica/taller1_grupo15/build/keyboard/build install --record /home/robotica/taller1_grupo15/build/keyboard/install.log --single-version-externally-managed
[3.406s] running egg_info
[3.416s] writing ../build/keyboard/keyboard.egg-info/PKG-INFO
[3.418s] writing dependency_links to ../build/keyboard/keyboard.egg-info/dependency_links.txt
[3.420s] writing requirements to ../build/keyboard/keyboard.egg-info/requires.txt
[3.421s] writing top-level names to ../build/keyboard/keyboard.egg-info/top_level.txt
[3.427s] reading manifest file '../build/keyboard/keyboard.egg-info/SOURCES.txt'
[3.428s] reading manifest template 'MANIFEST.in'
[3.428s] adding license file 'LICENSE.txt'
[3.429s] writing manifest file '../build/keyboard/keyboard.egg-info/SOURCES.txt'
[3.437s] running build
[3.437s] running build_py
[3.438s] running install
[3.439s] /usr/lib/python3/dist-packages/setuptools/command/install.py:34: SetuptoolsDeprecationWarning: setup.py install is deprecated. Use build and pip and other standards-based tools.
[3.439s]   warnings.warn(
[3.439s] running install_lib
[3.447s] running install_egg_info
[3.450s] removing '/home/robotica/taller1_grupo15/install/keyboard/lib/python3.10/site-packages/keyboard-0.13.5-py3.10.egg-info' (and everything under it)
[3.450s] Copying ../build/keyboard/keyboard.egg-info to /home/robotica/taller1_grupo15/install/keyboard/lib/python3.10/site-packages/keyboard-0.13.5-py3.10.egg-info
[3.451s] running install_scripts
[3.535s] writing list of installed files to '/home/robotica/taller1_grupo15/build/keyboard/install.log'
[3.675s] Invoked command in '/home/robotica/taller1_grupo15/keyboard' returned '0': PYTHONPATH=/home/robotica/taller1_grupo15/build/keyboard/prefix_override:/home/robotica/taller1_grupo15/install/keyboard/lib/python3.10/site-packages:${PYTHONPATH} /usr/bin/python3 setup.py egg_info --egg-base ../build/keyboard build --build-base /home/robotica/taller1_grupo15/build/keyboard/build install --record /home/robotica/taller1_grupo15/build/keyboard/install.log --single-version-externally-managed
