[0.879s] DEBUG:colcon:Command line arguments: ['/usr/bin/colcon', 'build']
[0.879s] DEBUG:colcon:Parsed command line arguments: Namespace(log_base=None, log_level=None, verb_name='build', build_base='build', install_base='install', merge_install=False, symlink_install=False, test_result_base=None, continue_on_error=False, executor='parallel', parallel_workers=1, event_handlers=None, ignore_user_meta=False, metas=['./colcon.meta'], base_paths=['.'], packages_ignore=None, packages_ignore_regex=None, paths=None, packages_up_to=None, packages_up_to_regex=None, packages_above=None, packages_above_and_dependencies=None, packages_above_depth=None, packages_select_by_dep=None, packages_skip_by_dep=None, packages_skip_up_to=None, packages_select_build_failed=False, packages_skip_build_finished=False, packages_select_test_failures=False, packages_skip_test_passed=False, packages_select=None, packages_skip=None, packages_select_regex=None, packages_skip_regex=None, packages_start=None, packages_end=None, allow_overriding=[], cmake_args=None, cmake_target=None, cmake_target_skip_unavailable=False, cmake_clean_cache=False, cmake_clean_first=False, cmake_force_configure=False, ament_cmake_args=None, catkin_cmake_args=None, catkin_skip_building_tests=False, verb_parser=<colcon_defaults.argument_parser.defaults.DefaultArgumentsDecorator object at 0x7fd2b9641c60>, verb_extension=<colcon_core.verb.build.BuildVerb object at 0x7fd2b9fd2560>, main=<bound method BuildVerb.main of <colcon_core.verb.build.BuildVerb object at 0x7fd2b9fd2560>>)
[0.952s] Level 1:colcon.colcon_core.package_discovery:discover_packages(colcon_meta) check parameters
[0.952s] Level 1:colcon.colcon_core.package_discovery:discover_packages(recursive) check parameters
[0.952s] Level 1:colcon.colcon_core.package_discovery:discover_packages(ignore) check parameters
[0.952s] Level 1:colcon.colcon_core.package_discovery:discover_packages(path) check parameters
[0.952s] Level 1:colcon.colcon_core.package_discovery:discover_packages(colcon_meta) discover
[0.952s] Level 1:colcon.colcon_core.package_discovery:discover_packages(recursive) discover
[0.952s] INFO:colcon.colcon_core.package_discovery:Crawling recursively for packages in '/home/robotica/taller1_grupo15'
[0.952s] Level 1:colcon.colcon_core.package_identification:_identify(.) by extensions ['ignore', 'ignore_ament_install']
[0.952s] Level 1:colcon.colcon_core.package_identification:_identify(.) by extension 'ignore'
[0.952s] Level 1:colcon.colcon_core.package_identification:_identify(.) by extension 'ignore_ament_install'
[0.953s] Level 1:colcon.colcon_core.package_identification:_identify(.) by extensions ['colcon_pkg']
[0.953s] Level 1:colcon.colcon_core.package_identification:_identify(.) by extension 'colcon_pkg'
[0.953s] Level 1:colcon.colcon_core.package_identification:_identify(.) by extensions ['colcon_meta']
[0.953s] Level 1:colcon.colcon_core.package_identification:_identify(.) by extension 'colcon_meta'
[0.953s] Level 1:colcon.colcon_core.package_identification:_identify(.) by extensions ['ros']
[0.953s] Level 1:colcon.colcon_core.package_identification:_identify(.) by extension 'ros'
[1.013s] Level 1:colcon.colcon_core.package_identification:_identify(.) by extensions ['cmake', 'python']
[1.013s] Level 1:colcon.colcon_core.package_identification:_identify(.) by extension 'cmake'
[1.013s] Level 1:colcon.colcon_core.package_identification:_identify(.) by extension 'python'
[1.013s] Level 1:colcon.colcon_core.package_identification:_identify(.) by extensions ['python_setup_py']
[1.014s] Level 1:colcon.colcon_core.package_identification:_identify(.) by extension 'python_setup_py'
[1.014s] Level 1:colcon.colcon_core.package_identification:_identify(build) by extensions ['ignore', 'ignore_ament_install']
[1.014s] Level 1:colcon.colcon_core.package_identification:_identify(build) by extension 'ignore'
[1.014s] Level 1:colcon.colcon_core.package_identification:_identify(build) ignored
[1.014s] Level 1:colcon.colcon_core.package_identification:_identify(install) by extensions ['ignore', 'ignore_ament_install']
[1.014s] Level 1:colcon.colcon_core.package_identification:_identify(install) by extension 'ignore'
[1.014s] Level 1:colcon.colcon_core.package_identification:_identify(install) ignored
[1.014s] Level 1:colcon.colcon_core.package_identification:_identify(keyboard) by extensions ['ignore', 'ignore_ament_install']
[1.014s] Level 1:colcon.colcon_core.package_identification:_identify(keyboard) by extension 'ignore'
[1.014s] Level 1:colcon.colcon_core.package_identification:_identify(keyboard) by extension 'ignore_ament_install'
[1.014s] Level 1:colcon.colcon_core.package_identification:_identify(keyboard) by extensions ['colcon_pkg']
[1.015s] Level 1:colcon.colcon_core.package_identification:_identify(keyboard) by extension 'colcon_pkg'
[1.015s] Level 1:colcon.colcon_core.package_identification:_identify(keyboard) by extensions ['colcon_meta']
[1.015s] Level 1:colcon.colcon_core.package_identification:_identify(keyboard) by extension 'colcon_meta'
[1.015s] Level 1:colcon.colcon_core.package_identification:_identify(keyboard) by extensions ['ros']
[1.015s] Level 1:colcon.colcon_core.package_identification:_identify(keyboard) by extension 'ros'
[1.015s] Level 1:colcon.colcon_core.package_identification:_identify(keyboard) by extensions ['cmake', 'python']
[1.015s] Level 1:colcon.colcon_core.package_identification:_identify(keyboard) by extension 'cmake'
[1.015s] Level 1:colcon.colcon_core.package_identification:_identify(keyboard) by extension 'python'
[1.015s] Level 1:colcon.colcon_core.package_identification:_identify(keyboard) by extensions ['python_setup_py']
[1.015s] Level 1:colcon.colcon_core.package_identification:_identify(keyboard) by extension 'python_setup_py'
[1.757s] DEBUG:colcon.colcon_core.package_identification:Package 'keyboard' with type 'python' and name 'keyboard'
[1.757s] Level 1:colcon.colcon_core.package_identification:_identify(log) by extensions ['ignore', 'ignore_ament_install']
[1.757s] Level 1:colcon.colcon_core.package_identification:_identify(log) by extension 'ignore'
[1.758s] Level 1:colcon.colcon_core.package_identification:_identify(log) ignored
[1.758s] Level 1:colcon.colcon_core.package_identification:_identify(src) by extensions ['ignore', 'ignore_ament_install']
[1.758s] Level 1:colcon.colcon_core.package_identification:_identify(src) by extension 'ignore'
[1.758s] Level 1:colcon.colcon_core.package_identification:_identify(src) by extension 'ignore_ament_install'
[1.758s] Level 1:colcon.colcon_core.package_identification:_identify(src) by extensions ['colcon_pkg']
[1.758s] Level 1:colcon.colcon_core.package_identification:_identify(src) by extension 'colcon_pkg'
[1.758s] Level 1:colcon.colcon_core.package_identification:_identify(src) by extensions ['colcon_meta']
[1.758s] Level 1:colcon.colcon_core.package_identification:_identify(src) by extension 'colcon_meta'
[1.758s] Level 1:colcon.colcon_core.package_identification:_identify(src) by extensions ['ros']
[1.758s] Level 1:colcon.colcon_core.package_identification:_identify(src) by extension 'ros'
[1.758s] Level 1:colcon.colcon_core.package_identification:_identify(src) by extensions ['cmake', 'python']
[1.758s] Level 1:colcon.colcon_core.package_identification:_identify(src) by extension 'cmake'
[1.758s] Level 1:colcon.colcon_core.package_identification:_identify(src) by extension 'python'
[1.758s] Level 1:colcon.colcon_core.package_identification:_identify(src) by extensions ['python_setup_py']
[1.758s] Level 1:colcon.colcon_core.package_identification:_identify(src) by extension 'python_setup_py'
[1.758s] Level 1:colcon.colcon_core.package_identification:_identify(src/turtle_bot_15) by extensions ['ignore', 'ignore_ament_install']
[1.759s] Level 1:colcon.colcon_core.package_identification:_identify(src/turtle_bot_15) by extension 'ignore'
[1.759s] Level 1:colcon.colcon_core.package_identification:_identify(src/turtle_bot_15) by extension 'ignore_ament_install'
[1.759s] Level 1:colcon.colcon_core.package_identification:_identify(src/turtle_bot_15) by extensions ['colcon_pkg']
[1.763s] Level 1:colcon.colcon_core.package_identification:_identify(src/turtle_bot_15) by extension 'colcon_pkg'
[1.764s] Level 1:colcon.colcon_core.package_identification:_identify(src/turtle_bot_15) by extensions ['colcon_meta']
[1.764s] Level 1:colcon.colcon_core.package_identification:_identify(src/turtle_bot_15) by extension 'colcon_meta'
[1.764s] Level 1:colcon.colcon_core.package_identification:_identify(src/turtle_bot_15) by extensions ['ros']
[1.764s] Level 1:colcon.colcon_core.package_identification:_identify(src/turtle_bot_15) by extension 'ros'
[1.766s] DEBUG:colcon.colcon_core.package_identification:Package 'src/turtle_bot_15' with type 'ros.ament_python' and name 'turtle_bot_15'
[1.766s] Level 1:colcon.colcon_core.package_discovery:discover_packages(recursive) using defaults
[1.767s] Level 1:colcon.colcon_core.package_discovery:discover_packages(ignore) discover
[1.767s] Level 1:colcon.colcon_core.package_discovery:discover_packages(ignore) using defaults
[1.767s] Level 1:colcon.colcon_core.package_discovery:discover_packages(path) discover
[1.767s] Level 1:colcon.colcon_core.package_discovery:discover_packages(path) using defaults
[1.837s] Level 1:colcon.colcon_core.package_discovery:discover_packages(prefix_path) check parameters
[1.837s] Level 1:colcon.colcon_core.package_discovery:discover_packages(prefix_path) discover
[1.840s] DEBUG:colcon.colcon_installed_package_information.package_discovery:Found 2 installed packages in /home/robotica/taller1_grupo15/install
[1.853s] DEBUG:colcon.colcon_installed_package_information.package_discovery:Found 284 installed packages in /opt/ros/humble
[1.855s] Level 1:colcon.colcon_core.package_discovery:discover_packages(prefix_path) using defaults
[2.016s] Level 5:colcon.colcon_core.verb:set package 'keyboard' build argument 'cmake_args' from command line to 'None'
[2.016s] Level 5:colcon.colcon_core.verb:set package 'keyboard' build argument 'cmake_target' from command line to 'None'
[2.016s] Level 5:colcon.colcon_core.verb:set package 'keyboard' build argument 'cmake_target_skip_unavailable' from command line to 'False'
[2.016s] Level 5:colcon.colcon_core.verb:set package 'keyboard' build argument 'cmake_clean_cache' from command line to 'False'
[2.016s] Level 5:colcon.colcon_core.verb:set package 'keyboard' build argument 'cmake_clean_first' from command line to 'False'
[2.016s] Level 5:colcon.colcon_core.verb:set package 'keyboard' build argument 'cmake_force_configure' from command line to 'False'
[2.016s] Level 5:colcon.colcon_core.verb:set package 'keyboard' build argument 'ament_cmake_args' from command line to 'None'
[2.016s] Level 5:colcon.colcon_core.verb:set package 'keyboard' build argument 'catkin_cmake_args' from command line to 'None'
[2.016s] Level 5:colcon.colcon_core.verb:set package 'keyboard' build argument 'catkin_skip_building_tests' from command line to 'False'
[2.016s] DEBUG:colcon.colcon_core.verb:Building package 'keyboard' with the following arguments: {'ament_cmake_args': None, 'build_base': '/home/robotica/taller1_grupo15/build/keyboard', 'catkin_cmake_args': None, 'catkin_skip_building_tests': False, 'cmake_args': None, 'cmake_clean_cache': False, 'cmake_clean_first': False, 'cmake_force_configure': False, 'cmake_target': None, 'cmake_target_skip_unavailable': False, 'install_base': '/home/robotica/taller1_grupo15/install/keyboard', 'merge_install': False, 'path': '/home/robotica/taller1_grupo15/keyboard', 'symlink_install': False, 'test_result_base': None}
[2.029s] Level 5:colcon.colcon_core.verb:set package 'turtle_bot_15' build argument 'cmake_args' from command line to 'None'
[2.029s] Level 5:colcon.colcon_core.verb:set package 'turtle_bot_15' build argument 'cmake_target' from command line to 'None'
[2.030s] Level 5:colcon.colcon_core.verb:set package 'turtle_bot_15' build argument 'cmake_target_skip_unavailable' from command line to 'False'
[2.030s] Level 5:colcon.colcon_core.verb:set package 'turtle_bot_15' build argument 'cmake_clean_cache' from command line to 'False'
[2.030s] Level 5:colcon.colcon_core.verb:set package 'turtle_bot_15' build argument 'cmake_clean_first' from command line to 'False'
[2.030s] Level 5:colcon.colcon_core.verb:set package 'turtle_bot_15' build argument 'cmake_force_configure' from command line to 'False'
[2.030s] Level 5:colcon.colcon_core.verb:set package 'turtle_bot_15' build argument 'ament_cmake_args' from command line to 'None'
[2.030s] Level 5:colcon.colcon_core.verb:set package 'turtle_bot_15' build argument 'catkin_cmake_args' from command line to 'None'
[2.030s] Level 5:colcon.colcon_core.verb:set package 'turtle_bot_15' build argument 'catkin_skip_building_tests' from command line to 'False'
[2.030s] DEBUG:colcon.colcon_core.verb:Building package 'turtle_bot_15' with the following arguments: {'ament_cmake_args': None, 'build_base': '/home/robotica/taller1_grupo15/build/turtle_bot_15', 'catkin_cmake_args': None, 'catkin_skip_building_tests': False, 'cmake_args': None, 'cmake_clean_cache': False, 'cmake_clean_first': False, 'cmake_force_configure': False, 'cmake_target': None, 'cmake_target_skip_unavailable': False, 'install_base': '/home/robotica/taller1_grupo15/install/turtle_bot_15', 'merge_install': False, 'path': '/home/robotica/taller1_grupo15/src/turtle_bot_15', 'symlink_install': False, 'test_result_base': None}
[2.031s] INFO:colcon.colcon_core.executor:Executing jobs using 'parallel' executor
[2.039s] DEBUG:colcon.colcon_parallel_executor.executor.parallel:run_until_complete
[2.039s] INFO:colcon.colcon_core.task.python.build:Building Python package in '/home/robotica/taller1_grupo15/keyboard'
[2.044s] INFO:colcon.colcon_core.plugin_system:Skipping extension 'colcon_core.shell.bat': Not used on non-Windows systems
[2.044s] INFO:colcon.colcon_core.shell:Skip shell extension 'powershell' for command environment: Not usable outside of PowerShell
[2.044s] DEBUG:colcon.colcon_core.shell:Skip shell extension 'dsv' for command environment
[4.090s] DEBUG:colcon.colcon_core.event_handler.log_command:Invoking command in '/home/robotica/taller1_grupo15/keyboard': PYTHONPATH=/home/robotica/taller1_grupo15/build/keyboard/prefix_override:/home/robotica/taller1_grupo15/install/keyboard/lib/python3.10/site-packages:${PYTHONPATH} /usr/bin/python3 setup.py egg_info --egg-base ../build/keyboard build --build-base /home/robotica/taller1_grupo15/build/keyboard/build install --record /home/robotica/taller1_grupo15/build/keyboard/install.log --single-version-externally-managed
[5.133s] DEBUG:colcon.colcon_core.event_handler.log_command:Invoked command in '/home/robotica/taller1_grupo15/keyboard' returned '0': PYTHONPATH=/home/robotica/taller1_grupo15/build/keyboard/prefix_override:/home/robotica/taller1_grupo15/install/keyboard/lib/python3.10/site-packages:${PYTHONPATH} /usr/bin/python3 setup.py egg_info --egg-base ../build/keyboard build --build-base /home/robotica/taller1_grupo15/build/keyboard/build install --record /home/robotica/taller1_grupo15/build/keyboard/install.log --single-version-externally-managed
[5.136s] Level 1:colcon.colcon_core.environment:checking '/home/robotica/taller1_grupo15/install/keyboard' for CMake module files
[5.157s] Level 1:colcon.colcon_core.environment:checking '/home/robotica/taller1_grupo15/install/keyboard' for CMake config files
[5.159s] Level 1:colcon.colcon_core.environment:checking '/home/robotica/taller1_grupo15/install/keyboard/lib'
[5.159s] Level 1:colcon.colcon_core.environment:checking '/home/robotica/taller1_grupo15/install/keyboard/bin'
[5.159s] Level 1:colcon.colcon_core.environment:checking '/home/robotica/taller1_grupo15/install/keyboard/lib/pkgconfig/keyboard.pc'
[5.160s] Level 1:colcon.colcon_core.environment:checking '/home/robotica/taller1_grupo15/install/keyboard/lib/python3.10/site-packages'
[5.160s] Level 1:colcon.colcon_core.shell:create_environment_hook('keyboard', 'pythonpath')
[5.162s] INFO:colcon.colcon_core.shell:Creating environment hook '/home/robotica/taller1_grupo15/install/keyboard/share/keyboard/hook/pythonpath.ps1'
[5.168s] INFO:colcon.colcon_core.shell:Creating environment descriptor '/home/robotica/taller1_grupo15/install/keyboard/share/keyboard/hook/pythonpath.dsv'
[5.176s] INFO:colcon.colcon_core.shell:Creating environment hook '/home/robotica/taller1_grupo15/install/keyboard/share/keyboard/hook/pythonpath.sh'
[5.180s] Level 1:colcon.colcon_core.environment:checking '/home/robotica/taller1_grupo15/install/keyboard/bin'
[5.180s] Level 1:colcon.colcon_core.environment:create_environment_scripts_only(keyboard)
[5.182s] INFO:colcon.colcon_core.shell:Creating package script '/home/robotica/taller1_grupo15/install/keyboard/share/keyboard/package.ps1'
[5.189s] INFO:colcon.colcon_core.shell:Creating package descriptor '/home/robotica/taller1_grupo15/install/keyboard/share/keyboard/package.dsv'
[5.191s] INFO:colcon.colcon_core.shell:Creating package script '/home/robotica/taller1_grupo15/install/keyboard/share/keyboard/package.sh'
[5.196s] INFO:colcon.colcon_core.shell:Creating package script '/home/robotica/taller1_grupo15/install/keyboard/share/keyboard/package.bash'
[5.204s] INFO:colcon.colcon_core.shell:Creating package script '/home/robotica/taller1_grupo15/install/keyboard/share/keyboard/package.zsh'
[5.207s] Level 1:colcon.colcon_core.environment:create_file_with_runtime_dependencies(/home/robotica/taller1_grupo15/install/keyboard/share/colcon-core/packages/keyboard)
[5.228s] INFO:colcon.colcon_ros.task.ament_python.build:Building ROS package in '/home/robotica/taller1_grupo15/src/turtle_bot_15' with build type 'ament_python'
[5.229s] Level 1:colcon.colcon_core.shell:create_environment_hook('turtle_bot_15', 'ament_prefix_path')
[5.231s] INFO:colcon.colcon_core.shell:Creating environment hook '/home/robotica/taller1_grupo15/install/turtle_bot_15/share/turtle_bot_15/hook/ament_prefix_path.ps1'
[5.234s] INFO:colcon.colcon_core.shell:Creating environment descriptor '/home/robotica/taller1_grupo15/install/turtle_bot_15/share/turtle_bot_15/hook/ament_prefix_path.dsv'
[5.247s] INFO:colcon.colcon_core.shell:Creating environment hook '/home/robotica/taller1_grupo15/install/turtle_bot_15/share/turtle_bot_15/hook/ament_prefix_path.sh'
[5.264s] INFO:colcon.colcon_core.shell:Skip shell extension 'powershell' for command environment: Not usable outside of PowerShell
[5.264s] DEBUG:colcon.colcon_core.shell:Skip shell extension 'dsv' for command environment
[6.121s] INFO:colcon.colcon_core.task.python.build:Building Python package in '/home/robotica/taller1_grupo15/src/turtle_bot_15'
[6.128s] INFO:colcon.colcon_core.shell:Skip shell extension 'powershell' for command environment: Not usable outside of PowerShell
[6.128s] DEBUG:colcon.colcon_core.shell:Skip shell extension 'dsv' for command environment
[7.253s] DEBUG:colcon.colcon_core.event_handler.log_command:Invoking command in '/home/robotica/taller1_grupo15/src/turtle_bot_15': PYTHONPATH=/home/robotica/taller1_grupo15/build/turtle_bot_15/prefix_override:/home/robotica/taller1_grupo15/install/turtle_bot_15/lib/python3.10/site-packages:${PYTHONPATH} /usr/bin/python3 setup.py egg_info --egg-base ../../build/turtle_bot_15 build --build-base /home/robotica/taller1_grupo15/build/turtle_bot_15/build install --record /home/robotica/taller1_grupo15/build/turtle_bot_15/install.log --single-version-externally-managed
[8.389s] Level 1:colcon.colcon_core.environment:checking '/home/robotica/taller1_grupo15/install/turtle_bot_15' for CMake module files
[8.390s] Level 1:colcon.colcon_core.environment:checking '/home/robotica/taller1_grupo15/install/turtle_bot_15' for CMake config files
[8.390s] Level 1:colcon.colcon_core.environment:checking '/home/robotica/taller1_grupo15/install/turtle_bot_15/lib'
[8.391s] Level 1:colcon.colcon_core.environment:checking '/home/robotica/taller1_grupo15/install/turtle_bot_15/bin'
[8.391s] Level 1:colcon.colcon_core.environment:checking '/home/robotica/taller1_grupo15/install/turtle_bot_15/lib/pkgconfig/turtle_bot_15.pc'
[8.391s] Level 1:colcon.colcon_core.environment:checking '/home/robotica/taller1_grupo15/install/turtle_bot_15/lib/python3.10/site-packages'
[8.391s] Level 1:colcon.colcon_core.shell:create_environment_hook('turtle_bot_15', 'pythonpath')
[8.393s] INFO:colcon.colcon_core.shell:Creating environment hook '/home/robotica/taller1_grupo15/install/turtle_bot_15/share/turtle_bot_15/hook/pythonpath.ps1'
[8.407s] DEBUG:colcon.colcon_core.event_handler.log_command:Invoked command in '/home/robotica/taller1_grupo15/src/turtle_bot_15' returned '0': PYTHONPATH=/home/robotica/taller1_grupo15/build/turtle_bot_15/prefix_override:/home/robotica/taller1_grupo15/install/turtle_bot_15/lib/python3.10/site-packages:${PYTHONPATH} /usr/bin/python3 setup.py egg_info --egg-base ../../build/turtle_bot_15 build --build-base /home/robotica/taller1_grupo15/build/turtle_bot_15/build install --record /home/robotica/taller1_grupo15/build/turtle_bot_15/install.log --single-version-externally-managed
[8.407s] INFO:colcon.colcon_core.shell:Creating environment descriptor '/home/robotica/taller1_grupo15/install/turtle_bot_15/share/turtle_bot_15/hook/pythonpath.dsv'
[8.409s] INFO:colcon.colcon_core.shell:Creating environment hook '/home/robotica/taller1_grupo15/install/turtle_bot_15/share/turtle_bot_15/hook/pythonpath.sh'
[8.412s] Level 1:colcon.colcon_core.environment:checking '/home/robotica/taller1_grupo15/install/turtle_bot_15/bin'
[8.412s] Level 1:colcon.colcon_core.environment:create_environment_scripts_only(turtle_bot_15)
[8.414s] INFO:colcon.colcon_core.shell:Creating package script '/home/robotica/taller1_grupo15/install/turtle_bot_15/share/turtle_bot_15/package.ps1'
[8.421s] INFO:colcon.colcon_core.shell:Creating package descriptor '/home/robotica/taller1_grupo15/install/turtle_bot_15/share/turtle_bot_15/package.dsv'
[8.424s] INFO:colcon.colcon_core.shell:Creating package script '/home/robotica/taller1_grupo15/install/turtle_bot_15/share/turtle_bot_15/package.sh'
[8.431s] INFO:colcon.colcon_core.shell:Creating package script '/home/robotica/taller1_grupo15/install/turtle_bot_15/share/turtle_bot_15/package.bash'
[8.435s] INFO:colcon.colcon_core.shell:Creating package script '/home/robotica/taller1_grupo15/install/turtle_bot_15/share/turtle_bot_15/package.zsh'
[8.439s] Level 1:colcon.colcon_core.environment:create_file_with_runtime_dependencies(/home/robotica/taller1_grupo15/install/turtle_bot_15/share/colcon-core/packages/turtle_bot_15)
[8.448s] DEBUG:colcon.colcon_parallel_executor.executor.parallel:closing loop
[8.456s] DEBUG:colcon.colcon_parallel_executor.executor.parallel:loop closed
[8.456s] DEBUG:colcon.colcon_parallel_executor.executor.parallel:run_until_complete finished with '0'
[8.456s] DEBUG:colcon.colcon_core.event_reactor:joining thread
[8.474s] INFO:colcon.colcon_core.plugin_system:Skipping extension 'colcon_notification.desktop_notification.terminal_notifier': Not used on non-Darwin systems
[8.474s] INFO:colcon.colcon_core.plugin_system:Skipping extension 'colcon_notification.desktop_notification.win32': Not used on non-Windows systems
[8.474s] INFO:colcon.colcon_notification.desktop_notification:Sending desktop notification using 'notify2'
[8.532s] DEBUG:colcon.colcon_core.event_reactor:joined thread
[8.534s] INFO:colcon.colcon_core.shell:Creating prefix script '/home/robotica/taller1_grupo15/install/local_setup.ps1'
[8.540s] INFO:colcon.colcon_core.shell:Creating prefix util module '/home/robotica/taller1_grupo15/install/_local_setup_util_ps1.py'
[8.561s] INFO:colcon.colcon_core.shell:Creating prefix chain script '/home/robotica/taller1_grupo15/install/setup.ps1'
[8.566s] INFO:colcon.colcon_core.shell:Creating prefix script '/home/robotica/taller1_grupo15/install/local_setup.sh'
[8.568s] INFO:colcon.colcon_core.shell:Creating prefix util module '/home/robotica/taller1_grupo15/install/_local_setup_util_sh.py'
[8.582s] INFO:colcon.colcon_core.shell:Creating prefix chain script '/home/robotica/taller1_grupo15/install/setup.sh'
[8.585s] INFO:colcon.colcon_core.shell:Creating prefix script '/home/robotica/taller1_grupo15/install/local_setup.bash'
[8.591s] INFO:colcon.colcon_core.shell:Creating prefix chain script '/home/robotica/taller1_grupo15/install/setup.bash'
[8.595s] INFO:colcon.colcon_core.shell:Creating prefix script '/home/robotica/taller1_grupo15/install/local_setup.zsh'
[8.602s] INFO:colcon.colcon_core.shell:Creating prefix chain script '/home/robotica/taller1_grupo15/install/setup.zsh'
