[0.022s] Invoking command in '/home/robotica/taller1_grupo15/build/turtle_bot_servcli': CMAKE_PREFIX_PATH=/opt/ros/humble /usr/bin/cmake /home/robotica/taller1_grupo15/src/turtle_bot_servcli -DCMAKE_INSTALL_PREFIX=/home/robotica/taller1_grupo15/install/turtle_bot_servcli
[0.060s] -- Found ament_cmake: 1.3.3 (/opt/ros/humble/share/ament_cmake/cmake)
[0.606s] -- Found ament_lint_auto: 0.12.4 (/opt/ros/humble/share/ament_lint_auto/cmake)
[0.763s] -- Found geometry_msgs: 4.2.2 (/opt/ros/humble/share/geometry_msgs/cmake)
[0.817s] -- Found rosidl_generator_c: 3.1.4 (/opt/ros/humble/share/rosidl_generator_c/cmake)
[0.823s] -- Found rosidl_adapter: 3.1.4 (/opt/ros/humble/share/rosidl_adapter/cmake)
[0.839s] -- Found rosidl_generator_cpp: 3.1.4 (/opt/ros/humble/share/rosidl_generator_cpp/cmake)
[0.857s] -- Using all available rosidl_typesupport_c: rosidl_typesupport_fastrtps_c;rosidl_typesupport_introspection_c
[0.881s] -- Using all available rosidl_typesupport_cpp: rosidl_typesupport_fastrtps_cpp;rosidl_typesupport_introspection_cpp
[1.178s] -- Found rosidl_default_generators: 1.2.0 (/opt/ros/humble/share/rosidl_default_generators/cmake)
[1.707s] -- Found ament_cmake_ros: 0.10.0 (/opt/ros/humble/share/ament_cmake_ros/cmake)
[2.676s] -- Using all available rosidl_typesupport_c: rosidl_typesupport_fastrtps_c;rosidl_typesupport_introspection_c
[3.076s] -- Using all available rosidl_typesupport_cpp: rosidl_typesupport_fastrtps_cpp;rosidl_typesupport_introspection_cpp
[3.110s] -- Found PythonInterp: /usr/bin/python3 (found suitable version "3.10.6", minimum required is "3.6") 
[3.131s] -- Found python_cmake_module: 0.10.0 (/opt/ros/humble/share/python_cmake_module/cmake)
[3.191s] -- Found PythonLibs: /usr/lib/x86_64-linux-gnu/libpython3.10.so (found suitable version "3.10.6", minimum required is "3.5") 
[3.191s] -- Using PYTHON_EXECUTABLE: /usr/bin/python3
[3.191s] -- Using PYTHON_INCLUDE_DIRS: /usr/include/python3.10
[3.192s] -- Using PYTHON_LIBRARIES: /usr/lib/x86_64-linux-gnu/libpython3.10.so
[3.233s] -- Found PythonExtra: .so  
[3.529s] -- Added test 'lint_cmake' to check CMake code style
[3.536s] -- Added test 'xmllint' to check XML markup files
[3.647s] -- Configuring done
[3.816s] -- Generating done
[3.839s] -- Build files have been written to: /home/robotica/taller1_grupo15/build/turtle_bot_servcli
[3.854s] Invoked command in '/home/robotica/taller1_grupo15/build/turtle_bot_servcli' returned '0': CMAKE_PREFIX_PATH=/opt/ros/humble /usr/bin/cmake /home/robotica/taller1_grupo15/src/turtle_bot_servcli -DCMAKE_INSTALL_PREFIX=/home/robotica/taller1_grupo15/install/turtle_bot_servcli
[3.857s] Invoking command in '/home/robotica/taller1_grupo15/build/turtle_bot_servcli': CMAKE_PREFIX_PATH=/opt/ros/humble /usr/bin/cmake --build /home/robotica/taller1_grupo15/build/turtle_bot_servcli -- -j1 -l1
[4.046s] [  2%] [34m[1mGenerating C++ code for ROS interfaces[0m
[4.971s] [  2%] Built target turtle_bot_servcli__cpp
[4.998s] [  5%] [34m[1mGenerating C++ type support for eProsima Fast-RTPS[0m
[5.841s] [  7%] [32mBuilding CXX object CMakeFiles/turtle_bot_servcli__rosidl_typesupport_fastrtps_cpp.dir/rosidl_typesupport_fastrtps_cpp/turtle_bot_servcli/msg/detail/dds_fastrtps/posicion__type_support.cpp.o[0m
[7.931s] [ 10%] [32mBuilding CXX object CMakeFiles/turtle_bot_servcli__rosidl_typesupport_fastrtps_cpp.dir/rosidl_typesupport_fastrtps_cpp/turtle_bot_servcli/srv/detail/dds_fastrtps/move_robot_to_position__type_support.cpp.o[0m
[8.944s] [ 12%] [32m[1mLinking CXX shared library libturtle_bot_servcli__rosidl_typesupport_fastrtps_cpp.so[0m
[9.548s] [ 12%] Built target turtle_bot_servcli__rosidl_typesupport_fastrtps_cpp
[9.585s] [ 15%] [34m[1mGenerating C code for ROS interfaces[0m
[10.717s] [ 17%] [32mBuilding C object CMakeFiles/turtle_bot_servcli__rosidl_generator_c.dir/rosidl_generator_c/turtle_bot_servcli/msg/detail/posicion__functions.c.o[0m
[10.872s] [ 20%] [32mBuilding C object CMakeFiles/turtle_bot_servcli__rosidl_generator_c.dir/rosidl_generator_c/turtle_bot_servcli/srv/detail/move_robot_to_position__functions.c.o[0m
[11.049s] [ 23%] [32m[1mLinking C shared library libturtle_bot_servcli__rosidl_generator_c.so[0m
[11.178s] [ 23%] Built target turtle_bot_servcli__rosidl_generator_c
[11.217s] [ 25%] [34m[1mGenerating C introspection for ROS interfaces[0m
[11.865s] [ 28%] [32mBuilding C object CMakeFiles/turtle_bot_servcli__rosidl_typesupport_introspection_c.dir/rosidl_typesupport_introspection_c/turtle_bot_servcli/msg/detail/posicion__type_support.c.o[0m
[11.983s] [ 30%] [32mBuilding C object CMakeFiles/turtle_bot_servcli__rosidl_typesupport_introspection_c.dir/rosidl_typesupport_introspection_c/turtle_bot_servcli/srv/detail/move_robot_to_position__type_support.c.o[0m
[12.056s] [ 33%] [32m[1mLinking C shared library libturtle_bot_servcli__rosidl_typesupport_introspection_c.so[0m
[12.145s] [ 33%] Built target turtle_bot_servcli__rosidl_typesupport_introspection_c
[12.162s] [ 35%] [34m[1mGenerating C type support dispatch for ROS interfaces[0m
[12.701s] [ 38%] [32mBuilding CXX object CMakeFiles/turtle_bot_servcli__rosidl_typesupport_c.dir/rosidl_typesupport_c/turtle_bot_servcli/msg/posicion__type_support.cpp.o[0m
[12.781s] [ 41%] [32mBuilding CXX object CMakeFiles/turtle_bot_servcli__rosidl_typesupport_c.dir/rosidl_typesupport_c/turtle_bot_servcli/srv/move_robot_to_position__type_support.cpp.o[0m
[12.862s] [ 43%] [32m[1mLinking CXX shared library libturtle_bot_servcli__rosidl_typesupport_c.so[0m
[13.073s] [ 43%] Built target turtle_bot_servcli__rosidl_typesupport_c
[13.153s] [ 46%] [34m[1mGenerating C++ introspection for ROS interfaces[0m
[13.998s] [ 48%] [32mBuilding CXX object CMakeFiles/turtle_bot_servcli__rosidl_typesupport_introspection_cpp.dir/rosidl_typesupport_introspection_cpp/turtle_bot_servcli/msg/detail/posicion__type_support.cpp.o[0m
[14.985s] [ 51%] [32mBuilding CXX object CMakeFiles/turtle_bot_servcli__rosidl_typesupport_introspection_cpp.dir/rosidl_typesupport_introspection_cpp/turtle_bot_servcli/srv/detail/move_robot_to_position__type_support.cpp.o[0m
[15.860s] [ 53%] [32m[1mLinking CXX shared library libturtle_bot_servcli__rosidl_typesupport_introspection_cpp.so[0m
[16.064s] [ 53%] Built target turtle_bot_servcli__rosidl_typesupport_introspection_cpp
[16.097s] [ 56%] [34m[1mGenerating C++ type support dispatch for ROS interfaces[0m
[17.020s] [ 58%] [32mBuilding CXX object CMakeFiles/turtle_bot_servcli__rosidl_typesupport_cpp.dir/rosidl_typesupport_cpp/turtle_bot_servcli/msg/posicion__type_support.cpp.o[0m
[17.596s] [ 61%] [32mBuilding CXX object CMakeFiles/turtle_bot_servcli__rosidl_typesupport_cpp.dir/rosidl_typesupport_cpp/turtle_bot_servcli/srv/move_robot_to_position__type_support.cpp.o[0m
[18.354s] [ 64%] [32m[1mLinking CXX shared library libturtle_bot_servcli__rosidl_typesupport_cpp.so[0m
[18.490s] [ 64%] Built target turtle_bot_servcli__rosidl_typesupport_cpp
[18.508s] [ 66%] [34m[1mGenerating C type support for eProsima Fast-RTPS[0m
[19.429s] [ 69%] [32mBuilding CXX object CMakeFiles/turtle_bot_servcli__rosidl_typesupport_fastrtps_c.dir/rosidl_typesupport_fastrtps_c/turtle_bot_servcli/msg/detail/posicion__type_support_c.cpp.o[0m
[20.198s] [ 71%] [32mBuilding CXX object CMakeFiles/turtle_bot_servcli__rosidl_typesupport_fastrtps_c.dir/rosidl_typesupport_fastrtps_c/turtle_bot_servcli/srv/detail/move_robot_to_position__type_support_c.cpp.o[0m
[20.998s] [ 74%] [32m[1mLinking CXX shared library libturtle_bot_servcli__rosidl_typesupport_fastrtps_c.so[0m
[21.319s] [ 74%] Built target turtle_bot_servcli__rosidl_typesupport_fastrtps_c
[21.372s] [ 74%] Built target turtle_bot_servcli
[21.436s] [ 74%] Built target ament_cmake_python_copy_turtle_bot_servcli
[22.076s] running egg_info
[22.076s] creating turtle_bot_servcli.egg-info
[22.076s] writing turtle_bot_servcli.egg-info/PKG-INFO
[22.076s] writing dependency_links to turtle_bot_servcli.egg-info/dependency_links.txt
[22.076s] writing top-level names to turtle_bot_servcli.egg-info/top_level.txt
[22.076s] writing manifest file 'turtle_bot_servcli.egg-info/SOURCES.txt'
[22.081s] reading manifest file 'turtle_bot_servcli.egg-info/SOURCES.txt'
[22.082s] writing manifest file 'turtle_bot_servcli.egg-info/SOURCES.txt'
[22.144s] [ 74%] Built target ament_cmake_python_build_turtle_bot_servcli_egg
[22.196s] [ 76%] [34m[1mGenerating Python code for ROS interfaces[0m
[23.172s] [ 76%] Built target turtle_bot_servcli__py
[23.228s] [ 79%] [32mBuilding C object CMakeFiles/turtle_bot_servcli__rosidl_generator_py.dir/rosidl_generator_py/turtle_bot_servcli/msg/_posicion_s.c.o[0m
[23.829s] [ 82%] [32mBuilding C object CMakeFiles/turtle_bot_servcli__rosidl_generator_py.dir/rosidl_generator_py/turtle_bot_servcli/srv/_move_robot_to_position_s.c.o[0m
[24.081s] [ 84%] [32m[1mLinking C shared library rosidl_generator_py/turtle_bot_servcli/libturtle_bot_servcli__rosidl_generator_py.so[0m
[24.190s] [ 84%] Built target turtle_bot_servcli__rosidl_generator_py
[24.259s] [ 87%] [32mBuilding C object CMakeFiles/turtle_bot_servcli__rosidl_typesupport_fastrtps_c__pyext.dir/rosidl_generator_py/turtle_bot_servcli/_turtle_bot_servcli_s.ep.rosidl_typesupport_fastrtps_c.c.o[0m
[24.494s] [ 89%] [32m[1mLinking C shared library rosidl_generator_py/turtle_bot_servcli/turtle_bot_servcli_s__rosidl_typesupport_fastrtps_c.cpython-310-x86_64-linux-gnu.so[0m
[24.605s] [ 89%] Built target turtle_bot_servcli__rosidl_typesupport_fastrtps_c__pyext
[24.672s] [ 92%] [32mBuilding C object CMakeFiles/turtle_bot_servcli__rosidl_typesupport_introspection_c__pyext.dir/rosidl_generator_py/turtle_bot_servcli/_turtle_bot_servcli_s.ep.rosidl_typesupport_introspection_c.c.o[0m
[24.875s] [ 94%] [32m[1mLinking C shared library rosidl_generator_py/turtle_bot_servcli/turtle_bot_servcli_s__rosidl_typesupport_introspection_c.cpython-310-x86_64-linux-gnu.so[0m
[24.952s] [ 94%] Built target turtle_bot_servcli__rosidl_typesupport_introspection_c__pyext
[25.009s] [ 97%] [32mBuilding C object CMakeFiles/turtle_bot_servcli__rosidl_typesupport_c__pyext.dir/rosidl_generator_py/turtle_bot_servcli/_turtle_bot_servcli_s.ep.rosidl_typesupport_c.c.o[0m
[25.265s] [100%] [32m[1mLinking C shared library rosidl_generator_py/turtle_bot_servcli/turtle_bot_servcli_s__rosidl_typesupport_c.cpython-310-x86_64-linux-gnu.so[0m
[25.345s] [100%] Built target turtle_bot_servcli__rosidl_typesupport_c__pyext
[25.389s] Invoked command in '/home/robotica/taller1_grupo15/build/turtle_bot_servcli' returned '0': CMAKE_PREFIX_PATH=/opt/ros/humble /usr/bin/cmake --build /home/robotica/taller1_grupo15/build/turtle_bot_servcli -- -j1 -l1
[25.687s] Invoking command in '/home/robotica/taller1_grupo15/build/turtle_bot_servcli': CMAKE_PREFIX_PATH=/opt/ros/humble /usr/bin/cmake --install /home/robotica/taller1_grupo15/build/turtle_bot_servcli
[25.715s] -- Install configuration: ""
[25.718s] -- Installing: /home/robotica/taller1_grupo15/install/turtle_bot_servcli/share/ament_index/resource_index/rosidl_interfaces/turtle_bot_servcli
[25.719s] -- Installing: /home/robotica/taller1_grupo15/install/turtle_bot_servcli/include/turtle_bot_servcli/turtle_bot_servcli
[25.721s] -- Installing: /home/robotica/taller1_grupo15/install/turtle_bot_servcli/include/turtle_bot_servcli/turtle_bot_servcli/srv
[25.724s] -- Installing: /home/robotica/taller1_grupo15/install/turtle_bot_servcli/include/turtle_bot_servcli/turtle_bot_servcli/srv/detail
[25.725s] -- Installing: /home/robotica/taller1_grupo15/install/turtle_bot_servcli/include/turtle_bot_servcli/turtle_bot_servcli/srv/detail/move_robot_to_position__type_support.h
[25.730s] -- Installing: /home/robotica/taller1_grupo15/install/turtle_bot_servcli/include/turtle_bot_servcli/turtle_bot_servcli/srv/detail/move_robot_to_position__functions.c
[25.733s] -- Installing: /home/robotica/taller1_grupo15/install/turtle_bot_servcli/include/turtle_bot_servcli/turtle_bot_servcli/srv/detail/move_robot_to_position__functions.h
[25.733s] -- Installing: /home/robotica/taller1_grupo15/install/turtle_bot_servcli/include/turtle_bot_servcli/turtle_bot_servcli/srv/detail/move_robot_to_position__struct.h
[25.736s] -- Installing: /home/robotica/taller1_grupo15/install/turtle_bot_servcli/include/turtle_bot_servcli/turtle_bot_servcli/srv/move_robot_to_position.h
[25.737s] -- Installing: /home/robotica/taller1_grupo15/install/turtle_bot_servcli/include/turtle_bot_servcli/turtle_bot_servcli/msg
[25.738s] -- Installing: /home/robotica/taller1_grupo15/install/turtle_bot_servcli/include/turtle_bot_servcli/turtle_bot_servcli/msg/detail
[25.738s] -- Installing: /home/robotica/taller1_grupo15/install/turtle_bot_servcli/include/turtle_bot_servcli/turtle_bot_servcli/msg/detail/posicion__struct.h
[25.742s] -- Installing: /home/robotica/taller1_grupo15/install/turtle_bot_servcli/include/turtle_bot_servcli/turtle_bot_servcli/msg/detail/posicion__functions.c
[25.744s] -- Installing: /home/robotica/taller1_grupo15/install/turtle_bot_servcli/include/turtle_bot_servcli/turtle_bot_servcli/msg/detail/posicion__type_support.h
[25.746s] -- Installing: /home/robotica/taller1_grupo15/install/turtle_bot_servcli/include/turtle_bot_servcli/turtle_bot_servcli/msg/detail/posicion__functions.h
[25.754s] -- Installing: /home/robotica/taller1_grupo15/install/turtle_bot_servcli/include/turtle_bot_servcli/turtle_bot_servcli/msg/posicion.h
[25.754s] -- Installing: /home/robotica/taller1_grupo15/install/turtle_bot_servcli/include/turtle_bot_servcli/turtle_bot_servcli/msg/rosidl_generator_c__visibility_control.h
[25.755s] -- Installing: /home/robotica/taller1_grupo15/install/turtle_bot_servcli/share/turtle_bot_servcli/environment/library_path.sh
[25.755s] -- Installing: /home/robotica/taller1_grupo15/install/turtle_bot_servcli/share/turtle_bot_servcli/environment/library_path.dsv
[25.755s] -- Installing: /home/robotica/taller1_grupo15/install/turtle_bot_servcli/lib/libturtle_bot_servcli__rosidl_generator_c.so
[25.756s] -- Set runtime path of "/home/robotica/taller1_grupo15/install/turtle_bot_servcli/lib/libturtle_bot_servcli__rosidl_generator_c.so" to ""
[25.756s] -- Up-to-date: /home/robotica/taller1_grupo15/install/turtle_bot_servcli/include/turtle_bot_servcli/turtle_bot_servcli
[25.756s] -- Up-to-date: /home/robotica/taller1_grupo15/install/turtle_bot_servcli/include/turtle_bot_servcli/turtle_bot_servcli/srv
[25.756s] -- Up-to-date: /home/robotica/taller1_grupo15/install/turtle_bot_servcli/include/turtle_bot_servcli/turtle_bot_servcli/srv/detail
[25.757s] -- Installing: /home/robotica/taller1_grupo15/install/turtle_bot_servcli/include/turtle_bot_servcli/turtle_bot_servcli/srv/detail/move_robot_to_position__rosidl_typesupport_fastrtps_c.h
[25.769s] -- Up-to-date: /home/robotica/taller1_grupo15/install/turtle_bot_servcli/include/turtle_bot_servcli/turtle_bot_servcli/msg
[25.769s] -- Up-to-date: /home/robotica/taller1_grupo15/install/turtle_bot_servcli/include/turtle_bot_servcli/turtle_bot_servcli/msg/detail
[25.769s] -- Installing: /home/robotica/taller1_grupo15/install/turtle_bot_servcli/include/turtle_bot_servcli/turtle_bot_servcli/msg/detail/posicion__rosidl_typesupport_fastrtps_c.h
[25.769s] -- Installing: /home/robotica/taller1_grupo15/install/turtle_bot_servcli/include/turtle_bot_servcli/turtle_bot_servcli/msg/rosidl_typesupport_fastrtps_c__visibility_control.h
[25.770s] -- Installing: /home/robotica/taller1_grupo15/install/turtle_bot_servcli/lib/libturtle_bot_servcli__rosidl_typesupport_fastrtps_c.so
[25.770s] -- Set runtime path of "/home/robotica/taller1_grupo15/install/turtle_bot_servcli/lib/libturtle_bot_servcli__rosidl_typesupport_fastrtps_c.so" to ""
[25.771s] -- Up-to-date: /home/robotica/taller1_grupo15/install/turtle_bot_servcli/include/turtle_bot_servcli/turtle_bot_servcli
[25.771s] -- Up-to-date: /home/robotica/taller1_grupo15/install/turtle_bot_servcli/include/turtle_bot_servcli/turtle_bot_servcli/srv
[25.771s] -- Up-to-date: /home/robotica/taller1_grupo15/install/turtle_bot_servcli/include/turtle_bot_servcli/turtle_bot_servcli/srv/detail
[25.771s] -- Installing: /home/robotica/taller1_grupo15/install/turtle_bot_servcli/include/turtle_bot_servcli/turtle_bot_servcli/srv/detail/move_robot_to_position__traits.hpp
[25.771s] -- Installing: /home/robotica/taller1_grupo15/install/turtle_bot_servcli/include/turtle_bot_servcli/turtle_bot_servcli/srv/detail/move_robot_to_position__builder.hpp
[25.772s] -- Installing: /home/robotica/taller1_grupo15/install/turtle_bot_servcli/include/turtle_bot_servcli/turtle_bot_servcli/srv/detail/move_robot_to_position__struct.hpp
[25.772s] -- Installing: /home/robotica/taller1_grupo15/install/turtle_bot_servcli/include/turtle_bot_servcli/turtle_bot_servcli/srv/move_robot_to_position.hpp
[25.772s] -- Up-to-date: /home/robotica/taller1_grupo15/install/turtle_bot_servcli/include/turtle_bot_servcli/turtle_bot_servcli/msg
[25.773s] -- Up-to-date: /home/robotica/taller1_grupo15/install/turtle_bot_servcli/include/turtle_bot_servcli/turtle_bot_servcli/msg/detail
[25.773s] -- Installing: /home/robotica/taller1_grupo15/install/turtle_bot_servcli/include/turtle_bot_servcli/turtle_bot_servcli/msg/detail/posicion__builder.hpp
[25.773s] -- Installing: /home/robotica/taller1_grupo15/install/turtle_bot_servcli/include/turtle_bot_servcli/turtle_bot_servcli/msg/detail/posicion__struct.hpp
[25.773s] -- Installing: /home/robotica/taller1_grupo15/install/turtle_bot_servcli/include/turtle_bot_servcli/turtle_bot_servcli/msg/detail/posicion__traits.hpp
[25.774s] -- Installing: /home/robotica/taller1_grupo15/install/turtle_bot_servcli/include/turtle_bot_servcli/turtle_bot_servcli/msg/posicion.hpp
[25.779s] -- Up-to-date: /home/robotica/taller1_grupo15/install/turtle_bot_servcli/include/turtle_bot_servcli/turtle_bot_servcli
[25.779s] -- Up-to-date: /home/robotica/taller1_grupo15/install/turtle_bot_servcli/include/turtle_bot_servcli/turtle_bot_servcli/srv
[25.779s] -- Up-to-date: /home/robotica/taller1_grupo15/install/turtle_bot_servcli/include/turtle_bot_servcli/turtle_bot_servcli/srv/detail
[25.780s] -- Installing: /home/robotica/taller1_grupo15/install/turtle_bot_servcli/include/turtle_bot_servcli/turtle_bot_servcli/srv/detail/move_robot_to_position__rosidl_typesupport_fastrtps_cpp.hpp
[25.780s] -- Installing: /home/robotica/taller1_grupo15/install/turtle_bot_servcli/include/turtle_bot_servcli/turtle_bot_servcli/srv/detail/dds_fastrtps
[25.780s] -- Up-to-date: /home/robotica/taller1_grupo15/install/turtle_bot_servcli/include/turtle_bot_servcli/turtle_bot_servcli/msg
[25.780s] -- Up-to-date: /home/robotica/taller1_grupo15/install/turtle_bot_servcli/include/turtle_bot_servcli/turtle_bot_servcli/msg/detail
[25.780s] -- Installing: /home/robotica/taller1_grupo15/install/turtle_bot_servcli/include/turtle_bot_servcli/turtle_bot_servcli/msg/detail/dds_fastrtps
[25.781s] -- Installing: /home/robotica/taller1_grupo15/install/turtle_bot_servcli/include/turtle_bot_servcli/turtle_bot_servcli/msg/detail/posicion__rosidl_typesupport_fastrtps_cpp.hpp
[25.781s] -- Installing: /home/robotica/taller1_grupo15/install/turtle_bot_servcli/include/turtle_bot_servcli/turtle_bot_servcli/msg/rosidl_typesupport_fastrtps_cpp__visibility_control.h
[25.781s] -- Installing: /home/robotica/taller1_grupo15/install/turtle_bot_servcli/lib/libturtle_bot_servcli__rosidl_typesupport_fastrtps_cpp.so
[25.782s] -- Set runtime path of "/home/robotica/taller1_grupo15/install/turtle_bot_servcli/lib/libturtle_bot_servcli__rosidl_typesupport_fastrtps_cpp.so" to ""
[25.782s] -- Up-to-date: /home/robotica/taller1_grupo15/install/turtle_bot_servcli/include/turtle_bot_servcli/turtle_bot_servcli
[25.782s] -- Up-to-date: /home/robotica/taller1_grupo15/install/turtle_bot_servcli/include/turtle_bot_servcli/turtle_bot_servcli/srv
[25.782s] -- Up-to-date: /home/robotica/taller1_grupo15/install/turtle_bot_servcli/include/turtle_bot_servcli/turtle_bot_servcli/srv/detail
[25.782s] -- Installing: /home/robotica/taller1_grupo15/install/turtle_bot_servcli/include/turtle_bot_servcli/turtle_bot_servcli/srv/detail/move_robot_to_position__rosidl_typesupport_introspection_c.h
[25.783s] -- Installing: /home/robotica/taller1_grupo15/install/turtle_bot_servcli/include/turtle_bot_servcli/turtle_bot_servcli/srv/detail/move_robot_to_position__type_support.c
[25.783s] -- Up-to-date: /home/robotica/taller1_grupo15/install/turtle_bot_servcli/include/turtle_bot_servcli/turtle_bot_servcli/msg
[25.783s] -- Up-to-date: /home/robotica/taller1_grupo15/install/turtle_bot_servcli/include/turtle_bot_servcli/turtle_bot_servcli/msg/detail
[25.783s] -- Installing: /home/robotica/taller1_grupo15/install/turtle_bot_servcli/include/turtle_bot_servcli/turtle_bot_servcli/msg/detail/posicion__rosidl_typesupport_introspection_c.h
[25.791s] -- Installing: /home/robotica/taller1_grupo15/install/turtle_bot_servcli/include/turtle_bot_servcli/turtle_bot_servcli/msg/detail/posicion__type_support.c
[25.792s] -- Installing: /home/robotica/taller1_grupo15/install/turtle_bot_servcli/include/turtle_bot_servcli/turtle_bot_servcli/msg/rosidl_typesupport_introspection_c__visibility_control.h
[25.792s] -- Installing: /home/robotica/taller1_grupo15/install/turtle_bot_servcli/lib/libturtle_bot_servcli__rosidl_typesupport_introspection_c.so
[25.793s] -- Set runtime path of "/home/robotica/taller1_grupo15/install/turtle_bot_servcli/lib/libturtle_bot_servcli__rosidl_typesupport_introspection_c.so" to ""
[25.793s] -- Installing: /home/robotica/taller1_grupo15/install/turtle_bot_servcli/lib/libturtle_bot_servcli__rosidl_typesupport_c.so
[25.793s] -- Set runtime path of "/home/robotica/taller1_grupo15/install/turtle_bot_servcli/lib/libturtle_bot_servcli__rosidl_typesupport_c.so" to ""
[25.794s] -- Up-to-date: /home/robotica/taller1_grupo15/install/turtle_bot_servcli/include/turtle_bot_servcli/turtle_bot_servcli
[25.794s] -- Up-to-date: /home/robotica/taller1_grupo15/install/turtle_bot_servcli/include/turtle_bot_servcli/turtle_bot_servcli/srv
[25.794s] -- Up-to-date: /home/robotica/taller1_grupo15/install/turtle_bot_servcli/include/turtle_bot_servcli/turtle_bot_servcli/srv/detail
[25.794s] -- Installing: /home/robotica/taller1_grupo15/install/turtle_bot_servcli/include/turtle_bot_servcli/turtle_bot_servcli/srv/detail/move_robot_to_position__type_support.cpp
[25.795s] -- Installing: /home/robotica/taller1_grupo15/install/turtle_bot_servcli/include/turtle_bot_servcli/turtle_bot_servcli/srv/detail/move_robot_to_position__rosidl_typesupport_introspection_cpp.hpp
[25.795s] -- Up-to-date: /home/robotica/taller1_grupo15/install/turtle_bot_servcli/include/turtle_bot_servcli/turtle_bot_servcli/msg
[25.795s] -- Up-to-date: /home/robotica/taller1_grupo15/install/turtle_bot_servcli/include/turtle_bot_servcli/turtle_bot_servcli/msg/detail
[25.795s] -- Installing: /home/robotica/taller1_grupo15/install/turtle_bot_servcli/include/turtle_bot_servcli/turtle_bot_servcli/msg/detail/posicion__rosidl_typesupport_introspection_cpp.hpp
[25.796s] -- Installing: /home/robotica/taller1_grupo15/install/turtle_bot_servcli/include/turtle_bot_servcli/turtle_bot_servcli/msg/detail/posicion__type_support.cpp
[25.796s] -- Installing: /home/robotica/taller1_grupo15/install/turtle_bot_servcli/lib/libturtle_bot_servcli__rosidl_typesupport_introspection_cpp.so
[25.797s] -- Set runtime path of "/home/robotica/taller1_grupo15/install/turtle_bot_servcli/lib/libturtle_bot_servcli__rosidl_typesupport_introspection_cpp.so" to ""
[25.797s] -- Installing: /home/robotica/taller1_grupo15/install/turtle_bot_servcli/lib/libturtle_bot_servcli__rosidl_typesupport_cpp.so
[25.797s] -- Set runtime path of "/home/robotica/taller1_grupo15/install/turtle_bot_servcli/lib/libturtle_bot_servcli__rosidl_typesupport_cpp.so" to ""
[25.798s] -- Installing: /home/robotica/taller1_grupo15/install/turtle_bot_servcli/share/turtle_bot_servcli/environment/pythonpath.sh
[25.798s] -- Installing: /home/robotica/taller1_grupo15/install/turtle_bot_servcli/share/turtle_bot_servcli/environment/pythonpath.dsv
[25.799s] -- Installing: /home/robotica/taller1_grupo15/install/turtle_bot_servcli/local/lib/python3.10/dist-packages/turtle_bot_servcli-0.0.0-py3.10.egg-info
[25.812s] -- Installing: /home/robotica/taller1_grupo15/install/turtle_bot_servcli/local/lib/python3.10/dist-packages/turtle_bot_servcli-0.0.0-py3.10.egg-info/SOURCES.txt
[25.812s] -- Installing: /home/robotica/taller1_grupo15/install/turtle_bot_servcli/local/lib/python3.10/dist-packages/turtle_bot_servcli-0.0.0-py3.10.egg-info/PKG-INFO
[25.813s] -- Installing: /home/robotica/taller1_grupo15/install/turtle_bot_servcli/local/lib/python3.10/dist-packages/turtle_bot_servcli-0.0.0-py3.10.egg-info/dependency_links.txt
[25.813s] -- Installing: /home/robotica/taller1_grupo15/install/turtle_bot_servcli/local/lib/python3.10/dist-packages/turtle_bot_servcli-0.0.0-py3.10.egg-info/top_level.txt
[25.813s] -- Installing: /home/robotica/taller1_grupo15/install/turtle_bot_servcli/local/lib/python3.10/dist-packages/turtle_bot_servcli
[25.814s] -- Installing: /home/robotica/taller1_grupo15/install/turtle_bot_servcli/local/lib/python3.10/dist-packages/turtle_bot_servcli/turtle_bot_servcli_s__rosidl_typesupport_c.cpython-310-x86_64-linux-gnu.so
[25.814s] -- Installing: /home/robotica/taller1_grupo15/install/turtle_bot_servcli/local/lib/python3.10/dist-packages/turtle_bot_servcli/_turtle_bot_servcli_s.ep.rosidl_typesupport_c.c
[25.814s] -- Installing: /home/robotica/taller1_grupo15/install/turtle_bot_servcli/local/lib/python3.10/dist-packages/turtle_bot_servcli/turtle_bot_servcli_s__rosidl_typesupport_fastrtps_c.cpython-310-x86_64-linux-gnu.so
[25.814s] -- Installing: /home/robotica/taller1_grupo15/install/turtle_bot_servcli/local/lib/python3.10/dist-packages/turtle_bot_servcli/srv
[25.815s] -- Installing: /home/robotica/taller1_grupo15/install/turtle_bot_servcli/local/lib/python3.10/dist-packages/turtle_bot_servcli/srv/_move_robot_to_position.py
[25.815s] -- Installing: /home/robotica/taller1_grupo15/install/turtle_bot_servcli/local/lib/python3.10/dist-packages/turtle_bot_servcli/srv/__init__.py
[25.815s] -- Installing: /home/robotica/taller1_grupo15/install/turtle_bot_servcli/local/lib/python3.10/dist-packages/turtle_bot_servcli/srv/_move_robot_to_position_s.c
[25.816s] -- Installing: /home/robotica/taller1_grupo15/install/turtle_bot_servcli/local/lib/python3.10/dist-packages/turtle_bot_servcli/turtle_bot_servcli_s__rosidl_typesupport_introspection_c.cpython-310-x86_64-linux-gnu.so
[25.816s] -- Installing: /home/robotica/taller1_grupo15/install/turtle_bot_servcli/local/lib/python3.10/dist-packages/turtle_bot_servcli/msg
[25.816s] -- Installing: /home/robotica/taller1_grupo15/install/turtle_bot_servcli/local/lib/python3.10/dist-packages/turtle_bot_servcli/msg/_posicion_s.c
[25.817s] -- Installing: /home/robotica/taller1_grupo15/install/turtle_bot_servcli/local/lib/python3.10/dist-packages/turtle_bot_servcli/msg/_posicion.py
[25.817s] -- Installing: /home/robotica/taller1_grupo15/install/turtle_bot_servcli/local/lib/python3.10/dist-packages/turtle_bot_servcli/msg/__init__.py
[25.817s] -- Installing: /home/robotica/taller1_grupo15/install/turtle_bot_servcli/local/lib/python3.10/dist-packages/turtle_bot_servcli/__init__.py
[25.818s] -- Installing: /home/robotica/taller1_grupo15/install/turtle_bot_servcli/local/lib/python3.10/dist-packages/turtle_bot_servcli/libturtle_bot_servcli__rosidl_generator_py.so
[25.818s] -- Installing: /home/robotica/taller1_grupo15/install/turtle_bot_servcli/local/lib/python3.10/dist-packages/turtle_bot_servcli/_turtle_bot_servcli_s.ep.rosidl_typesupport_introspection_c.c
[25.818s] -- Installing: /home/robotica/taller1_grupo15/install/turtle_bot_servcli/local/lib/python3.10/dist-packages/turtle_bot_servcli/_turtle_bot_servcli_s.ep.rosidl_typesupport_fastrtps_c.c
[25.884s] Listing '/home/robotica/taller1_grupo15/install/turtle_bot_servcli/local/lib/python3.10/dist-packages/turtle_bot_servcli'...
[25.884s] Compiling '/home/robotica/taller1_grupo15/install/turtle_bot_servcli/local/lib/python3.10/dist-packages/turtle_bot_servcli/__init__.py'...
[25.884s] Listing '/home/robotica/taller1_grupo15/install/turtle_bot_servcli/local/lib/python3.10/dist-packages/turtle_bot_servcli/msg'...
[25.884s] Compiling '/home/robotica/taller1_grupo15/install/turtle_bot_servcli/local/lib/python3.10/dist-packages/turtle_bot_servcli/msg/__init__.py'...
[25.884s] Compiling '/home/robotica/taller1_grupo15/install/turtle_bot_servcli/local/lib/python3.10/dist-packages/turtle_bot_servcli/msg/_posicion.py'...
[25.884s] Listing '/home/robotica/taller1_grupo15/install/turtle_bot_servcli/local/lib/python3.10/dist-packages/turtle_bot_servcli/srv'...
[25.884s] Compiling '/home/robotica/taller1_grupo15/install/turtle_bot_servcli/local/lib/python3.10/dist-packages/turtle_bot_servcli/srv/__init__.py'...
[25.884s] Compiling '/home/robotica/taller1_grupo15/install/turtle_bot_servcli/local/lib/python3.10/dist-packages/turtle_bot_servcli/srv/_move_robot_to_position.py'...
[25.928s] -- Installing: /home/robotica/taller1_grupo15/install/turtle_bot_servcli/local/lib/python3.10/dist-packages/turtle_bot_servcli/turtle_bot_servcli_s__rosidl_typesupport_fastrtps_c.cpython-310-x86_64-linux-gnu.so
[25.928s] -- Set runtime path of "/home/robotica/taller1_grupo15/install/turtle_bot_servcli/local/lib/python3.10/dist-packages/turtle_bot_servcli/turtle_bot_servcli_s__rosidl_typesupport_fastrtps_c.cpython-310-x86_64-linux-gnu.so" to ""
[25.928s] -- Installing: /home/robotica/taller1_grupo15/install/turtle_bot_servcli/local/lib/python3.10/dist-packages/turtle_bot_servcli/turtle_bot_servcli_s__rosidl_typesupport_introspection_c.cpython-310-x86_64-linux-gnu.so
[25.928s] -- Set runtime path of "/home/robotica/taller1_grupo15/install/turtle_bot_servcli/local/lib/python3.10/dist-packages/turtle_bot_servcli/turtle_bot_servcli_s__rosidl_typesupport_introspection_c.cpython-310-x86_64-linux-gnu.so" to ""
[25.928s] -- Installing: /home/robotica/taller1_grupo15/install/turtle_bot_servcli/local/lib/python3.10/dist-packages/turtle_bot_servcli/turtle_bot_servcli_s__rosidl_typesupport_c.cpython-310-x86_64-linux-gnu.so
[25.928s] -- Set runtime path of "/home/robotica/taller1_grupo15/install/turtle_bot_servcli/local/lib/python3.10/dist-packages/turtle_bot_servcli/turtle_bot_servcli_s__rosidl_typesupport_c.cpython-310-x86_64-linux-gnu.so" to ""
[25.928s] -- Installing: /home/robotica/taller1_grupo15/install/turtle_bot_servcli/lib/libturtle_bot_servcli__rosidl_generator_py.so
[25.929s] -- Set runtime path of "/home/robotica/taller1_grupo15/install/turtle_bot_servcli/lib/libturtle_bot_servcli__rosidl_generator_py.so" to ""
[25.929s] -- Installing: /home/robotica/taller1_grupo15/install/turtle_bot_servcli/share/turtle_bot_servcli/msg/Posicion.idl
[25.929s] -- Installing: /home/robotica/taller1_grupo15/install/turtle_bot_servcli/share/turtle_bot_servcli/srv/MoveRobotToPosition.idl
[25.929s] -- Installing: /home/robotica/taller1_grupo15/install/turtle_bot_servcli/share/turtle_bot_servcli/msg/Posicion.msg
[25.929s] -- Installing: /home/robotica/taller1_grupo15/install/turtle_bot_servcli/share/turtle_bot_servcli/srv/MoveRobotToPosition.srv
[25.929s] -- Installing: /home/robotica/taller1_grupo15/install/turtle_bot_servcli/share/turtle_bot_servcli/srv/MoveRobotToPosition_Request.msg
[25.929s] -- Installing: /home/robotica/taller1_grupo15/install/turtle_bot_servcli/share/turtle_bot_servcli/srv/MoveRobotToPosition_Response.msg
[25.929s] -- Installing: /home/robotica/taller1_grupo15/install/turtle_bot_servcli/share/ament_index/resource_index/package_run_dependencies/turtle_bot_servcli
[25.929s] -- Installing: /home/robotica/taller1_grupo15/install/turtle_bot_servcli/share/ament_index/resource_index/parent_prefix_path/turtle_bot_servcli
[25.929s] -- Installing: /home/robotica/taller1_grupo15/install/turtle_bot_servcli/share/turtle_bot_servcli/environment/ament_prefix_path.sh
[25.929s] -- Installing: /home/robotica/taller1_grupo15/install/turtle_bot_servcli/share/turtle_bot_servcli/environment/ament_prefix_path.dsv
[25.930s] -- Installing: /home/robotica/taller1_grupo15/install/turtle_bot_servcli/share/turtle_bot_servcli/environment/path.sh
[25.930s] -- Installing: /home/robotica/taller1_grupo15/install/turtle_bot_servcli/share/turtle_bot_servcli/environment/path.dsv
[25.930s] -- Installing: /home/robotica/taller1_grupo15/install/turtle_bot_servcli/share/turtle_bot_servcli/local_setup.bash
[25.930s] -- Installing: /home/robotica/taller1_grupo15/install/turtle_bot_servcli/share/turtle_bot_servcli/local_setup.sh
[25.930s] -- Installing: /home/robotica/taller1_grupo15/install/turtle_bot_servcli/share/turtle_bot_servcli/local_setup.zsh
[25.930s] -- Installing: /home/robotica/taller1_grupo15/install/turtle_bot_servcli/share/turtle_bot_servcli/local_setup.dsv
[25.930s] -- Installing: /home/robotica/taller1_grupo15/install/turtle_bot_servcli/share/turtle_bot_servcli/package.dsv
[25.930s] -- Installing: /home/robotica/taller1_grupo15/install/turtle_bot_servcli/share/ament_index/resource_index/packages/turtle_bot_servcli
[25.930s] -- Installing: /home/robotica/taller1_grupo15/install/turtle_bot_servcli/share/turtle_bot_servcli/cmake/export_turtle_bot_servcli__rosidl_generator_cExport.cmake
[25.931s] -- Installing: /home/robotica/taller1_grupo15/install/turtle_bot_servcli/share/turtle_bot_servcli/cmake/export_turtle_bot_servcli__rosidl_generator_cExport-noconfig.cmake
[25.931s] -- Installing: /home/robotica/taller1_grupo15/install/turtle_bot_servcli/share/turtle_bot_servcli/cmake/export_turtle_bot_servcli__rosidl_typesupport_fastrtps_cExport.cmake
[25.932s] -- Installing: /home/robotica/taller1_grupo15/install/turtle_bot_servcli/share/turtle_bot_servcli/cmake/export_turtle_bot_servcli__rosidl_typesupport_fastrtps_cExport-noconfig.cmake
[25.933s] -- Installing: /home/robotica/taller1_grupo15/install/turtle_bot_servcli/share/turtle_bot_servcli/cmake/export_turtle_bot_servcli__rosidl_generator_cppExport.cmake
[25.935s] -- Installing: /home/robotica/taller1_grupo15/install/turtle_bot_servcli/share/turtle_bot_servcli/cmake/export_turtle_bot_servcli__rosidl_typesupport_fastrtps_cppExport.cmake
[25.936s] -- Installing: /home/robotica/taller1_grupo15/install/turtle_bot_servcli/share/turtle_bot_servcli/cmake/export_turtle_bot_servcli__rosidl_typesupport_fastrtps_cppExport-noconfig.cmake
[25.937s] -- Installing: /home/robotica/taller1_grupo15/install/turtle_bot_servcli/share/turtle_bot_servcli/cmake/turtle_bot_servcli__rosidl_typesupport_introspection_cExport.cmake
[25.937s] -- Installing: /home/robotica/taller1_grupo15/install/turtle_bot_servcli/share/turtle_bot_servcli/cmake/turtle_bot_servcli__rosidl_typesupport_introspection_cExport-noconfig.cmake
[25.938s] -- Installing: /home/robotica/taller1_grupo15/install/turtle_bot_servcli/share/turtle_bot_servcli/cmake/turtle_bot_servcli__rosidl_typesupport_cExport.cmake
[25.939s] -- Installing: /home/robotica/taller1_grupo15/install/turtle_bot_servcli/share/turtle_bot_servcli/cmake/turtle_bot_servcli__rosidl_typesupport_cExport-noconfig.cmake
[25.940s] -- Installing: /home/robotica/taller1_grupo15/install/turtle_bot_servcli/share/turtle_bot_servcli/cmake/turtle_bot_servcli__rosidl_typesupport_introspection_cppExport.cmake
[25.941s] -- Installing: /home/robotica/taller1_grupo15/install/turtle_bot_servcli/share/turtle_bot_servcli/cmake/turtle_bot_servcli__rosidl_typesupport_introspection_cppExport-noconfig.cmake
[25.943s] -- Installing: /home/robotica/taller1_grupo15/install/turtle_bot_servcli/share/turtle_bot_servcli/cmake/turtle_bot_servcli__rosidl_typesupport_cppExport.cmake
[25.944s] -- Installing: /home/robotica/taller1_grupo15/install/turtle_bot_servcli/share/turtle_bot_servcli/cmake/turtle_bot_servcli__rosidl_typesupport_cppExport-noconfig.cmake
[25.948s] -- Installing: /home/robotica/taller1_grupo15/install/turtle_bot_servcli/share/turtle_bot_servcli/cmake/export_turtle_bot_servcli__rosidl_generator_pyExport.cmake
[25.949s] -- Installing: /home/robotica/taller1_grupo15/install/turtle_bot_servcli/share/turtle_bot_servcli/cmake/export_turtle_bot_servcli__rosidl_generator_pyExport-noconfig.cmake
[25.950s] -- Installing: /home/robotica/taller1_grupo15/install/turtle_bot_servcli/share/turtle_bot_servcli/cmake/rosidl_cmake-extras.cmake
[25.951s] -- Installing: /home/robotica/taller1_grupo15/install/turtle_bot_servcli/share/turtle_bot_servcli/cmake/ament_cmake_export_dependencies-extras.cmake
[25.951s] -- Installing: /home/robotica/taller1_grupo15/install/turtle_bot_servcli/share/turtle_bot_servcli/cmake/ament_cmake_export_include_directories-extras.cmake
[25.952s] -- Installing: /home/robotica/taller1_grupo15/install/turtle_bot_servcli/share/turtle_bot_servcli/cmake/ament_cmake_export_libraries-extras.cmake
[25.953s] -- Installing: /home/robotica/taller1_grupo15/install/turtle_bot_servcli/share/turtle_bot_servcli/cmake/ament_cmake_export_targets-extras.cmake
[25.954s] -- Installing: /home/robotica/taller1_grupo15/install/turtle_bot_servcli/share/turtle_bot_servcli/cmake/rosidl_cmake_export_typesupport_targets-extras.cmake
[25.955s] -- Installing: /home/robotica/taller1_grupo15/install/turtle_bot_servcli/share/turtle_bot_servcli/cmake/rosidl_cmake_export_typesupport_libraries-extras.cmake
[25.957s] -- Installing: /home/robotica/taller1_grupo15/install/turtle_bot_servcli/share/turtle_bot_servcli/cmake/turtle_bot_servcliConfig.cmake
[25.957s] -- Installing: /home/robotica/taller1_grupo15/install/turtle_bot_servcli/share/turtle_bot_servcli/cmake/turtle_bot_servcliConfig-version.cmake
[25.958s] -- Installing: /home/robotica/taller1_grupo15/install/turtle_bot_servcli/share/turtle_bot_servcli/package.xml
[25.980s] Invoked command in '/home/robotica/taller1_grupo15/build/turtle_bot_servcli' returned '0': CMAKE_PREFIX_PATH=/opt/ros/humble /usr/bin/cmake --install /home/robotica/taller1_grupo15/build/turtle_bot_servcli
