[1.056s] DEBUG:colcon:Command line arguments: ['/usr/bin/colcon', 'build']
[1.058s] DEBUG:colcon:Parsed command line arguments: Namespace(log_base=None, log_level=None, verb_name='build', build_base='build', install_base='install', merge_install=False, symlink_install=False, test_result_base=None, continue_on_error=False, executor='parallel', parallel_workers=4, event_handlers=None, ignore_user_meta=False, metas=['./colcon.meta'], base_paths=['.'], packages_ignore=None, packages_ignore_regex=None, paths=None, packages_up_to=None, packages_up_to_regex=None, packages_above=None, packages_above_and_dependencies=None, packages_above_depth=None, packages_select_by_dep=None, packages_skip_by_dep=None, packages_skip_up_to=None, packages_select_build_failed=False, packages_skip_build_finished=False, packages_select_test_failures=False, packages_skip_test_passed=False, packages_select=None, packages_skip=None, packages_select_regex=None, packages_skip_regex=None, packages_start=None, packages_end=None, allow_overriding=[], cmake_args=None, cmake_target=None, cmake_target_skip_unavailable=False, cmake_clean_cache=False, cmake_clean_first=False, cmake_force_configure=False, ament_cmake_args=None, catkin_cmake_args=None, catkin_skip_building_tests=False, verb_parser=<colcon_defaults.argument_parser.defaults.DefaultArgumentsDecorator object at 0x7f4daecb9d20>, verb_extension=<colcon_core.verb.build.BuildVerb object at 0x7f4daf52c130>, main=<bound method BuildVerb.main of <colcon_core.verb.build.BuildVerb object at 0x7f4daf52c130>>)
[1.226s] Level 1:colcon.colcon_core.package_discovery:discover_packages(colcon_meta) check parameters
[1.230s] Level 1:colcon.colcon_core.package_discovery:discover_packages(recursive) check parameters
[1.231s] Level 1:colcon.colcon_core.package_discovery:discover_packages(ignore) check parameters
[1.232s] Level 1:colcon.colcon_core.package_discovery:discover_packages(path) check parameters
[1.232s] Level 1:colcon.colcon_core.package_discovery:discover_packages(colcon_meta) discover
[1.234s] Level 1:colcon.colcon_core.package_discovery:discover_packages(recursive) discover
[1.235s] INFO:colcon.colcon_core.package_discovery:Crawling recursively for packages in '/home/robotica/Robotica/Taller 1'
[1.239s] Level 1:colcon.colcon_core.package_identification:_identify(.) by extensions ['ignore', 'ignore_ament_install']
[1.240s] Level 1:colcon.colcon_core.package_identification:_identify(.) by extension 'ignore'
[1.242s] Level 1:colcon.colcon_core.package_identification:_identify(.) by extension 'ignore_ament_install'
[1.245s] Level 1:colcon.colcon_core.package_identification:_identify(.) by extensions ['colcon_pkg']
[1.246s] Level 1:colcon.colcon_core.package_identification:_identify(.) by extension 'colcon_pkg'
[1.248s] Level 1:colcon.colcon_core.package_identification:_identify(.) by extensions ['colcon_meta']
[1.256s] Level 1:colcon.colcon_core.package_identification:_identify(.) by extension 'colcon_meta'
[1.257s] Level 1:colcon.colcon_core.package_identification:_identify(.) by extensions ['ros']
[1.258s] Level 1:colcon.colcon_core.package_identification:_identify(.) by extension 'ros'
[1.293s] Level 1:colcon.colcon_core.package_identification:_identify(.) by extensions ['cmake', 'python']
[1.294s] Level 1:colcon.colcon_core.package_identification:_identify(.) by extension 'cmake'
[1.296s] Level 1:colcon.colcon_core.package_identification:_identify(.) by extension 'python'
[1.300s] Level 1:colcon.colcon_core.package_identification:_identify(.) by extensions ['python_setup_py']
[1.302s] Level 1:colcon.colcon_core.package_identification:_identify(.) by extension 'python_setup_py'
[1.311s] Level 1:colcon.colcon_core.package_identification:_identify(Resources) by extensions ['ignore', 'ignore_ament_install']
[1.312s] Level 1:colcon.colcon_core.package_identification:_identify(Resources) by extension 'ignore'
[1.314s] Level 1:colcon.colcon_core.package_identification:_identify(Resources) by extension 'ignore_ament_install'
[1.316s] Level 1:colcon.colcon_core.package_identification:_identify(Resources) by extensions ['colcon_pkg']
[1.317s] Level 1:colcon.colcon_core.package_identification:_identify(Resources) by extension 'colcon_pkg'
[1.319s] Level 1:colcon.colcon_core.package_identification:_identify(Resources) by extensions ['colcon_meta']
[1.319s] Level 1:colcon.colcon_core.package_identification:_identify(Resources) by extension 'colcon_meta'
[1.320s] Level 1:colcon.colcon_core.package_identification:_identify(Resources) by extensions ['ros']
[1.321s] Level 1:colcon.colcon_core.package_identification:_identify(Resources) by extension 'ros'
[1.324s] Level 1:colcon.colcon_core.package_identification:_identify(Resources) by extensions ['cmake', 'python']
[1.325s] Level 1:colcon.colcon_core.package_identification:_identify(Resources) by extension 'cmake'
[1.327s] Level 1:colcon.colcon_core.package_identification:_identify(Resources) by extension 'python'
[1.331s] Level 1:colcon.colcon_core.package_identification:_identify(Resources) by extensions ['python_setup_py']
[1.333s] Level 1:colcon.colcon_core.package_identification:_identify(Resources) by extension 'python_setup_py'
[1.342s] Level 1:colcon.colcon_core.package_identification:_identify(build) by extensions ['ignore', 'ignore_ament_install']
[1.343s] Level 1:colcon.colcon_core.package_identification:_identify(build) by extension 'ignore'
[1.346s] Level 1:colcon.colcon_core.package_identification:_identify(build) ignored
[1.349s] Level 1:colcon.colcon_core.package_identification:_identify(install) by extensions ['ignore', 'ignore_ament_install']
[1.350s] Level 1:colcon.colcon_core.package_identification:_identify(install) by extension 'ignore'
[1.352s] Level 1:colcon.colcon_core.package_identification:_identify(install) ignored
[1.361s] Level 1:colcon.colcon_core.package_identification:_identify(log) by extensions ['ignore', 'ignore_ament_install']
[1.363s] Level 1:colcon.colcon_core.package_identification:_identify(log) by extension 'ignore'
[1.366s] Level 1:colcon.colcon_core.package_identification:_identify(log) ignored
[1.370s] Level 1:colcon.colcon_core.package_identification:_identify(src) by extensions ['ignore', 'ignore_ament_install']
[1.371s] Level 1:colcon.colcon_core.package_identification:_identify(src) by extension 'ignore'
[1.372s] Level 1:colcon.colcon_core.package_identification:_identify(src) by extension 'ignore_ament_install'
[1.376s] Level 1:colcon.colcon_core.package_identification:_identify(src) by extensions ['colcon_pkg']
[1.378s] Level 1:colcon.colcon_core.package_identification:_identify(src) by extension 'colcon_pkg'
[1.381s] Level 1:colcon.colcon_core.package_identification:_identify(src) by extensions ['colcon_meta']
[1.383s] Level 1:colcon.colcon_core.package_identification:_identify(src) by extension 'colcon_meta'
[1.386s] Level 1:colcon.colcon_core.package_identification:_identify(src) by extensions ['ros']
[1.388s] Level 1:colcon.colcon_core.package_identification:_identify(src) by extension 'ros'
[1.396s] Level 1:colcon.colcon_core.package_identification:_identify(src) by extensions ['cmake', 'python']
[1.397s] Level 1:colcon.colcon_core.package_identification:_identify(src) by extension 'cmake'
[1.398s] Level 1:colcon.colcon_core.package_identification:_identify(src) by extension 'python'
[1.400s] Level 1:colcon.colcon_core.package_identification:_identify(src) by extensions ['python_setup_py']
[1.401s] Level 1:colcon.colcon_core.package_identification:_identify(src) by extension 'python_setup_py'
[1.406s] Level 1:colcon.colcon_core.package_identification:_identify(src/build) by extensions ['ignore', 'ignore_ament_install']
[1.408s] Level 1:colcon.colcon_core.package_identification:_identify(src/build) by extension 'ignore'
[1.409s] Level 1:colcon.colcon_core.package_identification:_identify(src/build) ignored
[1.415s] Level 1:colcon.colcon_core.package_identification:_identify(src/install) by extensions ['ignore', 'ignore_ament_install']
[1.418s] Level 1:colcon.colcon_core.package_identification:_identify(src/install) by extension 'ignore'
[1.421s] Level 1:colcon.colcon_core.package_identification:_identify(src/install) ignored
[1.426s] Level 1:colcon.colcon_core.package_identification:_identify(src/log) by extensions ['ignore', 'ignore_ament_install']
[1.428s] Level 1:colcon.colcon_core.package_identification:_identify(src/log) by extension 'ignore'
[1.436s] Level 1:colcon.colcon_core.package_identification:_identify(src/log) ignored
[1.477s] Level 1:colcon.colcon_core.package_identification:_identify(src/turtle_bot_15) by extensions ['ignore', 'ignore_ament_install']
[1.478s] Level 1:colcon.colcon_core.package_identification:_identify(src/turtle_bot_15) by extension 'ignore'
[1.481s] Level 1:colcon.colcon_core.package_identification:_identify(src/turtle_bot_15) by extension 'ignore_ament_install'
[1.484s] Level 1:colcon.colcon_core.package_identification:_identify(src/turtle_bot_15) by extensions ['colcon_pkg']
[1.486s] Level 1:colcon.colcon_core.package_identification:_identify(src/turtle_bot_15) by extension 'colcon_pkg'
[1.487s] Level 1:colcon.colcon_core.package_identification:_identify(src/turtle_bot_15) by extensions ['colcon_meta']
[1.488s] Level 1:colcon.colcon_core.package_identification:_identify(src/turtle_bot_15) by extension 'colcon_meta'
[1.491s] Level 1:colcon.colcon_core.package_identification:_identify(src/turtle_bot_15) by extensions ['ros']
[1.492s] Level 1:colcon.colcon_core.package_identification:_identify(src/turtle_bot_15) by extension 'ros'
[1.503s] DEBUG:colcon.colcon_core.package_identification:Package 'src/turtle_bot_15' with type 'ros.ament_python' and name 'turtle_bot_15'
[1.505s] Level 1:colcon.colcon_core.package_discovery:discover_packages(recursive) using defaults
[1.507s] Level 1:colcon.colcon_core.package_discovery:discover_packages(ignore) discover
[1.509s] Level 1:colcon.colcon_core.package_discovery:discover_packages(ignore) using defaults
[1.510s] Level 1:colcon.colcon_core.package_discovery:discover_packages(path) discover
[1.511s] Level 1:colcon.colcon_core.package_discovery:discover_packages(path) using defaults
[1.600s] Level 1:colcon.colcon_core.package_discovery:discover_packages(prefix_path) check parameters
[1.602s] Level 1:colcon.colcon_core.package_discovery:discover_packages(prefix_path) discover
[1.666s] DEBUG:colcon.colcon_installed_package_information.package_discovery:Found 2 installed packages in /home/robotica/Robotica/Taller 1/install
[1.674s] DEBUG:colcon.colcon_installed_package_information.package_discovery:Found 270 installed packages in /opt/ros/humble
[1.699s] Level 1:colcon.colcon_core.package_discovery:discover_packages(prefix_path) using defaults
[1.971s] Level 5:colcon.colcon_core.verb:set package 'turtle_bot_15' build argument 'cmake_args' from command line to 'None'
[1.972s] Level 5:colcon.colcon_core.verb:set package 'turtle_bot_15' build argument 'cmake_target' from command line to 'None'
[1.978s] Level 5:colcon.colcon_core.verb:set package 'turtle_bot_15' build argument 'cmake_target_skip_unavailable' from command line to 'False'
[1.979s] Level 5:colcon.colcon_core.verb:set package 'turtle_bot_15' build argument 'cmake_clean_cache' from command line to 'False'
[1.981s] Level 5:colcon.colcon_core.verb:set package 'turtle_bot_15' build argument 'cmake_clean_first' from command line to 'False'
[1.983s] Level 5:colcon.colcon_core.verb:set package 'turtle_bot_15' build argument 'cmake_force_configure' from command line to 'False'
[1.985s] Level 5:colcon.colcon_core.verb:set package 'turtle_bot_15' build argument 'ament_cmake_args' from command line to 'None'
[1.987s] Level 5:colcon.colcon_core.verb:set package 'turtle_bot_15' build argument 'catkin_cmake_args' from command line to 'None'
[1.988s] Level 5:colcon.colcon_core.verb:set package 'turtle_bot_15' build argument 'catkin_skip_building_tests' from command line to 'False'
[1.992s] DEBUG:colcon.colcon_core.verb:Building package 'turtle_bot_15' with the following arguments: {'ament_cmake_args': None, 'build_base': '/home/robotica/Robotica/Taller 1/build/turtle_bot_15', 'catkin_cmake_args': None, 'catkin_skip_building_tests': False, 'cmake_args': None, 'cmake_clean_cache': False, 'cmake_clean_first': False, 'cmake_force_configure': False, 'cmake_target': None, 'cmake_target_skip_unavailable': False, 'install_base': '/home/robotica/Robotica/Taller 1/install/turtle_bot_15', 'merge_install': False, 'path': '/home/robotica/Robotica/Taller 1/src/turtle_bot_15', 'symlink_install': False, 'test_result_base': None}
[1.996s] INFO:colcon.colcon_core.executor:Executing jobs using 'parallel' executor
[2.009s] DEBUG:colcon.colcon_parallel_executor.executor.parallel:run_until_complete
[2.012s] INFO:colcon.colcon_ros.task.ament_python.build:Building ROS package in '/home/robotica/Robotica/Taller 1/src/turtle_bot_15' with build type 'ament_python'
[2.021s] Level 1:colcon.colcon_core.shell:create_environment_hook('turtle_bot_15', 'ament_prefix_path')
[2.046s] INFO:colcon.colcon_core.plugin_system:Skipping extension 'colcon_core.shell.bat': Not used on non-Windows systems
[2.047s] INFO:colcon.colcon_core.shell:Creating environment hook '/home/robotica/Robotica/Taller 1/install/turtle_bot_15/share/turtle_bot_15/hook/ament_prefix_path.ps1'
[2.056s] INFO:colcon.colcon_core.shell:Creating environment descriptor '/home/robotica/Robotica/Taller 1/install/turtle_bot_15/share/turtle_bot_15/hook/ament_prefix_path.dsv'
[2.064s] INFO:colcon.colcon_core.shell:Creating environment hook '/home/robotica/Robotica/Taller 1/install/turtle_bot_15/share/turtle_bot_15/hook/ament_prefix_path.sh'
[2.073s] INFO:colcon.colcon_core.shell:Skip shell extension 'powershell' for command environment: Not usable outside of PowerShell
[2.075s] DEBUG:colcon.colcon_core.shell:Skip shell extension 'dsv' for command environment
[3.064s] INFO:colcon.colcon_core.task.python.build:Building Python package in '/home/robotica/Robotica/Taller 1/src/turtle_bot_15'
[3.068s] INFO:colcon.colcon_core.shell:Skip shell extension 'powershell' for command environment: Not usable outside of PowerShell
[3.070s] DEBUG:colcon.colcon_core.shell:Skip shell extension 'dsv' for command environment
[4.465s] DEBUG:colcon.colcon_core.event_handler.log_command:Invoking command in '/home/robotica/Robotica/Taller 1/src/turtle_bot_15': PYTHONPATH=/home/robotica/Robotica/Taller 1/build/turtle_bot_15/prefix_override:/home/robotica/Robotica/Taller 1/install/turtle_bot_15/lib/python3.10/site-packages:${PYTHONPATH} /usr/bin/python3 setup.py egg_info --egg-base ../../build/turtle_bot_15 build --build-base /home/robotica/Robotica/Taller 1/build/turtle_bot_15/build install --record /home/robotica/Robotica/Taller 1/build/turtle_bot_15/install.log --single-version-externally-managed
[5.667s] DEBUG:colcon.colcon_core.event_handler.log_command:Invoked command in '/home/robotica/Robotica/Taller 1/src/turtle_bot_15' returned '1': PYTHONPATH=/home/robotica/Robotica/Taller 1/build/turtle_bot_15/prefix_override:/home/robotica/Robotica/Taller 1/install/turtle_bot_15/lib/python3.10/site-packages:${PYTHONPATH} /usr/bin/python3 setup.py egg_info --egg-base ../../build/turtle_bot_15 build --build-base /home/robotica/Robotica/Taller 1/build/turtle_bot_15/build install --record /home/robotica/Robotica/Taller 1/build/turtle_bot_15/install.log --single-version-externally-managed
[5.679s] DEBUG:colcon.colcon_parallel_executor.executor.parallel:closing loop
[5.680s] DEBUG:colcon.colcon_parallel_executor.executor.parallel:loop closed
[5.681s] DEBUG:colcon.colcon_parallel_executor.executor.parallel:run_until_complete finished with '1'
[5.682s] DEBUG:colcon.colcon_core.event_reactor:joining thread
[5.721s] INFO:colcon.colcon_core.plugin_system:Skipping extension 'colcon_notification.desktop_notification.terminal_notifier': Not used on non-Darwin systems
[5.723s] INFO:colcon.colcon_core.plugin_system:Skipping extension 'colcon_notification.desktop_notification.win32': Not used on non-Windows systems
[5.726s] INFO:colcon.colcon_notification.desktop_notification:Sending desktop notification using 'notify2'
[5.803s] DEBUG:colcon.colcon_core.event_reactor:joined thread
[5.808s] INFO:colcon.colcon_core.shell:Creating prefix script '/home/robotica/Robotica/Taller 1/install/local_setup.ps1'
[5.825s] INFO:colcon.colcon_core.shell:Creating prefix util module '/home/robotica/Robotica/Taller 1/install/_local_setup_util_ps1.py'
[5.836s] INFO:colcon.colcon_core.shell:Creating prefix chain script '/home/robotica/Robotica/Taller 1/install/setup.ps1'
[5.864s] INFO:colcon.colcon_core.shell:Creating prefix script '/home/robotica/Robotica/Taller 1/install/local_setup.sh'
[5.901s] INFO:colcon.colcon_core.shell:Creating prefix util module '/home/robotica/Robotica/Taller 1/install/_local_setup_util_sh.py'
[5.915s] INFO:colcon.colcon_core.shell:Creating prefix chain script '/home/robotica/Robotica/Taller 1/install/setup.sh'
[5.935s] INFO:colcon.colcon_core.shell:Creating prefix script '/home/robotica/Robotica/Taller 1/install/local_setup.bash'
[5.946s] INFO:colcon.colcon_core.shell:Creating prefix chain script '/home/robotica/Robotica/Taller 1/install/setup.bash'
[5.987s] INFO:colcon.colcon_core.shell:Creating prefix script '/home/robotica/Robotica/Taller 1/install/local_setup.zsh'
[5.995s] INFO:colcon.colcon_core.shell:Creating prefix chain script '/home/robotica/Robotica/Taller 1/install/setup.zsh'
