[4.496s] Invoking command in '/home/robotica/taller1_grupo15/src/turtle_bot_15': PYTHONPATH=/home/robotica/taller1_grupo15/build/turtle_bot_15/prefix_override:/home/robotica/taller1_grupo15/install/turtle_bot_15/lib/python3.10/site-packages:${PYTHONPATH} /usr/bin/python3 setup.py egg_info --egg-base ../../build/turtle_bot_15 build --build-base /home/robotica/taller1_grupo15/build/turtle_bot_15/build install --record /home/robotica/taller1_grupo15/build/turtle_bot_15/install.log --single-version-externally-managed
[5.961s] running egg_info
[5.970s] writing ../../build/turtle_bot_15/turtle_bot_15.egg-info/PKG-INFO
[5.987s] writing dependency_links to ../../build/turtle_bot_15/turtle_bot_15.egg-info/dependency_links.txt
[5.993s] writing entry points to ../../build/turtle_bot_15/turtle_bot_15.egg-info/entry_points.txt
[5.998s] writing requirements to ../../build/turtle_bot_15/turtle_bot_15.egg-info/requires.txt
[6.007s] writing top-level names to ../../build/turtle_bot_15/turtle_bot_15.egg-info/top_level.txt
[6.037s] reading manifest file '../../build/turtle_bot_15/turtle_bot_15.egg-info/SOURCES.txt'
[6.041s] writing manifest file '../../build/turtle_bot_15/turtle_bot_15.egg-info/SOURCES.txt'
[6.053s] running build
[6.074s] running build_py
[6.076s] copying turtle_bot_15/turtle_bot_interface.py -> /home/robotica/taller1_grupo15/build/turtle_bot_15/build/lib/turtle_bot_15
[6.077s] running install
[6.078s] /usr/lib/python3/dist-packages/setuptools/command/install.py:34: SetuptoolsDeprecationWarning: setup.py install is deprecated. Use build and pip and other standards-based tools.
[6.078s]   warnings.warn(
[6.081s] running install_lib
[6.084s] copying /home/robotica/taller1_grupo15/build/turtle_bot_15/build/lib/turtle_bot_15/turtle_bot_interface.py -> /home/robotica/taller1_grupo15/install/turtle_bot_15/lib/python3.10/site-packages/turtle_bot_15
[6.099s] byte-compiling /home/robotica/taller1_grupo15/install/turtle_bot_15/lib/python3.10/site-packages/turtle_bot_15/turtle_bot_interface.py to turtle_bot_interface.cpython-310.pyc
[6.127s] running install_data
[6.128s] running install_egg_info
[6.136s] removing '/home/robotica/taller1_grupo15/install/turtle_bot_15/lib/python3.10/site-packages/turtle_bot_15-0.0.0-py3.10.egg-info' (and everything under it)
[6.149s] Copying ../../build/turtle_bot_15/turtle_bot_15.egg-info to /home/robotica/taller1_grupo15/install/turtle_bot_15/lib/python3.10/site-packages/turtle_bot_15-0.0.0-py3.10.egg-info
[6.151s] running install_scripts
[6.282s] Installing listener script to /home/robotica/taller1_grupo15/install/turtle_bot_15/lib/turtle_bot_15
[6.305s] Installing talker script to /home/robotica/taller1_grupo15/install/turtle_bot_15/lib/turtle_bot_15
[6.313s] writing list of installed files to '/home/robotica/taller1_grupo15/build/turtle_bot_15/install.log'
[6.560s] Invoked command in '/home/robotica/taller1_grupo15/src/turtle_bot_15' returned '0': PYTHONPATH=/home/robotica/taller1_grupo15/build/turtle_bot_15/prefix_override:/home/robotica/taller1_grupo15/install/turtle_bot_15/lib/python3.10/site-packages:${PYTHONPATH} /usr/bin/python3 setup.py egg_info --egg-base ../../build/turtle_bot_15 build --build-base /home/robotica/taller1_grupo15/build/turtle_bot_15/build install --record /home/robotica/taller1_grupo15/build/turtle_bot_15/install.log --single-version-externally-managed
