[0.719s] DEBUG:colcon:Command line arguments: ['/usr/bin/colcon', 'build']
[0.720s] DEBUG:colcon:Parsed command line arguments: Namespace(log_base=None, log_level=None, verb_name='build', build_base='build', install_base='install', merge_install=False, symlink_install=False, test_result_base=None, continue_on_error=False, executor='parallel', parallel_workers=1, event_handlers=None, ignore_user_meta=False, metas=['./colcon.meta'], base_paths=['.'], packages_ignore=None, packages_ignore_regex=None, paths=None, packages_up_to=None, packages_up_to_regex=None, packages_above=None, packages_above_and_dependencies=None, packages_above_depth=None, packages_select_by_dep=None, packages_skip_by_dep=None, packages_skip_up_to=None, packages_select_build_failed=False, packages_skip_build_finished=False, packages_select_test_failures=False, packages_skip_test_passed=False, packages_select=None, packages_skip=None, packages_select_regex=None, packages_skip_regex=None, packages_start=None, packages_end=None, allow_overriding=[], cmake_args=None, cmake_target=None, cmake_target_skip_unavailable=False, cmake_clean_cache=False, cmake_clean_first=False, cmake_force_configure=False, ament_cmake_args=None, catkin_cmake_args=None, catkin_skip_building_tests=False, verb_parser=<colcon_defaults.argument_parser.defaults.DefaultArgumentsDecorator object at 0x7f2f819edbd0>, verb_extension=<colcon_core.verb.build.BuildVerb object at 0x7f2f82376560>, main=<bound method BuildVerb.main of <colcon_core.verb.build.BuildVerb object at 0x7f2f82376560>>)
[0.779s] Level 1:colcon.colcon_core.package_discovery:discover_packages(colcon_meta) check parameters
[0.779s] Level 1:colcon.colcon_core.package_discovery:discover_packages(recursive) check parameters
[0.780s] Level 1:colcon.colcon_core.package_discovery:discover_packages(ignore) check parameters
[0.780s] Level 1:colcon.colcon_core.package_discovery:discover_packages(path) check parameters
[0.780s] Level 1:colcon.colcon_core.package_discovery:discover_packages(colcon_meta) discover
[0.780s] Level 1:colcon.colcon_core.package_discovery:discover_packages(recursive) discover
[0.780s] INFO:colcon.colcon_core.package_discovery:Crawling recursively for packages in '/home/robotica/taller1_grupo15'
[0.780s] Level 1:colcon.colcon_core.package_identification:_identify(.) by extensions ['ignore', 'ignore_ament_install']
[0.780s] Level 1:colcon.colcon_core.package_identification:_identify(.) by extension 'ignore'
[0.780s] Level 1:colcon.colcon_core.package_identification:_identify(.) by extension 'ignore_ament_install'
[0.780s] Level 1:colcon.colcon_core.package_identification:_identify(.) by extensions ['colcon_pkg']
[0.780s] Level 1:colcon.colcon_core.package_identification:_identify(.) by extension 'colcon_pkg'
[0.780s] Level 1:colcon.colcon_core.package_identification:_identify(.) by extensions ['colcon_meta']
[0.780s] Level 1:colcon.colcon_core.package_identification:_identify(.) by extension 'colcon_meta'
[0.780s] Level 1:colcon.colcon_core.package_identification:_identify(.) by extensions ['ros']
[0.780s] Level 1:colcon.colcon_core.package_identification:_identify(.) by extension 'ros'
[0.842s] Level 1:colcon.colcon_core.package_identification:_identify(.) by extensions ['cmake', 'python']
[0.842s] Level 1:colcon.colcon_core.package_identification:_identify(.) by extension 'cmake'
[0.842s] Level 1:colcon.colcon_core.package_identification:_identify(.) by extension 'python'
[0.842s] Level 1:colcon.colcon_core.package_identification:_identify(.) by extensions ['python_setup_py']
[0.842s] Level 1:colcon.colcon_core.package_identification:_identify(.) by extension 'python_setup_py'
[0.843s] Level 1:colcon.colcon_core.package_identification:_identify(build) by extensions ['ignore', 'ignore_ament_install']
[0.843s] Level 1:colcon.colcon_core.package_identification:_identify(build) by extension 'ignore'
[0.843s] Level 1:colcon.colcon_core.package_identification:_identify(build) ignored
[0.843s] Level 1:colcon.colcon_core.package_identification:_identify(install) by extensions ['ignore', 'ignore_ament_install']
[0.843s] Level 1:colcon.colcon_core.package_identification:_identify(install) by extension 'ignore'
[0.843s] Level 1:colcon.colcon_core.package_identification:_identify(install) ignored
[0.843s] Level 1:colcon.colcon_core.package_identification:_identify(keyboard) by extensions ['ignore', 'ignore_ament_install']
[0.843s] Level 1:colcon.colcon_core.package_identification:_identify(keyboard) by extension 'ignore'
[0.843s] Level 1:colcon.colcon_core.package_identification:_identify(keyboard) by extension 'ignore_ament_install'
[0.843s] Level 1:colcon.colcon_core.package_identification:_identify(keyboard) by extensions ['colcon_pkg']
[0.843s] Level 1:colcon.colcon_core.package_identification:_identify(keyboard) by extension 'colcon_pkg'
[0.844s] Level 1:colcon.colcon_core.package_identification:_identify(keyboard) by extensions ['colcon_meta']
[0.844s] Level 1:colcon.colcon_core.package_identification:_identify(keyboard) by extension 'colcon_meta'
[0.844s] Level 1:colcon.colcon_core.package_identification:_identify(keyboard) by extensions ['ros']
[0.844s] Level 1:colcon.colcon_core.package_identification:_identify(keyboard) by extension 'ros'
[0.844s] Level 1:colcon.colcon_core.package_identification:_identify(keyboard) by extensions ['cmake', 'python']
[0.844s] Level 1:colcon.colcon_core.package_identification:_identify(keyboard) by extension 'cmake'
[0.844s] Level 1:colcon.colcon_core.package_identification:_identify(keyboard) by extension 'python'
[0.845s] Level 1:colcon.colcon_core.package_identification:_identify(keyboard) by extensions ['python_setup_py']
[0.845s] Level 1:colcon.colcon_core.package_identification:_identify(keyboard) by extension 'python_setup_py'
[1.449s] DEBUG:colcon.colcon_core.package_identification:Package 'keyboard' with type 'python' and name 'keyboard'
[1.449s] Level 1:colcon.colcon_core.package_identification:_identify(log) by extensions ['ignore', 'ignore_ament_install']
[1.449s] Level 1:colcon.colcon_core.package_identification:_identify(log) by extension 'ignore'
[1.449s] Level 1:colcon.colcon_core.package_identification:_identify(log) ignored
[1.449s] Level 1:colcon.colcon_core.package_identification:_identify(src) by extensions ['ignore', 'ignore_ament_install']
[1.449s] Level 1:colcon.colcon_core.package_identification:_identify(src) by extension 'ignore'
[1.449s] Level 1:colcon.colcon_core.package_identification:_identify(src) by extension 'ignore_ament_install'
[1.449s] Level 1:colcon.colcon_core.package_identification:_identify(src) by extensions ['colcon_pkg']
[1.449s] Level 1:colcon.colcon_core.package_identification:_identify(src) by extension 'colcon_pkg'
[1.450s] Level 1:colcon.colcon_core.package_identification:_identify(src) by extensions ['colcon_meta']
[1.450s] Level 1:colcon.colcon_core.package_identification:_identify(src) by extension 'colcon_meta'
[1.450s] Level 1:colcon.colcon_core.package_identification:_identify(src) by extensions ['ros']
[1.450s] Level 1:colcon.colcon_core.package_identification:_identify(src) by extension 'ros'
[1.450s] Level 1:colcon.colcon_core.package_identification:_identify(src) by extensions ['cmake', 'python']
[1.450s] Level 1:colcon.colcon_core.package_identification:_identify(src) by extension 'cmake'
[1.450s] Level 1:colcon.colcon_core.package_identification:_identify(src) by extension 'python'
[1.450s] Level 1:colcon.colcon_core.package_identification:_identify(src) by extensions ['python_setup_py']
[1.450s] Level 1:colcon.colcon_core.package_identification:_identify(src) by extension 'python_setup_py'
[1.450s] Level 1:colcon.colcon_core.package_identification:_identify(src/turtle_bot_15) by extensions ['ignore', 'ignore_ament_install']
[1.450s] Level 1:colcon.colcon_core.package_identification:_identify(src/turtle_bot_15) by extension 'ignore'
[1.450s] Level 1:colcon.colcon_core.package_identification:_identify(src/turtle_bot_15) by extension 'ignore_ament_install'
[1.450s] Level 1:colcon.colcon_core.package_identification:_identify(src/turtle_bot_15) by extensions ['colcon_pkg']
[1.450s] Level 1:colcon.colcon_core.package_identification:_identify(src/turtle_bot_15) by extension 'colcon_pkg'
[1.450s] Level 1:colcon.colcon_core.package_identification:_identify(src/turtle_bot_15) by extensions ['colcon_meta']
[1.450s] Level 1:colcon.colcon_core.package_identification:_identify(src/turtle_bot_15) by extension 'colcon_meta'
[1.450s] Level 1:colcon.colcon_core.package_identification:_identify(src/turtle_bot_15) by extensions ['ros']
[1.451s] Level 1:colcon.colcon_core.package_identification:_identify(src/turtle_bot_15) by extension 'ros'
[1.453s] DEBUG:colcon.colcon_core.package_identification:Package 'src/turtle_bot_15' with type 'ros.ament_python' and name 'turtle_bot_15'
[1.453s] Level 1:colcon.colcon_core.package_discovery:discover_packages(recursive) using defaults
[1.453s] Level 1:colcon.colcon_core.package_discovery:discover_packages(ignore) discover
[1.453s] Level 1:colcon.colcon_core.package_discovery:discover_packages(ignore) using defaults
[1.454s] Level 1:colcon.colcon_core.package_discovery:discover_packages(path) discover
[1.454s] Level 1:colcon.colcon_core.package_discovery:discover_packages(path) using defaults
[1.501s] Level 1:colcon.colcon_core.package_discovery:discover_packages(prefix_path) check parameters
[1.501s] Level 1:colcon.colcon_core.package_discovery:discover_packages(prefix_path) discover
[1.504s] DEBUG:colcon.colcon_installed_package_information.package_discovery:Found 2 installed packages in /home/robotica/taller1_grupo15/install
[1.506s] DEBUG:colcon.colcon_installed_package_information.package_discovery:Found 284 installed packages in /opt/ros/humble
[1.519s] Level 1:colcon.colcon_core.package_discovery:discover_packages(prefix_path) using defaults
[1.697s] Level 5:colcon.colcon_core.verb:set package 'keyboard' build argument 'cmake_args' from command line to 'None'
[1.697s] Level 5:colcon.colcon_core.verb:set package 'keyboard' build argument 'cmake_target' from command line to 'None'
[1.697s] Level 5:colcon.colcon_core.verb:set package 'keyboard' build argument 'cmake_target_skip_unavailable' from command line to 'False'
[1.697s] Level 5:colcon.colcon_core.verb:set package 'keyboard' build argument 'cmake_clean_cache' from command line to 'False'
[1.697s] Level 5:colcon.colcon_core.verb:set package 'keyboard' build argument 'cmake_clean_first' from command line to 'False'
[1.697s] Level 5:colcon.colcon_core.verb:set package 'keyboard' build argument 'cmake_force_configure' from command line to 'False'
[1.697s] Level 5:colcon.colcon_core.verb:set package 'keyboard' build argument 'ament_cmake_args' from command line to 'None'
[1.697s] Level 5:colcon.colcon_core.verb:set package 'keyboard' build argument 'catkin_cmake_args' from command line to 'None'
[1.697s] Level 5:colcon.colcon_core.verb:set package 'keyboard' build argument 'catkin_skip_building_tests' from command line to 'False'
[1.698s] DEBUG:colcon.colcon_core.verb:Building package 'keyboard' with the following arguments: {'ament_cmake_args': None, 'build_base': '/home/robotica/taller1_grupo15/build/keyboard', 'catkin_cmake_args': None, 'catkin_skip_building_tests': False, 'cmake_args': None, 'cmake_clean_cache': False, 'cmake_clean_first': False, 'cmake_force_configure': False, 'cmake_target': None, 'cmake_target_skip_unavailable': False, 'install_base': '/home/robotica/taller1_grupo15/install/keyboard', 'merge_install': False, 'path': '/home/robotica/taller1_grupo15/keyboard', 'symlink_install': False, 'test_result_base': None}
[1.699s] Level 5:colcon.colcon_core.verb:set package 'turtle_bot_15' build argument 'cmake_args' from command line to 'None'
[1.699s] Level 5:colcon.colcon_core.verb:set package 'turtle_bot_15' build argument 'cmake_target' from command line to 'None'
[1.699s] Level 5:colcon.colcon_core.verb:set package 'turtle_bot_15' build argument 'cmake_target_skip_unavailable' from command line to 'False'
[1.699s] Level 5:colcon.colcon_core.verb:set package 'turtle_bot_15' build argument 'cmake_clean_cache' from command line to 'False'
[1.699s] Level 5:colcon.colcon_core.verb:set package 'turtle_bot_15' build argument 'cmake_clean_first' from command line to 'False'
[1.699s] Level 5:colcon.colcon_core.verb:set package 'turtle_bot_15' build argument 'cmake_force_configure' from command line to 'False'
[1.699s] Level 5:colcon.colcon_core.verb:set package 'turtle_bot_15' build argument 'ament_cmake_args' from command line to 'None'
[1.699s] Level 5:colcon.colcon_core.verb:set package 'turtle_bot_15' build argument 'catkin_cmake_args' from command line to 'None'
[1.699s] Level 5:colcon.colcon_core.verb:set package 'turtle_bot_15' build argument 'catkin_skip_building_tests' from command line to 'False'
[1.699s] DEBUG:colcon.colcon_core.verb:Building package 'turtle_bot_15' with the following arguments: {'ament_cmake_args': None, 'build_base': '/home/robotica/taller1_grupo15/build/turtle_bot_15', 'catkin_cmake_args': None, 'catkin_skip_building_tests': False, 'cmake_args': None, 'cmake_clean_cache': False, 'cmake_clean_first': False, 'cmake_force_configure': False, 'cmake_target': None, 'cmake_target_skip_unavailable': False, 'install_base': '/home/robotica/taller1_grupo15/install/turtle_bot_15', 'merge_install': False, 'path': '/home/robotica/taller1_grupo15/src/turtle_bot_15', 'symlink_install': False, 'test_result_base': None}
[1.700s] INFO:colcon.colcon_core.executor:Executing jobs using 'parallel' executor
[1.718s] DEBUG:colcon.colcon_parallel_executor.executor.parallel:run_until_complete
[1.718s] INFO:colcon.colcon_core.task.python.build:Building Python package in '/home/robotica/taller1_grupo15/keyboard'
[1.723s] INFO:colcon.colcon_core.plugin_system:Skipping extension 'colcon_core.shell.bat': Not used on non-Windows systems
[1.724s] INFO:colcon.colcon_core.shell:Skip shell extension 'powershell' for command environment: Not usable outside of PowerShell
[1.724s] DEBUG:colcon.colcon_core.shell:Skip shell extension 'dsv' for command environment
[3.422s] DEBUG:colcon.colcon_core.event_handler.log_command:Invoking command in '/home/robotica/taller1_grupo15/keyboard': PYTHONPATH=/home/robotica/taller1_grupo15/build/keyboard/prefix_override:/home/robotica/taller1_grupo15/install/keyboard/lib/python3.10/site-packages:${PYTHONPATH} /usr/bin/python3 setup.py egg_info --egg-base ../build/keyboard build --build-base /home/robotica/taller1_grupo15/build/keyboard/build install --record /home/robotica/taller1_grupo15/build/keyboard/install.log --single-version-externally-managed
[4.275s] Level 1:colcon.colcon_core.environment:checking '/home/robotica/taller1_grupo15/install/keyboard' for CMake module files
[4.276s] Level 1:colcon.colcon_core.environment:checking '/home/robotica/taller1_grupo15/install/keyboard' for CMake config files
[4.277s] Level 1:colcon.colcon_core.environment:checking '/home/robotica/taller1_grupo15/install/keyboard/lib'
[4.277s] Level 1:colcon.colcon_core.environment:checking '/home/robotica/taller1_grupo15/install/keyboard/bin'
[4.277s] Level 1:colcon.colcon_core.environment:checking '/home/robotica/taller1_grupo15/install/keyboard/lib/pkgconfig/keyboard.pc'
[4.277s] Level 1:colcon.colcon_core.environment:checking '/home/robotica/taller1_grupo15/install/keyboard/lib/python3.10/site-packages'
[4.277s] Level 1:colcon.colcon_core.shell:create_environment_hook('keyboard', 'pythonpath')
[4.279s] INFO:colcon.colcon_core.shell:Creating environment hook '/home/robotica/taller1_grupo15/install/keyboard/share/keyboard/hook/pythonpath.ps1'
[4.289s] DEBUG:colcon.colcon_core.event_handler.log_command:Invoked command in '/home/robotica/taller1_grupo15/keyboard' returned '0': PYTHONPATH=/home/robotica/taller1_grupo15/build/keyboard/prefix_override:/home/robotica/taller1_grupo15/install/keyboard/lib/python3.10/site-packages:${PYTHONPATH} /usr/bin/python3 setup.py egg_info --egg-base ../build/keyboard build --build-base /home/robotica/taller1_grupo15/build/keyboard/build install --record /home/robotica/taller1_grupo15/build/keyboard/install.log --single-version-externally-managed
[4.293s] INFO:colcon.colcon_core.shell:Creating environment descriptor '/home/robotica/taller1_grupo15/install/keyboard/share/keyboard/hook/pythonpath.dsv'
[4.295s] INFO:colcon.colcon_core.shell:Creating environment hook '/home/robotica/taller1_grupo15/install/keyboard/share/keyboard/hook/pythonpath.sh'
[4.297s] Level 1:colcon.colcon_core.environment:checking '/home/robotica/taller1_grupo15/install/keyboard/bin'
[4.297s] Level 1:colcon.colcon_core.environment:create_environment_scripts_only(keyboard)
[4.299s] INFO:colcon.colcon_core.shell:Creating package script '/home/robotica/taller1_grupo15/install/keyboard/share/keyboard/package.ps1'
[4.301s] INFO:colcon.colcon_core.shell:Creating package descriptor '/home/robotica/taller1_grupo15/install/keyboard/share/keyboard/package.dsv'
[4.303s] INFO:colcon.colcon_core.shell:Creating package script '/home/robotica/taller1_grupo15/install/keyboard/share/keyboard/package.sh'
[4.304s] INFO:colcon.colcon_core.shell:Creating package script '/home/robotica/taller1_grupo15/install/keyboard/share/keyboard/package.bash'
[4.306s] INFO:colcon.colcon_core.shell:Creating package script '/home/robotica/taller1_grupo15/install/keyboard/share/keyboard/package.zsh'
[4.307s] Level 1:colcon.colcon_core.environment:create_file_with_runtime_dependencies(/home/robotica/taller1_grupo15/install/keyboard/share/colcon-core/packages/keyboard)
[4.323s] INFO:colcon.colcon_ros.task.ament_python.build:Building ROS package in '/home/robotica/taller1_grupo15/src/turtle_bot_15' with build type 'ament_python'
[4.323s] Level 1:colcon.colcon_core.shell:create_environment_hook('turtle_bot_15', 'ament_prefix_path')
[4.325s] INFO:colcon.colcon_core.shell:Creating environment hook '/home/robotica/taller1_grupo15/install/turtle_bot_15/share/turtle_bot_15/hook/ament_prefix_path.ps1'
[4.327s] INFO:colcon.colcon_core.shell:Creating environment descriptor '/home/robotica/taller1_grupo15/install/turtle_bot_15/share/turtle_bot_15/hook/ament_prefix_path.dsv'
[4.329s] INFO:colcon.colcon_core.shell:Creating environment hook '/home/robotica/taller1_grupo15/install/turtle_bot_15/share/turtle_bot_15/hook/ament_prefix_path.sh'
[4.332s] INFO:colcon.colcon_core.shell:Skip shell extension 'powershell' for command environment: Not usable outside of PowerShell
[4.333s] DEBUG:colcon.colcon_core.shell:Skip shell extension 'dsv' for command environment
[5.073s] INFO:colcon.colcon_core.task.python.build:Building Python package in '/home/robotica/taller1_grupo15/src/turtle_bot_15'
[5.079s] INFO:colcon.colcon_core.shell:Skip shell extension 'powershell' for command environment: Not usable outside of PowerShell
[5.079s] DEBUG:colcon.colcon_core.shell:Skip shell extension 'dsv' for command environment
[5.873s] DEBUG:colcon.colcon_core.event_handler.log_command:Invoking command in '/home/robotica/taller1_grupo15/src/turtle_bot_15': PYTHONPATH=/home/robotica/taller1_grupo15/build/turtle_bot_15/prefix_override:/home/robotica/taller1_grupo15/install/turtle_bot_15/lib/python3.10/site-packages:${PYTHONPATH} /usr/bin/python3 setup.py egg_info --egg-base ../../build/turtle_bot_15 build --build-base /home/robotica/taller1_grupo15/build/turtle_bot_15/build install --record /home/robotica/taller1_grupo15/build/turtle_bot_15/install.log --single-version-externally-managed
[6.625s] Level 1:colcon.colcon_core.environment:checking '/home/robotica/taller1_grupo15/install/turtle_bot_15' for CMake module files
[6.626s] Level 1:colcon.colcon_core.environment:checking '/home/robotica/taller1_grupo15/install/turtle_bot_15' for CMake config files
[6.626s] Level 1:colcon.colcon_core.environment:checking '/home/robotica/taller1_grupo15/install/turtle_bot_15/lib'
[6.626s] Level 1:colcon.colcon_core.environment:checking '/home/robotica/taller1_grupo15/install/turtle_bot_15/bin'
[6.626s] Level 1:colcon.colcon_core.environment:checking '/home/robotica/taller1_grupo15/install/turtle_bot_15/lib/pkgconfig/turtle_bot_15.pc'
[6.626s] Level 1:colcon.colcon_core.environment:checking '/home/robotica/taller1_grupo15/install/turtle_bot_15/lib/python3.10/site-packages'
[6.627s] Level 1:colcon.colcon_core.shell:create_environment_hook('turtle_bot_15', 'pythonpath')
[6.628s] INFO:colcon.colcon_core.shell:Creating environment hook '/home/robotica/taller1_grupo15/install/turtle_bot_15/share/turtle_bot_15/hook/pythonpath.ps1'
[6.632s] DEBUG:colcon.colcon_core.event_handler.log_command:Invoked command in '/home/robotica/taller1_grupo15/src/turtle_bot_15' returned '0': PYTHONPATH=/home/robotica/taller1_grupo15/build/turtle_bot_15/prefix_override:/home/robotica/taller1_grupo15/install/turtle_bot_15/lib/python3.10/site-packages:${PYTHONPATH} /usr/bin/python3 setup.py egg_info --egg-base ../../build/turtle_bot_15 build --build-base /home/robotica/taller1_grupo15/build/turtle_bot_15/build install --record /home/robotica/taller1_grupo15/build/turtle_bot_15/install.log --single-version-externally-managed
[6.635s] INFO:colcon.colcon_core.shell:Creating environment descriptor '/home/robotica/taller1_grupo15/install/turtle_bot_15/share/turtle_bot_15/hook/pythonpath.dsv'
[6.637s] INFO:colcon.colcon_core.shell:Creating environment hook '/home/robotica/taller1_grupo15/install/turtle_bot_15/share/turtle_bot_15/hook/pythonpath.sh'
[6.638s] Level 1:colcon.colcon_core.environment:checking '/home/robotica/taller1_grupo15/install/turtle_bot_15/bin'
[6.638s] Level 1:colcon.colcon_core.environment:create_environment_scripts_only(turtle_bot_15)
[6.640s] INFO:colcon.colcon_core.shell:Creating package script '/home/robotica/taller1_grupo15/install/turtle_bot_15/share/turtle_bot_15/package.ps1'
[6.642s] INFO:colcon.colcon_core.shell:Creating package descriptor '/home/robotica/taller1_grupo15/install/turtle_bot_15/share/turtle_bot_15/package.dsv'
[6.643s] INFO:colcon.colcon_core.shell:Creating package script '/home/robotica/taller1_grupo15/install/turtle_bot_15/share/turtle_bot_15/package.sh'
[6.644s] INFO:colcon.colcon_core.shell:Creating package script '/home/robotica/taller1_grupo15/install/turtle_bot_15/share/turtle_bot_15/package.bash'
[6.646s] INFO:colcon.colcon_core.shell:Creating package script '/home/robotica/taller1_grupo15/install/turtle_bot_15/share/turtle_bot_15/package.zsh'
[6.647s] Level 1:colcon.colcon_core.environment:create_file_with_runtime_dependencies(/home/robotica/taller1_grupo15/install/turtle_bot_15/share/colcon-core/packages/turtle_bot_15)
[6.649s] DEBUG:colcon.colcon_parallel_executor.executor.parallel:closing loop
[6.649s] DEBUG:colcon.colcon_parallel_executor.executor.parallel:loop closed
[6.649s] DEBUG:colcon.colcon_parallel_executor.executor.parallel:run_until_complete finished with '0'
[6.649s] DEBUG:colcon.colcon_core.event_reactor:joining thread
[6.666s] INFO:colcon.colcon_core.plugin_system:Skipping extension 'colcon_notification.desktop_notification.terminal_notifier': Not used on non-Darwin systems
[6.666s] INFO:colcon.colcon_core.plugin_system:Skipping extension 'colcon_notification.desktop_notification.win32': Not used on non-Windows systems
[6.666s] INFO:colcon.colcon_notification.desktop_notification:Sending desktop notification using 'notify2'
[6.708s] DEBUG:colcon.colcon_core.event_reactor:joined thread
[6.709s] INFO:colcon.colcon_core.shell:Creating prefix script '/home/robotica/taller1_grupo15/install/local_setup.ps1'
[6.725s] INFO:colcon.colcon_core.shell:Creating prefix util module '/home/robotica/taller1_grupo15/install/_local_setup_util_ps1.py'
[6.729s] INFO:colcon.colcon_core.shell:Creating prefix chain script '/home/robotica/taller1_grupo15/install/setup.ps1'
[6.735s] INFO:colcon.colcon_core.shell:Creating prefix script '/home/robotica/taller1_grupo15/install/local_setup.sh'
[6.746s] INFO:colcon.colcon_core.shell:Creating prefix util module '/home/robotica/taller1_grupo15/install/_local_setup_util_sh.py'
[6.757s] INFO:colcon.colcon_core.shell:Creating prefix chain script '/home/robotica/taller1_grupo15/install/setup.sh'
[6.761s] INFO:colcon.colcon_core.shell:Creating prefix script '/home/robotica/taller1_grupo15/install/local_setup.bash'
[6.765s] INFO:colcon.colcon_core.shell:Creating prefix chain script '/home/robotica/taller1_grupo15/install/setup.bash'
[6.775s] INFO:colcon.colcon_core.shell:Creating prefix script '/home/robotica/taller1_grupo15/install/local_setup.zsh'
[6.777s] INFO:colcon.colcon_core.shell:Creating prefix chain script '/home/robotica/taller1_grupo15/install/setup.zsh'
