[0.696s] Invoking command in '/home/robotica/Robotica/Taller 1/src/build/turtle_bot_servcli': /usr/bin/cmake /home/robotica/Robotica/Taller 1/src/turtle_bot_servcli -DCMAKE_INSTALL_PREFIX=/home/robotica/Robotica/Taller 1/src/install/turtle_bot_servcli
[0.764s] -- Found ament_cmake: 1.3.3 (/opt/ros/humble/share/ament_cmake/cmake)
[1.151s] -- Found ament_lint_auto: 0.12.4 (/opt/ros/humble/share/ament_lint_auto/cmake)
[1.335s] Error parsing '/home/robotica/Robotica/Taller 1/src/turtle_bot_servcli/package.xml':
[1.474s] Traceback (most recent call last):
[1.487s]   File "/opt/ros/humble/share/ament_cmake_core/cmake/core/package_xml_2_cmake.py", line 150, in <module>
[1.495s]     main()
[1.502s]   File "/opt/ros/humble/share/ament_cmake_core/cmake/core/package_xml_2_cmake.py", line 53, in main
[1.527s]     raise e
[1.535s]   File "/opt/ros/humble/share/ament_cmake_core/cmake/core/package_xml_2_cmake.py", line 49, in main
[1.539s]     package = parse_package_string(
[1.544s]   File "/usr/lib/python3/dist-packages/catkin_pkg/package.py", line 788, in parse_package_string
[1.549s]     pkg.validate(warnings=warnings)
[1.553s]   File "/usr/lib/python3/dist-packages/catkin_pkg/package.py", line 330, in validate
[1.557s]     raise InvalidPackage('\n'.join(errors), self.filename)
[1.560s] catkin_pkg.package.InvalidPackage: Error(s) in package '/home/robotica/Robotica/Taller 1/src/turtle_bot_servcli/package.xml':
[1.562s] The package "turtle_bot_servcli" must not "exec_depend" on a package with the same name as this package
[1.564s] [31mCMake Error at /opt/ros/humble/share/ament_cmake_core/cmake/core/ament_package_xml.cmake:95 (message):
[1.570s]   execute_process(/usr/bin/python3.10
[1.573s]   /opt/ros/humble/share/ament_cmake_core/cmake/core/package_xml_2_cmake.py
[1.577s]   /home/robotica/Robotica/Taller 1/src/turtle_bot_servcli/package.xml
[1.587s]   /home/robotica/Robotica/Taller
[1.591s]   1/src/build/turtle_bot_servcli/ament_cmake_core/package.cmake) returned
[1.595s]   error code 1
[1.598s] Call Stack (most recent call first):
[1.603s]   /opt/ros/humble/share/ament_cmake_core/cmake/core/ament_package_xml.cmake:49 (_ament_package_xml)
[1.605s]   /opt/ros/humble/share/ament_lint_auto/cmake/ament_lint_auto_find_test_dependencies.cmake:31 (ament_package_xml)
[1.609s]   CMakeLists.txt:23 (ament_lint_auto_find_test_dependencies)
[1.613s] 
[1.616s] [0m
[1.618s] -- Configuring incomplete, errors occurred!
[1.623s] See also "/home/robotica/Robotica/Taller 1/src/build/turtle_bot_servcli/CMakeFiles/CMakeOutput.log".
[1.625s] Invoked command in '/home/robotica/Robotica/Taller 1/src/build/turtle_bot_servcli' returned '1': /usr/bin/cmake /home/robotica/Robotica/Taller 1/src/turtle_bot_servcli -DCMAKE_INSTALL_PREFIX=/home/robotica/Robotica/Taller 1/src/install/turtle_bot_servcli
