[3.106s] Invoking command in '/home/robotica/taller1_grupo15/keyboard': PYTHONPATH=/home/robotica/taller1_grupo15/build/keyboard/prefix_override:/home/robotica/taller1_grupo15/install/keyboard/lib/python3.10/site-packages:${PYTHONPATH} /usr/bin/python3 setup.py egg_info --egg-base ../build/keyboard build --build-base /home/robotica/taller1_grupo15/build/keyboard/build install --record /home/robotica/taller1_grupo15/build/keyboard/install.log --single-version-externally-managed
[5.035s] running egg_info
[5.037s] writing ../build/keyboard/keyboard.egg-info/PKG-INFO
[5.052s] writing dependency_links to ../build/keyboard/keyboard.egg-info/dependency_links.txt
[5.074s] writing requirements to ../build/keyboard/keyboard.egg-info/requires.txt
[5.079s] writing top-level names to ../build/keyboard/keyboard.egg-info/top_level.txt
[5.104s] reading manifest file '../build/keyboard/keyboard.egg-info/SOURCES.txt'
[5.105s] reading manifest template 'MANIFEST.in'
[5.105s] adding license file 'LICENSE.txt'
[5.107s] writing manifest file '../build/keyboard/keyboard.egg-info/SOURCES.txt'
[5.114s] running build
[5.114s] running build_py
[5.126s] running install
[5.127s] /usr/lib/python3/dist-packages/setuptools/command/install.py:34: SetuptoolsDeprecationWarning: setup.py install is deprecated. Use build and pip and other standards-based tools.
[5.127s]   warnings.warn(
[5.128s] running install_lib
[5.136s] running install_egg_info
[5.147s] removing '/home/robotica/taller1_grupo15/install/keyboard/lib/python3.10/site-packages/keyboard-0.13.5-py3.10.egg-info' (and everything under it)
[5.148s] Copying ../build/keyboard/keyboard.egg-info to /home/robotica/taller1_grupo15/install/keyboard/lib/python3.10/site-packages/keyboard-0.13.5-py3.10.egg-info
[5.150s] running install_scripts
[5.358s] writing list of installed files to '/home/robotica/taller1_grupo15/build/keyboard/install.log'
[5.579s] Invoked command in '/home/robotica/taller1_grupo15/keyboard' returned '0': PYTHONPATH=/home/robotica/taller1_grupo15/build/keyboard/prefix_override:/home/robotica/taller1_grupo15/install/keyboard/lib/python3.10/site-packages:${PYTHONPATH} /usr/bin/python3 setup.py egg_info --egg-base ../build/keyboard build --build-base /home/robotica/taller1_grupo15/build/keyboard/build install --record /home/robotica/taller1_grupo15/build/keyboard/install.log --single-version-externally-managed
