[5.752s] Invoking command in '/home/robotica/taller1_grupo15/keyboard': PYTHONPATH=/home/robotica/taller1_grupo15/build/keyboard/prefix_override:/home/robotica/taller1_grupo15/install/keyboard/lib/python3.10/site-packages:${PYTHONPATH} /usr/bin/python3 setup.py egg_info --egg-base ../build/keyboard build --build-base /home/robotica/taller1_grupo15/build/keyboard/build install --record /home/robotica/taller1_grupo15/build/keyboard/install.log --single-version-externally-managed
[7.692s] running egg_info
[7.695s] writing ../build/keyboard/keyboard.egg-info/PKG-INFO
[7.712s] writing dependency_links to ../build/keyboard/keyboard.egg-info/dependency_links.txt
[7.716s] writing requirements to ../build/keyboard/keyboard.egg-info/requires.txt
[7.732s] writing top-level names to ../build/keyboard/keyboard.egg-info/top_level.txt
[7.763s] reading manifest file '../build/keyboard/keyboard.egg-info/SOURCES.txt'
[7.765s] reading manifest template 'MANIFEST.in'
[7.766s] adding license file 'LICENSE.txt'
[7.769s] writing manifest file '../build/keyboard/keyboard.egg-info/SOURCES.txt'
[7.792s] running build
[7.793s] running build_py
[7.797s] running install
[7.798s] /usr/lib/python3/dist-packages/setuptools/command/install.py:34: SetuptoolsDeprecationWarning: setup.py install is deprecated. Use build and pip and other standards-based tools.
[7.799s]   warnings.warn(
[7.800s] running install_lib
[7.816s] running install_egg_info
[7.820s] removing '/home/robotica/taller1_grupo15/install/keyboard/lib/python3.10/site-packages/keyboard-0.13.5-py3.10.egg-info' (and everything under it)
[7.825s] Copying ../build/keyboard/keyboard.egg-info to /home/robotica/taller1_grupo15/install/keyboard/lib/python3.10/site-packages/keyboard-0.13.5-py3.10.egg-info
[7.835s] running install_scripts
[8.025s] writing list of installed files to '/home/robotica/taller1_grupo15/build/keyboard/install.log'
[8.284s] Invoked command in '/home/robotica/taller1_grupo15/keyboard' returned '0': PYTHONPATH=/home/robotica/taller1_grupo15/build/keyboard/prefix_override:/home/robotica/taller1_grupo15/install/keyboard/lib/python3.10/site-packages:${PYTHONPATH} /usr/bin/python3 setup.py egg_info --egg-base ../build/keyboard build --build-base /home/robotica/taller1_grupo15/build/keyboard/build install --record /home/robotica/taller1_grupo15/build/keyboard/install.log --single-version-externally-managed
