[1.863s] Invoking command in '/home/robotica/taller1_grupo15/keyboard': PYTHONPATH=/home/robotica/taller1_grupo15/build/keyboard/prefix_override:/home/robotica/taller1_grupo15/install/keyboard/lib/python3.10/site-packages:${PYTHONPATH} /usr/bin/python3 setup.py egg_info --egg-base ../build/keyboard build --build-base /home/robotica/taller1_grupo15/build/keyboard/build install --record /home/robotica/taller1_grupo15/build/keyboard/install.log --single-version-externally-managed
[2.689s] running egg_info
[2.690s] writing ../build/keyboard/keyboard.egg-info/PKG-INFO
[2.704s] writing dependency_links to ../build/keyboard/keyboard.egg-info/dependency_links.txt
[2.705s] writing requirements to ../build/keyboard/keyboard.egg-info/requires.txt
[2.708s] writing top-level names to ../build/keyboard/keyboard.egg-info/top_level.txt
[2.711s] reading manifest file '../build/keyboard/keyboard.egg-info/SOURCES.txt'
[2.711s] reading manifest template 'MANIFEST.in'
[2.712s] adding license file 'LICENSE.txt'
[2.714s] writing manifest file '../build/keyboard/keyboard.egg-info/SOURCES.txt'
[2.732s] running build
[2.732s] running build_py
[2.734s] running install
[2.735s] /usr/lib/python3/dist-packages/setuptools/command/install.py:34: SetuptoolsDeprecationWarning: setup.py install is deprecated. Use build and pip and other standards-based tools.
[2.735s]   warnings.warn(
[2.736s] running install_lib
[2.738s] running install_egg_info
[2.744s] removing '/home/robotica/taller1_grupo15/install/keyboard/lib/python3.10/site-packages/keyboard-0.13.5-py3.10.egg-info' (and everything under it)
[2.745s] Copying ../build/keyboard/keyboard.egg-info to /home/robotica/taller1_grupo15/install/keyboard/lib/python3.10/site-packages/keyboard-0.13.5-py3.10.egg-info
[2.746s] running install_scripts
[2.811s] writing list of installed files to '/home/robotica/taller1_grupo15/build/keyboard/install.log'
[2.942s] Invoked command in '/home/robotica/taller1_grupo15/keyboard' returned '0': PYTHONPATH=/home/robotica/taller1_grupo15/build/keyboard/prefix_override:/home/robotica/taller1_grupo15/install/keyboard/lib/python3.10/site-packages:${PYTHONPATH} /usr/bin/python3 setup.py egg_info --egg-base ../build/keyboard build --build-base /home/robotica/taller1_grupo15/build/keyboard/build install --record /home/robotica/taller1_grupo15/build/keyboard/install.log --single-version-externally-managed
