[1.697s] Invoking command in '/home/robotica/taller1_grupo15/keyboard': PYTHONPATH=/home/robotica/taller1_grupo15/build/keyboard/prefix_override:/home/robotica/taller1_grupo15/install/keyboard/lib/python3.10/site-packages:${PYTHONPATH} /usr/bin/python3 setup.py egg_info --egg-base ../build/keyboard build --build-base /home/robotica/taller1_grupo15/build/keyboard/build install --record /home/robotica/taller1_grupo15/build/keyboard/install.log --single-version-externally-managed
[2.403s] running egg_info
[2.404s] writing ../build/keyboard/keyboard.egg-info/PKG-INFO
[2.406s] writing dependency_links to ../build/keyboard/keyboard.egg-info/dependency_links.txt
[2.407s] writing requirements to ../build/keyboard/keyboard.egg-info/requires.txt
[2.409s] writing top-level names to ../build/keyboard/keyboard.egg-info/top_level.txt
[2.416s] reading manifest file '../build/keyboard/keyboard.egg-info/SOURCES.txt'
[2.424s] reading manifest template 'MANIFEST.in'
[2.425s] adding license file 'LICENSE.txt'
[2.426s] writing manifest file '../build/keyboard/keyboard.egg-info/SOURCES.txt'
[2.435s] running build
[2.435s] running build_py
[2.446s] running install
[2.447s] /usr/lib/python3/dist-packages/setuptools/command/install.py:34: SetuptoolsDeprecationWarning: setup.py install is deprecated. Use build and pip and other standards-based tools.
[2.447s]   warnings.warn(
[2.455s] running install_lib
[2.457s] running install_egg_info
[2.460s] removing '/home/robotica/taller1_grupo15/install/keyboard/lib/python3.10/site-packages/keyboard-0.13.5-py3.10.egg-info' (and everything under it)
[2.460s] Copying ../build/keyboard/keyboard.egg-info to /home/robotica/taller1_grupo15/install/keyboard/lib/python3.10/site-packages/keyboard-0.13.5-py3.10.egg-info
[2.461s] running install_scripts
[2.522s] writing list of installed files to '/home/robotica/taller1_grupo15/build/keyboard/install.log'
[2.630s] Invoked command in '/home/robotica/taller1_grupo15/keyboard' returned '0': PYTHONPATH=/home/robotica/taller1_grupo15/build/keyboard/prefix_override:/home/robotica/taller1_grupo15/install/keyboard/lib/python3.10/site-packages:${PYTHONPATH} /usr/bin/python3 setup.py egg_info --egg-base ../build/keyboard build --build-base /home/robotica/taller1_grupo15/build/keyboard/build install --record /home/robotica/taller1_grupo15/build/keyboard/install.log --single-version-externally-managed
