[3.878s] Invoking command in '/home/robotica/taller1_grupo15/keyboard': PYTHONPATH=/home/robotica/taller1_grupo15/build/keyboard/prefix_override:/home/robotica/taller1_grupo15/install/keyboard/lib/python3.10/site-packages:${PYTHONPATH} /usr/bin/python3 setup.py egg_info --egg-base ../build/keyboard build --build-base /home/robotica/taller1_grupo15/build/keyboard/build install --record /home/robotica/taller1_grupo15/build/keyboard/install.log --single-version-externally-managed
[5.235s] running egg_info
[5.238s] writing ../build/keyboard/keyboard.egg-info/PKG-INFO
[5.264s] writing dependency_links to ../build/keyboard/keyboard.egg-info/dependency_links.txt
[5.268s] writing requirements to ../build/keyboard/keyboard.egg-info/requires.txt
[5.285s] writing top-level names to ../build/keyboard/keyboard.egg-info/top_level.txt
[5.307s] reading manifest file '../build/keyboard/keyboard.egg-info/SOURCES.txt'
[5.312s] reading manifest template 'MANIFEST.in'
[5.313s] adding license file 'LICENSE.txt'
[5.328s] writing manifest file '../build/keyboard/keyboard.egg-info/SOURCES.txt'
[5.331s] running build
[5.331s] running build_py
[5.333s] running install
[5.334s] /usr/lib/python3/dist-packages/setuptools/command/install.py:34: SetuptoolsDeprecationWarning: setup.py install is deprecated. Use build and pip and other standards-based tools.
[5.336s]   warnings.warn(
[5.337s] running install_lib
[5.342s] running install_egg_info
[5.369s] removing '/home/robotica/taller1_grupo15/install/keyboard/lib/python3.10/site-packages/keyboard-0.13.5-py3.10.egg-info' (and everything under it)
[5.370s] Copying ../build/keyboard/keyboard.egg-info to /home/robotica/taller1_grupo15/install/keyboard/lib/python3.10/site-packages/keyboard-0.13.5-py3.10.egg-info
[5.371s] running install_scripts
[5.546s] writing list of installed files to '/home/robotica/taller1_grupo15/build/keyboard/install.log'
[5.763s] Invoked command in '/home/robotica/taller1_grupo15/keyboard' returned '0': PYTHONPATH=/home/robotica/taller1_grupo15/build/keyboard/prefix_override:/home/robotica/taller1_grupo15/install/keyboard/lib/python3.10/site-packages:${PYTHONPATH} /usr/bin/python3 setup.py egg_info --egg-base ../build/keyboard build --build-base /home/robotica/taller1_grupo15/build/keyboard/build install --record /home/robotica/taller1_grupo15/build/keyboard/install.log --single-version-externally-managed
