[4.937s] Invoking command in '/home/robotica/taller1_grupo15/keyboard': PYTHONPATH=/home/robotica/taller1_grupo15/build/keyboard/prefix_override:/home/robotica/taller1_grupo15/install/keyboard/lib/python3.10/site-packages:${PYTHONPATH} /usr/bin/python3 setup.py egg_info --egg-base ../build/keyboard build --build-base /home/robotica/taller1_grupo15/build/keyboard/build install --record /home/robotica/taller1_grupo15/build/keyboard/install.log --single-version-externally-managed
[6.719s] running egg_info
[6.721s] writing ../build/keyboard/keyboard.egg-info/PKG-INFO
[6.725s] writing dependency_links to ../build/keyboard/keyboard.egg-info/dependency_links.txt
[6.744s] writing requirements to ../build/keyboard/keyboard.egg-info/requires.txt
[6.757s] writing top-level names to ../build/keyboard/keyboard.egg-info/top_level.txt
[6.788s] reading manifest file '../build/keyboard/keyboard.egg-info/SOURCES.txt'
[6.790s] reading manifest template 'MANIFEST.in'
[6.792s] adding license file 'LICENSE.txt'
[6.804s] writing manifest file '../build/keyboard/keyboard.egg-info/SOURCES.txt'
[6.821s] running build
[6.821s] running build_py
[6.823s] running install
[6.824s] /usr/lib/python3/dist-packages/setuptools/command/install.py:34: SetuptoolsDeprecationWarning: setup.py install is deprecated. Use build and pip and other standards-based tools.
[6.824s]   warnings.warn(
[6.826s] running install_lib
[6.842s] running install_egg_info
[6.864s] removing '/home/robotica/taller1_grupo15/install/keyboard/lib/python3.10/site-packages/keyboard-0.13.5-py3.10.egg-info' (and everything under it)
[6.872s] Copying ../build/keyboard/keyboard.egg-info to /home/robotica/taller1_grupo15/install/keyboard/lib/python3.10/site-packages/keyboard-0.13.5-py3.10.egg-info
[6.874s] running install_scripts
[7.048s] writing list of installed files to '/home/robotica/taller1_grupo15/build/keyboard/install.log'
[7.350s] Invoked command in '/home/robotica/taller1_grupo15/keyboard' returned '0': PYTHONPATH=/home/robotica/taller1_grupo15/build/keyboard/prefix_override:/home/robotica/taller1_grupo15/install/keyboard/lib/python3.10/site-packages:${PYTHONPATH} /usr/bin/python3 setup.py egg_info --egg-base ../build/keyboard build --build-base /home/robotica/taller1_grupo15/build/keyboard/build install --record /home/robotica/taller1_grupo15/build/keyboard/install.log --single-version-externally-managed
