[0.023s] Invoking command in '/home/robotica/taller1_grupo15/build/turtle_bot_servcli': CMAKE_PREFIX_PATH=/opt/ros/humble /usr/bin/cmake --build /home/robotica/taller1_grupo15/build/turtle_bot_servcli -- -j1 -l1
[0.109s] -- Found ament_cmake: 1.3.3 (/opt/ros/humble/share/ament_cmake/cmake)
[0.457s] -- Found ament_lint_auto: 0.12.4 (/opt/ros/humble/share/ament_lint_auto/cmake)
[0.639s] -- Found geometry_msgs: 4.2.2 (/opt/ros/humble/share/geometry_msgs/cmake)
[0.695s] -- Found rosidl_generator_c: 3.1.4 (/opt/ros/humble/share/rosidl_generator_c/cmake)
[0.707s] -- Found rosidl_adapter: 3.1.4 (/opt/ros/humble/share/rosidl_adapter/cmake)
[0.720s] -- Found rosidl_generator_cpp: 3.1.4 (/opt/ros/humble/share/rosidl_generator_cpp/cmake)
[0.738s] -- Using all available rosidl_typesupport_c: rosidl_typesupport_fastrtps_c;rosidl_typesupport_introspection_c
[0.770s] -- Using all available rosidl_typesupport_cpp: rosidl_typesupport_fastrtps_cpp;rosidl_typesupport_introspection_cpp
[1.053s] -- Found rosidl_default_generators: 1.2.0 (/opt/ros/humble/share/rosidl_default_generators/cmake)
[1.074s] [31mCMake Error at /opt/ros/humble/share/rosidl_cmake/cmake/rosidl_generate_interfaces.cmake:93 (message):
[1.075s]   rosidl_generate_interfaces() the passed file 'srv/MoveRobotToPosition.srv'
[1.075s]   doesn't exist relative to the CMAKE_CURRENT_SOURCE_DIR
[1.075s]   '/home/robotica/taller1_grupo15/src/turtle_bot_servcli'
[1.075s] Call Stack (most recent call first):
[1.075s]   CMakeLists.txt:29 (rosidl_generate_interfaces)
[1.075s] 
[1.075s] [0m
[1.080s] -- Configuring incomplete, errors occurred!
[1.080s] See also "/home/robotica/taller1_grupo15/build/turtle_bot_servcli/CMakeFiles/CMakeOutput.log".
[1.095s] gmake: *** [Makefile:963: cmake_check_build_system] Error 1
[1.102s] Invoked command in '/home/robotica/taller1_grupo15/build/turtle_bot_servcli' returned '2': CMAKE_PREFIX_PATH=/opt/ros/humble /usr/bin/cmake --build /home/robotica/taller1_grupo15/build/turtle_bot_servcli -- -j1 -l1
