[6.368s] Invoking command in '/home/robotica/taller1_grupo15/keyboard': PYTHONPATH=/home/robotica/taller1_grupo15/build/keyboard/prefix_override:/home/robotica/taller1_grupo15/install/keyboard/lib/python3.10/site-packages:${PYTHONPATH} /usr/bin/python3 setup.py egg_info --egg-base ../build/keyboard build --build-base /home/robotica/taller1_grupo15/build/keyboard/build install --record /home/robotica/taller1_grupo15/build/keyboard/install.log --single-version-externally-managed
[9.213s] running egg_info
[9.227s] writing ../build/keyboard/keyboard.egg-info/PKG-INFO
[9.270s] writing dependency_links to ../build/keyboard/keyboard.egg-info/dependency_links.txt
[9.280s] writing requirements to ../build/keyboard/keyboard.egg-info/requires.txt
[9.289s] writing top-level names to ../build/keyboard/keyboard.egg-info/top_level.txt
[9.319s] reading manifest file '../build/keyboard/keyboard.egg-info/SOURCES.txt'
[9.335s] reading manifest template 'MANIFEST.in'
[9.337s] adding license file 'LICENSE.txt'
[9.346s] writing manifest file '../build/keyboard/keyboard.egg-info/SOURCES.txt'
[9.377s] running build
[9.378s] running build_py
[9.381s] running install
[9.383s] /usr/lib/python3/dist-packages/setuptools/command/install.py:34: SetuptoolsDeprecationWarning: setup.py install is deprecated. Use build and pip and other standards-based tools.
[9.383s]   warnings.warn(
[9.395s] running install_lib
[9.401s] running install_egg_info
[9.422s] removing '/home/robotica/taller1_grupo15/install/keyboard/lib/python3.10/site-packages/keyboard-0.13.5-py3.10.egg-info' (and everything under it)
[9.424s] Copying ../build/keyboard/keyboard.egg-info to /home/robotica/taller1_grupo15/install/keyboard/lib/python3.10/site-packages/keyboard-0.13.5-py3.10.egg-info
[9.430s] running install_scripts
[9.678s] writing list of installed files to '/home/robotica/taller1_grupo15/build/keyboard/install.log'
[10.056s] Invoked command in '/home/robotica/taller1_grupo15/keyboard' returned '0': PYTHONPATH=/home/robotica/taller1_grupo15/build/keyboard/prefix_override:/home/robotica/taller1_grupo15/install/keyboard/lib/python3.10/site-packages:${PYTHONPATH} /usr/bin/python3 setup.py egg_info --egg-base ../build/keyboard build --build-base /home/robotica/taller1_grupo15/build/keyboard/build install --record /home/robotica/taller1_grupo15/build/keyboard/install.log --single-version-externally-managed
