<<<<<<< HEAD
/home/robotica/Robotica/Taller 1/install/turtle_bot_15/lib/python3.10/site-packages/turtle_bot_15/turtle_bot_interface.py
/home/robotica/Robotica/Taller 1/install/turtle_bot_15/lib/python3.10/site-packages/turtle_bot_15/turtle_bot_teleop.py
/home/robotica/Robotica/Taller 1/install/turtle_bot_15/lib/python3.10/site-packages/turtle_bot_15/__init__.py
/home/robotica/Robotica/Taller 1/install/turtle_bot_15/lib/python3.10/site-packages/turtle_bot_15/__pycache__/turtle_bot_interface.cpython-310.pyc
/home/robotica/Robotica/Taller 1/install/turtle_bot_15/lib/python3.10/site-packages/turtle_bot_15/__pycache__/turtle_bot_teleop.cpython-310.pyc
/home/robotica/Robotica/Taller 1/install/turtle_bot_15/lib/python3.10/site-packages/turtle_bot_15/__pycache__/__init__.cpython-310.pyc
/home/robotica/Robotica/Taller 1/install/turtle_bot_15/share/ament_index/resource_index/packages/turtle_bot_15
/home/robotica/Robotica/Taller 1/install/turtle_bot_15/share/turtle_bot_15/package.xml
/home/robotica/Robotica/Taller 1/install/turtle_bot_15/lib/python3.10/site-packages/turtle_bot_15-0.0.0-py3.10.egg-info/dependency_links.txt
/home/robotica/Robotica/Taller 1/install/turtle_bot_15/lib/python3.10/site-packages/turtle_bot_15-0.0.0-py3.10.egg-info/entry_points.txt
/home/robotica/Robotica/Taller 1/install/turtle_bot_15/lib/python3.10/site-packages/turtle_bot_15-0.0.0-py3.10.egg-info/PKG-INFO
/home/robotica/Robotica/Taller 1/install/turtle_bot_15/lib/python3.10/site-packages/turtle_bot_15-0.0.0-py3.10.egg-info/requires.txt
/home/robotica/Robotica/Taller 1/install/turtle_bot_15/lib/python3.10/site-packages/turtle_bot_15-0.0.0-py3.10.egg-info/SOURCES.txt
/home/robotica/Robotica/Taller 1/install/turtle_bot_15/lib/python3.10/site-packages/turtle_bot_15-0.0.0-py3.10.egg-info/top_level.txt
/home/robotica/Robotica/Taller 1/install/turtle_bot_15/lib/python3.10/site-packages/turtle_bot_15-0.0.0-py3.10.egg-info/zip-safe
/home/robotica/Robotica/Taller 1/install/turtle_bot_15/lib/turtle_bot_15/turtle_bot_interface
/home/robotica/Robotica/Taller 1/install/turtle_bot_15/lib/turtle_bot_15/turtle_bot_teleop
=======
/home/robotica/Taller1/install/turtle_bot_15/lib/python3.10/site-packages/turtle_bot_15/prueba.py
/home/robotica/Taller1/install/turtle_bot_15/lib/python3.10/site-packages/turtle_bot_15/turtle_bot_interface (copy).py
/home/robotica/Taller1/install/turtle_bot_15/lib/python3.10/site-packages/turtle_bot_15/turtle_bot_interface.py
/home/robotica/Taller1/install/turtle_bot_15/lib/python3.10/site-packages/turtle_bot_15/__init__.py
/home/robotica/Taller1/install/turtle_bot_15/lib/python3.10/site-packages/turtle_bot_15/turtle_bot_teleop.py
/home/robotica/Taller1/install/turtle_bot_15/lib/python3.10/site-packages/turtle_bot_15/__pycache__/prueba.cpython-310.pyc
/home/robotica/Taller1/install/turtle_bot_15/lib/python3.10/site-packages/turtle_bot_15/__pycache__/turtle_bot_interface (copy).cpython-310.pyc
/home/robotica/Taller1/install/turtle_bot_15/lib/python3.10/site-packages/turtle_bot_15/__pycache__/turtle_bot_interface.cpython-310.pyc
/home/robotica/Taller1/install/turtle_bot_15/lib/python3.10/site-packages/turtle_bot_15/__pycache__/__init__.cpython-310.pyc
/home/robotica/Taller1/install/turtle_bot_15/lib/python3.10/site-packages/turtle_bot_15/__pycache__/turtle_bot_teleop.cpython-310.pyc
/home/robotica/Taller1/install/turtle_bot_15/share/ament_index/resource_index/packages/turtle_bot_15
/home/robotica/Taller1/install/turtle_bot_15/share/turtle_bot_15/package.xml
/home/robotica/Taller1/install/turtle_bot_15/lib/python3.10/site-packages/turtle_bot_15-0.0.0-py3.10.egg-info/SOURCES.txt
/home/robotica/Taller1/install/turtle_bot_15/lib/python3.10/site-packages/turtle_bot_15-0.0.0-py3.10.egg-info/PKG-INFO
/home/robotica/Taller1/install/turtle_bot_15/lib/python3.10/site-packages/turtle_bot_15-0.0.0-py3.10.egg-info/entry_points.txt
/home/robotica/Taller1/install/turtle_bot_15/lib/python3.10/site-packages/turtle_bot_15-0.0.0-py3.10.egg-info/zip-safe
/home/robotica/Taller1/install/turtle_bot_15/lib/python3.10/site-packages/turtle_bot_15-0.0.0-py3.10.egg-info/dependency_links.txt
/home/robotica/Taller1/install/turtle_bot_15/lib/python3.10/site-packages/turtle_bot_15-0.0.0-py3.10.egg-info/requires.txt
/home/robotica/Taller1/install/turtle_bot_15/lib/python3.10/site-packages/turtle_bot_15-0.0.0-py3.10.egg-info/top_level.txt
/home/robotica/Taller1/install/turtle_bot_15/lib/turtle_bot_15/turtle_bot_interface
/home/robotica/Taller1/install/turtle_bot_15/lib/turtle_bot_15/turtle_bot_teleop
>>>>>>> 61e32c57265d91780b2b1cec1218dedcbd80113f
