[0.585s] Invoking command in '/home/lieeeml00401/taller1_grupo15/src/turtle_bot_15': PYTHONPATH=/home/lieeeml00401/taller1_grupo15/src/build/turtle_bot_15/prefix_override:/home/lieeeml00401/taller1_grupo15/src/install/turtle_bot_15/lib/python3.10/site-packages:${PYTHONPATH} /usr/bin/python3 setup.py egg_info --egg-base ../build/turtle_bot_15 build --build-base /home/lieeeml00401/taller1_grupo15/src/build/turtle_bot_15/build install --record /home/lieeeml00401/taller1_grupo15/src/build/turtle_bot_15/install.log --single-version-externally-managed
[0.802s] running egg_info
[0.803s] writing ../build/turtle_bot_15/turtle_bot_15.egg-info/PKG-INFO
[0.803s] writing dependency_links to ../build/turtle_bot_15/turtle_bot_15.egg-info/dependency_links.txt
[0.803s] writing entry points to ../build/turtle_bot_15/turtle_bot_15.egg-info/entry_points.txt
[0.803s] writing requirements to ../build/turtle_bot_15/turtle_bot_15.egg-info/requires.txt
[0.803s] writing top-level names to ../build/turtle_bot_15/turtle_bot_15.egg-info/top_level.txt
[0.805s] reading manifest file '../build/turtle_bot_15/turtle_bot_15.egg-info/SOURCES.txt'
[0.806s] writing manifest file '../build/turtle_bot_15/turtle_bot_15.egg-info/SOURCES.txt'
[0.806s] running build
[0.806s] running build_py
[0.806s] copying turtle_bot_15/turtle_bot_interface.py -> /home/lieeeml00401/taller1_grupo15/src/build/turtle_bot_15/build/lib/turtle_bot_15
[0.806s] running install
[0.806s] /usr/lib/python3/dist-packages/setuptools/command/install.py:34: SetuptoolsDeprecationWarning: setup.py install is deprecated. Use build and pip and other standards-based tools.
[0.807s]   warnings.warn(
[0.807s] running install_lib
[0.807s] copying /home/lieeeml00401/taller1_grupo15/src/build/turtle_bot_15/build/lib/turtle_bot_15/turtle_bot_interface.py -> /home/lieeeml00401/taller1_grupo15/src/install/turtle_bot_15/lib/python3.10/site-packages/turtle_bot_15
[0.808s] byte-compiling /home/lieeeml00401/taller1_grupo15/src/install/turtle_bot_15/lib/python3.10/site-packages/turtle_bot_15/turtle_bot_interface.py to turtle_bot_interface.cpython-310.pyc
[0.808s] running install_data
[0.809s] running install_egg_info
[0.810s] removing '/home/lieeeml00401/taller1_grupo15/src/install/turtle_bot_15/lib/python3.10/site-packages/turtle_bot_15-0.0.0-py3.10.egg-info' (and everything under it)
[0.811s] Copying ../build/turtle_bot_15/turtle_bot_15.egg-info to /home/lieeeml00401/taller1_grupo15/src/install/turtle_bot_15/lib/python3.10/site-packages/turtle_bot_15-0.0.0-py3.10.egg-info
[0.811s] running install_scripts
[0.832s] Installing turtle_bot_interface script to /home/lieeeml00401/taller1_grupo15/src/install/turtle_bot_15/lib/turtle_bot_15
[0.832s] Installing turtle_bot_teleop script to /home/lieeeml00401/taller1_grupo15/src/install/turtle_bot_15/lib/turtle_bot_15
[0.832s] writing list of installed files to '/home/lieeeml00401/taller1_grupo15/src/build/turtle_bot_15/install.log'
[0.861s] Invoked command in '/home/lieeeml00401/taller1_grupo15/src/turtle_bot_15' returned '0': PYTHONPATH=/home/lieeeml00401/taller1_grupo15/src/build/turtle_bot_15/prefix_override:/home/lieeeml00401/taller1_grupo15/src/install/turtle_bot_15/lib/python3.10/site-packages:${PYTHONPATH} /usr/bin/python3 setup.py egg_info --egg-base ../build/turtle_bot_15 build --build-base /home/lieeeml00401/taller1_grupo15/src/build/turtle_bot_15/build install --record /home/lieeeml00401/taller1_grupo15/src/build/turtle_bot_15/install.log --single-version-externally-managed
