[1.854s] Invoking command in '/home/robotica/Robotica/Taller 1/src/turtle_bot_15': PYTHONPATH=/home/robotica/Robotica/Taller 1/build/turtle_bot_15/prefix_override:/home/robotica/Robotica/Taller 1/install/turtle_bot_15/lib/python3.10/site-packages:${PYTHONPATH} /usr/bin/python3 setup.py egg_info --egg-base ../../build/turtle_bot_15 build --build-base /home/robotica/Robotica/Taller 1/build/turtle_bot_15/build install --record /home/robotica/Robotica/Taller 1/build/turtle_bot_15/install.log --single-version-externally-managed
[2.540s] running egg_info
[2.553s] writing ../../build/turtle_bot_15/turtle_bot_15.egg-info/PKG-INFO
[2.585s] writing dependency_links to ../../build/turtle_bot_15/turtle_bot_15.egg-info/dependency_links.txt
[2.596s] writing entry points to ../../build/turtle_bot_15/turtle_bot_15.egg-info/entry_points.txt
[2.611s] writing requirements to ../../build/turtle_bot_15/turtle_bot_15.egg-info/requires.txt
[2.615s] writing top-level names to ../../build/turtle_bot_15/turtle_bot_15.egg-info/top_level.txt
[2.650s] reading manifest file '../../build/turtle_bot_15/turtle_bot_15.egg-info/SOURCES.txt'
[2.660s] writing manifest file '../../build/turtle_bot_15/turtle_bot_15.egg-info/SOURCES.txt'
[2.678s] running build
[2.682s] running build_py
[2.707s] copying turtle_bot_15/turtle_bot_interface.py -> /home/robotica/Robotica/Taller 1/build/turtle_bot_15/build/lib/turtle_bot_15
[2.715s] running install
[2.721s] /usr/lib/python3/dist-packages/setuptools/command/install.py:34: SetuptoolsDeprecationWarning: setup.py install is deprecated. Use build and pip and other standards-based tools.
[2.732s]   warnings.warn(
[2.740s] running install_lib
[2.746s] copying /home/robotica/Robotica/Taller 1/build/turtle_bot_15/build/lib/turtle_bot_15/turtle_bot_interface.py -> /home/robotica/Robotica/Taller 1/install/turtle_bot_15/lib/python3.10/site-packages/turtle_bot_15
[2.761s] byte-compiling /home/robotica/Robotica/Taller 1/install/turtle_bot_15/lib/python3.10/site-packages/turtle_bot_15/turtle_bot_interface.py to turtle_bot_interface.cpython-310.pyc
[2.785s] running install_data
[2.805s] running install_egg_info
[2.816s] removing '/home/robotica/Robotica/Taller 1/install/turtle_bot_15/lib/python3.10/site-packages/turtle_bot_15-0.0.0-py3.10.egg-info' (and everything under it)
[2.845s] Copying ../../build/turtle_bot_15/turtle_bot_15.egg-info to /home/robotica/Robotica/Taller 1/install/turtle_bot_15/lib/python3.10/site-packages/turtle_bot_15-0.0.0-py3.10.egg-info
[2.990s] running install_scripts
[3.048s] Installing turtle_bot_interface script to /home/robotica/Robotica/Taller 1/install/turtle_bot_15/lib/turtle_bot_15
[3.061s] Installing turtle_bot_teleop script to /home/robotica/Robotica/Taller 1/install/turtle_bot_15/lib/turtle_bot_15
[3.072s] writing list of installed files to '/home/robotica/Robotica/Taller 1/build/turtle_bot_15/install.log'
[3.182s] Invoked command in '/home/robotica/Robotica/Taller 1/src/turtle_bot_15' returned '0': PYTHONPATH=/home/robotica/Robotica/Taller 1/build/turtle_bot_15/prefix_override:/home/robotica/Robotica/Taller 1/install/turtle_bot_15/lib/python3.10/site-packages:${PYTHONPATH} /usr/bin/python3 setup.py egg_info --egg-base ../../build/turtle_bot_15 build --build-base /home/robotica/Robotica/Taller 1/build/turtle_bot_15/build install --record /home/robotica/Robotica/Taller 1/build/turtle_bot_15/install.log --single-version-externally-managed
