[1.481s] DEBUG:colcon:Command line arguments: ['/usr/bin/colcon', 'build']
[1.481s] DEBUG:colcon:Parsed command line arguments: Namespace(log_base=None, log_level=None, verb_name='build', build_base='build', install_base='install', merge_install=False, symlink_install=False, test_result_base=None, continue_on_error=False, executor='parallel', parallel_workers=1, event_handlers=None, ignore_user_meta=False, metas=['./colcon.meta'], base_paths=['.'], packages_ignore=None, packages_ignore_regex=None, paths=None, packages_up_to=None, packages_up_to_regex=None, packages_above=None, packages_above_and_dependencies=None, packages_above_depth=None, packages_select_by_dep=None, packages_skip_by_dep=None, packages_skip_up_to=None, packages_select_build_failed=False, packages_skip_build_finished=False, packages_select_test_failures=False, packages_skip_test_passed=False, packages_select=None, packages_skip=None, packages_select_regex=None, packages_skip_regex=None, packages_start=None, packages_end=None, allow_overriding=[], cmake_args=None, cmake_target=None, cmake_target_skip_unavailable=False, cmake_clean_cache=False, cmake_clean_first=False, cmake_force_configure=False, ament_cmake_args=None, catkin_cmake_args=None, catkin_skip_building_tests=False, verb_parser=<colcon_defaults.argument_parser.defaults.DefaultArgumentsDecorator object at 0x7fc7e7c3e050>, verb_extension=<colcon_core.verb.build.BuildVerb object at 0x7fc7e85cbc70>, main=<bound method BuildVerb.main of <colcon_core.verb.build.BuildVerb object at 0x7fc7e85cbc70>>)
[1.567s] Level 1:colcon.colcon_core.package_discovery:discover_packages(colcon_meta) check parameters
[1.567s] Level 1:colcon.colcon_core.package_discovery:discover_packages(recursive) check parameters
[1.567s] Level 1:colcon.colcon_core.package_discovery:discover_packages(ignore) check parameters
[1.567s] Level 1:colcon.colcon_core.package_discovery:discover_packages(path) check parameters
[1.567s] Level 1:colcon.colcon_core.package_discovery:discover_packages(colcon_meta) discover
[1.567s] Level 1:colcon.colcon_core.package_discovery:discover_packages(recursive) discover
[1.567s] INFO:colcon.colcon_core.package_discovery:Crawling recursively for packages in '/home/robotica/taller1_grupo15'
[1.567s] Level 1:colcon.colcon_core.package_identification:_identify(.) by extensions ['ignore', 'ignore_ament_install']
[1.568s] Level 1:colcon.colcon_core.package_identification:_identify(.) by extension 'ignore'
[1.568s] Level 1:colcon.colcon_core.package_identification:_identify(.) by extension 'ignore_ament_install'
[1.568s] Level 1:colcon.colcon_core.package_identification:_identify(.) by extensions ['colcon_pkg']
[1.568s] Level 1:colcon.colcon_core.package_identification:_identify(.) by extension 'colcon_pkg'
[1.568s] Level 1:colcon.colcon_core.package_identification:_identify(.) by extensions ['colcon_meta']
[1.568s] Level 1:colcon.colcon_core.package_identification:_identify(.) by extension 'colcon_meta'
[1.568s] Level 1:colcon.colcon_core.package_identification:_identify(.) by extensions ['ros']
[1.568s] Level 1:colcon.colcon_core.package_identification:_identify(.) by extension 'ros'
[1.646s] Level 1:colcon.colcon_core.package_identification:_identify(.) by extensions ['cmake', 'python']
[1.646s] Level 1:colcon.colcon_core.package_identification:_identify(.) by extension 'cmake'
[1.646s] Level 1:colcon.colcon_core.package_identification:_identify(.) by extension 'python'
[1.646s] Level 1:colcon.colcon_core.package_identification:_identify(.) by extensions ['python_setup_py']
[1.646s] Level 1:colcon.colcon_core.package_identification:_identify(.) by extension 'python_setup_py'
[1.646s] Level 1:colcon.colcon_core.package_identification:_identify(build) by extensions ['ignore', 'ignore_ament_install']
[1.646s] Level 1:colcon.colcon_core.package_identification:_identify(build) by extension 'ignore'
[1.646s] Level 1:colcon.colcon_core.package_identification:_identify(build) ignored
[1.646s] Level 1:colcon.colcon_core.package_identification:_identify(install) by extensions ['ignore', 'ignore_ament_install']
[1.646s] Level 1:colcon.colcon_core.package_identification:_identify(install) by extension 'ignore'
[1.647s] Level 1:colcon.colcon_core.package_identification:_identify(install) ignored
[1.647s] Level 1:colcon.colcon_core.package_identification:_identify(keyboard) by extensions ['ignore', 'ignore_ament_install']
[1.647s] Level 1:colcon.colcon_core.package_identification:_identify(keyboard) by extension 'ignore'
[1.647s] Level 1:colcon.colcon_core.package_identification:_identify(keyboard) by extension 'ignore_ament_install'
[1.647s] Level 1:colcon.colcon_core.package_identification:_identify(keyboard) by extensions ['colcon_pkg']
[1.647s] Level 1:colcon.colcon_core.package_identification:_identify(keyboard) by extension 'colcon_pkg'
[1.647s] Level 1:colcon.colcon_core.package_identification:_identify(keyboard) by extensions ['colcon_meta']
[1.647s] Level 1:colcon.colcon_core.package_identification:_identify(keyboard) by extension 'colcon_meta'
[1.647s] Level 1:colcon.colcon_core.package_identification:_identify(keyboard) by extensions ['ros']
[1.659s] Level 1:colcon.colcon_core.package_identification:_identify(keyboard) by extension 'ros'
[1.659s] Level 1:colcon.colcon_core.package_identification:_identify(keyboard) by extensions ['cmake', 'python']
[1.659s] Level 1:colcon.colcon_core.package_identification:_identify(keyboard) by extension 'cmake'
[1.659s] Level 1:colcon.colcon_core.package_identification:_identify(keyboard) by extension 'python'
[1.660s] Level 1:colcon.colcon_core.package_identification:_identify(keyboard) by extensions ['python_setup_py']
[1.660s] Level 1:colcon.colcon_core.package_identification:_identify(keyboard) by extension 'python_setup_py'
[2.598s] DEBUG:colcon.colcon_core.package_identification:Package 'keyboard' with type 'python' and name 'keyboard'
[2.598s] Level 1:colcon.colcon_core.package_identification:_identify(log) by extensions ['ignore', 'ignore_ament_install']
[2.599s] Level 1:colcon.colcon_core.package_identification:_identify(log) by extension 'ignore'
[2.599s] Level 1:colcon.colcon_core.package_identification:_identify(log) ignored
[2.599s] Level 1:colcon.colcon_core.package_identification:_identify(src) by extensions ['ignore', 'ignore_ament_install']
[2.599s] Level 1:colcon.colcon_core.package_identification:_identify(src) by extension 'ignore'
[2.599s] Level 1:colcon.colcon_core.package_identification:_identify(src) by extension 'ignore_ament_install'
[2.599s] Level 1:colcon.colcon_core.package_identification:_identify(src) by extensions ['colcon_pkg']
[2.599s] Level 1:colcon.colcon_core.package_identification:_identify(src) by extension 'colcon_pkg'
[2.599s] Level 1:colcon.colcon_core.package_identification:_identify(src) by extensions ['colcon_meta']
[2.599s] Level 1:colcon.colcon_core.package_identification:_identify(src) by extension 'colcon_meta'
[2.599s] Level 1:colcon.colcon_core.package_identification:_identify(src) by extensions ['ros']
[2.599s] Level 1:colcon.colcon_core.package_identification:_identify(src) by extension 'ros'
[2.599s] Level 1:colcon.colcon_core.package_identification:_identify(src) by extensions ['cmake', 'python']
[2.599s] Level 1:colcon.colcon_core.package_identification:_identify(src) by extension 'cmake'
[2.599s] Level 1:colcon.colcon_core.package_identification:_identify(src) by extension 'python'
[2.600s] Level 1:colcon.colcon_core.package_identification:_identify(src) by extensions ['python_setup_py']
[2.600s] Level 1:colcon.colcon_core.package_identification:_identify(src) by extension 'python_setup_py'
[2.600s] Level 1:colcon.colcon_core.package_identification:_identify(src/turtle_bot_15) by extensions ['ignore', 'ignore_ament_install']
[2.600s] Level 1:colcon.colcon_core.package_identification:_identify(src/turtle_bot_15) by extension 'ignore'
[2.600s] Level 1:colcon.colcon_core.package_identification:_identify(src/turtle_bot_15) by extension 'ignore_ament_install'
[2.600s] Level 1:colcon.colcon_core.package_identification:_identify(src/turtle_bot_15) by extensions ['colcon_pkg']
[2.600s] Level 1:colcon.colcon_core.package_identification:_identify(src/turtle_bot_15) by extension 'colcon_pkg'
[2.600s] Level 1:colcon.colcon_core.package_identification:_identify(src/turtle_bot_15) by extensions ['colcon_meta']
[2.600s] Level 1:colcon.colcon_core.package_identification:_identify(src/turtle_bot_15) by extension 'colcon_meta'
[2.600s] Level 1:colcon.colcon_core.package_identification:_identify(src/turtle_bot_15) by extensions ['ros']
[2.600s] Level 1:colcon.colcon_core.package_identification:_identify(src/turtle_bot_15) by extension 'ros'
[2.603s] DEBUG:colcon.colcon_core.package_identification:Package 'src/turtle_bot_15' with type 'ros.ament_python' and name 'turtle_bot_15'
[2.603s] Level 1:colcon.colcon_core.package_discovery:discover_packages(recursive) using defaults
[2.603s] Level 1:colcon.colcon_core.package_discovery:discover_packages(ignore) discover
[2.603s] Level 1:colcon.colcon_core.package_discovery:discover_packages(ignore) using defaults
[2.603s] Level 1:colcon.colcon_core.package_discovery:discover_packages(path) discover
[2.603s] Level 1:colcon.colcon_core.package_discovery:discover_packages(path) using defaults
[2.671s] Level 1:colcon.colcon_core.package_discovery:discover_packages(prefix_path) check parameters
[2.671s] Level 1:colcon.colcon_core.package_discovery:discover_packages(prefix_path) discover
[2.675s] DEBUG:colcon.colcon_installed_package_information.package_discovery:Found 2 installed packages in /home/robotica/taller1_grupo15/install
[2.677s] DEBUG:colcon.colcon_installed_package_information.package_discovery:Found 284 installed packages in /opt/ros/humble
[2.711s] Level 1:colcon.colcon_core.package_discovery:discover_packages(prefix_path) using defaults
[2.894s] Level 5:colcon.colcon_core.verb:set package 'keyboard' build argument 'cmake_args' from command line to 'None'
[2.894s] Level 5:colcon.colcon_core.verb:set package 'keyboard' build argument 'cmake_target' from command line to 'None'
[2.894s] Level 5:colcon.colcon_core.verb:set package 'keyboard' build argument 'cmake_target_skip_unavailable' from command line to 'False'
[2.894s] Level 5:colcon.colcon_core.verb:set package 'keyboard' build argument 'cmake_clean_cache' from command line to 'False'
[2.894s] Level 5:colcon.colcon_core.verb:set package 'keyboard' build argument 'cmake_clean_first' from command line to 'False'
[2.894s] Level 5:colcon.colcon_core.verb:set package 'keyboard' build argument 'cmake_force_configure' from command line to 'False'
[2.894s] Level 5:colcon.colcon_core.verb:set package 'keyboard' build argument 'ament_cmake_args' from command line to 'None'
[2.894s] Level 5:colcon.colcon_core.verb:set package 'keyboard' build argument 'catkin_cmake_args' from command line to 'None'
[2.894s] Level 5:colcon.colcon_core.verb:set package 'keyboard' build argument 'catkin_skip_building_tests' from command line to 'False'
[2.894s] DEBUG:colcon.colcon_core.verb:Building package 'keyboard' with the following arguments: {'ament_cmake_args': None, 'build_base': '/home/robotica/taller1_grupo15/build/keyboard', 'catkin_cmake_args': None, 'catkin_skip_building_tests': False, 'cmake_args': None, 'cmake_clean_cache': False, 'cmake_clean_first': False, 'cmake_force_configure': False, 'cmake_target': None, 'cmake_target_skip_unavailable': False, 'install_base': '/home/robotica/taller1_grupo15/install/keyboard', 'merge_install': False, 'path': '/home/robotica/taller1_grupo15/keyboard', 'symlink_install': False, 'test_result_base': None}
[2.908s] Level 5:colcon.colcon_core.verb:set package 'turtle_bot_15' build argument 'cmake_args' from command line to 'None'
[2.908s] Level 5:colcon.colcon_core.verb:set package 'turtle_bot_15' build argument 'cmake_target' from command line to 'None'
[2.908s] Level 5:colcon.colcon_core.verb:set package 'turtle_bot_15' build argument 'cmake_target_skip_unavailable' from command line to 'False'
[2.908s] Level 5:colcon.colcon_core.verb:set package 'turtle_bot_15' build argument 'cmake_clean_cache' from command line to 'False'
[2.908s] Level 5:colcon.colcon_core.verb:set package 'turtle_bot_15' build argument 'cmake_clean_first' from command line to 'False'
[2.908s] Level 5:colcon.colcon_core.verb:set package 'turtle_bot_15' build argument 'cmake_force_configure' from command line to 'False'
[2.908s] Level 5:colcon.colcon_core.verb:set package 'turtle_bot_15' build argument 'ament_cmake_args' from command line to 'None'
[2.908s] Level 5:colcon.colcon_core.verb:set package 'turtle_bot_15' build argument 'catkin_cmake_args' from command line to 'None'
[2.908s] Level 5:colcon.colcon_core.verb:set package 'turtle_bot_15' build argument 'catkin_skip_building_tests' from command line to 'False'
[2.908s] DEBUG:colcon.colcon_core.verb:Building package 'turtle_bot_15' with the following arguments: {'ament_cmake_args': None, 'build_base': '/home/robotica/taller1_grupo15/build/turtle_bot_15', 'catkin_cmake_args': None, 'catkin_skip_building_tests': False, 'cmake_args': None, 'cmake_clean_cache': False, 'cmake_clean_first': False, 'cmake_force_configure': False, 'cmake_target': None, 'cmake_target_skip_unavailable': False, 'install_base': '/home/robotica/taller1_grupo15/install/turtle_bot_15', 'merge_install': False, 'path': '/home/robotica/taller1_grupo15/src/turtle_bot_15', 'symlink_install': False, 'test_result_base': None}
[2.909s] INFO:colcon.colcon_core.executor:Executing jobs using 'parallel' executor
[2.918s] DEBUG:colcon.colcon_parallel_executor.executor.parallel:run_until_complete
[2.919s] INFO:colcon.colcon_core.task.python.build:Building Python package in '/home/robotica/taller1_grupo15/keyboard'
[2.925s] INFO:colcon.colcon_core.plugin_system:Skipping extension 'colcon_core.shell.bat': Not used on non-Windows systems
[2.925s] INFO:colcon.colcon_core.shell:Skip shell extension 'powershell' for command environment: Not usable outside of PowerShell
[2.925s] DEBUG:colcon.colcon_core.shell:Skip shell extension 'dsv' for command environment
[5.830s] DEBUG:colcon.colcon_core.event_handler.log_command:Invoking command in '/home/robotica/taller1_grupo15/keyboard': PYTHONPATH=/home/robotica/taller1_grupo15/build/keyboard/prefix_override:/home/robotica/taller1_grupo15/install/keyboard/lib/python3.10/site-packages:${PYTHONPATH} /usr/bin/python3 setup.py egg_info --egg-base ../build/keyboard build --build-base /home/robotica/taller1_grupo15/build/keyboard/build install --record /home/robotica/taller1_grupo15/build/keyboard/install.log --single-version-externally-managed
[6.998s] DEBUG:colcon.colcon_core.event_handler.log_command:Invoked command in '/home/robotica/taller1_grupo15/keyboard' returned '0': PYTHONPATH=/home/robotica/taller1_grupo15/build/keyboard/prefix_override:/home/robotica/taller1_grupo15/install/keyboard/lib/python3.10/site-packages:${PYTHONPATH} /usr/bin/python3 setup.py egg_info --egg-base ../build/keyboard build --build-base /home/robotica/taller1_grupo15/build/keyboard/build install --record /home/robotica/taller1_grupo15/build/keyboard/install.log --single-version-externally-managed
[7.003s] Level 1:colcon.colcon_core.environment:checking '/home/robotica/taller1_grupo15/install/keyboard' for CMake module files
[7.003s] Level 1:colcon.colcon_core.environment:checking '/home/robotica/taller1_grupo15/install/keyboard' for CMake config files
[7.004s] Level 1:colcon.colcon_core.environment:checking '/home/robotica/taller1_grupo15/install/keyboard/lib'
[7.025s] Level 1:colcon.colcon_core.environment:checking '/home/robotica/taller1_grupo15/install/keyboard/bin'
[7.025s] Level 1:colcon.colcon_core.environment:checking '/home/robotica/taller1_grupo15/install/keyboard/lib/pkgconfig/keyboard.pc'
[7.025s] Level 1:colcon.colcon_core.environment:checking '/home/robotica/taller1_grupo15/install/keyboard/lib/python3.10/site-packages'
[7.025s] Level 1:colcon.colcon_core.shell:create_environment_hook('keyboard', 'pythonpath')
[7.034s] INFO:colcon.colcon_core.shell:Creating environment hook '/home/robotica/taller1_grupo15/install/keyboard/share/keyboard/hook/pythonpath.ps1'
[7.059s] INFO:colcon.colcon_core.shell:Creating environment descriptor '/home/robotica/taller1_grupo15/install/keyboard/share/keyboard/hook/pythonpath.dsv'
[7.063s] INFO:colcon.colcon_core.shell:Creating environment hook '/home/robotica/taller1_grupo15/install/keyboard/share/keyboard/hook/pythonpath.sh'
[7.068s] Level 1:colcon.colcon_core.environment:checking '/home/robotica/taller1_grupo15/install/keyboard/bin'
[7.069s] Level 1:colcon.colcon_core.environment:create_environment_scripts_only(keyboard)
[7.073s] INFO:colcon.colcon_core.shell:Creating package script '/home/robotica/taller1_grupo15/install/keyboard/share/keyboard/package.ps1'
[7.092s] INFO:colcon.colcon_core.shell:Creating package descriptor '/home/robotica/taller1_grupo15/install/keyboard/share/keyboard/package.dsv'
[7.096s] INFO:colcon.colcon_core.shell:Creating package script '/home/robotica/taller1_grupo15/install/keyboard/share/keyboard/package.sh'
[7.112s] INFO:colcon.colcon_core.shell:Creating package script '/home/robotica/taller1_grupo15/install/keyboard/share/keyboard/package.bash'
[7.116s] INFO:colcon.colcon_core.shell:Creating package script '/home/robotica/taller1_grupo15/install/keyboard/share/keyboard/package.zsh'
[7.119s] Level 1:colcon.colcon_core.environment:create_file_with_runtime_dependencies(/home/robotica/taller1_grupo15/install/keyboard/share/colcon-core/packages/keyboard)
[7.147s] INFO:colcon.colcon_ros.task.ament_python.build:Building ROS package in '/home/robotica/taller1_grupo15/src/turtle_bot_15' with build type 'ament_python'
[7.147s] Level 1:colcon.colcon_core.shell:create_environment_hook('turtle_bot_15', 'ament_prefix_path')
[7.150s] INFO:colcon.colcon_core.shell:Creating environment hook '/home/robotica/taller1_grupo15/install/turtle_bot_15/share/turtle_bot_15/hook/ament_prefix_path.ps1'
[7.165s] INFO:colcon.colcon_core.shell:Creating environment descriptor '/home/robotica/taller1_grupo15/install/turtle_bot_15/share/turtle_bot_15/hook/ament_prefix_path.dsv'
[7.173s] INFO:colcon.colcon_core.shell:Creating environment hook '/home/robotica/taller1_grupo15/install/turtle_bot_15/share/turtle_bot_15/hook/ament_prefix_path.sh'
[7.198s] INFO:colcon.colcon_core.shell:Skip shell extension 'powershell' for command environment: Not usable outside of PowerShell
[7.198s] DEBUG:colcon.colcon_core.shell:Skip shell extension 'dsv' for command environment
[8.531s] INFO:colcon.colcon_core.task.python.build:Building Python package in '/home/robotica/taller1_grupo15/src/turtle_bot_15'
[8.561s] INFO:colcon.colcon_core.shell:Skip shell extension 'powershell' for command environment: Not usable outside of PowerShell
[8.562s] DEBUG:colcon.colcon_core.shell:Skip shell extension 'dsv' for command environment
[9.928s] DEBUG:colcon.colcon_core.event_handler.log_command:Invoking command in '/home/robotica/taller1_grupo15/src/turtle_bot_15': PYTHONPATH=/home/robotica/taller1_grupo15/build/turtle_bot_15/prefix_override:/home/robotica/taller1_grupo15/install/turtle_bot_15/lib/python3.10/site-packages:${PYTHONPATH} /usr/bin/python3 setup.py egg_info --egg-base ../../build/turtle_bot_15 build --build-base /home/robotica/taller1_grupo15/build/turtle_bot_15/build install --record /home/robotica/taller1_grupo15/build/turtle_bot_15/install.log --single-version-externally-managed
[11.278s] Level 1:colcon.colcon_core.environment:checking '/home/robotica/taller1_grupo15/install/turtle_bot_15' for CMake module files
[11.279s] DEBUG:colcon.colcon_core.event_handler.log_command:Invoked command in '/home/robotica/taller1_grupo15/src/turtle_bot_15' returned '0': PYTHONPATH=/home/robotica/taller1_grupo15/build/turtle_bot_15/prefix_override:/home/robotica/taller1_grupo15/install/turtle_bot_15/lib/python3.10/site-packages:${PYTHONPATH} /usr/bin/python3 setup.py egg_info --egg-base ../../build/turtle_bot_15 build --build-base /home/robotica/taller1_grupo15/build/turtle_bot_15/build install --record /home/robotica/taller1_grupo15/build/turtle_bot_15/install.log --single-version-externally-managed
[11.280s] Level 1:colcon.colcon_core.environment:checking '/home/robotica/taller1_grupo15/install/turtle_bot_15' for CMake config files
[11.281s] Level 1:colcon.colcon_core.environment:checking '/home/robotica/taller1_grupo15/install/turtle_bot_15/lib'
[11.281s] Level 1:colcon.colcon_core.environment:checking '/home/robotica/taller1_grupo15/install/turtle_bot_15/bin'
[11.281s] Level 1:colcon.colcon_core.environment:checking '/home/robotica/taller1_grupo15/install/turtle_bot_15/lib/pkgconfig/turtle_bot_15.pc'
[11.294s] Level 1:colcon.colcon_core.environment:checking '/home/robotica/taller1_grupo15/install/turtle_bot_15/lib/python3.10/site-packages'
[11.295s] Level 1:colcon.colcon_core.shell:create_environment_hook('turtle_bot_15', 'pythonpath')
[11.298s] INFO:colcon.colcon_core.shell:Creating environment hook '/home/robotica/taller1_grupo15/install/turtle_bot_15/share/turtle_bot_15/hook/pythonpath.ps1'
[11.316s] INFO:colcon.colcon_core.shell:Creating environment descriptor '/home/robotica/taller1_grupo15/install/turtle_bot_15/share/turtle_bot_15/hook/pythonpath.dsv'
[11.321s] INFO:colcon.colcon_core.shell:Creating environment hook '/home/robotica/taller1_grupo15/install/turtle_bot_15/share/turtle_bot_15/hook/pythonpath.sh'
[11.328s] Level 1:colcon.colcon_core.environment:checking '/home/robotica/taller1_grupo15/install/turtle_bot_15/bin'
[11.329s] Level 1:colcon.colcon_core.environment:create_environment_scripts_only(turtle_bot_15)
[11.332s] INFO:colcon.colcon_core.shell:Creating package script '/home/robotica/taller1_grupo15/install/turtle_bot_15/share/turtle_bot_15/package.ps1'
[11.347s] INFO:colcon.colcon_core.shell:Creating package descriptor '/home/robotica/taller1_grupo15/install/turtle_bot_15/share/turtle_bot_15/package.dsv'
[11.348s] INFO:colcon.colcon_core.shell:Creating package script '/home/robotica/taller1_grupo15/install/turtle_bot_15/share/turtle_bot_15/package.sh'
[11.356s] INFO:colcon.colcon_core.shell:Creating package script '/home/robotica/taller1_grupo15/install/turtle_bot_15/share/turtle_bot_15/package.bash'
[11.358s] INFO:colcon.colcon_core.shell:Creating package script '/home/robotica/taller1_grupo15/install/turtle_bot_15/share/turtle_bot_15/package.zsh'
[11.360s] Level 1:colcon.colcon_core.environment:create_file_with_runtime_dependencies(/home/robotica/taller1_grupo15/install/turtle_bot_15/share/colcon-core/packages/turtle_bot_15)
[11.370s] DEBUG:colcon.colcon_parallel_executor.executor.parallel:closing loop
[11.371s] DEBUG:colcon.colcon_parallel_executor.executor.parallel:loop closed
[11.371s] DEBUG:colcon.colcon_parallel_executor.executor.parallel:run_until_complete finished with '0'
[11.371s] DEBUG:colcon.colcon_core.event_reactor:joining thread
[11.401s] INFO:colcon.colcon_core.plugin_system:Skipping extension 'colcon_notification.desktop_notification.terminal_notifier': Not used on non-Darwin systems
[11.402s] INFO:colcon.colcon_core.plugin_system:Skipping extension 'colcon_notification.desktop_notification.win32': Not used on non-Windows systems
[11.402s] INFO:colcon.colcon_notification.desktop_notification:Sending desktop notification using 'notify2'
[11.442s] DEBUG:colcon.colcon_core.event_reactor:joined thread
[11.444s] INFO:colcon.colcon_core.shell:Creating prefix script '/home/robotica/taller1_grupo15/install/local_setup.ps1'
[11.471s] INFO:colcon.colcon_core.shell:Creating prefix util module '/home/robotica/taller1_grupo15/install/_local_setup_util_ps1.py'
[11.475s] INFO:colcon.colcon_core.shell:Creating prefix chain script '/home/robotica/taller1_grupo15/install/setup.ps1'
[11.504s] INFO:colcon.colcon_core.shell:Creating prefix script '/home/robotica/taller1_grupo15/install/local_setup.sh'
[11.512s] INFO:colcon.colcon_core.shell:Creating prefix util module '/home/robotica/taller1_grupo15/install/_local_setup_util_sh.py'
[11.532s] INFO:colcon.colcon_core.shell:Creating prefix chain script '/home/robotica/taller1_grupo15/install/setup.sh'
[11.555s] INFO:colcon.colcon_core.shell:Creating prefix script '/home/robotica/taller1_grupo15/install/local_setup.bash'
[11.577s] INFO:colcon.colcon_core.shell:Creating prefix chain script '/home/robotica/taller1_grupo15/install/setup.bash'
[11.589s] INFO:colcon.colcon_core.shell:Creating prefix script '/home/robotica/taller1_grupo15/install/local_setup.zsh'
[11.617s] INFO:colcon.colcon_core.shell:Creating prefix chain script '/home/robotica/taller1_grupo15/install/setup.zsh'
