[1.695s] DEBUG:colcon:Command line arguments: ['/usr/bin/colcon', 'build']
[1.695s] DEBUG:colcon:Parsed command line arguments: Namespace(log_base=None, log_level=None, verb_name='build', build_base='build', install_base='install', merge_install=False, symlink_install=False, test_result_base=None, continue_on_error=False, executor='parallel', parallel_workers=1, event_handlers=None, ignore_user_meta=False, metas=['./colcon.meta'], base_paths=['.'], packages_ignore=None, packages_ignore_regex=None, paths=None, packages_up_to=None, packages_up_to_regex=None, packages_above=None, packages_above_and_dependencies=None, packages_above_depth=None, packages_select_by_dep=None, packages_skip_by_dep=None, packages_skip_up_to=None, packages_select_build_failed=False, packages_skip_build_finished=False, packages_select_test_failures=False, packages_skip_test_passed=False, packages_select=None, packages_skip=None, packages_select_regex=None, packages_skip_regex=None, packages_start=None, packages_end=None, allow_overriding=[], cmake_args=None, cmake_target=None, cmake_target_skip_unavailable=False, cmake_clean_cache=False, cmake_clean_first=False, cmake_force_configure=False, ament_cmake_args=None, catkin_cmake_args=None, catkin_skip_building_tests=False, verb_parser=<colcon_defaults.argument_parser.defaults.DefaultArgumentsDecorator object at 0x7f2c07539c60>, verb_extension=<colcon_core.verb.build.BuildVerb object at 0x7f2c07ec2560>, main=<bound method BuildVerb.main of <colcon_core.verb.build.BuildVerb object at 0x7f2c07ec2560>>)
[1.821s] Level 1:colcon.colcon_core.package_discovery:discover_packages(colcon_meta) check parameters
[1.821s] Level 1:colcon.colcon_core.package_discovery:discover_packages(recursive) check parameters
[1.821s] Level 1:colcon.colcon_core.package_discovery:discover_packages(ignore) check parameters
[1.822s] Level 1:colcon.colcon_core.package_discovery:discover_packages(path) check parameters
[1.822s] Level 1:colcon.colcon_core.package_discovery:discover_packages(colcon_meta) discover
[1.822s] Level 1:colcon.colcon_core.package_discovery:discover_packages(recursive) discover
[1.822s] INFO:colcon.colcon_core.package_discovery:Crawling recursively for packages in '/home/robotica/taller1_grupo15'
[1.822s] Level 1:colcon.colcon_core.package_identification:_identify(.) by extensions ['ignore', 'ignore_ament_install']
[1.822s] Level 1:colcon.colcon_core.package_identification:_identify(.) by extension 'ignore'
[1.822s] Level 1:colcon.colcon_core.package_identification:_identify(.) by extension 'ignore_ament_install'
[1.822s] Level 1:colcon.colcon_core.package_identification:_identify(.) by extensions ['colcon_pkg']
[1.823s] Level 1:colcon.colcon_core.package_identification:_identify(.) by extension 'colcon_pkg'
[1.823s] Level 1:colcon.colcon_core.package_identification:_identify(.) by extensions ['colcon_meta']
[1.823s] Level 1:colcon.colcon_core.package_identification:_identify(.) by extension 'colcon_meta'
[1.823s] Level 1:colcon.colcon_core.package_identification:_identify(.) by extensions ['ros']
[1.823s] Level 1:colcon.colcon_core.package_identification:_identify(.) by extension 'ros'
[1.945s] Level 1:colcon.colcon_core.package_identification:_identify(.) by extensions ['cmake', 'python']
[1.946s] Level 1:colcon.colcon_core.package_identification:_identify(.) by extension 'cmake'
[1.946s] Level 1:colcon.colcon_core.package_identification:_identify(.) by extension 'python'
[1.946s] Level 1:colcon.colcon_core.package_identification:_identify(.) by extensions ['python_setup_py']
[1.946s] Level 1:colcon.colcon_core.package_identification:_identify(.) by extension 'python_setup_py'
[1.946s] Level 1:colcon.colcon_core.package_identification:_identify(build) by extensions ['ignore', 'ignore_ament_install']
[1.946s] Level 1:colcon.colcon_core.package_identification:_identify(build) by extension 'ignore'
[1.946s] Level 1:colcon.colcon_core.package_identification:_identify(build) ignored
[1.947s] Level 1:colcon.colcon_core.package_identification:_identify(install) by extensions ['ignore', 'ignore_ament_install']
[1.947s] Level 1:colcon.colcon_core.package_identification:_identify(install) by extension 'ignore'
[1.947s] Level 1:colcon.colcon_core.package_identification:_identify(install) ignored
[1.947s] Level 1:colcon.colcon_core.package_identification:_identify(keyboard) by extensions ['ignore', 'ignore_ament_install']
[1.947s] Level 1:colcon.colcon_core.package_identification:_identify(keyboard) by extension 'ignore'
[1.947s] Level 1:colcon.colcon_core.package_identification:_identify(keyboard) by extension 'ignore_ament_install'
[1.947s] Level 1:colcon.colcon_core.package_identification:_identify(keyboard) by extensions ['colcon_pkg']
[1.947s] Level 1:colcon.colcon_core.package_identification:_identify(keyboard) by extension 'colcon_pkg'
[1.947s] Level 1:colcon.colcon_core.package_identification:_identify(keyboard) by extensions ['colcon_meta']
[1.948s] Level 1:colcon.colcon_core.package_identification:_identify(keyboard) by extension 'colcon_meta'
[1.948s] Level 1:colcon.colcon_core.package_identification:_identify(keyboard) by extensions ['ros']
[1.948s] Level 1:colcon.colcon_core.package_identification:_identify(keyboard) by extension 'ros'
[1.948s] Level 1:colcon.colcon_core.package_identification:_identify(keyboard) by extensions ['cmake', 'python']
[1.948s] Level 1:colcon.colcon_core.package_identification:_identify(keyboard) by extension 'cmake'
[1.948s] Level 1:colcon.colcon_core.package_identification:_identify(keyboard) by extension 'python'
[1.948s] Level 1:colcon.colcon_core.package_identification:_identify(keyboard) by extensions ['python_setup_py']
[1.948s] Level 1:colcon.colcon_core.package_identification:_identify(keyboard) by extension 'python_setup_py'
[3.254s] DEBUG:colcon.colcon_core.package_identification:Package 'keyboard' with type 'python' and name 'keyboard'
[3.255s] Level 1:colcon.colcon_core.package_identification:_identify(log) by extensions ['ignore', 'ignore_ament_install']
[3.255s] Level 1:colcon.colcon_core.package_identification:_identify(log) by extension 'ignore'
[3.255s] Level 1:colcon.colcon_core.package_identification:_identify(log) ignored
[3.255s] Level 1:colcon.colcon_core.package_identification:_identify(src) by extensions ['ignore', 'ignore_ament_install']
[3.255s] Level 1:colcon.colcon_core.package_identification:_identify(src) by extension 'ignore'
[3.255s] Level 1:colcon.colcon_core.package_identification:_identify(src) by extension 'ignore_ament_install'
[3.256s] Level 1:colcon.colcon_core.package_identification:_identify(src) by extensions ['colcon_pkg']
[3.256s] Level 1:colcon.colcon_core.package_identification:_identify(src) by extension 'colcon_pkg'
[3.256s] Level 1:colcon.colcon_core.package_identification:_identify(src) by extensions ['colcon_meta']
[3.256s] Level 1:colcon.colcon_core.package_identification:_identify(src) by extension 'colcon_meta'
[3.256s] Level 1:colcon.colcon_core.package_identification:_identify(src) by extensions ['ros']
[3.256s] Level 1:colcon.colcon_core.package_identification:_identify(src) by extension 'ros'
[3.256s] Level 1:colcon.colcon_core.package_identification:_identify(src) by extensions ['cmake', 'python']
[3.256s] Level 1:colcon.colcon_core.package_identification:_identify(src) by extension 'cmake'
[3.256s] Level 1:colcon.colcon_core.package_identification:_identify(src) by extension 'python'
[3.256s] Level 1:colcon.colcon_core.package_identification:_identify(src) by extensions ['python_setup_py']
[3.256s] Level 1:colcon.colcon_core.package_identification:_identify(src) by extension 'python_setup_py'
[3.256s] Level 1:colcon.colcon_core.package_identification:_identify(src/turtle_bot_15) by extensions ['ignore', 'ignore_ament_install']
[3.257s] Level 1:colcon.colcon_core.package_identification:_identify(src/turtle_bot_15) by extension 'ignore'
[3.257s] Level 1:colcon.colcon_core.package_identification:_identify(src/turtle_bot_15) by extension 'ignore_ament_install'
[3.257s] Level 1:colcon.colcon_core.package_identification:_identify(src/turtle_bot_15) by extensions ['colcon_pkg']
[3.257s] Level 1:colcon.colcon_core.package_identification:_identify(src/turtle_bot_15) by extension 'colcon_pkg'
[3.257s] Level 1:colcon.colcon_core.package_identification:_identify(src/turtle_bot_15) by extensions ['colcon_meta']
[3.257s] Level 1:colcon.colcon_core.package_identification:_identify(src/turtle_bot_15) by extension 'colcon_meta'
[3.257s] Level 1:colcon.colcon_core.package_identification:_identify(src/turtle_bot_15) by extensions ['ros']
[3.257s] Level 1:colcon.colcon_core.package_identification:_identify(src/turtle_bot_15) by extension 'ros'
[3.273s] DEBUG:colcon.colcon_core.package_identification:Package 'src/turtle_bot_15' with type 'ros.ament_python' and name 'turtle_bot_15'
[3.273s] Level 1:colcon.colcon_core.package_discovery:discover_packages(recursive) using defaults
[3.274s] Level 1:colcon.colcon_core.package_discovery:discover_packages(ignore) discover
[3.274s] Level 1:colcon.colcon_core.package_discovery:discover_packages(ignore) using defaults
[3.274s] Level 1:colcon.colcon_core.package_discovery:discover_packages(path) discover
[3.274s] Level 1:colcon.colcon_core.package_discovery:discover_packages(path) using defaults
[3.447s] Level 1:colcon.colcon_core.package_discovery:discover_packages(prefix_path) check parameters
[3.447s] Level 1:colcon.colcon_core.package_discovery:discover_packages(prefix_path) discover
[3.464s] DEBUG:colcon.colcon_installed_package_information.package_discovery:Found 2 installed packages in /home/robotica/taller1_grupo15/install
[3.467s] DEBUG:colcon.colcon_installed_package_information.package_discovery:Found 284 installed packages in /opt/ros/humble
[3.482s] Level 1:colcon.colcon_core.package_discovery:discover_packages(prefix_path) using defaults
[3.782s] Level 5:colcon.colcon_core.verb:set package 'keyboard' build argument 'cmake_args' from command line to 'None'
[3.796s] Level 5:colcon.colcon_core.verb:set package 'keyboard' build argument 'cmake_target' from command line to 'None'
[3.796s] Level 5:colcon.colcon_core.verb:set package 'keyboard' build argument 'cmake_target_skip_unavailable' from command line to 'False'
[3.796s] Level 5:colcon.colcon_core.verb:set package 'keyboard' build argument 'cmake_clean_cache' from command line to 'False'
[3.796s] Level 5:colcon.colcon_core.verb:set package 'keyboard' build argument 'cmake_clean_first' from command line to 'False'
[3.796s] Level 5:colcon.colcon_core.verb:set package 'keyboard' build argument 'cmake_force_configure' from command line to 'False'
[3.796s] Level 5:colcon.colcon_core.verb:set package 'keyboard' build argument 'ament_cmake_args' from command line to 'None'
[3.796s] Level 5:colcon.colcon_core.verb:set package 'keyboard' build argument 'catkin_cmake_args' from command line to 'None'
[3.796s] Level 5:colcon.colcon_core.verb:set package 'keyboard' build argument 'catkin_skip_building_tests' from command line to 'False'
[3.796s] DEBUG:colcon.colcon_core.verb:Building package 'keyboard' with the following arguments: {'ament_cmake_args': None, 'build_base': '/home/robotica/taller1_grupo15/build/keyboard', 'catkin_cmake_args': None, 'catkin_skip_building_tests': False, 'cmake_args': None, 'cmake_clean_cache': False, 'cmake_clean_first': False, 'cmake_force_configure': False, 'cmake_target': None, 'cmake_target_skip_unavailable': False, 'install_base': '/home/robotica/taller1_grupo15/install/keyboard', 'merge_install': False, 'path': '/home/robotica/taller1_grupo15/keyboard', 'symlink_install': False, 'test_result_base': None}
[3.799s] Level 5:colcon.colcon_core.verb:set package 'turtle_bot_15' build argument 'cmake_args' from command line to 'None'
[3.799s] Level 5:colcon.colcon_core.verb:set package 'turtle_bot_15' build argument 'cmake_target' from command line to 'None'
[3.799s] Level 5:colcon.colcon_core.verb:set package 'turtle_bot_15' build argument 'cmake_target_skip_unavailable' from command line to 'False'
[3.799s] Level 5:colcon.colcon_core.verb:set package 'turtle_bot_15' build argument 'cmake_clean_cache' from command line to 'False'
[3.799s] Level 5:colcon.colcon_core.verb:set package 'turtle_bot_15' build argument 'cmake_clean_first' from command line to 'False'
[3.799s] Level 5:colcon.colcon_core.verb:set package 'turtle_bot_15' build argument 'cmake_force_configure' from command line to 'False'
[3.799s] Level 5:colcon.colcon_core.verb:set package 'turtle_bot_15' build argument 'ament_cmake_args' from command line to 'None'
[3.799s] Level 5:colcon.colcon_core.verb:set package 'turtle_bot_15' build argument 'catkin_cmake_args' from command line to 'None'
[3.799s] Level 5:colcon.colcon_core.verb:set package 'turtle_bot_15' build argument 'catkin_skip_building_tests' from command line to 'False'
[3.799s] DEBUG:colcon.colcon_core.verb:Building package 'turtle_bot_15' with the following arguments: {'ament_cmake_args': None, 'build_base': '/home/robotica/taller1_grupo15/build/turtle_bot_15', 'catkin_cmake_args': None, 'catkin_skip_building_tests': False, 'cmake_args': None, 'cmake_clean_cache': False, 'cmake_clean_first': False, 'cmake_force_configure': False, 'cmake_target': None, 'cmake_target_skip_unavailable': False, 'install_base': '/home/robotica/taller1_grupo15/install/turtle_bot_15', 'merge_install': False, 'path': '/home/robotica/taller1_grupo15/src/turtle_bot_15', 'symlink_install': False, 'test_result_base': None}
[3.801s] INFO:colcon.colcon_core.executor:Executing jobs using 'parallel' executor
[3.823s] DEBUG:colcon.colcon_parallel_executor.executor.parallel:run_until_complete
[3.836s] INFO:colcon.colcon_core.task.python.build:Building Python package in '/home/robotica/taller1_grupo15/keyboard'
[3.844s] INFO:colcon.colcon_core.plugin_system:Skipping extension 'colcon_core.shell.bat': Not used on non-Windows systems
[3.862s] INFO:colcon.colcon_core.shell:Skip shell extension 'powershell' for command environment: Not usable outside of PowerShell
[3.862s] DEBUG:colcon.colcon_core.shell:Skip shell extension 'dsv' for command environment
[8.981s] DEBUG:colcon.colcon_core.event_handler.log_command:Invoking command in '/home/robotica/taller1_grupo15/keyboard': PYTHONPATH=/home/robotica/taller1_grupo15/build/keyboard/prefix_override:/home/robotica/taller1_grupo15/install/keyboard/lib/python3.10/site-packages:${PYTHONPATH} /usr/bin/python3 setup.py egg_info --egg-base ../build/keyboard build --build-base /home/robotica/taller1_grupo15/build/keyboard/build install --record /home/robotica/taller1_grupo15/build/keyboard/install.log --single-version-externally-managed
[11.808s] Level 1:colcon.colcon_core.environment:checking '/home/robotica/taller1_grupo15/install/keyboard' for CMake module files
[11.813s] DEBUG:colcon.colcon_core.event_handler.log_command:Invoked command in '/home/robotica/taller1_grupo15/keyboard' returned '0': PYTHONPATH=/home/robotica/taller1_grupo15/build/keyboard/prefix_override:/home/robotica/taller1_grupo15/install/keyboard/lib/python3.10/site-packages:${PYTHONPATH} /usr/bin/python3 setup.py egg_info --egg-base ../build/keyboard build --build-base /home/robotica/taller1_grupo15/build/keyboard/build install --record /home/robotica/taller1_grupo15/build/keyboard/install.log --single-version-externally-managed
[11.822s] Level 1:colcon.colcon_core.environment:checking '/home/robotica/taller1_grupo15/install/keyboard' for CMake config files
[11.824s] Level 1:colcon.colcon_core.environment:checking '/home/robotica/taller1_grupo15/install/keyboard/lib'
[11.825s] Level 1:colcon.colcon_core.environment:checking '/home/robotica/taller1_grupo15/install/keyboard/bin'
[11.825s] Level 1:colcon.colcon_core.environment:checking '/home/robotica/taller1_grupo15/install/keyboard/lib/pkgconfig/keyboard.pc'
[11.826s] Level 1:colcon.colcon_core.environment:checking '/home/robotica/taller1_grupo15/install/keyboard/lib/python3.10/site-packages'
[11.826s] Level 1:colcon.colcon_core.shell:create_environment_hook('keyboard', 'pythonpath')
[11.852s] INFO:colcon.colcon_core.shell:Creating environment hook '/home/robotica/taller1_grupo15/install/keyboard/share/keyboard/hook/pythonpath.ps1'
[11.861s] INFO:colcon.colcon_core.shell:Creating environment descriptor '/home/robotica/taller1_grupo15/install/keyboard/share/keyboard/hook/pythonpath.dsv'
[11.870s] INFO:colcon.colcon_core.shell:Creating environment hook '/home/robotica/taller1_grupo15/install/keyboard/share/keyboard/hook/pythonpath.sh'
[11.897s] Level 1:colcon.colcon_core.environment:checking '/home/robotica/taller1_grupo15/install/keyboard/bin'
[11.897s] Level 1:colcon.colcon_core.environment:create_environment_scripts_only(keyboard)
[11.900s] INFO:colcon.colcon_core.shell:Creating package script '/home/robotica/taller1_grupo15/install/keyboard/share/keyboard/package.ps1'
[11.925s] INFO:colcon.colcon_core.shell:Creating package descriptor '/home/robotica/taller1_grupo15/install/keyboard/share/keyboard/package.dsv'
[11.930s] INFO:colcon.colcon_core.shell:Creating package script '/home/robotica/taller1_grupo15/install/keyboard/share/keyboard/package.sh'
[11.933s] INFO:colcon.colcon_core.shell:Creating package script '/home/robotica/taller1_grupo15/install/keyboard/share/keyboard/package.bash'
[11.946s] INFO:colcon.colcon_core.shell:Creating package script '/home/robotica/taller1_grupo15/install/keyboard/share/keyboard/package.zsh'
[11.949s] Level 1:colcon.colcon_core.environment:create_file_with_runtime_dependencies(/home/robotica/taller1_grupo15/install/keyboard/share/colcon-core/packages/keyboard)
[11.957s] INFO:colcon.colcon_ros.task.ament_python.build:Building ROS package in '/home/robotica/taller1_grupo15/src/turtle_bot_15' with build type 'ament_python'
[11.957s] Level 1:colcon.colcon_core.shell:create_environment_hook('turtle_bot_15', 'ament_prefix_path')
[11.960s] INFO:colcon.colcon_core.shell:Creating environment hook '/home/robotica/taller1_grupo15/install/turtle_bot_15/share/turtle_bot_15/hook/ament_prefix_path.ps1'
[12.009s] INFO:colcon.colcon_core.shell:Creating environment descriptor '/home/robotica/taller1_grupo15/install/turtle_bot_15/share/turtle_bot_15/hook/ament_prefix_path.dsv'
[12.016s] INFO:colcon.colcon_core.shell:Creating environment hook '/home/robotica/taller1_grupo15/install/turtle_bot_15/share/turtle_bot_15/hook/ament_prefix_path.sh'
[12.042s] INFO:colcon.colcon_core.shell:Skip shell extension 'powershell' for command environment: Not usable outside of PowerShell
[12.043s] DEBUG:colcon.colcon_core.shell:Skip shell extension 'dsv' for command environment
[14.804s] INFO:colcon.colcon_core.task.python.build:Building Python package in '/home/robotica/taller1_grupo15/src/turtle_bot_15'
[14.807s] INFO:colcon.colcon_core.shell:Skip shell extension 'powershell' for command environment: Not usable outside of PowerShell
[14.807s] DEBUG:colcon.colcon_core.shell:Skip shell extension 'dsv' for command environment
[17.405s] DEBUG:colcon.colcon_core.event_handler.log_command:Invoking command in '/home/robotica/taller1_grupo15/src/turtle_bot_15': PYTHONPATH=/home/robotica/taller1_grupo15/build/turtle_bot_15/prefix_override:/home/robotica/taller1_grupo15/install/turtle_bot_15/lib/python3.10/site-packages:${PYTHONPATH} /usr/bin/python3 setup.py egg_info --egg-base ../../build/turtle_bot_15 build --build-base /home/robotica/taller1_grupo15/build/turtle_bot_15/build install --record /home/robotica/taller1_grupo15/build/turtle_bot_15/install.log --single-version-externally-managed
[19.676s] Level 1:colcon.colcon_core.environment:checking '/home/robotica/taller1_grupo15/install/turtle_bot_15' for CMake module files
[19.677s] Level 1:colcon.colcon_core.environment:checking '/home/robotica/taller1_grupo15/install/turtle_bot_15' for CMake config files
[19.703s] DEBUG:colcon.colcon_core.event_handler.log_command:Invoked command in '/home/robotica/taller1_grupo15/src/turtle_bot_15' returned '0': PYTHONPATH=/home/robotica/taller1_grupo15/build/turtle_bot_15/prefix_override:/home/robotica/taller1_grupo15/install/turtle_bot_15/lib/python3.10/site-packages:${PYTHONPATH} /usr/bin/python3 setup.py egg_info --egg-base ../../build/turtle_bot_15 build --build-base /home/robotica/taller1_grupo15/build/turtle_bot_15/build install --record /home/robotica/taller1_grupo15/build/turtle_bot_15/install.log --single-version-externally-managed
[19.704s] Level 1:colcon.colcon_core.environment:checking '/home/robotica/taller1_grupo15/install/turtle_bot_15/lib'
[19.704s] Level 1:colcon.colcon_core.environment:checking '/home/robotica/taller1_grupo15/install/turtle_bot_15/bin'
[19.704s] Level 1:colcon.colcon_core.environment:checking '/home/robotica/taller1_grupo15/install/turtle_bot_15/lib/pkgconfig/turtle_bot_15.pc'
[19.705s] Level 1:colcon.colcon_core.environment:checking '/home/robotica/taller1_grupo15/install/turtle_bot_15/lib/python3.10/site-packages'
[19.705s] Level 1:colcon.colcon_core.shell:create_environment_hook('turtle_bot_15', 'pythonpath')
[19.707s] INFO:colcon.colcon_core.shell:Creating environment hook '/home/robotica/taller1_grupo15/install/turtle_bot_15/share/turtle_bot_15/hook/pythonpath.ps1'
[19.720s] INFO:colcon.colcon_core.shell:Creating environment descriptor '/home/robotica/taller1_grupo15/install/turtle_bot_15/share/turtle_bot_15/hook/pythonpath.dsv'
[19.741s] INFO:colcon.colcon_core.shell:Creating environment hook '/home/robotica/taller1_grupo15/install/turtle_bot_15/share/turtle_bot_15/hook/pythonpath.sh'
[19.747s] Level 1:colcon.colcon_core.environment:checking '/home/robotica/taller1_grupo15/install/turtle_bot_15/bin'
[19.747s] Level 1:colcon.colcon_core.environment:create_environment_scripts_only(turtle_bot_15)
[19.750s] INFO:colcon.colcon_core.shell:Creating package script '/home/robotica/taller1_grupo15/install/turtle_bot_15/share/turtle_bot_15/package.ps1'
[19.761s] INFO:colcon.colcon_core.shell:Creating package descriptor '/home/robotica/taller1_grupo15/install/turtle_bot_15/share/turtle_bot_15/package.dsv'
[19.765s] INFO:colcon.colcon_core.shell:Creating package script '/home/robotica/taller1_grupo15/install/turtle_bot_15/share/turtle_bot_15/package.sh'
[19.785s] INFO:colcon.colcon_core.shell:Creating package script '/home/robotica/taller1_grupo15/install/turtle_bot_15/share/turtle_bot_15/package.bash'
[19.789s] INFO:colcon.colcon_core.shell:Creating package script '/home/robotica/taller1_grupo15/install/turtle_bot_15/share/turtle_bot_15/package.zsh'
[19.792s] Level 1:colcon.colcon_core.environment:create_file_with_runtime_dependencies(/home/robotica/taller1_grupo15/install/turtle_bot_15/share/colcon-core/packages/turtle_bot_15)
[19.818s] DEBUG:colcon.colcon_parallel_executor.executor.parallel:closing loop
[19.824s] DEBUG:colcon.colcon_parallel_executor.executor.parallel:loop closed
[19.824s] DEBUG:colcon.colcon_parallel_executor.executor.parallel:run_until_complete finished with '0'
[19.825s] DEBUG:colcon.colcon_core.event_reactor:joining thread
[19.873s] INFO:colcon.colcon_core.plugin_system:Skipping extension 'colcon_notification.desktop_notification.terminal_notifier': Not used on non-Darwin systems
[19.873s] INFO:colcon.colcon_core.plugin_system:Skipping extension 'colcon_notification.desktop_notification.win32': Not used on non-Windows systems
[19.873s] INFO:colcon.colcon_notification.desktop_notification:Sending desktop notification using 'notify2'
[19.977s] DEBUG:colcon.colcon_core.event_reactor:joined thread
[19.991s] INFO:colcon.colcon_core.shell:Creating prefix script '/home/robotica/taller1_grupo15/install/local_setup.ps1'
[20.021s] INFO:colcon.colcon_core.shell:Creating prefix util module '/home/robotica/taller1_grupo15/install/_local_setup_util_ps1.py'
[20.032s] INFO:colcon.colcon_core.shell:Creating prefix chain script '/home/robotica/taller1_grupo15/install/setup.ps1'
[20.065s] INFO:colcon.colcon_core.shell:Creating prefix script '/home/robotica/taller1_grupo15/install/local_setup.sh'
[20.069s] INFO:colcon.colcon_core.shell:Creating prefix util module '/home/robotica/taller1_grupo15/install/_local_setup_util_sh.py'
[20.073s] INFO:colcon.colcon_core.shell:Creating prefix chain script '/home/robotica/taller1_grupo15/install/setup.sh'
[20.078s] INFO:colcon.colcon_core.shell:Creating prefix script '/home/robotica/taller1_grupo15/install/local_setup.bash'
[20.104s] INFO:colcon.colcon_core.shell:Creating prefix chain script '/home/robotica/taller1_grupo15/install/setup.bash'
[20.109s] INFO:colcon.colcon_core.shell:Creating prefix script '/home/robotica/taller1_grupo15/install/local_setup.zsh'
[20.124s] INFO:colcon.colcon_core.shell:Creating prefix chain script '/home/robotica/taller1_grupo15/install/setup.zsh'
