[2.224s] Invoking command in '/home/robotica/Robotica/Taller 1/src/turtle_bot_15': PYTHONPATH=/home/robotica/Robotica/Taller 1/build/turtle_bot_15/prefix_override:/home/robotica/Robotica/Taller 1/install/turtle_bot_15/lib/python3.10/site-packages:${PYTHONPATH} /usr/bin/python3 setup.py egg_info --egg-base ../../build/turtle_bot_15 build --build-base /home/robotica/Robotica/Taller 1/build/turtle_bot_15/build install --record /home/robotica/Robotica/Taller 1/build/turtle_bot_15/install.log --single-version-externally-managed
[2.893s] running egg_info
[2.901s] writing ../../build/turtle_bot_15/turtle_bot_15.egg-info/PKG-INFO
[2.926s] writing dependency_links to ../../build/turtle_bot_15/turtle_bot_15.egg-info/dependency_links.txt
[2.939s] writing entry points to ../../build/turtle_bot_15/turtle_bot_15.egg-info/entry_points.txt
[2.942s] writing requirements to ../../build/turtle_bot_15/turtle_bot_15.egg-info/requires.txt
[2.947s] writing top-level names to ../../build/turtle_bot_15/turtle_bot_15.egg-info/top_level.txt
[2.983s] reading manifest file '../../build/turtle_bot_15/turtle_bot_15.egg-info/SOURCES.txt'
[2.996s] writing manifest file '../../build/turtle_bot_15/turtle_bot_15.egg-info/SOURCES.txt'
[3.002s] running build
[3.006s] running build_py
[3.013s] copying turtle_bot_15/turtle_bot_interface.py -> /home/robotica/Robotica/Taller 1/build/turtle_bot_15/build/lib/turtle_bot_15
[3.041s] running install
[3.046s] /usr/lib/python3/dist-packages/setuptools/command/install.py:34: SetuptoolsDeprecationWarning: setup.py install is deprecated. Use build and pip and other standards-based tools.
[3.051s]   warnings.warn(
[3.055s] running install_lib
[3.058s] copying /home/robotica/Robotica/Taller 1/build/turtle_bot_15/build/lib/turtle_bot_15/turtle_bot_interface.py -> /home/robotica/Robotica/Taller 1/install/turtle_bot_15/lib/python3.10/site-packages/turtle_bot_15
[3.068s] byte-compiling /home/robotica/Robotica/Taller 1/install/turtle_bot_15/lib/python3.10/site-packages/turtle_bot_15/turtle_bot_interface.py to turtle_bot_interface.cpython-310.pyc
[3.110s] running install_data
[3.130s] running install_egg_info
[3.136s] removing '/home/robotica/Robotica/Taller 1/install/turtle_bot_15/lib/python3.10/site-packages/turtle_bot_15-0.0.0-py3.10.egg-info' (and everything under it)
[3.169s] Copying ../../build/turtle_bot_15/turtle_bot_15.egg-info to /home/robotica/Robotica/Taller 1/install/turtle_bot_15/lib/python3.10/site-packages/turtle_bot_15-0.0.0-py3.10.egg-info
[3.414s] running install_scripts
[3.547s] Installing turtle_bot_interface script to /home/robotica/Robotica/Taller 1/install/turtle_bot_15/lib/turtle_bot_15
[3.599s] Installing turtle_bot_teleop script to /home/robotica/Robotica/Taller 1/install/turtle_bot_15/lib/turtle_bot_15
[3.623s] writing list of installed files to '/home/robotica/Robotica/Taller 1/build/turtle_bot_15/install.log'
[3.779s] Invoked command in '/home/robotica/Robotica/Taller 1/src/turtle_bot_15' returned '0': PYTHONPATH=/home/robotica/Robotica/Taller 1/build/turtle_bot_15/prefix_override:/home/robotica/Robotica/Taller 1/install/turtle_bot_15/lib/python3.10/site-packages:${PYTHONPATH} /usr/bin/python3 setup.py egg_info --egg-base ../../build/turtle_bot_15 build --build-base /home/robotica/Robotica/Taller 1/build/turtle_bot_15/build install --record /home/robotica/Robotica/Taller 1/build/turtle_bot_15/install.log --single-version-externally-managed
