[5.119s] Invoking command in '/home/robotica/taller1_grupo15/keyboard': PYTHONPATH=/home/robotica/taller1_grupo15/build/keyboard/prefix_override:/home/robotica/taller1_grupo15/install/keyboard/lib/python3.10/site-packages:${PYTHONPATH} /usr/bin/python3 setup.py egg_info --egg-base ../build/keyboard build --build-base /home/robotica/taller1_grupo15/build/keyboard/build install --record /home/robotica/taller1_grupo15/build/keyboard/install.log --single-version-externally-managed
[7.180s] running egg_info
[7.192s] writing ../build/keyboard/keyboard.egg-info/PKG-INFO
[7.197s] writing dependency_links to ../build/keyboard/keyboard.egg-info/dependency_links.txt
[7.211s] writing requirements to ../build/keyboard/keyboard.egg-info/requires.txt
[7.215s] writing top-level names to ../build/keyboard/keyboard.egg-info/top_level.txt
[7.241s] reading manifest file '../build/keyboard/keyboard.egg-info/SOURCES.txt'
[7.242s] reading manifest template 'MANIFEST.in'
[7.243s] adding license file 'LICENSE.txt'
[7.248s] writing manifest file '../build/keyboard/keyboard.egg-info/SOURCES.txt'
[7.266s] running build
[7.266s] running build_py
[7.269s] running install
[7.270s] /usr/lib/python3/dist-packages/setuptools/command/install.py:34: SetuptoolsDeprecationWarning: setup.py install is deprecated. Use build and pip and other standards-based tools.
[7.270s]   warnings.warn(
[7.274s] running install_lib
[7.303s] running install_egg_info
[7.315s] removing '/home/robotica/taller1_grupo15/install/keyboard/lib/python3.10/site-packages/keyboard-0.13.5-py3.10.egg-info' (and everything under it)
[7.316s] Copying ../build/keyboard/keyboard.egg-info to /home/robotica/taller1_grupo15/install/keyboard/lib/python3.10/site-packages/keyboard-0.13.5-py3.10.egg-info
[7.327s] running install_scripts
[7.595s] writing list of installed files to '/home/robotica/taller1_grupo15/build/keyboard/install.log'
[7.952s] Invoked command in '/home/robotica/taller1_grupo15/keyboard' returned '0': PYTHONPATH=/home/robotica/taller1_grupo15/build/keyboard/prefix_override:/home/robotica/taller1_grupo15/install/keyboard/lib/python3.10/site-packages:${PYTHONPATH} /usr/bin/python3 setup.py egg_info --egg-base ../build/keyboard build --build-base /home/robotica/taller1_grupo15/build/keyboard/build install --record /home/robotica/taller1_grupo15/build/keyboard/install.log --single-version-externally-managed
