[0.699s] DEBUG:colcon:Command line arguments: ['/usr/bin/colcon', 'build']
[0.700s] DEBUG:colcon:Parsed command line arguments: Namespace(log_base=None, log_level=None, verb_name='build', build_base='build', install_base='install', merge_install=False, symlink_install=False, test_result_base=None, continue_on_error=False, executor='parallel', parallel_workers=1, event_handlers=None, ignore_user_meta=False, metas=['./colcon.meta'], base_paths=['.'], packages_ignore=None, packages_ignore_regex=None, paths=None, packages_up_to=None, packages_up_to_regex=None, packages_above=None, packages_above_and_dependencies=None, packages_above_depth=None, packages_select_by_dep=None, packages_skip_by_dep=None, packages_skip_up_to=None, packages_select_build_failed=False, packages_skip_build_finished=False, packages_select_test_failures=False, packages_skip_test_passed=False, packages_select=None, packages_skip=None, packages_select_regex=None, packages_skip_regex=None, packages_start=None, packages_end=None, allow_overriding=[], cmake_args=None, cmake_target=None, cmake_target_skip_unavailable=False, cmake_clean_cache=False, cmake_clean_first=False, cmake_force_configure=False, ament_cmake_args=None, catkin_cmake_args=None, catkin_skip_building_tests=False, verb_parser=<colcon_defaults.argument_parser.defaults.DefaultArgumentsDecorator object at 0x7fa6099b1ae0>, verb_extension=<colcon_core.verb.build.BuildVerb object at 0x7fa60a33be50>, main=<bound method BuildVerb.main of <colcon_core.verb.build.BuildVerb object at 0x7fa60a33be50>>)
[0.766s] Level 1:colcon.colcon_core.package_discovery:discover_packages(colcon_meta) check parameters
[0.766s] Level 1:colcon.colcon_core.package_discovery:discover_packages(recursive) check parameters
[0.766s] Level 1:colcon.colcon_core.package_discovery:discover_packages(ignore) check parameters
[0.766s] Level 1:colcon.colcon_core.package_discovery:discover_packages(path) check parameters
[0.766s] Level 1:colcon.colcon_core.package_discovery:discover_packages(colcon_meta) discover
[0.766s] Level 1:colcon.colcon_core.package_discovery:discover_packages(recursive) discover
[0.766s] INFO:colcon.colcon_core.package_discovery:Crawling recursively for packages in '/home/robotica/taller1_grupo15'
[0.767s] Level 1:colcon.colcon_core.package_identification:_identify(.) by extensions ['ignore', 'ignore_ament_install']
[0.767s] Level 1:colcon.colcon_core.package_identification:_identify(.) by extension 'ignore'
[0.767s] Level 1:colcon.colcon_core.package_identification:_identify(.) by extension 'ignore_ament_install'
[0.767s] Level 1:colcon.colcon_core.package_identification:_identify(.) by extensions ['colcon_pkg']
[0.767s] Level 1:colcon.colcon_core.package_identification:_identify(.) by extension 'colcon_pkg'
[0.767s] Level 1:colcon.colcon_core.package_identification:_identify(.) by extensions ['colcon_meta']
[0.767s] Level 1:colcon.colcon_core.package_identification:_identify(.) by extension 'colcon_meta'
[0.767s] Level 1:colcon.colcon_core.package_identification:_identify(.) by extensions ['ros']
[0.767s] Level 1:colcon.colcon_core.package_identification:_identify(.) by extension 'ros'
[0.799s] Level 1:colcon.colcon_core.package_identification:_identify(.) by extensions ['cmake', 'python']
[0.799s] Level 1:colcon.colcon_core.package_identification:_identify(.) by extension 'cmake'
[0.799s] Level 1:colcon.colcon_core.package_identification:_identify(.) by extension 'python'
[0.799s] Level 1:colcon.colcon_core.package_identification:_identify(.) by extensions ['python_setup_py']
[0.799s] Level 1:colcon.colcon_core.package_identification:_identify(.) by extension 'python_setup_py'
[0.799s] Level 1:colcon.colcon_core.package_identification:_identify(build) by extensions ['ignore', 'ignore_ament_install']
[0.799s] Level 1:colcon.colcon_core.package_identification:_identify(build) by extension 'ignore'
[0.799s] Level 1:colcon.colcon_core.package_identification:_identify(build) ignored
[0.799s] Level 1:colcon.colcon_core.package_identification:_identify(install) by extensions ['ignore', 'ignore_ament_install']
[0.799s] Level 1:colcon.colcon_core.package_identification:_identify(install) by extension 'ignore'
[0.799s] Level 1:colcon.colcon_core.package_identification:_identify(install) ignored
[0.800s] Level 1:colcon.colcon_core.package_identification:_identify(keyboard) by extensions ['ignore', 'ignore_ament_install']
[0.800s] Level 1:colcon.colcon_core.package_identification:_identify(keyboard) by extension 'ignore'
[0.800s] Level 1:colcon.colcon_core.package_identification:_identify(keyboard) by extension 'ignore_ament_install'
[0.800s] Level 1:colcon.colcon_core.package_identification:_identify(keyboard) by extensions ['colcon_pkg']
[0.800s] Level 1:colcon.colcon_core.package_identification:_identify(keyboard) by extension 'colcon_pkg'
[0.800s] Level 1:colcon.colcon_core.package_identification:_identify(keyboard) by extensions ['colcon_meta']
[0.800s] Level 1:colcon.colcon_core.package_identification:_identify(keyboard) by extension 'colcon_meta'
[0.800s] Level 1:colcon.colcon_core.package_identification:_identify(keyboard) by extensions ['ros']
[0.800s] Level 1:colcon.colcon_core.package_identification:_identify(keyboard) by extension 'ros'
[0.800s] Level 1:colcon.colcon_core.package_identification:_identify(keyboard) by extensions ['cmake', 'python']
[0.800s] Level 1:colcon.colcon_core.package_identification:_identify(keyboard) by extension 'cmake'
[0.800s] Level 1:colcon.colcon_core.package_identification:_identify(keyboard) by extension 'python'
[0.800s] Level 1:colcon.colcon_core.package_identification:_identify(keyboard) by extensions ['python_setup_py']
[0.800s] Level 1:colcon.colcon_core.package_identification:_identify(keyboard) by extension 'python_setup_py'
[1.410s] DEBUG:colcon.colcon_core.package_identification:Package 'keyboard' with type 'python' and name 'keyboard'
[1.410s] Level 1:colcon.colcon_core.package_identification:_identify(log) by extensions ['ignore', 'ignore_ament_install']
[1.411s] Level 1:colcon.colcon_core.package_identification:_identify(log) by extension 'ignore'
[1.411s] Level 1:colcon.colcon_core.package_identification:_identify(log) ignored
[1.411s] Level 1:colcon.colcon_core.package_identification:_identify(src) by extensions ['ignore', 'ignore_ament_install']
[1.411s] Level 1:colcon.colcon_core.package_identification:_identify(src) by extension 'ignore'
[1.411s] Level 1:colcon.colcon_core.package_identification:_identify(src) by extension 'ignore_ament_install'
[1.411s] Level 1:colcon.colcon_core.package_identification:_identify(src) by extensions ['colcon_pkg']
[1.411s] Level 1:colcon.colcon_core.package_identification:_identify(src) by extension 'colcon_pkg'
[1.411s] Level 1:colcon.colcon_core.package_identification:_identify(src) by extensions ['colcon_meta']
[1.411s] Level 1:colcon.colcon_core.package_identification:_identify(src) by extension 'colcon_meta'
[1.411s] Level 1:colcon.colcon_core.package_identification:_identify(src) by extensions ['ros']
[1.411s] Level 1:colcon.colcon_core.package_identification:_identify(src) by extension 'ros'
[1.411s] Level 1:colcon.colcon_core.package_identification:_identify(src) by extensions ['cmake', 'python']
[1.411s] Level 1:colcon.colcon_core.package_identification:_identify(src) by extension 'cmake'
[1.411s] Level 1:colcon.colcon_core.package_identification:_identify(src) by extension 'python'
[1.411s] Level 1:colcon.colcon_core.package_identification:_identify(src) by extensions ['python_setup_py']
[1.411s] Level 1:colcon.colcon_core.package_identification:_identify(src) by extension 'python_setup_py'
[1.412s] Level 1:colcon.colcon_core.package_identification:_identify(src/turtle_bot_15) by extensions ['ignore', 'ignore_ament_install']
[1.412s] Level 1:colcon.colcon_core.package_identification:_identify(src/turtle_bot_15) by extension 'ignore'
[1.412s] Level 1:colcon.colcon_core.package_identification:_identify(src/turtle_bot_15) by extension 'ignore_ament_install'
[1.412s] Level 1:colcon.colcon_core.package_identification:_identify(src/turtle_bot_15) by extensions ['colcon_pkg']
[1.412s] Level 1:colcon.colcon_core.package_identification:_identify(src/turtle_bot_15) by extension 'colcon_pkg'
[1.412s] Level 1:colcon.colcon_core.package_identification:_identify(src/turtle_bot_15) by extensions ['colcon_meta']
[1.412s] Level 1:colcon.colcon_core.package_identification:_identify(src/turtle_bot_15) by extension 'colcon_meta'
[1.412s] Level 1:colcon.colcon_core.package_identification:_identify(src/turtle_bot_15) by extensions ['ros']
[1.412s] Level 1:colcon.colcon_core.package_identification:_identify(src/turtle_bot_15) by extension 'ros'
[1.417s] DEBUG:colcon.colcon_core.package_identification:Package 'src/turtle_bot_15' with type 'ros.ament_python' and name 'turtle_bot_15'
[1.417s] Level 1:colcon.colcon_core.package_discovery:discover_packages(recursive) using defaults
[1.417s] Level 1:colcon.colcon_core.package_discovery:discover_packages(ignore) discover
[1.417s] Level 1:colcon.colcon_core.package_discovery:discover_packages(ignore) using defaults
[1.417s] Level 1:colcon.colcon_core.package_discovery:discover_packages(path) discover
[1.417s] Level 1:colcon.colcon_core.package_discovery:discover_packages(path) using defaults
[1.448s] Level 1:colcon.colcon_core.package_discovery:discover_packages(prefix_path) check parameters
[1.448s] Level 1:colcon.colcon_core.package_discovery:discover_packages(prefix_path) discover
[1.451s] DEBUG:colcon.colcon_installed_package_information.package_discovery:Found 2 installed packages in /home/robotica/taller1_grupo15/install
[1.453s] DEBUG:colcon.colcon_installed_package_information.package_discovery:Found 284 installed packages in /opt/ros/humble
[1.467s] Level 1:colcon.colcon_core.package_discovery:discover_packages(prefix_path) using defaults
[1.609s] Level 5:colcon.colcon_core.verb:set package 'keyboard' build argument 'cmake_args' from command line to 'None'
[1.609s] Level 5:colcon.colcon_core.verb:set package 'keyboard' build argument 'cmake_target' from command line to 'None'
[1.609s] Level 5:colcon.colcon_core.verb:set package 'keyboard' build argument 'cmake_target_skip_unavailable' from command line to 'False'
[1.609s] Level 5:colcon.colcon_core.verb:set package 'keyboard' build argument 'cmake_clean_cache' from command line to 'False'
[1.609s] Level 5:colcon.colcon_core.verb:set package 'keyboard' build argument 'cmake_clean_first' from command line to 'False'
[1.609s] Level 5:colcon.colcon_core.verb:set package 'keyboard' build argument 'cmake_force_configure' from command line to 'False'
[1.610s] Level 5:colcon.colcon_core.verb:set package 'keyboard' build argument 'ament_cmake_args' from command line to 'None'
[1.610s] Level 5:colcon.colcon_core.verb:set package 'keyboard' build argument 'catkin_cmake_args' from command line to 'None'
[1.610s] Level 5:colcon.colcon_core.verb:set package 'keyboard' build argument 'catkin_skip_building_tests' from command line to 'False'
[1.610s] DEBUG:colcon.colcon_core.verb:Building package 'keyboard' with the following arguments: {'ament_cmake_args': None, 'build_base': '/home/robotica/taller1_grupo15/build/keyboard', 'catkin_cmake_args': None, 'catkin_skip_building_tests': False, 'cmake_args': None, 'cmake_clean_cache': False, 'cmake_clean_first': False, 'cmake_force_configure': False, 'cmake_target': None, 'cmake_target_skip_unavailable': False, 'install_base': '/home/robotica/taller1_grupo15/install/keyboard', 'merge_install': False, 'path': '/home/robotica/taller1_grupo15/keyboard', 'symlink_install': False, 'test_result_base': None}
[1.611s] Level 5:colcon.colcon_core.verb:set package 'turtle_bot_15' build argument 'cmake_args' from command line to 'None'
[1.611s] Level 5:colcon.colcon_core.verb:set package 'turtle_bot_15' build argument 'cmake_target' from command line to 'None'
[1.611s] Level 5:colcon.colcon_core.verb:set package 'turtle_bot_15' build argument 'cmake_target_skip_unavailable' from command line to 'False'
[1.611s] Level 5:colcon.colcon_core.verb:set package 'turtle_bot_15' build argument 'cmake_clean_cache' from command line to 'False'
[1.611s] Level 5:colcon.colcon_core.verb:set package 'turtle_bot_15' build argument 'cmake_clean_first' from command line to 'False'
[1.611s] Level 5:colcon.colcon_core.verb:set package 'turtle_bot_15' build argument 'cmake_force_configure' from command line to 'False'
[1.611s] Level 5:colcon.colcon_core.verb:set package 'turtle_bot_15' build argument 'ament_cmake_args' from command line to 'None'
[1.611s] Level 5:colcon.colcon_core.verb:set package 'turtle_bot_15' build argument 'catkin_cmake_args' from command line to 'None'
[1.611s] Level 5:colcon.colcon_core.verb:set package 'turtle_bot_15' build argument 'catkin_skip_building_tests' from command line to 'False'
[1.611s] DEBUG:colcon.colcon_core.verb:Building package 'turtle_bot_15' with the following arguments: {'ament_cmake_args': None, 'build_base': '/home/robotica/taller1_grupo15/build/turtle_bot_15', 'catkin_cmake_args': None, 'catkin_skip_building_tests': False, 'cmake_args': None, 'cmake_clean_cache': False, 'cmake_clean_first': False, 'cmake_force_configure': False, 'cmake_target': None, 'cmake_target_skip_unavailable': False, 'install_base': '/home/robotica/taller1_grupo15/install/turtle_bot_15', 'merge_install': False, 'path': '/home/robotica/taller1_grupo15/src/turtle_bot_15', 'symlink_install': False, 'test_result_base': None}
[1.612s] INFO:colcon.colcon_core.executor:Executing jobs using 'parallel' executor
[1.621s] DEBUG:colcon.colcon_parallel_executor.executor.parallel:run_until_complete
[1.621s] INFO:colcon.colcon_core.task.python.build:Building Python package in '/home/robotica/taller1_grupo15/keyboard'
[1.626s] INFO:colcon.colcon_core.plugin_system:Skipping extension 'colcon_core.shell.bat': Not used on non-Windows systems
[1.626s] INFO:colcon.colcon_core.shell:Skip shell extension 'powershell' for command environment: Not usable outside of PowerShell
[1.626s] DEBUG:colcon.colcon_core.shell:Skip shell extension 'dsv' for command environment
[3.374s] DEBUG:colcon.colcon_core.event_handler.log_command:Invoking command in '/home/robotica/taller1_grupo15/keyboard': PYTHONPATH=/home/robotica/taller1_grupo15/build/keyboard/prefix_override:/home/robotica/taller1_grupo15/install/keyboard/lib/python3.10/site-packages:${PYTHONPATH} /usr/bin/python3 setup.py egg_info --egg-base ../build/keyboard build --build-base /home/robotica/taller1_grupo15/build/keyboard/build install --record /home/robotica/taller1_grupo15/build/keyboard/install.log --single-version-externally-managed
[4.250s] Level 1:colcon.colcon_core.environment:checking '/home/robotica/taller1_grupo15/install/keyboard' for CMake module files
[4.254s] DEBUG:colcon.colcon_core.event_handler.log_command:Invoked command in '/home/robotica/taller1_grupo15/keyboard' returned '0': PYTHONPATH=/home/robotica/taller1_grupo15/build/keyboard/prefix_override:/home/robotica/taller1_grupo15/install/keyboard/lib/python3.10/site-packages:${PYTHONPATH} /usr/bin/python3 setup.py egg_info --egg-base ../build/keyboard build --build-base /home/robotica/taller1_grupo15/build/keyboard/build install --record /home/robotica/taller1_grupo15/build/keyboard/install.log --single-version-externally-managed
[4.254s] Level 1:colcon.colcon_core.environment:checking '/home/robotica/taller1_grupo15/install/keyboard' for CMake config files
[4.255s] Level 1:colcon.colcon_core.environment:checking '/home/robotica/taller1_grupo15/install/keyboard/lib'
[4.255s] Level 1:colcon.colcon_core.environment:checking '/home/robotica/taller1_grupo15/install/keyboard/bin'
[4.255s] Level 1:colcon.colcon_core.environment:checking '/home/robotica/taller1_grupo15/install/keyboard/lib/pkgconfig/keyboard.pc'
[4.256s] Level 1:colcon.colcon_core.environment:checking '/home/robotica/taller1_grupo15/install/keyboard/lib/python3.10/site-packages'
[4.256s] Level 1:colcon.colcon_core.shell:create_environment_hook('keyboard', 'pythonpath')
[4.257s] INFO:colcon.colcon_core.shell:Creating environment hook '/home/robotica/taller1_grupo15/install/keyboard/share/keyboard/hook/pythonpath.ps1'
[4.270s] INFO:colcon.colcon_core.shell:Creating environment descriptor '/home/robotica/taller1_grupo15/install/keyboard/share/keyboard/hook/pythonpath.dsv'
[4.274s] INFO:colcon.colcon_core.shell:Creating environment hook '/home/robotica/taller1_grupo15/install/keyboard/share/keyboard/hook/pythonpath.sh'
[4.282s] Level 1:colcon.colcon_core.environment:checking '/home/robotica/taller1_grupo15/install/keyboard/bin'
[4.282s] Level 1:colcon.colcon_core.environment:create_environment_scripts_only(keyboard)
[4.284s] INFO:colcon.colcon_core.shell:Creating package script '/home/robotica/taller1_grupo15/install/keyboard/share/keyboard/package.ps1'
[4.292s] INFO:colcon.colcon_core.shell:Creating package descriptor '/home/robotica/taller1_grupo15/install/keyboard/share/keyboard/package.dsv'
[4.293s] INFO:colcon.colcon_core.shell:Creating package script '/home/robotica/taller1_grupo15/install/keyboard/share/keyboard/package.sh'
[4.302s] INFO:colcon.colcon_core.shell:Creating package script '/home/robotica/taller1_grupo15/install/keyboard/share/keyboard/package.bash'
[4.304s] INFO:colcon.colcon_core.shell:Creating package script '/home/robotica/taller1_grupo15/install/keyboard/share/keyboard/package.zsh'
[4.305s] Level 1:colcon.colcon_core.environment:create_file_with_runtime_dependencies(/home/robotica/taller1_grupo15/install/keyboard/share/colcon-core/packages/keyboard)
[4.313s] INFO:colcon.colcon_ros.task.ament_python.build:Building ROS package in '/home/robotica/taller1_grupo15/src/turtle_bot_15' with build type 'ament_python'
[4.313s] Level 1:colcon.colcon_core.shell:create_environment_hook('turtle_bot_15', 'ament_prefix_path')
[4.315s] INFO:colcon.colcon_core.shell:Creating environment hook '/home/robotica/taller1_grupo15/install/turtle_bot_15/share/turtle_bot_15/hook/ament_prefix_path.ps1'
[4.338s] INFO:colcon.colcon_core.shell:Creating environment descriptor '/home/robotica/taller1_grupo15/install/turtle_bot_15/share/turtle_bot_15/hook/ament_prefix_path.dsv'
[4.348s] INFO:colcon.colcon_core.shell:Creating environment hook '/home/robotica/taller1_grupo15/install/turtle_bot_15/share/turtle_bot_15/hook/ament_prefix_path.sh'
[4.351s] INFO:colcon.colcon_core.shell:Skip shell extension 'powershell' for command environment: Not usable outside of PowerShell
[4.351s] DEBUG:colcon.colcon_core.shell:Skip shell extension 'dsv' for command environment
[5.110s] INFO:colcon.colcon_core.task.python.build:Building Python package in '/home/robotica/taller1_grupo15/src/turtle_bot_15'
[5.111s] INFO:colcon.colcon_core.shell:Skip shell extension 'powershell' for command environment: Not usable outside of PowerShell
[5.112s] DEBUG:colcon.colcon_core.shell:Skip shell extension 'dsv' for command environment
[6.092s] DEBUG:colcon.colcon_core.event_handler.log_command:Invoking command in '/home/robotica/taller1_grupo15/src/turtle_bot_15': PYTHONPATH=/home/robotica/taller1_grupo15/build/turtle_bot_15/prefix_override:/home/robotica/taller1_grupo15/install/turtle_bot_15/lib/python3.10/site-packages:${PYTHONPATH} /usr/bin/python3 setup.py egg_info --egg-base ../../build/turtle_bot_15 build --build-base /home/robotica/taller1_grupo15/build/turtle_bot_15/build install --record /home/robotica/taller1_grupo15/build/turtle_bot_15/install.log --single-version-externally-managed
[6.954s] Level 1:colcon.colcon_core.environment:checking '/home/robotica/taller1_grupo15/install/turtle_bot_15' for CMake module files
[6.955s] Level 1:colcon.colcon_core.environment:checking '/home/robotica/taller1_grupo15/install/turtle_bot_15' for CMake config files
[6.968s] DEBUG:colcon.colcon_core.event_handler.log_command:Invoked command in '/home/robotica/taller1_grupo15/src/turtle_bot_15' returned '0': PYTHONPATH=/home/robotica/taller1_grupo15/build/turtle_bot_15/prefix_override:/home/robotica/taller1_grupo15/install/turtle_bot_15/lib/python3.10/site-packages:${PYTHONPATH} /usr/bin/python3 setup.py egg_info --egg-base ../../build/turtle_bot_15 build --build-base /home/robotica/taller1_grupo15/build/turtle_bot_15/build install --record /home/robotica/taller1_grupo15/build/turtle_bot_15/install.log --single-version-externally-managed
[6.969s] Level 1:colcon.colcon_core.environment:checking '/home/robotica/taller1_grupo15/install/turtle_bot_15/lib'
[6.970s] Level 1:colcon.colcon_core.environment:checking '/home/robotica/taller1_grupo15/install/turtle_bot_15/bin'
[6.970s] Level 1:colcon.colcon_core.environment:checking '/home/robotica/taller1_grupo15/install/turtle_bot_15/lib/pkgconfig/turtle_bot_15.pc'
[6.970s] Level 1:colcon.colcon_core.environment:checking '/home/robotica/taller1_grupo15/install/turtle_bot_15/lib/python3.10/site-packages'
[6.970s] Level 1:colcon.colcon_core.shell:create_environment_hook('turtle_bot_15', 'pythonpath')
[6.971s] INFO:colcon.colcon_core.shell:Creating environment hook '/home/robotica/taller1_grupo15/install/turtle_bot_15/share/turtle_bot_15/hook/pythonpath.ps1'
[6.973s] INFO:colcon.colcon_core.shell:Creating environment descriptor '/home/robotica/taller1_grupo15/install/turtle_bot_15/share/turtle_bot_15/hook/pythonpath.dsv'
[6.974s] INFO:colcon.colcon_core.shell:Creating environment hook '/home/robotica/taller1_grupo15/install/turtle_bot_15/share/turtle_bot_15/hook/pythonpath.sh'
[6.976s] Level 1:colcon.colcon_core.environment:checking '/home/robotica/taller1_grupo15/install/turtle_bot_15/bin'
[6.976s] Level 1:colcon.colcon_core.environment:create_environment_scripts_only(turtle_bot_15)
[6.978s] INFO:colcon.colcon_core.shell:Creating package script '/home/robotica/taller1_grupo15/install/turtle_bot_15/share/turtle_bot_15/package.ps1'
[6.988s] INFO:colcon.colcon_core.shell:Creating package descriptor '/home/robotica/taller1_grupo15/install/turtle_bot_15/share/turtle_bot_15/package.dsv'
[6.989s] INFO:colcon.colcon_core.shell:Creating package script '/home/robotica/taller1_grupo15/install/turtle_bot_15/share/turtle_bot_15/package.sh'
[6.990s] INFO:colcon.colcon_core.shell:Creating package script '/home/robotica/taller1_grupo15/install/turtle_bot_15/share/turtle_bot_15/package.bash'
[6.992s] INFO:colcon.colcon_core.shell:Creating package script '/home/robotica/taller1_grupo15/install/turtle_bot_15/share/turtle_bot_15/package.zsh'
[6.993s] Level 1:colcon.colcon_core.environment:create_file_with_runtime_dependencies(/home/robotica/taller1_grupo15/install/turtle_bot_15/share/colcon-core/packages/turtle_bot_15)
[7.010s] DEBUG:colcon.colcon_parallel_executor.executor.parallel:closing loop
[7.010s] DEBUG:colcon.colcon_parallel_executor.executor.parallel:loop closed
[7.010s] DEBUG:colcon.colcon_parallel_executor.executor.parallel:run_until_complete finished with '0'
[7.011s] DEBUG:colcon.colcon_core.event_reactor:joining thread
[7.016s] INFO:colcon.colcon_core.plugin_system:Skipping extension 'colcon_notification.desktop_notification.terminal_notifier': Not used on non-Darwin systems
[7.037s] INFO:colcon.colcon_core.plugin_system:Skipping extension 'colcon_notification.desktop_notification.win32': Not used on non-Windows systems
[7.037s] INFO:colcon.colcon_notification.desktop_notification:Sending desktop notification using 'notify2'
[7.067s] DEBUG:colcon.colcon_core.event_reactor:joined thread
[7.069s] INFO:colcon.colcon_core.shell:Creating prefix script '/home/robotica/taller1_grupo15/install/local_setup.ps1'
[7.081s] INFO:colcon.colcon_core.shell:Creating prefix util module '/home/robotica/taller1_grupo15/install/_local_setup_util_ps1.py'
[7.082s] INFO:colcon.colcon_core.shell:Creating prefix chain script '/home/robotica/taller1_grupo15/install/setup.ps1'
[7.094s] INFO:colcon.colcon_core.shell:Creating prefix script '/home/robotica/taller1_grupo15/install/local_setup.sh'
[7.096s] INFO:colcon.colcon_core.shell:Creating prefix util module '/home/robotica/taller1_grupo15/install/_local_setup_util_sh.py'
[7.121s] INFO:colcon.colcon_core.shell:Creating prefix chain script '/home/robotica/taller1_grupo15/install/setup.sh'
[7.124s] INFO:colcon.colcon_core.shell:Creating prefix script '/home/robotica/taller1_grupo15/install/local_setup.bash'
[7.125s] INFO:colcon.colcon_core.shell:Creating prefix chain script '/home/robotica/taller1_grupo15/install/setup.bash'
[7.138s] INFO:colcon.colcon_core.shell:Creating prefix script '/home/robotica/taller1_grupo15/install/local_setup.zsh'
[7.140s] INFO:colcon.colcon_core.shell:Creating prefix chain script '/home/robotica/taller1_grupo15/install/setup.zsh'
