[1.461s] Invoking command in '/home/robotica/Taller1/src/turtle_bot_15': PYTHONPATH=/home/robotica/Taller1/build/turtle_bot_15/prefix_override:/home/robotica/Taller1/install/turtle_bot_15/lib/python3.10/site-packages:${PYTHONPATH} /usr/bin/python3 setup.py egg_info --egg-base ../../build/turtle_bot_15 build --build-base /home/robotica/Taller1/build/turtle_bot_15/build install --record /home/robotica/Taller1/build/turtle_bot_15/install.log --single-version-externally-managed
[1.826s] running egg_info
[1.828s] writing ../../build/turtle_bot_15/turtle_bot_15.egg-info/PKG-INFO
[1.829s] writing dependency_links to ../../build/turtle_bot_15/turtle_bot_15.egg-info/dependency_links.txt
[1.831s] writing entry points to ../../build/turtle_bot_15/turtle_bot_15.egg-info/entry_points.txt
[1.832s] writing requirements to ../../build/turtle_bot_15/turtle_bot_15.egg-info/requires.txt
[1.833s] writing top-level names to ../../build/turtle_bot_15/turtle_bot_15.egg-info/top_level.txt
[1.836s] reading manifest file '../../build/turtle_bot_15/turtle_bot_15.egg-info/SOURCES.txt'
[1.838s] writing manifest file '../../build/turtle_bot_15/turtle_bot_15.egg-info/SOURCES.txt'
[1.839s] running build
[1.839s] running build_py
[1.840s] running install
[1.840s] /usr/lib/python3/dist-packages/setuptools/command/install.py:34: SetuptoolsDeprecationWarning: setup.py install is deprecated. Use build and pip and other standards-based tools.
[1.841s]   warnings.warn(
[1.841s] running install_lib
[1.843s] running install_data
[1.844s] running install_egg_info
[1.846s] removing '/home/robotica/Taller1/install/turtle_bot_15/lib/python3.10/site-packages/turtle_bot_15-0.0.0-py3.10.egg-info' (and everything under it)
[1.847s] Copying ../../build/turtle_bot_15/turtle_bot_15.egg-info to /home/robotica/Taller1/install/turtle_bot_15/lib/python3.10/site-packages/turtle_bot_15-0.0.0-py3.10.egg-info
[1.848s] running install_scripts
[1.873s] Installing turtle_bot_interface script to /home/robotica/Taller1/install/turtle_bot_15/lib/turtle_bot_15
[1.874s] Installing turtle_bot_teleop script to /home/robotica/Taller1/install/turtle_bot_15/lib/turtle_bot_15
[1.876s] writing list of installed files to '/home/robotica/Taller1/build/turtle_bot_15/install.log'
[1.920s] Invoked command in '/home/robotica/Taller1/src/turtle_bot_15' returned '0': PYTHONPATH=/home/robotica/Taller1/build/turtle_bot_15/prefix_override:/home/robotica/Taller1/install/turtle_bot_15/lib/python3.10/site-packages:${PYTHONPATH} /usr/bin/python3 setup.py egg_info --egg-base ../../build/turtle_bot_15 build --build-base /home/robotica/Taller1/build/turtle_bot_15/build install --record /home/robotica/Taller1/build/turtle_bot_15/install.log --single-version-externally-managed
