[3.771s] Invoking command in '/home/robotica/taller1_grupo15/src/turtle_bot_15': PYTHONPATH=/home/robotica/taller1_grupo15/build/turtle_bot_15/prefix_override:/home/robotica/taller1_grupo15/install/turtle_bot_15/lib/python3.10/site-packages:${PYTHONPATH} /usr/bin/python3 setup.py egg_info --egg-base ../../build/turtle_bot_15 build --build-base /home/robotica/taller1_grupo15/build/turtle_bot_15/build install --record /home/robotica/taller1_grupo15/build/turtle_bot_15/install.log --single-version-externally-managed
[4.677s] running egg_info
[4.679s] creating ../../build/turtle_bot_15/turtle_bot_15.egg-info
[4.679s] writing ../../build/turtle_bot_15/turtle_bot_15.egg-info/PKG-INFO
[4.681s] writing dependency_links to ../../build/turtle_bot_15/turtle_bot_15.egg-info/dependency_links.txt
[4.681s] writing entry points to ../../build/turtle_bot_15/turtle_bot_15.egg-info/entry_points.txt
[4.682s] writing requirements to ../../build/turtle_bot_15/turtle_bot_15.egg-info/requires.txt
[4.682s] writing top-level names to ../../build/turtle_bot_15/turtle_bot_15.egg-info/top_level.txt
[4.683s] writing manifest file '../../build/turtle_bot_15/turtle_bot_15.egg-info/SOURCES.txt'
[4.691s] reading manifest file '../../build/turtle_bot_15/turtle_bot_15.egg-info/SOURCES.txt'
[4.693s] writing manifest file '../../build/turtle_bot_15/turtle_bot_15.egg-info/SOURCES.txt'
[4.708s] running build
[4.708s] running build_py
[4.710s] creating /home/robotica/taller1_grupo15/build/turtle_bot_15/build
[4.710s] creating /home/robotica/taller1_grupo15/build/turtle_bot_15/build/lib
[4.710s] creating /home/robotica/taller1_grupo15/build/turtle_bot_15/build/lib/turtle_bot_15
[4.711s] copying turtle_bot_15/__init__.py -> /home/robotica/taller1_grupo15/build/turtle_bot_15/build/lib/turtle_bot_15
[4.726s] copying turtle_bot_15/turtle_bot_teleop.py -> /home/robotica/taller1_grupo15/build/turtle_bot_15/build/lib/turtle_bot_15
[4.728s] running install
[4.732s] /usr/lib/python3/dist-packages/setuptools/command/install.py:34: SetuptoolsDeprecationWarning: setup.py install is deprecated. Use build and pip and other standards-based tools.
[4.733s]   warnings.warn(
[4.737s] running install_lib
[4.748s] creating /home/robotica/taller1_grupo15/install/turtle_bot_15/lib/python3.10/site-packages/turtle_bot_15
[4.752s] copying /home/robotica/taller1_grupo15/build/turtle_bot_15/build/lib/turtle_bot_15/__init__.py -> /home/robotica/taller1_grupo15/install/turtle_bot_15/lib/python3.10/site-packages/turtle_bot_15
[4.753s] copying /home/robotica/taller1_grupo15/build/turtle_bot_15/build/lib/turtle_bot_15/turtle_bot_teleop.py -> /home/robotica/taller1_grupo15/install/turtle_bot_15/lib/python3.10/site-packages/turtle_bot_15
[4.754s] byte-compiling /home/robotica/taller1_grupo15/install/turtle_bot_15/lib/python3.10/site-packages/turtle_bot_15/__init__.py to __init__.cpython-310.pyc
[4.756s] byte-compiling /home/robotica/taller1_grupo15/install/turtle_bot_15/lib/python3.10/site-packages/turtle_bot_15/turtle_bot_teleop.py to turtle_bot_teleop.cpython-310.pyc
[4.762s] running install_data
[4.763s] creating /home/robotica/taller1_grupo15/install/turtle_bot_15/share/ament_index
[4.763s] creating /home/robotica/taller1_grupo15/install/turtle_bot_15/share/ament_index/resource_index
[4.764s] creating /home/robotica/taller1_grupo15/install/turtle_bot_15/share/ament_index/resource_index/packages
[4.764s] copying resource/turtle_bot_15 -> /home/robotica/taller1_grupo15/install/turtle_bot_15/share/ament_index/resource_index/packages
[4.765s] copying package.xml -> /home/robotica/taller1_grupo15/install/turtle_bot_15/share/turtle_bot_15
[4.765s] running install_egg_info
[4.769s] Copying ../../build/turtle_bot_15/turtle_bot_15.egg-info to /home/robotica/taller1_grupo15/install/turtle_bot_15/lib/python3.10/site-packages/turtle_bot_15-0.0.0-py3.10.egg-info
[4.772s] running install_scripts
[4.867s] Installing turtle_bot_teleop script to /home/robotica/taller1_grupo15/install/turtle_bot_15/lib/turtle_bot_15
[4.869s] writing list of installed files to '/home/robotica/taller1_grupo15/build/turtle_bot_15/install.log'
[5.032s] Invoked command in '/home/robotica/taller1_grupo15/src/turtle_bot_15' returned '0': PYTHONPATH=/home/robotica/taller1_grupo15/build/turtle_bot_15/prefix_override:/home/robotica/taller1_grupo15/install/turtle_bot_15/lib/python3.10/site-packages:${PYTHONPATH} /usr/bin/python3 setup.py egg_info --egg-base ../../build/turtle_bot_15 build --build-base /home/robotica/taller1_grupo15/build/turtle_bot_15/build install --record /home/robotica/taller1_grupo15/build/turtle_bot_15/install.log --single-version-externally-managed
