-- Found ament_cmake: 1.3.3 (/opt/ros/humble/share/ament_cmake/cmake)
-- Found ament_lint_auto: 0.12.4 (/opt/ros/humble/share/ament_lint_auto/cmake)
-- Found geometry_msgs: 4.2.2 (/opt/ros/humble/share/geometry_msgs/cmake)
-- Found rosidl_generator_c: 3.1.4 (/opt/ros/humble/share/rosidl_generator_c/cmake)
-- Found rosidl_adapter: 3.1.4 (/opt/ros/humble/share/rosidl_adapter/cmake)
-- Found rosidl_generator_cpp: 3.1.4 (/opt/ros/humble/share/rosidl_generator_cpp/cmake)
-- Using all available rosidl_typesupport_c: rosidl_typesupport_fastrtps_c;rosidl_typesupport_introspection_c
-- Using all available rosidl_typesupport_cpp: rosidl_typesupport_fastrtps_cpp;rosidl_typesupport_introspection_cpp
-- Found rosidl_default_generators: 1.2.0 (/opt/ros/humble/share/rosidl_default_generators/cmake)
-- Found ament_cmake_ros: 0.10.0 (/opt/ros/humble/share/ament_cmake_ros/cmake)
-- Using all available rosidl_typesupport_c: rosidl_typesupport_fastrtps_c;rosidl_typesupport_introspection_c
-- Using all available rosidl_typesupport_cpp: rosidl_typesupport_fastrtps_cpp;rosidl_typesupport_introspection_cpp
-- Found python_cmake_module: 0.10.0 (/opt/ros/humble/share/python_cmake_module/cmake)
-- Using PYTHON_EXECUTABLE: /usr/bin/python3
-- Using PYTHON_INCLUDE_DIRS: /usr/include/python3.10
-- Using PYTHON_LIBRARIES: /usr/lib/x86_64-linux-gnu/libpython3.10.so
-- Added test 'lint_cmake' to check CMake code style
-- Added test 'xmllint' to check XML markup files
-- Configuring done
-- Generating done
-- Build files have been written to: /home/robotica/taller1_grupo15/build/turtle_bot_servcli
[  2%] [34m[1mGenerating C++ code for ROS interfaces[0m
[  2%] Built target turtle_bot_servcli__cpp
[  5%] [34m[1mGenerating C++ type support dispatch for ROS interfaces[0m
[35m[1mConsolidate compiler generated dependencies of target turtle_bot_servcli__rosidl_typesupport_cpp[0m
[  7%] [32mBuilding CXX object CMakeFiles/turtle_bot_servcli__rosidl_typesupport_cpp.dir/rosidl_typesupport_cpp/turtle_bot_servcli/msg/posicion__type_support.cpp.o[0m
[ 10%] [32mBuilding CXX object CMakeFiles/turtle_bot_servcli__rosidl_typesupport_cpp.dir/rosidl_typesupport_cpp/turtle_bot_servcli/srv/move__type_support.cpp.o[0m
[ 12%] [32m[1mLinking CXX shared library libturtle_bot_servcli__rosidl_typesupport_cpp.so[0m
[ 12%] Built target turtle_bot_servcli__rosidl_typesupport_cpp
[ 15%] [34m[1mGenerating C code for ROS interfaces[0m
[35m[1mConsolidate compiler generated dependencies of target turtle_bot_servcli__rosidl_generator_c[0m
[ 17%] [32mBuilding C object CMakeFiles/turtle_bot_servcli__rosidl_generator_c.dir/rosidl_generator_c/turtle_bot_servcli/msg/detail/posicion__functions.c.o[0m
[ 20%] [32mBuilding C object CMakeFiles/turtle_bot_servcli__rosidl_generator_c.dir/rosidl_generator_c/turtle_bot_servcli/srv/detail/move__functions.c.o[0m
[ 23%] [32m[1mLinking C shared library libturtle_bot_servcli__rosidl_generator_c.so[0m
[ 23%] Built target turtle_bot_servcli__rosidl_generator_c
[ 25%] [34m[1mGenerating C type support for eProsima Fast-RTPS[0m
[35m[1mConsolidate compiler generated dependencies of target turtle_bot_servcli__rosidl_typesupport_fastrtps_c[0m
[ 28%] [32mBuilding CXX object CMakeFiles/turtle_bot_servcli__rosidl_typesupport_fastrtps_c.dir/rosidl_typesupport_fastrtps_c/turtle_bot_servcli/msg/detail/posicion__type_support_c.cpp.o[0m
[ 30%] [32mBuilding CXX object CMakeFiles/turtle_bot_servcli__rosidl_typesupport_fastrtps_c.dir/rosidl_typesupport_fastrtps_c/turtle_bot_servcli/srv/detail/move__type_support_c.cpp.o[0m
[ 33%] [32m[1mLinking CXX shared library libturtle_bot_servcli__rosidl_typesupport_fastrtps_c.so[0m
[ 33%] Built target turtle_bot_servcli__rosidl_typesupport_fastrtps_c
[ 35%] [34m[1mGenerating C++ type support for eProsima Fast-RTPS[0m
[35m[1mConsolidate compiler generated dependencies of target turtle_bot_servcli__rosidl_typesupport_fastrtps_cpp[0m
[ 38%] [32mBuilding CXX object CMakeFiles/turtle_bot_servcli__rosidl_typesupport_fastrtps_cpp.dir/rosidl_typesupport_fastrtps_cpp/turtle_bot_servcli/msg/detail/dds_fastrtps/posicion__type_support.cpp.o[0m
[ 41%] [32mBuilding CXX object CMakeFiles/turtle_bot_servcli__rosidl_typesupport_fastrtps_cpp.dir/rosidl_typesupport_fastrtps_cpp/turtle_bot_servcli/srv/detail/dds_fastrtps/move__type_support.cpp.o[0m
[ 43%] [32m[1mLinking CXX shared library libturtle_bot_servcli__rosidl_typesupport_fastrtps_cpp.so[0m
[ 43%] Built target turtle_bot_servcli__rosidl_typesupport_fastrtps_cpp
[ 46%] [34m[1mGenerating C introspection for ROS interfaces[0m
[35m[1mConsolidate compiler generated dependencies of target turtle_bot_servcli__rosidl_typesupport_introspection_c[0m
[ 48%] [32mBuilding C object CMakeFiles/turtle_bot_servcli__rosidl_typesupport_introspection_c.dir/rosidl_typesupport_introspection_c/turtle_bot_servcli/msg/detail/posicion__type_support.c.o[0m
[ 51%] [32mBuilding C object CMakeFiles/turtle_bot_servcli__rosidl_typesupport_introspection_c.dir/rosidl_typesupport_introspection_c/turtle_bot_servcli/srv/detail/move__type_support.c.o[0m
[ 53%] [32m[1mLinking C shared library libturtle_bot_servcli__rosidl_typesupport_introspection_c.so[0m
[ 53%] Built target turtle_bot_servcli__rosidl_typesupport_introspection_c
[ 56%] [34m[1mGenerating C type support dispatch for ROS interfaces[0m
[35m[1mConsolidate compiler generated dependencies of target turtle_bot_servcli__rosidl_typesupport_c[0m
[ 58%] [32mBuilding CXX object CMakeFiles/turtle_bot_servcli__rosidl_typesupport_c.dir/rosidl_typesupport_c/turtle_bot_servcli/msg/posicion__type_support.cpp.o[0m
[ 61%] [32mBuilding CXX object CMakeFiles/turtle_bot_servcli__rosidl_typesupport_c.dir/rosidl_typesupport_c/turtle_bot_servcli/srv/move__type_support.cpp.o[0m
[ 64%] [32m[1mLinking CXX shared library libturtle_bot_servcli__rosidl_typesupport_c.so[0m
[ 64%] Built target turtle_bot_servcli__rosidl_typesupport_c
[ 66%] [34m[1mGenerating C++ introspection for ROS interfaces[0m
[35m[1mConsolidate compiler generated dependencies of target turtle_bot_servcli__rosidl_typesupport_introspection_cpp[0m
[ 69%] [32mBuilding CXX object CMakeFiles/turtle_bot_servcli__rosidl_typesupport_introspection_cpp.dir/rosidl_typesupport_introspection_cpp/turtle_bot_servcli/msg/detail/posicion__type_support.cpp.o[0m
[ 71%] [32mBuilding CXX object CMakeFiles/turtle_bot_servcli__rosidl_typesupport_introspection_cpp.dir/rosidl_typesupport_introspection_cpp/turtle_bot_servcli/srv/detail/move__type_support.cpp.o[0m
[ 74%] [32m[1mLinking CXX shared library libturtle_bot_servcli__rosidl_typesupport_introspection_cpp.so[0m
[ 74%] Built target turtle_bot_servcli__rosidl_typesupport_introspection_cpp
[ 74%] Built target turtle_bot_servcli
[ 74%] Built target ament_cmake_python_copy_turtle_bot_servcli
running egg_info
writing turtle_bot_servcli.egg-info/PKG-INFO
writing dependency_links to turtle_bot_servcli.egg-info/dependency_links.txt
writing top-level names to turtle_bot_servcli.egg-info/top_level.txt
reading manifest file 'turtle_bot_servcli.egg-info/SOURCES.txt'
writing manifest file 'turtle_bot_servcli.egg-info/SOURCES.txt'
[ 74%] Built target ament_cmake_python_build_turtle_bot_servcli_egg
[ 76%] [34m[1mGenerating Python code for ROS interfaces[0m
[ 76%] Built target turtle_bot_servcli__py
[35m[1mConsolidate compiler generated dependencies of target turtle_bot_servcli__rosidl_generator_py[0m
[ 79%] [32mBuilding C object CMakeFiles/turtle_bot_servcli__rosidl_generator_py.dir/rosidl_generator_py/turtle_bot_servcli/msg/_posicion_s.c.o[0m
[ 82%] [32mBuilding C object CMakeFiles/turtle_bot_servcli__rosidl_generator_py.dir/rosidl_generator_py/turtle_bot_servcli/srv/_move_s.c.o[0m
[ 84%] [32m[1mLinking C shared library rosidl_generator_py/turtle_bot_servcli/libturtle_bot_servcli__rosidl_generator_py.so[0m
[ 84%] Built target turtle_bot_servcli__rosidl_generator_py
[35m[1mConsolidate compiler generated dependencies of target turtle_bot_servcli__rosidl_typesupport_fastrtps_c__pyext[0m
[ 87%] [32mBuilding C object CMakeFiles/turtle_bot_servcli__rosidl_typesupport_fastrtps_c__pyext.dir/rosidl_generator_py/turtle_bot_servcli/_turtle_bot_servcli_s.ep.rosidl_typesupport_fastrtps_c.c.o[0m
[ 89%] [32m[1mLinking C shared library rosidl_generator_py/turtle_bot_servcli/turtle_bot_servcli_s__rosidl_typesupport_fastrtps_c.cpython-310-x86_64-linux-gnu.so[0m
[ 89%] Built target turtle_bot_servcli__rosidl_typesupport_fastrtps_c__pyext
[35m[1mConsolidate compiler generated dependencies of target turtle_bot_servcli__rosidl_typesupport_introspection_c__pyext[0m
[ 92%] [32mBuilding C object CMakeFiles/turtle_bot_servcli__rosidl_typesupport_introspection_c__pyext.dir/rosidl_generator_py/turtle_bot_servcli/_turtle_bot_servcli_s.ep.rosidl_typesupport_introspection_c.c.o[0m
[ 94%] [32m[1mLinking C shared library rosidl_generator_py/turtle_bot_servcli/turtle_bot_servcli_s__rosidl_typesupport_introspection_c.cpython-310-x86_64-linux-gnu.so[0m
[ 94%] Built target turtle_bot_servcli__rosidl_typesupport_introspection_c__pyext
[35m[1mConsolidate compiler generated dependencies of target turtle_bot_servcli__rosidl_typesupport_c__pyext[0m
[ 97%] [32mBuilding C object CMakeFiles/turtle_bot_servcli__rosidl_typesupport_c__pyext.dir/rosidl_generator_py/turtle_bot_servcli/_turtle_bot_servcli_s.ep.rosidl_typesupport_c.c.o[0m
[100%] [32m[1mLinking C shared library rosidl_generator_py/turtle_bot_servcli/turtle_bot_servcli_s__rosidl_typesupport_c.cpython-310-x86_64-linux-gnu.so[0m
[100%] Built target turtle_bot_servcli__rosidl_typesupport_c__pyext
-- Install configuration: ""
-- Installing: /home/robotica/taller1_grupo15/install/turtle_bot_servcli/share/ament_index/resource_index/rosidl_interfaces/turtle_bot_servcli
-- Up-to-date: /home/robotica/taller1_grupo15/install/turtle_bot_servcli/include/turtle_bot_servcli/turtle_bot_servcli
-- Up-to-date: /home/robotica/taller1_grupo15/install/turtle_bot_servcli/include/turtle_bot_servcli/turtle_bot_servcli/srv
-- Up-to-date: /home/robotica/taller1_grupo15/install/turtle_bot_servcli/include/turtle_bot_servcli/turtle_bot_servcli/srv/detail
-- Up-to-date: /home/robotica/taller1_grupo15/install/turtle_bot_servcli/include/turtle_bot_servcli/turtle_bot_servcli/srv/detail/move_robot__functions.c
-- Up-to-date: /home/robotica/taller1_grupo15/install/turtle_bot_servcli/include/turtle_bot_servcli/turtle_bot_servcli/srv/detail/move_robot_to_position__type_support.h
-- Installing: /home/robotica/taller1_grupo15/install/turtle_bot_servcli/include/turtle_bot_servcli/turtle_bot_servcli/srv/detail/move__type_support.h
-- Up-to-date: /home/robotica/taller1_grupo15/install/turtle_bot_servcli/include/turtle_bot_servcli/turtle_bot_servcli/srv/detail/move_robot_to_position__functions.c
-- Up-to-date: /home/robotica/taller1_grupo15/install/turtle_bot_servcli/include/turtle_bot_servcli/turtle_bot_servcli/srv/detail/move_robot_to_position__functions.h
-- Up-to-date: /home/robotica/taller1_grupo15/install/turtle_bot_servcli/include/turtle_bot_servcli/turtle_bot_servcli/srv/detail/move_robot__struct.h
-- Installing: /home/robotica/taller1_grupo15/install/turtle_bot_servcli/include/turtle_bot_servcli/turtle_bot_servcli/srv/detail/move__functions.c
-- Up-to-date: /home/robotica/taller1_grupo15/install/turtle_bot_servcli/include/turtle_bot_servcli/turtle_bot_servcli/srv/detail/move_robot__type_support.h
-- Up-to-date: /home/robotica/taller1_grupo15/install/turtle_bot_servcli/include/turtle_bot_servcli/turtle_bot_servcli/srv/detail/move_robot_to_position__struct.h
-- Installing: /home/robotica/taller1_grupo15/install/turtle_bot_servcli/include/turtle_bot_servcli/turtle_bot_servcli/srv/detail/move__functions.h
-- Installing: /home/robotica/taller1_grupo15/install/turtle_bot_servcli/include/turtle_bot_servcli/turtle_bot_servcli/srv/detail/move__struct.h
-- Up-to-date: /home/robotica/taller1_grupo15/install/turtle_bot_servcli/include/turtle_bot_servcli/turtle_bot_servcli/srv/detail/move_robot__functions.h
-- Installing: /home/robotica/taller1_grupo15/install/turtle_bot_servcli/include/turtle_bot_servcli/turtle_bot_servcli/srv/move.h
-- Up-to-date: /home/robotica/taller1_grupo15/install/turtle_bot_servcli/include/turtle_bot_servcli/turtle_bot_servcli/srv/move_robot.h
-- Up-to-date: /home/robotica/taller1_grupo15/install/turtle_bot_servcli/include/turtle_bot_servcli/turtle_bot_servcli/srv/move_robot_to_position.h
-- Up-to-date: /home/robotica/taller1_grupo15/install/turtle_bot_servcli/include/turtle_bot_servcli/turtle_bot_servcli/msg
-- Up-to-date: /home/robotica/taller1_grupo15/install/turtle_bot_servcli/include/turtle_bot_servcli/turtle_bot_servcli/msg/detail
-- Installing: /home/robotica/taller1_grupo15/install/turtle_bot_servcli/include/turtle_bot_servcli/turtle_bot_servcli/msg/detail/posicion__struct.h
-- Installing: /home/robotica/taller1_grupo15/install/turtle_bot_servcli/include/turtle_bot_servcli/turtle_bot_servcli/msg/detail/posicion__functions.c
-- Installing: /home/robotica/taller1_grupo15/install/turtle_bot_servcli/include/turtle_bot_servcli/turtle_bot_servcli/msg/detail/posicion__type_support.h
-- Installing: /home/robotica/taller1_grupo15/install/turtle_bot_servcli/include/turtle_bot_servcli/turtle_bot_servcli/msg/detail/posicion__functions.h
-- Installing: /home/robotica/taller1_grupo15/install/turtle_bot_servcli/include/turtle_bot_servcli/turtle_bot_servcli/msg/posicion.h
-- Up-to-date: /home/robotica/taller1_grupo15/install/turtle_bot_servcli/include/turtle_bot_servcli/turtle_bot_servcli/msg/rosidl_generator_c__visibility_control.h
-- Up-to-date: /home/robotica/taller1_grupo15/install/turtle_bot_servcli/share/turtle_bot_servcli/environment/library_path.sh
-- Installing: /home/robotica/taller1_grupo15/install/turtle_bot_servcli/share/turtle_bot_servcli/environment/library_path.dsv
-- Installing: /home/robotica/taller1_grupo15/install/turtle_bot_servcli/lib/libturtle_bot_servcli__rosidl_generator_c.so
-- Set runtime path of "/home/robotica/taller1_grupo15/install/turtle_bot_servcli/lib/libturtle_bot_servcli__rosidl_generator_c.so" to ""
-- Up-to-date: /home/robotica/taller1_grupo15/install/turtle_bot_servcli/include/turtle_bot_servcli/turtle_bot_servcli
-- Up-to-date: /home/robotica/taller1_grupo15/install/turtle_bot_servcli/include/turtle_bot_servcli/turtle_bot_servcli/srv
-- Up-to-date: /home/robotica/taller1_grupo15/install/turtle_bot_servcli/include/turtle_bot_servcli/turtle_bot_servcli/srv/detail
-- Up-to-date: /home/robotica/taller1_grupo15/install/turtle_bot_servcli/include/turtle_bot_servcli/turtle_bot_servcli/srv/detail/move_robot__rosidl_typesupport_fastrtps_c.h
-- Up-to-date: /home/robotica/taller1_grupo15/install/turtle_bot_servcli/include/turtle_bot_servcli/turtle_bot_servcli/srv/detail/move_robot_to_position__rosidl_typesupport_fastrtps_c.h
-- Installing: /home/robotica/taller1_grupo15/install/turtle_bot_servcli/include/turtle_bot_servcli/turtle_bot_servcli/srv/detail/move__rosidl_typesupport_fastrtps_c.h
-- Up-to-date: /home/robotica/taller1_grupo15/install/turtle_bot_servcli/include/turtle_bot_servcli/turtle_bot_servcli/msg
-- Up-to-date: /home/robotica/taller1_grupo15/install/turtle_bot_servcli/include/turtle_bot_servcli/turtle_bot_servcli/msg/detail
-- Installing: /home/robotica/taller1_grupo15/install/turtle_bot_servcli/include/turtle_bot_servcli/turtle_bot_servcli/msg/detail/posicion__rosidl_typesupport_fastrtps_c.h
-- Up-to-date: /home/robotica/taller1_grupo15/install/turtle_bot_servcli/include/turtle_bot_servcli/turtle_bot_servcli/msg/rosidl_typesupport_fastrtps_c__visibility_control.h
-- Installing: /home/robotica/taller1_grupo15/install/turtle_bot_servcli/lib/libturtle_bot_servcli__rosidl_typesupport_fastrtps_c.so
-- Set runtime path of "/home/robotica/taller1_grupo15/install/turtle_bot_servcli/lib/libturtle_bot_servcli__rosidl_typesupport_fastrtps_c.so" to ""
-- Up-to-date: /home/robotica/taller1_grupo15/install/turtle_bot_servcli/include/turtle_bot_servcli/turtle_bot_servcli
-- Up-to-date: /home/robotica/taller1_grupo15/install/turtle_bot_servcli/include/turtle_bot_servcli/turtle_bot_servcli/srv
-- Up-to-date: /home/robotica/taller1_grupo15/install/turtle_bot_servcli/include/turtle_bot_servcli/turtle_bot_servcli/srv/detail
-- Up-to-date: /home/robotica/taller1_grupo15/install/turtle_bot_servcli/include/turtle_bot_servcli/turtle_bot_servcli/srv/detail/move_robot__struct.hpp
-- Up-to-date: /home/robotica/taller1_grupo15/install/turtle_bot_servcli/include/turtle_bot_servcli/turtle_bot_servcli/srv/detail/move_robot_to_position__traits.hpp
-- Up-to-date: /home/robotica/taller1_grupo15/install/turtle_bot_servcli/include/turtle_bot_servcli/turtle_bot_servcli/srv/detail/move_robot__traits.hpp
-- Up-to-date: /home/robotica/taller1_grupo15/install/turtle_bot_servcli/include/turtle_bot_servcli/turtle_bot_servcli/srv/detail/move_robot_to_position__builder.hpp
-- Up-to-date: /home/robotica/taller1_grupo15/install/turtle_bot_servcli/include/turtle_bot_servcli/turtle_bot_servcli/srv/detail/move_robot__builder.hpp
-- Up-to-date: /home/robotica/taller1_grupo15/install/turtle_bot_servcli/include/turtle_bot_servcli/turtle_bot_servcli/srv/detail/move_robot_to_position__struct.hpp
-- Installing: /home/robotica/taller1_grupo15/install/turtle_bot_servcli/include/turtle_bot_servcli/turtle_bot_servcli/srv/detail/move__builder.hpp
-- Installing: /home/robotica/taller1_grupo15/install/turtle_bot_servcli/include/turtle_bot_servcli/turtle_bot_servcli/srv/detail/move__struct.hpp
-- Installing: /home/robotica/taller1_grupo15/install/turtle_bot_servcli/include/turtle_bot_servcli/turtle_bot_servcli/srv/detail/move__traits.hpp
-- Installing: /home/robotica/taller1_grupo15/install/turtle_bot_servcli/include/turtle_bot_servcli/turtle_bot_servcli/srv/move.hpp
-- Up-to-date: /home/robotica/taller1_grupo15/install/turtle_bot_servcli/include/turtle_bot_servcli/turtle_bot_servcli/srv/move_robot.hpp
-- Up-to-date: /home/robotica/taller1_grupo15/install/turtle_bot_servcli/include/turtle_bot_servcli/turtle_bot_servcli/srv/move_robot_to_position.hpp
-- Up-to-date: /home/robotica/taller1_grupo15/install/turtle_bot_servcli/include/turtle_bot_servcli/turtle_bot_servcli/msg
-- Up-to-date: /home/robotica/taller1_grupo15/install/turtle_bot_servcli/include/turtle_bot_servcli/turtle_bot_servcli/msg/detail
-- Installing: /home/robotica/taller1_grupo15/install/turtle_bot_servcli/include/turtle_bot_servcli/turtle_bot_servcli/msg/detail/posicion__builder.hpp
-- Installing: /home/robotica/taller1_grupo15/install/turtle_bot_servcli/include/turtle_bot_servcli/turtle_bot_servcli/msg/detail/posicion__struct.hpp
-- Installing: /home/robotica/taller1_grupo15/install/turtle_bot_servcli/include/turtle_bot_servcli/turtle_bot_servcli/msg/detail/posicion__traits.hpp
-- Installing: /home/robotica/taller1_grupo15/install/turtle_bot_servcli/include/turtle_bot_servcli/turtle_bot_servcli/msg/posicion.hpp
-- Up-to-date: /home/robotica/taller1_grupo15/install/turtle_bot_servcli/include/turtle_bot_servcli/turtle_bot_servcli
-- Up-to-date: /home/robotica/taller1_grupo15/install/turtle_bot_servcli/include/turtle_bot_servcli/turtle_bot_servcli/srv
-- Up-to-date: /home/robotica/taller1_grupo15/install/turtle_bot_servcli/include/turtle_bot_servcli/turtle_bot_servcli/srv/detail
-- Installing: /home/robotica/taller1_grupo15/install/turtle_bot_servcli/include/turtle_bot_servcli/turtle_bot_servcli/srv/detail/move__rosidl_typesupport_fastrtps_cpp.hpp
-- Up-to-date: /home/robotica/taller1_grupo15/install/turtle_bot_servcli/include/turtle_bot_servcli/turtle_bot_servcli/srv/detail/move_robot_to_position__rosidl_typesupport_fastrtps_cpp.hpp
-- Up-to-date: /home/robotica/taller1_grupo15/install/turtle_bot_servcli/include/turtle_bot_servcli/turtle_bot_servcli/srv/detail/dds_fastrtps
-- Up-to-date: /home/robotica/taller1_grupo15/install/turtle_bot_servcli/include/turtle_bot_servcli/turtle_bot_servcli/srv/detail/move_robot__rosidl_typesupport_fastrtps_cpp.hpp
-- Up-to-date: /home/robotica/taller1_grupo15/install/turtle_bot_servcli/include/turtle_bot_servcli/turtle_bot_servcli/msg
-- Up-to-date: /home/robotica/taller1_grupo15/install/turtle_bot_servcli/include/turtle_bot_servcli/turtle_bot_servcli/msg/detail
-- Up-to-date: /home/robotica/taller1_grupo15/install/turtle_bot_servcli/include/turtle_bot_servcli/turtle_bot_servcli/msg/detail/dds_fastrtps
-- Installing: /home/robotica/taller1_grupo15/install/turtle_bot_servcli/include/turtle_bot_servcli/turtle_bot_servcli/msg/detail/posicion__rosidl_typesupport_fastrtps_cpp.hpp
-- Up-to-date: /home/robotica/taller1_grupo15/install/turtle_bot_servcli/include/turtle_bot_servcli/turtle_bot_servcli/msg/rosidl_typesupport_fastrtps_cpp__visibility_control.h
-- Installing: /home/robotica/taller1_grupo15/install/turtle_bot_servcli/lib/libturtle_bot_servcli__rosidl_typesupport_fastrtps_cpp.so
-- Set runtime path of "/home/robotica/taller1_grupo15/install/turtle_bot_servcli/lib/libturtle_bot_servcli__rosidl_typesupport_fastrtps_cpp.so" to ""
-- Up-to-date: /home/robotica/taller1_grupo15/install/turtle_bot_servcli/include/turtle_bot_servcli/turtle_bot_servcli
-- Up-to-date: /home/robotica/taller1_grupo15/install/turtle_bot_servcli/include/turtle_bot_servcli/turtle_bot_servcli/srv
-- Up-to-date: /home/robotica/taller1_grupo15/install/turtle_bot_servcli/include/turtle_bot_servcli/turtle_bot_servcli/srv/detail
-- Up-to-date: /home/robotica/taller1_grupo15/install/turtle_bot_servcli/include/turtle_bot_servcli/turtle_bot_servcli/srv/detail/move_robot_to_position__rosidl_typesupport_introspection_c.h
-- Up-to-date: /home/robotica/taller1_grupo15/install/turtle_bot_servcli/include/turtle_bot_servcli/turtle_bot_servcli/srv/detail/move_robot__type_support.c
-- Up-to-date: /home/robotica/taller1_grupo15/install/turtle_bot_servcli/include/turtle_bot_servcli/turtle_bot_servcli/srv/detail/move_robot__rosidl_typesupport_introspection_c.h
-- Installing: /home/robotica/taller1_grupo15/install/turtle_bot_servcli/include/turtle_bot_servcli/turtle_bot_servcli/srv/detail/move__type_support.c
-- Up-to-date: /home/robotica/taller1_grupo15/install/turtle_bot_servcli/include/turtle_bot_servcli/turtle_bot_servcli/srv/detail/move_robot_to_position__type_support.c
-- Installing: /home/robotica/taller1_grupo15/install/turtle_bot_servcli/include/turtle_bot_servcli/turtle_bot_servcli/srv/detail/move__rosidl_typesupport_introspection_c.h
-- Up-to-date: /home/robotica/taller1_grupo15/install/turtle_bot_servcli/include/turtle_bot_servcli/turtle_bot_servcli/msg
-- Up-to-date: /home/robotica/taller1_grupo15/install/turtle_bot_servcli/include/turtle_bot_servcli/turtle_bot_servcli/msg/detail
-- Installing: /home/robotica/taller1_grupo15/install/turtle_bot_servcli/include/turtle_bot_servcli/turtle_bot_servcli/msg/detail/posicion__rosidl_typesupport_introspection_c.h
-- Installing: /home/robotica/taller1_grupo15/install/turtle_bot_servcli/include/turtle_bot_servcli/turtle_bot_servcli/msg/detail/posicion__type_support.c
-- Up-to-date: /home/robotica/taller1_grupo15/install/turtle_bot_servcli/include/turtle_bot_servcli/turtle_bot_servcli/msg/rosidl_typesupport_introspection_c__visibility_control.h
-- Installing: /home/robotica/taller1_grupo15/install/turtle_bot_servcli/lib/libturtle_bot_servcli__rosidl_typesupport_introspection_c.so
-- Set runtime path of "/home/robotica/taller1_grupo15/install/turtle_bot_servcli/lib/libturtle_bot_servcli__rosidl_typesupport_introspection_c.so" to ""
-- Installing: /home/robotica/taller1_grupo15/install/turtle_bot_servcli/lib/libturtle_bot_servcli__rosidl_typesupport_c.so
-- Set runtime path of "/home/robotica/taller1_grupo15/install/turtle_bot_servcli/lib/libturtle_bot_servcli__rosidl_typesupport_c.so" to ""
-- Up-to-date: /home/robotica/taller1_grupo15/install/turtle_bot_servcli/include/turtle_bot_servcli/turtle_bot_servcli
-- Up-to-date: /home/robotica/taller1_grupo15/install/turtle_bot_servcli/include/turtle_bot_servcli/turtle_bot_servcli/srv
-- Up-to-date: /home/robotica/taller1_grupo15/install/turtle_bot_servcli/include/turtle_bot_servcli/turtle_bot_servcli/srv/detail
-- Up-to-date: /home/robotica/taller1_grupo15/install/turtle_bot_servcli/include/turtle_bot_servcli/turtle_bot_servcli/srv/detail/move_robot__rosidl_typesupport_introspection_cpp.hpp
-- Up-to-date: /home/robotica/taller1_grupo15/install/turtle_bot_servcli/include/turtle_bot_servcli/turtle_bot_servcli/srv/detail/move_robot_to_position__type_support.cpp
-- Installing: /home/robotica/taller1_grupo15/install/turtle_bot_servcli/include/turtle_bot_servcli/turtle_bot_servcli/srv/detail/move__type_support.cpp
-- Up-to-date: /home/robotica/taller1_grupo15/install/turtle_bot_servcli/include/turtle_bot_servcli/turtle_bot_servcli/srv/detail/move_robot_to_position__rosidl_typesupport_introspection_cpp.hpp
-- Up-to-date: /home/robotica/taller1_grupo15/install/turtle_bot_servcli/include/turtle_bot_servcli/turtle_bot_servcli/srv/detail/move_robot__type_support.cpp
-- Installing: /home/robotica/taller1_grupo15/install/turtle_bot_servcli/include/turtle_bot_servcli/turtle_bot_servcli/srv/detail/move__rosidl_typesupport_introspection_cpp.hpp
-- Up-to-date: /home/robotica/taller1_grupo15/install/turtle_bot_servcli/include/turtle_bot_servcli/turtle_bot_servcli/msg
-- Up-to-date: /home/robotica/taller1_grupo15/install/turtle_bot_servcli/include/turtle_bot_servcli/turtle_bot_servcli/msg/detail
-- Installing: /home/robotica/taller1_grupo15/install/turtle_bot_servcli/include/turtle_bot_servcli/turtle_bot_servcli/msg/detail/posicion__rosidl_typesupport_introspection_cpp.hpp
-- Installing: /home/robotica/taller1_grupo15/install/turtle_bot_servcli/include/turtle_bot_servcli/turtle_bot_servcli/msg/detail/posicion__type_support.cpp
-- Installing: /home/robotica/taller1_grupo15/install/turtle_bot_servcli/lib/libturtle_bot_servcli__rosidl_typesupport_introspection_cpp.so
-- Set runtime path of "/home/robotica/taller1_grupo15/install/turtle_bot_servcli/lib/libturtle_bot_servcli__rosidl_typesupport_introspection_cpp.so" to ""
-- Installing: /home/robotica/taller1_grupo15/install/turtle_bot_servcli/lib/libturtle_bot_servcli__rosidl_typesupport_cpp.so
-- Set runtime path of "/home/robotica/taller1_grupo15/install/turtle_bot_servcli/lib/libturtle_bot_servcli__rosidl_typesupport_cpp.so" to ""
-- Up-to-date: /home/robotica/taller1_grupo15/install/turtle_bot_servcli/share/turtle_bot_servcli/environment/pythonpath.sh
-- Installing: /home/robotica/taller1_grupo15/install/turtle_bot_servcli/share/turtle_bot_servcli/environment/pythonpath.dsv
-- Up-to-date: /home/robotica/taller1_grupo15/install/turtle_bot_servcli/local/lib/python3.10/dist-packages/turtle_bot_servcli-0.0.0-py3.10.egg-info
-- Installing: /home/robotica/taller1_grupo15/install/turtle_bot_servcli/local/lib/python3.10/dist-packages/turtle_bot_servcli-0.0.0-py3.10.egg-info/SOURCES.txt
-- Installing: /home/robotica/taller1_grupo15/install/turtle_bot_servcli/local/lib/python3.10/dist-packages/turtle_bot_servcli-0.0.0-py3.10.egg-info/PKG-INFO
-- Installing: /home/robotica/taller1_grupo15/install/turtle_bot_servcli/local/lib/python3.10/dist-packages/turtle_bot_servcli-0.0.0-py3.10.egg-info/dependency_links.txt
-- Installing: /home/robotica/taller1_grupo15/install/turtle_bot_servcli/local/lib/python3.10/dist-packages/turtle_bot_servcli-0.0.0-py3.10.egg-info/top_level.txt
-- Up-to-date: /home/robotica/taller1_grupo15/install/turtle_bot_servcli/local/lib/python3.10/dist-packages/turtle_bot_servcli
-- Installing: /home/robotica/taller1_grupo15/install/turtle_bot_servcli/local/lib/python3.10/dist-packages/turtle_bot_servcli/turtle_bot_servcli_s__rosidl_typesupport_c.cpython-310-x86_64-linux-gnu.so
-- Installing: /home/robotica/taller1_grupo15/install/turtle_bot_servcli/local/lib/python3.10/dist-packages/turtle_bot_servcli/_turtle_bot_servcli_s.ep.rosidl_typesupport_c.c
-- Installing: /home/robotica/taller1_grupo15/install/turtle_bot_servcli/local/lib/python3.10/dist-packages/turtle_bot_servcli/turtle_bot_servcli_s__rosidl_typesupport_fastrtps_c.cpython-310-x86_64-linux-gnu.so
-- Up-to-date: /home/robotica/taller1_grupo15/install/turtle_bot_servcli/local/lib/python3.10/dist-packages/turtle_bot_servcli/srv
-- Installing: /home/robotica/taller1_grupo15/install/turtle_bot_servcli/local/lib/python3.10/dist-packages/turtle_bot_servcli/srv/_move_s.c
-- Installing: /home/robotica/taller1_grupo15/install/turtle_bot_servcli/local/lib/python3.10/dist-packages/turtle_bot_servcli/srv/_move.py
-- Up-to-date: /home/robotica/taller1_grupo15/install/turtle_bot_servcli/local/lib/python3.10/dist-packages/turtle_bot_servcli/srv/_move_robot_s.c
-- Up-to-date: /home/robotica/taller1_grupo15/install/turtle_bot_servcli/local/lib/python3.10/dist-packages/turtle_bot_servcli/srv/_move_robot_to_position.py
-- Up-to-date: /home/robotica/taller1_grupo15/install/turtle_bot_servcli/local/lib/python3.10/dist-packages/turtle_bot_servcli/srv/_move_robot.py
-- Installing: /home/robotica/taller1_grupo15/install/turtle_bot_servcli/local/lib/python3.10/dist-packages/turtle_bot_servcli/srv/__init__.py
-- Up-to-date: /home/robotica/taller1_grupo15/install/turtle_bot_servcli/local/lib/python3.10/dist-packages/turtle_bot_servcli/srv/_move_robot_to_position_s.c
-- Installing: /home/robotica/taller1_grupo15/install/turtle_bot_servcli/local/lib/python3.10/dist-packages/turtle_bot_servcli/turtle_bot_servcli_s__rosidl_typesupport_introspection_c.cpython-310-x86_64-linux-gnu.so
-- Up-to-date: /home/robotica/taller1_grupo15/install/turtle_bot_servcli/local/lib/python3.10/dist-packages/turtle_bot_servcli/msg
-- Installing: /home/robotica/taller1_grupo15/install/turtle_bot_servcli/local/lib/python3.10/dist-packages/turtle_bot_servcli/msg/_posicion_s.c
-- Installing: /home/robotica/taller1_grupo15/install/turtle_bot_servcli/local/lib/python3.10/dist-packages/turtle_bot_servcli/msg/_posicion.py
-- Installing: /home/robotica/taller1_grupo15/install/turtle_bot_servcli/local/lib/python3.10/dist-packages/turtle_bot_servcli/msg/__init__.py
-- Installing: /home/robotica/taller1_grupo15/install/turtle_bot_servcli/local/lib/python3.10/dist-packages/turtle_bot_servcli/__init__.py
-- Installing: /home/robotica/taller1_grupo15/install/turtle_bot_servcli/local/lib/python3.10/dist-packages/turtle_bot_servcli/libturtle_bot_servcli__rosidl_generator_py.so
-- Installing: /home/robotica/taller1_grupo15/install/turtle_bot_servcli/local/lib/python3.10/dist-packages/turtle_bot_servcli/_turtle_bot_servcli_s.ep.rosidl_typesupport_introspection_c.c
-- Installing: /home/robotica/taller1_grupo15/install/turtle_bot_servcli/local/lib/python3.10/dist-packages/turtle_bot_servcli/_turtle_bot_servcli_s.ep.rosidl_typesupport_fastrtps_c.c
Listing '/home/robotica/taller1_grupo15/install/turtle_bot_servcli/local/lib/python3.10/dist-packages/turtle_bot_servcli'...
Compiling '/home/robotica/taller1_grupo15/install/turtle_bot_servcli/local/lib/python3.10/dist-packages/turtle_bot_servcli/__init__.py'...
Listing '/home/robotica/taller1_grupo15/install/turtle_bot_servcli/local/lib/python3.10/dist-packages/turtle_bot_servcli/msg'...
Compiling '/home/robotica/taller1_grupo15/install/turtle_bot_servcli/local/lib/python3.10/dist-packages/turtle_bot_servcli/msg/__init__.py'...
Compiling '/home/robotica/taller1_grupo15/install/turtle_bot_servcli/local/lib/python3.10/dist-packages/turtle_bot_servcli/msg/_posicion.py'...
Listing '/home/robotica/taller1_grupo15/install/turtle_bot_servcli/local/lib/python3.10/dist-packages/turtle_bot_servcli/srv'...
Compiling '/home/robotica/taller1_grupo15/install/turtle_bot_servcli/local/lib/python3.10/dist-packages/turtle_bot_servcli/srv/__init__.py'...
Compiling '/home/robotica/taller1_grupo15/install/turtle_bot_servcli/local/lib/python3.10/dist-packages/turtle_bot_servcli/srv/_move.py'...
-- Installing: /home/robotica/taller1_grupo15/install/turtle_bot_servcli/local/lib/python3.10/dist-packages/turtle_bot_servcli/turtle_bot_servcli_s__rosidl_typesupport_fastrtps_c.cpython-310-x86_64-linux-gnu.so
-- Set runtime path of "/home/robotica/taller1_grupo15/install/turtle_bot_servcli/local/lib/python3.10/dist-packages/turtle_bot_servcli/turtle_bot_servcli_s__rosidl_typesupport_fastrtps_c.cpython-310-x86_64-linux-gnu.so" to ""
-- Installing: /home/robotica/taller1_grupo15/install/turtle_bot_servcli/local/lib/python3.10/dist-packages/turtle_bot_servcli/turtle_bot_servcli_s__rosidl_typesupport_introspection_c.cpython-310-x86_64-linux-gnu.so
-- Set runtime path of "/home/robotica/taller1_grupo15/install/turtle_bot_servcli/local/lib/python3.10/dist-packages/turtle_bot_servcli/turtle_bot_servcli_s__rosidl_typesupport_introspection_c.cpython-310-x86_64-linux-gnu.so" to ""
-- Installing: /home/robotica/taller1_grupo15/install/turtle_bot_servcli/local/lib/python3.10/dist-packages/turtle_bot_servcli/turtle_bot_servcli_s__rosidl_typesupport_c.cpython-310-x86_64-linux-gnu.so
-- Set runtime path of "/home/robotica/taller1_grupo15/install/turtle_bot_servcli/local/lib/python3.10/dist-packages/turtle_bot_servcli/turtle_bot_servcli_s__rosidl_typesupport_c.cpython-310-x86_64-linux-gnu.so" to ""
-- Installing: /home/robotica/taller1_grupo15/install/turtle_bot_servcli/lib/libturtle_bot_servcli__rosidl_generator_py.so
-- Set runtime path of "/home/robotica/taller1_grupo15/install/turtle_bot_servcli/lib/libturtle_bot_servcli__rosidl_generator_py.so" to ""
-- Up-to-date: /home/robotica/taller1_grupo15/install/turtle_bot_servcli/share/turtle_bot_servcli/msg/Posicion.idl
-- Installing: /home/robotica/taller1_grupo15/install/turtle_bot_servcli/share/turtle_bot_servcli/srv/Move.idl
-- Up-to-date: /home/robotica/taller1_grupo15/install/turtle_bot_servcli/share/turtle_bot_servcli/msg/Posicion.msg
-- Installing: /home/robotica/taller1_grupo15/install/turtle_bot_servcli/share/turtle_bot_servcli/srv/Move.srv
-- Installing: /home/robotica/taller1_grupo15/install/turtle_bot_servcli/share/turtle_bot_servcli/srv/Move_Request.msg
-- Installing: /home/robotica/taller1_grupo15/install/turtle_bot_servcli/share/turtle_bot_servcli/srv/Move_Response.msg
-- Up-to-date: /home/robotica/taller1_grupo15/install/turtle_bot_servcli/share/ament_index/resource_index/package_run_dependencies/turtle_bot_servcli
-- Up-to-date: /home/robotica/taller1_grupo15/install/turtle_bot_servcli/share/ament_index/resource_index/parent_prefix_path/turtle_bot_servcli
-- Up-to-date: /home/robotica/taller1_grupo15/install/turtle_bot_servcli/share/turtle_bot_servcli/environment/ament_prefix_path.sh
-- Installing: /home/robotica/taller1_grupo15/install/turtle_bot_servcli/share/turtle_bot_servcli/environment/ament_prefix_path.dsv
-- Up-to-date: /home/robotica/taller1_grupo15/install/turtle_bot_servcli/share/turtle_bot_servcli/environment/path.sh
-- Installing: /home/robotica/taller1_grupo15/install/turtle_bot_servcli/share/turtle_bot_servcli/environment/path.dsv
-- Up-to-date: /home/robotica/taller1_grupo15/install/turtle_bot_servcli/share/turtle_bot_servcli/local_setup.bash
-- Up-to-date: /home/robotica/taller1_grupo15/install/turtle_bot_servcli/share/turtle_bot_servcli/local_setup.sh
-- Up-to-date: /home/robotica/taller1_grupo15/install/turtle_bot_servcli/share/turtle_bot_servcli/local_setup.zsh
-- Installing: /home/robotica/taller1_grupo15/install/turtle_bot_servcli/share/turtle_bot_servcli/local_setup.dsv
-- Installing: /home/robotica/taller1_grupo15/install/turtle_bot_servcli/share/turtle_bot_servcli/package.dsv
-- Up-to-date: /home/robotica/taller1_grupo15/install/turtle_bot_servcli/share/ament_index/resource_index/packages/turtle_bot_servcli
-- Up-to-date: /home/robotica/taller1_grupo15/install/turtle_bot_servcli/share/turtle_bot_servcli/cmake/export_turtle_bot_servcli__rosidl_generator_cExport.cmake
-- Up-to-date: /home/robotica/taller1_grupo15/install/turtle_bot_servcli/share/turtle_bot_servcli/cmake/export_turtle_bot_servcli__rosidl_generator_cExport-noconfig.cmake
-- Up-to-date: /home/robotica/taller1_grupo15/install/turtle_bot_servcli/share/turtle_bot_servcli/cmake/export_turtle_bot_servcli__rosidl_typesupport_fastrtps_cExport.cmake
-- Up-to-date: /home/robotica/taller1_grupo15/install/turtle_bot_servcli/share/turtle_bot_servcli/cmake/export_turtle_bot_servcli__rosidl_typesupport_fastrtps_cExport-noconfig.cmake
-- Up-to-date: /home/robotica/taller1_grupo15/install/turtle_bot_servcli/share/turtle_bot_servcli/cmake/export_turtle_bot_servcli__rosidl_generator_cppExport.cmake
-- Up-to-date: /home/robotica/taller1_grupo15/install/turtle_bot_servcli/share/turtle_bot_servcli/cmake/export_turtle_bot_servcli__rosidl_typesupport_fastrtps_cppExport.cmake
-- Up-to-date: /home/robotica/taller1_grupo15/install/turtle_bot_servcli/share/turtle_bot_servcli/cmake/export_turtle_bot_servcli__rosidl_typesupport_fastrtps_cppExport-noconfig.cmake
-- Up-to-date: /home/robotica/taller1_grupo15/install/turtle_bot_servcli/share/turtle_bot_servcli/cmake/turtle_bot_servcli__rosidl_typesupport_introspection_cExport.cmake
-- Up-to-date: /home/robotica/taller1_grupo15/install/turtle_bot_servcli/share/turtle_bot_servcli/cmake/turtle_bot_servcli__rosidl_typesupport_introspection_cExport-noconfig.cmake
-- Up-to-date: /home/robotica/taller1_grupo15/install/turtle_bot_servcli/share/turtle_bot_servcli/cmake/turtle_bot_servcli__rosidl_typesupport_cExport.cmake
-- Up-to-date: /home/robotica/taller1_grupo15/install/turtle_bot_servcli/share/turtle_bot_servcli/cmake/turtle_bot_servcli__rosidl_typesupport_cExport-noconfig.cmake
-- Up-to-date: /home/robotica/taller1_grupo15/install/turtle_bot_servcli/share/turtle_bot_servcli/cmake/turtle_bot_servcli__rosidl_typesupport_introspection_cppExport.cmake
-- Up-to-date: /home/robotica/taller1_grupo15/install/turtle_bot_servcli/share/turtle_bot_servcli/cmake/turtle_bot_servcli__rosidl_typesupport_introspection_cppExport-noconfig.cmake
-- Up-to-date: /home/robotica/taller1_grupo15/install/turtle_bot_servcli/share/turtle_bot_servcli/cmake/turtle_bot_servcli__rosidl_typesupport_cppExport.cmake
-- Up-to-date: /home/robotica/taller1_grupo15/install/turtle_bot_servcli/share/turtle_bot_servcli/cmake/turtle_bot_servcli__rosidl_typesupport_cppExport-noconfig.cmake
-- Up-to-date: /home/robotica/taller1_grupo15/install/turtle_bot_servcli/share/turtle_bot_servcli/cmake/export_turtle_bot_servcli__rosidl_generator_pyExport.cmake
-- Up-to-date: /home/robotica/taller1_grupo15/install/turtle_bot_servcli/share/turtle_bot_servcli/cmake/export_turtle_bot_servcli__rosidl_generator_pyExport-noconfig.cmake
-- Installing: /home/robotica/taller1_grupo15/install/turtle_bot_servcli/share/turtle_bot_servcli/cmake/rosidl_cmake-extras.cmake
-- Up-to-date: /home/robotica/taller1_grupo15/install/turtle_bot_servcli/share/turtle_bot_servcli/cmake/ament_cmake_export_dependencies-extras.cmake
-- Up-to-date: /home/robotica/taller1_grupo15/install/turtle_bot_servcli/share/turtle_bot_servcli/cmake/ament_cmake_export_include_directories-extras.cmake
-- Up-to-date: /home/robotica/taller1_grupo15/install/turtle_bot_servcli/share/turtle_bot_servcli/cmake/ament_cmake_export_libraries-extras.cmake
-- Up-to-date: /home/robotica/taller1_grupo15/install/turtle_bot_servcli/share/turtle_bot_servcli/cmake/ament_cmake_export_targets-extras.cmake
-- Up-to-date: /home/robotica/taller1_grupo15/install/turtle_bot_servcli/share/turtle_bot_servcli/cmake/rosidl_cmake_export_typesupport_targets-extras.cmake
-- Up-to-date: /home/robotica/taller1_grupo15/install/turtle_bot_servcli/share/turtle_bot_servcli/cmake/rosidl_cmake_export_typesupport_libraries-extras.cmake
-- Up-to-date: /home/robotica/taller1_grupo15/install/turtle_bot_servcli/share/turtle_bot_servcli/cmake/turtle_bot_servcliConfig.cmake
-- Up-to-date: /home/robotica/taller1_grupo15/install/turtle_bot_servcli/share/turtle_bot_servcli/cmake/turtle_bot_servcliConfig-version.cmake
-- Up-to-date: /home/robotica/taller1_grupo15/install/turtle_bot_servcli/share/turtle_bot_servcli/package.xml
