[3.189s] Invoking command in '/home/robotica/taller1_grupo15/keyboard': PYTHONPATH=/home/robotica/taller1_grupo15/build/keyboard/prefix_override:/home/robotica/taller1_grupo15/install/keyboard/lib/python3.10/site-packages:${PYTHONPATH} /usr/bin/python3 setup.py egg_info --egg-base ../build/keyboard build --build-base /home/robotica/taller1_grupo15/build/keyboard/build install --record /home/robotica/taller1_grupo15/build/keyboard/install.log --single-version-externally-managed
[4.476s] running egg_info
[4.478s] writing ../build/keyboard/keyboard.egg-info/PKG-INFO
[4.480s] writing dependency_links to ../build/keyboard/keyboard.egg-info/dependency_links.txt
[4.496s] writing requirements to ../build/keyboard/keyboard.egg-info/requires.txt
[4.501s] writing top-level names to ../build/keyboard/keyboard.egg-info/top_level.txt
[4.521s] reading manifest file '../build/keyboard/keyboard.egg-info/SOURCES.txt'
[4.522s] reading manifest template 'MANIFEST.in'
[4.523s] adding license file 'LICENSE.txt'
[4.537s] writing manifest file '../build/keyboard/keyboard.egg-info/SOURCES.txt'
[4.548s] running build
[4.549s] running build_py
[4.551s] running install
[4.552s] /usr/lib/python3/dist-packages/setuptools/command/install.py:34: SetuptoolsDeprecationWarning: setup.py install is deprecated. Use build and pip and other standards-based tools.
[4.552s]   warnings.warn(
[4.553s] running install_lib
[4.581s] running install_egg_info
[4.584s] removing '/home/robotica/taller1_grupo15/install/keyboard/lib/python3.10/site-packages/keyboard-0.13.5-py3.10.egg-info' (and everything under it)
[4.584s] Copying ../build/keyboard/keyboard.egg-info to /home/robotica/taller1_grupo15/install/keyboard/lib/python3.10/site-packages/keyboard-0.13.5-py3.10.egg-info
[4.588s] running install_scripts
[4.704s] writing list of installed files to '/home/robotica/taller1_grupo15/build/keyboard/install.log'
[4.849s] Invoked command in '/home/robotica/taller1_grupo15/keyboard' returned '0': PYTHONPATH=/home/robotica/taller1_grupo15/build/keyboard/prefix_override:/home/robotica/taller1_grupo15/install/keyboard/lib/python3.10/site-packages:${PYTHONPATH} /usr/bin/python3 setup.py egg_info --egg-base ../build/keyboard build --build-base /home/robotica/taller1_grupo15/build/keyboard/build install --record /home/robotica/taller1_grupo15/build/keyboard/install.log --single-version-externally-managed
