[3.235s] Invoking command in '/home/robotica/taller1_grupo15/keyboard': PYTHONPATH=/home/robotica/taller1_grupo15/build/keyboard/prefix_override:/home/robotica/taller1_grupo15/install/keyboard/lib/python3.10/site-packages:${PYTHONPATH} /usr/bin/python3 setup.py egg_info --egg-base ../build/keyboard build --build-base /home/robotica/taller1_grupo15/build/keyboard/build install --record /home/robotica/taller1_grupo15/build/keyboard/install.log --single-version-externally-managed
[3.983s] running egg_info
[3.984s] writing ../build/keyboard/keyboard.egg-info/PKG-INFO
[3.986s] writing dependency_links to ../build/keyboard/keyboard.egg-info/dependency_links.txt
[3.988s] writing requirements to ../build/keyboard/keyboard.egg-info/requires.txt
[3.989s] writing top-level names to ../build/keyboard/keyboard.egg-info/top_level.txt
[4.007s] reading manifest file '../build/keyboard/keyboard.egg-info/SOURCES.txt'
[4.008s] reading manifest template 'MANIFEST.in'
[4.008s] adding license file 'LICENSE.txt'
[4.010s] writing manifest file '../build/keyboard/keyboard.egg-info/SOURCES.txt'
[4.011s] running build
[4.011s] running build_py
[4.013s] running install
[4.013s] /usr/lib/python3/dist-packages/setuptools/command/install.py:34: SetuptoolsDeprecationWarning: setup.py install is deprecated. Use build and pip and other standards-based tools.
[4.013s]   warnings.warn(
[4.014s] running install_lib
[4.037s] running install_egg_info
[4.040s] removing '/home/robotica/taller1_grupo15/install/keyboard/lib/python3.10/site-packages/keyboard-0.13.5-py3.10.egg-info' (and everything under it)
[4.040s] Copying ../build/keyboard/keyboard.egg-info to /home/robotica/taller1_grupo15/install/keyboard/lib/python3.10/site-packages/keyboard-0.13.5-py3.10.egg-info
[4.041s] running install_scripts
[4.112s] writing list of installed files to '/home/robotica/taller1_grupo15/build/keyboard/install.log'
[4.225s] Invoked command in '/home/robotica/taller1_grupo15/keyboard' returned '0': PYTHONPATH=/home/robotica/taller1_grupo15/build/keyboard/prefix_override:/home/robotica/taller1_grupo15/install/keyboard/lib/python3.10/site-packages:${PYTHONPATH} /usr/bin/python3 setup.py egg_info --egg-base ../build/keyboard build --build-base /home/robotica/taller1_grupo15/build/keyboard/build install --record /home/robotica/taller1_grupo15/build/keyboard/install.log --single-version-externally-managed
