[3.230s] Invoking command in '/home/robotica/taller1_grupo15/src/turtle_bot_15': PYTHONPATH=/home/robotica/taller1_grupo15/build/turtle_bot_15/prefix_override:/home/robotica/taller1_grupo15/install/turtle_bot_15/lib/python3.10/site-packages:${PYTHONPATH} /usr/bin/python3 setup.py egg_info --egg-base ../../build/turtle_bot_15 build --build-base /home/robotica/taller1_grupo15/build/turtle_bot_15/build install --record /home/robotica/taller1_grupo15/build/turtle_bot_15/install.log --single-version-externally-managed
[4.359s] running egg_info
[4.361s] writing ../../build/turtle_bot_15/turtle_bot_15.egg-info/PKG-INFO
[4.377s] writing dependency_links to ../../build/turtle_bot_15/turtle_bot_15.egg-info/dependency_links.txt
[4.387s] writing entry points to ../../build/turtle_bot_15/turtle_bot_15.egg-info/entry_points.txt
[4.393s] writing requirements to ../../build/turtle_bot_15/turtle_bot_15.egg-info/requires.txt
[4.410s] writing top-level names to ../../build/turtle_bot_15/turtle_bot_15.egg-info/top_level.txt
[4.426s] reading manifest file '../../build/turtle_bot_15/turtle_bot_15.egg-info/SOURCES.txt'
[4.432s] writing manifest file '../../build/turtle_bot_15/turtle_bot_15.egg-info/SOURCES.txt'
[4.441s] running build
[4.441s] running build_py
[4.442s] copying turtle_bot_15/turtle_bot_interface.py -> /home/robotica/taller1_grupo15/build/turtle_bot_15/build/lib/turtle_bot_15
[4.442s] running install
[4.443s] /usr/lib/python3/dist-packages/setuptools/command/install.py:34: SetuptoolsDeprecationWarning: setup.py install is deprecated. Use build and pip and other standards-based tools.
[4.443s]   warnings.warn(
[4.444s] running install_lib
[4.445s] copying /home/robotica/taller1_grupo15/build/turtle_bot_15/build/lib/turtle_bot_15/turtle_bot_interface.py -> /home/robotica/taller1_grupo15/install/turtle_bot_15/lib/python3.10/site-packages/turtle_bot_15
[4.447s] byte-compiling /home/robotica/taller1_grupo15/install/turtle_bot_15/lib/python3.10/site-packages/turtle_bot_15/turtle_bot_interface.py to turtle_bot_interface.cpython-310.pyc
[4.457s] running install_data
[4.459s] running install_egg_info
[4.465s] removing '/home/robotica/taller1_grupo15/install/turtle_bot_15/lib/python3.10/site-packages/turtle_bot_15-0.0.0-py3.10.egg-info' (and everything under it)
[4.466s] Copying ../../build/turtle_bot_15/turtle_bot_15.egg-info to /home/robotica/taller1_grupo15/install/turtle_bot_15/lib/python3.10/site-packages/turtle_bot_15-0.0.0-py3.10.egg-info
[4.472s] running install_scripts
[4.568s] Installing listener script to /home/robotica/taller1_grupo15/install/turtle_bot_15/lib/turtle_bot_15
[4.569s] Installing talker script to /home/robotica/taller1_grupo15/install/turtle_bot_15/lib/turtle_bot_15
[4.572s] writing list of installed files to '/home/robotica/taller1_grupo15/build/turtle_bot_15/install.log'
[4.712s] Invoked command in '/home/robotica/taller1_grupo15/src/turtle_bot_15' returned '0': PYTHONPATH=/home/robotica/taller1_grupo15/build/turtle_bot_15/prefix_override:/home/robotica/taller1_grupo15/install/turtle_bot_15/lib/python3.10/site-packages:${PYTHONPATH} /usr/bin/python3 setup.py egg_info --egg-base ../../build/turtle_bot_15 build --build-base /home/robotica/taller1_grupo15/build/turtle_bot_15/build install --record /home/robotica/taller1_grupo15/build/turtle_bot_15/install.log --single-version-externally-managed
