[1.476s] Invoking command in '/home/robotica/taller1_grupo15/keyboard': PYTHONPATH=/home/robotica/taller1_grupo15/build/keyboard/prefix_override:/home/robotica/taller1_grupo15/install/keyboard/lib/python3.10/site-packages:${PYTHONPATH} /usr/bin/python3 setup.py egg_info --egg-base ../build/keyboard build --build-base /home/robotica/taller1_grupo15/build/keyboard/build install --record /home/robotica/taller1_grupo15/build/keyboard/install.log --single-version-externally-managed
[2.067s] running egg_info
[2.069s] writing ../build/keyboard/keyboard.egg-info/PKG-INFO
[2.082s] writing dependency_links to ../build/keyboard/keyboard.egg-info/dependency_links.txt
[2.084s] writing requirements to ../build/keyboard/keyboard.egg-info/requires.txt
[2.085s] writing top-level names to ../build/keyboard/keyboard.egg-info/top_level.txt
[2.090s] reading manifest file '../build/keyboard/keyboard.egg-info/SOURCES.txt'
[2.090s] reading manifest template 'MANIFEST.in'
[2.091s] adding license file 'LICENSE.txt'
[2.092s] writing manifest file '../build/keyboard/keyboard.egg-info/SOURCES.txt'
[2.095s] running build
[2.095s] running build_py
[2.097s] running install
[2.097s] /usr/lib/python3/dist-packages/setuptools/command/install.py:34: SetuptoolsDeprecationWarning: setup.py install is deprecated. Use build and pip and other standards-based tools.
[2.097s]   warnings.warn(
[2.098s] running install_lib
[2.100s] running install_egg_info
[2.102s] removing '/home/robotica/taller1_grupo15/install/keyboard/lib/python3.10/site-packages/keyboard-0.13.5-py3.10.egg-info' (and everything under it)
[2.103s] Copying ../build/keyboard/keyboard.egg-info to /home/robotica/taller1_grupo15/install/keyboard/lib/python3.10/site-packages/keyboard-0.13.5-py3.10.egg-info
[2.104s] running install_scripts
[2.146s] writing list of installed files to '/home/robotica/taller1_grupo15/build/keyboard/install.log'
[2.239s] Invoked command in '/home/robotica/taller1_grupo15/keyboard' returned '0': PYTHONPATH=/home/robotica/taller1_grupo15/build/keyboard/prefix_override:/home/robotica/taller1_grupo15/install/keyboard/lib/python3.10/site-packages:${PYTHONPATH} /usr/bin/python3 setup.py egg_info --egg-base ../build/keyboard build --build-base /home/robotica/taller1_grupo15/build/keyboard/build install --record /home/robotica/taller1_grupo15/build/keyboard/install.log --single-version-externally-managed
