[0.855s] DEBUG:colcon:Command line arguments: ['/usr/bin/colcon', 'build']
[0.857s] DEBUG:colcon:Parsed command line arguments: Namespace(log_base=None, log_level=None, verb_name='build', build_base='build', install_base='install', merge_install=False, symlink_install=False, test_result_base=None, continue_on_error=False, executor='parallel', parallel_workers=4, event_handlers=None, ignore_user_meta=False, metas=['./colcon.meta'], base_paths=['.'], packages_ignore=None, packages_ignore_regex=None, paths=None, packages_up_to=None, packages_up_to_regex=None, packages_above=None, packages_above_and_dependencies=None, packages_above_depth=None, packages_select_by_dep=None, packages_skip_by_dep=None, packages_skip_up_to=None, packages_select_build_failed=False, packages_skip_build_finished=False, packages_select_test_failures=False, packages_skip_test_passed=False, packages_select=None, packages_skip=None, packages_select_regex=None, packages_skip_regex=None, packages_start=None, packages_end=None, allow_overriding=[], cmake_args=None, cmake_target=None, cmake_target_skip_unavailable=False, cmake_clean_cache=False, cmake_clean_first=False, cmake_force_configure=False, ament_cmake_args=None, catkin_cmake_args=None, catkin_skip_building_tests=False, verb_parser=<colcon_defaults.argument_parser.defaults.DefaultArgumentsDecorator object at 0x7f15faba9cf0>, verb_extension=<colcon_core.verb.build.BuildVerb object at 0x7f15fb4402b0>, main=<bound method BuildVerb.main of <colcon_core.verb.build.BuildVerb object at 0x7f15fb4402b0>>)
[0.957s] Level 1:colcon.colcon_core.package_discovery:discover_packages(colcon_meta) check parameters
[0.958s] Level 1:colcon.colcon_core.package_discovery:discover_packages(recursive) check parameters
[0.959s] Level 1:colcon.colcon_core.package_discovery:discover_packages(ignore) check parameters
[0.960s] Level 1:colcon.colcon_core.package_discovery:discover_packages(path) check parameters
[0.962s] Level 1:colcon.colcon_core.package_discovery:discover_packages(colcon_meta) discover
[0.963s] Level 1:colcon.colcon_core.package_discovery:discover_packages(recursive) discover
[0.964s] INFO:colcon.colcon_core.package_discovery:Crawling recursively for packages in '/home/robotica/Robotica/Taller 1'
[0.967s] Level 1:colcon.colcon_core.package_identification:_identify(.) by extensions ['ignore', 'ignore_ament_install']
[0.968s] Level 1:colcon.colcon_core.package_identification:_identify(.) by extension 'ignore'
[0.969s] Level 1:colcon.colcon_core.package_identification:_identify(.) by extension 'ignore_ament_install'
[0.971s] Level 1:colcon.colcon_core.package_identification:_identify(.) by extensions ['colcon_pkg']
[0.971s] Level 1:colcon.colcon_core.package_identification:_identify(.) by extension 'colcon_pkg'
[0.973s] Level 1:colcon.colcon_core.package_identification:_identify(.) by extensions ['colcon_meta']
[0.974s] Level 1:colcon.colcon_core.package_identification:_identify(.) by extension 'colcon_meta'
[0.974s] Level 1:colcon.colcon_core.package_identification:_identify(.) by extensions ['ros']
[0.975s] Level 1:colcon.colcon_core.package_identification:_identify(.) by extension 'ros'
[1.010s] Level 1:colcon.colcon_core.package_identification:_identify(.) by extensions ['cmake', 'python']
[1.013s] Level 1:colcon.colcon_core.package_identification:_identify(.) by extension 'cmake'
[1.015s] Level 1:colcon.colcon_core.package_identification:_identify(.) by extension 'python'
[1.016s] Level 1:colcon.colcon_core.package_identification:_identify(.) by extensions ['python_setup_py']
[1.017s] Level 1:colcon.colcon_core.package_identification:_identify(.) by extension 'python_setup_py'
[1.021s] Level 1:colcon.colcon_core.package_identification:_identify(Resources) by extensions ['ignore', 'ignore_ament_install']
[1.022s] Level 1:colcon.colcon_core.package_identification:_identify(Resources) by extension 'ignore'
[1.024s] Level 1:colcon.colcon_core.package_identification:_identify(Resources) by extension 'ignore_ament_install'
[1.026s] Level 1:colcon.colcon_core.package_identification:_identify(Resources) by extensions ['colcon_pkg']
[1.030s] Level 1:colcon.colcon_core.package_identification:_identify(Resources) by extension 'colcon_pkg'
[1.032s] Level 1:colcon.colcon_core.package_identification:_identify(Resources) by extensions ['colcon_meta']
[1.033s] Level 1:colcon.colcon_core.package_identification:_identify(Resources) by extension 'colcon_meta'
[1.037s] Level 1:colcon.colcon_core.package_identification:_identify(Resources) by extensions ['ros']
[1.039s] Level 1:colcon.colcon_core.package_identification:_identify(Resources) by extension 'ros'
[1.042s] Level 1:colcon.colcon_core.package_identification:_identify(Resources) by extensions ['cmake', 'python']
[1.043s] Level 1:colcon.colcon_core.package_identification:_identify(Resources) by extension 'cmake'
[1.045s] Level 1:colcon.colcon_core.package_identification:_identify(Resources) by extension 'python'
[1.048s] Level 1:colcon.colcon_core.package_identification:_identify(Resources) by extensions ['python_setup_py']
[1.048s] Level 1:colcon.colcon_core.package_identification:_identify(Resources) by extension 'python_setup_py'
[1.052s] Level 1:colcon.colcon_core.package_identification:_identify(build) by extensions ['ignore', 'ignore_ament_install']
[1.053s] Level 1:colcon.colcon_core.package_identification:_identify(build) by extension 'ignore'
[1.053s] Level 1:colcon.colcon_core.package_identification:_identify(build) ignored
[1.061s] Level 1:colcon.colcon_core.package_identification:_identify(install) by extensions ['ignore', 'ignore_ament_install']
[1.065s] Level 1:colcon.colcon_core.package_identification:_identify(install) by extension 'ignore'
[1.066s] Level 1:colcon.colcon_core.package_identification:_identify(install) ignored
[1.072s] Level 1:colcon.colcon_core.package_identification:_identify(log) by extensions ['ignore', 'ignore_ament_install']
[1.073s] Level 1:colcon.colcon_core.package_identification:_identify(log) by extension 'ignore'
[1.075s] Level 1:colcon.colcon_core.package_identification:_identify(log) ignored
[1.081s] Level 1:colcon.colcon_core.package_identification:_identify(src) by extensions ['ignore', 'ignore_ament_install']
[1.082s] Level 1:colcon.colcon_core.package_identification:_identify(src) by extension 'ignore'
[1.085s] Level 1:colcon.colcon_core.package_identification:_identify(src) by extension 'ignore_ament_install'
[1.087s] Level 1:colcon.colcon_core.package_identification:_identify(src) by extensions ['colcon_pkg']
[1.088s] Level 1:colcon.colcon_core.package_identification:_identify(src) by extension 'colcon_pkg'
[1.089s] Level 1:colcon.colcon_core.package_identification:_identify(src) by extensions ['colcon_meta']
[1.090s] Level 1:colcon.colcon_core.package_identification:_identify(src) by extension 'colcon_meta'
[1.091s] Level 1:colcon.colcon_core.package_identification:_identify(src) by extensions ['ros']
[1.094s] Level 1:colcon.colcon_core.package_identification:_identify(src) by extension 'ros'
[1.100s] Level 1:colcon.colcon_core.package_identification:_identify(src) by extensions ['cmake', 'python']
[1.100s] Level 1:colcon.colcon_core.package_identification:_identify(src) by extension 'cmake'
[1.102s] Level 1:colcon.colcon_core.package_identification:_identify(src) by extension 'python'
[1.104s] Level 1:colcon.colcon_core.package_identification:_identify(src) by extensions ['python_setup_py']
[1.105s] Level 1:colcon.colcon_core.package_identification:_identify(src) by extension 'python_setup_py'
[1.109s] Level 1:colcon.colcon_core.package_identification:_identify(src/build) by extensions ['ignore', 'ignore_ament_install']
[1.112s] Level 1:colcon.colcon_core.package_identification:_identify(src/build) by extension 'ignore'
[1.114s] Level 1:colcon.colcon_core.package_identification:_identify(src/build) ignored
[1.119s] Level 1:colcon.colcon_core.package_identification:_identify(src/install) by extensions ['ignore', 'ignore_ament_install']
[1.121s] Level 1:colcon.colcon_core.package_identification:_identify(src/install) by extension 'ignore'
[1.122s] Level 1:colcon.colcon_core.package_identification:_identify(src/install) ignored
[1.125s] Level 1:colcon.colcon_core.package_identification:_identify(src/log) by extensions ['ignore', 'ignore_ament_install']
[1.131s] Level 1:colcon.colcon_core.package_identification:_identify(src/log) by extension 'ignore'
[1.132s] Level 1:colcon.colcon_core.package_identification:_identify(src/log) ignored
[1.136s] Level 1:colcon.colcon_core.package_identification:_identify(src/turtle_bot_15) by extensions ['ignore', 'ignore_ament_install']
[1.137s] Level 1:colcon.colcon_core.package_identification:_identify(src/turtle_bot_15) by extension 'ignore'
[1.139s] Level 1:colcon.colcon_core.package_identification:_identify(src/turtle_bot_15) by extension 'ignore_ament_install'
[1.140s] Level 1:colcon.colcon_core.package_identification:_identify(src/turtle_bot_15) by extensions ['colcon_pkg']
[1.141s] Level 1:colcon.colcon_core.package_identification:_identify(src/turtle_bot_15) by extension 'colcon_pkg'
[1.144s] Level 1:colcon.colcon_core.package_identification:_identify(src/turtle_bot_15) by extensions ['colcon_meta']
[1.145s] Level 1:colcon.colcon_core.package_identification:_identify(src/turtle_bot_15) by extension 'colcon_meta'
[1.146s] Level 1:colcon.colcon_core.package_identification:_identify(src/turtle_bot_15) by extensions ['ros']
[1.147s] Level 1:colcon.colcon_core.package_identification:_identify(src/turtle_bot_15) by extension 'ros'
[1.155s] DEBUG:colcon.colcon_core.package_identification:Package 'src/turtle_bot_15' with type 'ros.ament_python' and name 'turtle_bot_15'
[1.156s] Level 1:colcon.colcon_core.package_discovery:discover_packages(recursive) using defaults
[1.156s] Level 1:colcon.colcon_core.package_discovery:discover_packages(ignore) discover
[1.157s] Level 1:colcon.colcon_core.package_discovery:discover_packages(ignore) using defaults
[1.158s] Level 1:colcon.colcon_core.package_discovery:discover_packages(path) discover
[1.158s] Level 1:colcon.colcon_core.package_discovery:discover_packages(path) using defaults
[1.245s] Level 1:colcon.colcon_core.package_discovery:discover_packages(prefix_path) check parameters
[1.246s] Level 1:colcon.colcon_core.package_discovery:discover_packages(prefix_path) discover
[1.288s] DEBUG:colcon.colcon_installed_package_information.package_discovery:Found 2 installed packages in /home/robotica/Robotica/Taller 1/install
[1.292s] DEBUG:colcon.colcon_installed_package_information.package_discovery:Found 270 installed packages in /opt/ros/humble
[1.298s] Level 1:colcon.colcon_core.package_discovery:discover_packages(prefix_path) using defaults
[1.464s] Level 5:colcon.colcon_core.verb:set package 'turtle_bot_15' build argument 'cmake_args' from command line to 'None'
[1.465s] Level 5:colcon.colcon_core.verb:set package 'turtle_bot_15' build argument 'cmake_target' from command line to 'None'
[1.467s] Level 5:colcon.colcon_core.verb:set package 'turtle_bot_15' build argument 'cmake_target_skip_unavailable' from command line to 'False'
[1.468s] Level 5:colcon.colcon_core.verb:set package 'turtle_bot_15' build argument 'cmake_clean_cache' from command line to 'False'
[1.469s] Level 5:colcon.colcon_core.verb:set package 'turtle_bot_15' build argument 'cmake_clean_first' from command line to 'False'
[1.471s] Level 5:colcon.colcon_core.verb:set package 'turtle_bot_15' build argument 'cmake_force_configure' from command line to 'False'
[1.483s] Level 5:colcon.colcon_core.verb:set package 'turtle_bot_15' build argument 'ament_cmake_args' from command line to 'None'
[1.485s] Level 5:colcon.colcon_core.verb:set package 'turtle_bot_15' build argument 'catkin_cmake_args' from command line to 'None'
[1.487s] Level 5:colcon.colcon_core.verb:set package 'turtle_bot_15' build argument 'catkin_skip_building_tests' from command line to 'False'
[1.489s] DEBUG:colcon.colcon_core.verb:Building package 'turtle_bot_15' with the following arguments: {'ament_cmake_args': None, 'build_base': '/home/robotica/Robotica/Taller 1/build/turtle_bot_15', 'catkin_cmake_args': None, 'catkin_skip_building_tests': False, 'cmake_args': None, 'cmake_clean_cache': False, 'cmake_clean_first': False, 'cmake_force_configure': False, 'cmake_target': None, 'cmake_target_skip_unavailable': False, 'install_base': '/home/robotica/Robotica/Taller 1/install/turtle_bot_15', 'merge_install': False, 'path': '/home/robotica/Robotica/Taller 1/src/turtle_bot_15', 'symlink_install': False, 'test_result_base': None}
[1.494s] INFO:colcon.colcon_core.executor:Executing jobs using 'parallel' executor
[1.508s] DEBUG:colcon.colcon_parallel_executor.executor.parallel:run_until_complete
[1.510s] INFO:colcon.colcon_ros.task.ament_python.build:Building ROS package in '/home/robotica/Robotica/Taller 1/src/turtle_bot_15' with build type 'ament_python'
[1.517s] Level 1:colcon.colcon_core.shell:create_environment_hook('turtle_bot_15', 'ament_prefix_path')
[1.545s] INFO:colcon.colcon_core.plugin_system:Skipping extension 'colcon_core.shell.bat': Not used on non-Windows systems
[1.548s] INFO:colcon.colcon_core.shell:Creating environment hook '/home/robotica/Robotica/Taller 1/install/turtle_bot_15/share/turtle_bot_15/hook/ament_prefix_path.ps1'
[1.558s] INFO:colcon.colcon_core.shell:Creating environment descriptor '/home/robotica/Robotica/Taller 1/install/turtle_bot_15/share/turtle_bot_15/hook/ament_prefix_path.dsv'
[1.567s] INFO:colcon.colcon_core.shell:Creating environment hook '/home/robotica/Robotica/Taller 1/install/turtle_bot_15/share/turtle_bot_15/hook/ament_prefix_path.sh'
[1.585s] INFO:colcon.colcon_core.shell:Skip shell extension 'powershell' for command environment: Not usable outside of PowerShell
[1.586s] DEBUG:colcon.colcon_core.shell:Skip shell extension 'dsv' for command environment
[2.704s] INFO:colcon.colcon_core.task.python.build:Building Python package in '/home/robotica/Robotica/Taller 1/src/turtle_bot_15'
[2.710s] INFO:colcon.colcon_core.shell:Skip shell extension 'powershell' for command environment: Not usable outside of PowerShell
[2.717s] DEBUG:colcon.colcon_core.shell:Skip shell extension 'dsv' for command environment
[4.028s] DEBUG:colcon.colcon_core.event_handler.log_command:Invoking command in '/home/robotica/Robotica/Taller 1/src/turtle_bot_15': PYTHONPATH=/home/robotica/Robotica/Taller 1/build/turtle_bot_15/prefix_override:/home/robotica/Robotica/Taller 1/install/turtle_bot_15/lib/python3.10/site-packages:${PYTHONPATH} /usr/bin/python3 setup.py egg_info --egg-base ../../build/turtle_bot_15 build --build-base /home/robotica/Robotica/Taller 1/build/turtle_bot_15/build install --record /home/robotica/Robotica/Taller 1/build/turtle_bot_15/install.log --single-version-externally-managed
[6.136s] DEBUG:colcon.colcon_core.event_handler.log_command:Invoked command in '/home/robotica/Robotica/Taller 1/src/turtle_bot_15' returned '0': PYTHONPATH=/home/robotica/Robotica/Taller 1/build/turtle_bot_15/prefix_override:/home/robotica/Robotica/Taller 1/install/turtle_bot_15/lib/python3.10/site-packages:${PYTHONPATH} /usr/bin/python3 setup.py egg_info --egg-base ../../build/turtle_bot_15 build --build-base /home/robotica/Robotica/Taller 1/build/turtle_bot_15/build install --record /home/robotica/Robotica/Taller 1/build/turtle_bot_15/install.log --single-version-externally-managed
[6.163s] Level 1:colcon.colcon_core.environment:checking '/home/robotica/Robotica/Taller 1/install/turtle_bot_15' for CMake module files
[6.250s] Level 1:colcon.colcon_core.environment:checking '/home/robotica/Robotica/Taller 1/install/turtle_bot_15' for CMake config files
[6.358s] Level 1:colcon.colcon_core.environment:checking '/home/robotica/Robotica/Taller 1/install/turtle_bot_15/lib'
[6.364s] Level 1:colcon.colcon_core.environment:checking '/home/robotica/Robotica/Taller 1/install/turtle_bot_15/bin'
[6.369s] Level 1:colcon.colcon_core.environment:checking '/home/robotica/Robotica/Taller 1/install/turtle_bot_15/lib/pkgconfig/turtle_bot_15.pc'
[6.373s] Level 1:colcon.colcon_core.environment:checking '/home/robotica/Robotica/Taller 1/install/turtle_bot_15/lib/python3.10/site-packages'
[6.374s] Level 1:colcon.colcon_core.shell:create_environment_hook('turtle_bot_15', 'pythonpath')
[6.386s] INFO:colcon.colcon_core.shell:Creating environment hook '/home/robotica/Robotica/Taller 1/install/turtle_bot_15/share/turtle_bot_15/hook/pythonpath.ps1'
[6.405s] INFO:colcon.colcon_core.shell:Creating environment descriptor '/home/robotica/Robotica/Taller 1/install/turtle_bot_15/share/turtle_bot_15/hook/pythonpath.dsv'
[6.433s] INFO:colcon.colcon_core.shell:Creating environment hook '/home/robotica/Robotica/Taller 1/install/turtle_bot_15/share/turtle_bot_15/hook/pythonpath.sh'
[6.453s] Level 1:colcon.colcon_core.environment:checking '/home/robotica/Robotica/Taller 1/install/turtle_bot_15/bin'
[6.456s] Level 1:colcon.colcon_core.environment:create_environment_scripts_only(turtle_bot_15)
[6.464s] INFO:colcon.colcon_core.shell:Creating package script '/home/robotica/Robotica/Taller 1/install/turtle_bot_15/share/turtle_bot_15/package.ps1'
[6.497s] INFO:colcon.colcon_core.shell:Creating package descriptor '/home/robotica/Robotica/Taller 1/install/turtle_bot_15/share/turtle_bot_15/package.dsv'
[6.508s] INFO:colcon.colcon_core.shell:Creating package script '/home/robotica/Robotica/Taller 1/install/turtle_bot_15/share/turtle_bot_15/package.sh'
[6.522s] INFO:colcon.colcon_core.shell:Creating package script '/home/robotica/Robotica/Taller 1/install/turtle_bot_15/share/turtle_bot_15/package.bash'
[6.537s] INFO:colcon.colcon_core.shell:Creating package script '/home/robotica/Robotica/Taller 1/install/turtle_bot_15/share/turtle_bot_15/package.zsh'
[6.547s] Level 1:colcon.colcon_core.environment:create_file_with_runtime_dependencies(/home/robotica/Robotica/Taller 1/install/turtle_bot_15/share/colcon-core/packages/turtle_bot_15)
[6.557s] DEBUG:colcon.colcon_parallel_executor.executor.parallel:closing loop
[6.582s] DEBUG:colcon.colcon_parallel_executor.executor.parallel:loop closed
[6.585s] DEBUG:colcon.colcon_parallel_executor.executor.parallel:run_until_complete finished with '0'
[6.586s] DEBUG:colcon.colcon_core.event_reactor:joining thread
[6.673s] INFO:colcon.colcon_core.plugin_system:Skipping extension 'colcon_notification.desktop_notification.terminal_notifier': Not used on non-Darwin systems
[6.679s] INFO:colcon.colcon_core.plugin_system:Skipping extension 'colcon_notification.desktop_notification.win32': Not used on non-Windows systems
[6.688s] INFO:colcon.colcon_notification.desktop_notification:Sending desktop notification using 'notify2'
[6.778s] DEBUG:colcon.colcon_core.event_reactor:joined thread
[6.787s] INFO:colcon.colcon_core.shell:Creating prefix script '/home/robotica/Robotica/Taller 1/install/local_setup.ps1'
[6.805s] INFO:colcon.colcon_core.shell:Creating prefix util module '/home/robotica/Robotica/Taller 1/install/_local_setup_util_ps1.py'
[6.825s] INFO:colcon.colcon_core.shell:Creating prefix chain script '/home/robotica/Robotica/Taller 1/install/setup.ps1'
[6.851s] INFO:colcon.colcon_core.shell:Creating prefix script '/home/robotica/Robotica/Taller 1/install/local_setup.sh'
[6.860s] INFO:colcon.colcon_core.shell:Creating prefix util module '/home/robotica/Robotica/Taller 1/install/_local_setup_util_sh.py'
[6.868s] INFO:colcon.colcon_core.shell:Creating prefix chain script '/home/robotica/Robotica/Taller 1/install/setup.sh'
[6.919s] INFO:colcon.colcon_core.shell:Creating prefix script '/home/robotica/Robotica/Taller 1/install/local_setup.bash'
[6.927s] INFO:colcon.colcon_core.shell:Creating prefix chain script '/home/robotica/Robotica/Taller 1/install/setup.bash'
[6.943s] INFO:colcon.colcon_core.shell:Creating prefix script '/home/robotica/Robotica/Taller 1/install/local_setup.zsh'
[6.950s] INFO:colcon.colcon_core.shell:Creating prefix chain script '/home/robotica/Robotica/Taller 1/install/setup.zsh'
