[2.650s] Invoking command in '/home/robotica/taller1_grupo15/keyboard': PYTHONPATH=/home/robotica/taller1_grupo15/build/keyboard/prefix_override:/home/robotica/taller1_grupo15/install/keyboard/lib/python3.10/site-packages:${PYTHONPATH} /usr/bin/python3 setup.py egg_info --egg-base ../build/keyboard build --build-base /home/robotica/taller1_grupo15/build/keyboard/build install --record /home/robotica/taller1_grupo15/build/keyboard/install.log --single-version-externally-managed
[3.486s] running egg_info
[3.497s] writing ../build/keyboard/keyboard.egg-info/PKG-INFO
[3.498s] writing dependency_links to ../build/keyboard/keyboard.egg-info/dependency_links.txt
[3.512s] writing requirements to ../build/keyboard/keyboard.egg-info/requires.txt
[3.513s] writing top-level names to ../build/keyboard/keyboard.egg-info/top_level.txt
[3.528s] reading manifest file '../build/keyboard/keyboard.egg-info/SOURCES.txt'
[3.528s] reading manifest template 'MANIFEST.in'
[3.529s] adding license file 'LICENSE.txt'
[3.530s] writing manifest file '../build/keyboard/keyboard.egg-info/SOURCES.txt'
[3.532s] running build
[3.532s] running build_py
[3.543s] running install
[3.544s] /usr/lib/python3/dist-packages/setuptools/command/install.py:34: SetuptoolsDeprecationWarning: setup.py install is deprecated. Use build and pip and other standards-based tools.
[3.544s]   warnings.warn(
[3.545s] running install_lib
[3.549s] running install_egg_info
[3.560s] removing '/home/robotica/taller1_grupo15/install/keyboard/lib/python3.10/site-packages/keyboard-0.13.5-py3.10.egg-info' (and everything under it)
[3.561s] Copying ../build/keyboard/keyboard.egg-info to /home/robotica/taller1_grupo15/install/keyboard/lib/python3.10/site-packages/keyboard-0.13.5-py3.10.egg-info
[3.562s] running install_scripts
[3.646s] writing list of installed files to '/home/robotica/taller1_grupo15/build/keyboard/install.log'
[3.864s] Invoked command in '/home/robotica/taller1_grupo15/keyboard' returned '0': PYTHONPATH=/home/robotica/taller1_grupo15/build/keyboard/prefix_override:/home/robotica/taller1_grupo15/install/keyboard/lib/python3.10/site-packages:${PYTHONPATH} /usr/bin/python3 setup.py egg_info --egg-base ../build/keyboard build --build-base /home/robotica/taller1_grupo15/build/keyboard/build install --record /home/robotica/taller1_grupo15/build/keyboard/install.log --single-version-externally-managed
