/home/robotica/taller1_grupo15/install/keyboard/lib/python3.10/site-packages/keyboard/_canonical_names.py
/home/robotica/taller1_grupo15/install/keyboard/lib/python3.10/site-packages/keyboard/_darwinmouse.py
/home/robotica/taller1_grupo15/install/keyboard/lib/python3.10/site-packages/keyboard/_nixmouse.py
/home/robotica/taller1_grupo15/install/keyboard/lib/python3.10/site-packages/keyboard/_winmouse.py
/home/robotica/taller1_grupo15/install/keyboard/lib/python3.10/site-packages/keyboard/__main__.py
/home/robotica/taller1_grupo15/install/keyboard/lib/python3.10/site-packages/keyboard/_keyboard_event.py
/home/robotica/taller1_grupo15/install/keyboard/lib/python3.10/site-packages/keyboard/_mouse_event.py
/home/robotica/taller1_grupo15/install/keyboard/lib/python3.10/site-packages/keyboard/mouse.py
/home/robotica/taller1_grupo15/install/keyboard/lib/python3.10/site-packages/keyboard/_darwinkeyboard.py
/home/robotica/taller1_grupo15/install/keyboard/lib/python3.10/site-packages/keyboard/_keyboard_tests.py
/home/robotica/taller1_grupo15/install/keyboard/lib/python3.10/site-packages/keyboard/_mouse_tests.py
/home/robotica/taller1_grupo15/install/keyboard/lib/python3.10/site-packages/keyboard/__init__.py
/home/robotica/taller1_grupo15/install/keyboard/lib/python3.10/site-packages/keyboard/_winkeyboard.py
/home/robotica/taller1_grupo15/install/keyboard/lib/python3.10/site-packages/keyboard/_nixcommon.py
/home/robotica/taller1_grupo15/install/keyboard/lib/python3.10/site-packages/keyboard/_nixkeyboard.py
/home/robotica/taller1_grupo15/install/keyboard/lib/python3.10/site-packages/keyboard/_generic.py
/home/robotica/taller1_grupo15/install/keyboard/lib/python3.10/site-packages/keyboard/__pycache__/_canonical_names.cpython-310.pyc
/home/robotica/taller1_grupo15/install/keyboard/lib/python3.10/site-packages/keyboard/__pycache__/_darwinmouse.cpython-310.pyc
/home/robotica/taller1_grupo15/install/keyboard/lib/python3.10/site-packages/keyboard/__pycache__/_nixmouse.cpython-310.pyc
/home/robotica/taller1_grupo15/install/keyboard/lib/python3.10/site-packages/keyboard/__pycache__/_winmouse.cpython-310.pyc
/home/robotica/taller1_grupo15/install/keyboard/lib/python3.10/site-packages/keyboard/__pycache__/__main__.cpython-310.pyc
/home/robotica/taller1_grupo15/install/keyboard/lib/python3.10/site-packages/keyboard/__pycache__/_keyboard_event.cpython-310.pyc
/home/robotica/taller1_grupo15/install/keyboard/lib/python3.10/site-packages/keyboard/__pycache__/_mouse_event.cpython-310.pyc
/home/robotica/taller1_grupo15/install/keyboard/lib/python3.10/site-packages/keyboard/__pycache__/mouse.cpython-310.pyc
/home/robotica/taller1_grupo15/install/keyboard/lib/python3.10/site-packages/keyboard/__pycache__/_darwinkeyboard.cpython-310.pyc
/home/robotica/taller1_grupo15/install/keyboard/lib/python3.10/site-packages/keyboard/__pycache__/_keyboard_tests.cpython-310.pyc
/home/robotica/taller1_grupo15/install/keyboard/lib/python3.10/site-packages/keyboard/__pycache__/_mouse_tests.cpython-310.pyc
/home/robotica/taller1_grupo15/install/keyboard/lib/python3.10/site-packages/keyboard/__pycache__/__init__.cpython-310.pyc
/home/robotica/taller1_grupo15/install/keyboard/lib/python3.10/site-packages/keyboard/__pycache__/_winkeyboard.cpython-310.pyc
/home/robotica/taller1_grupo15/install/keyboard/lib/python3.10/site-packages/keyboard/__pycache__/_nixcommon.cpython-310.pyc
/home/robotica/taller1_grupo15/install/keyboard/lib/python3.10/site-packages/keyboard/__pycache__/_nixkeyboard.cpython-310.pyc
/home/robotica/taller1_grupo15/install/keyboard/lib/python3.10/site-packages/keyboard/__pycache__/_generic.cpython-310.pyc
/home/robotica/taller1_grupo15/install/keyboard/lib/python3.10/site-packages/keyboard-0.13.5-py3.10.egg-info/SOURCES.txt
/home/robotica/taller1_grupo15/install/keyboard/lib/python3.10/site-packages/keyboard-0.13.5-py3.10.egg-info/PKG-INFO
/home/robotica/taller1_grupo15/install/keyboard/lib/python3.10/site-packages/keyboard-0.13.5-py3.10.egg-info/dependency_links.txt
/home/robotica/taller1_grupo15/install/keyboard/lib/python3.10/site-packages/keyboard-0.13.5-py3.10.egg-info/requires.txt
/home/robotica/taller1_grupo15/install/keyboard/lib/python3.10/site-packages/keyboard-0.13.5-py3.10.egg-info/top_level.txt
