[2.703s] Invoking command in '/home/robotica/Robotica/Taller 1/src/turtle_bot_15': PYTHONPATH=/home/robotica/Robotica/Taller 1/build/turtle_bot_15/prefix_override:/home/robotica/Robotica/Taller 1/install/turtle_bot_15/lib/python3.10/site-packages:${PYTHONPATH} /usr/bin/python3 setup.py egg_info --egg-base ../../build/turtle_bot_15 build --build-base /home/robotica/Robotica/Taller 1/build/turtle_bot_15/build install --record /home/robotica/Robotica/Taller 1/build/turtle_bot_15/install.log --single-version-externally-managed
[3.642s] running egg_info
[3.649s] writing ../../build/turtle_bot_15/turtle_bot_15.egg-info/PKG-INFO
[3.661s] writing dependency_links to ../../build/turtle_bot_15/turtle_bot_15.egg-info/dependency_links.txt
[3.676s] writing entry points to ../../build/turtle_bot_15/turtle_bot_15.egg-info/entry_points.txt
[3.686s] writing requirements to ../../build/turtle_bot_15/turtle_bot_15.egg-info/requires.txt
[3.703s] writing top-level names to ../../build/turtle_bot_15/turtle_bot_15.egg-info/top_level.txt
[3.895s] reading manifest file '../../build/turtle_bot_15/turtle_bot_15.egg-info/SOURCES.txt'
[3.953s] writing manifest file '../../build/turtle_bot_15/turtle_bot_15.egg-info/SOURCES.txt'
[3.960s] running build
[3.969s] running build_py
[3.984s] copying turtle_bot_15/turtle_bot_interface.py -> /home/robotica/Robotica/Taller 1/build/turtle_bot_15/build/lib/turtle_bot_15
[4.032s] running install
[4.038s] running install_lib
[4.049s] /usr/lib/python3/dist-packages/setuptools/command/install.py:34: SetuptoolsDeprecationWarning: setup.py install is deprecated. Use build and pip and other standards-based tools.
[4.063s]   warnings.warn(
[4.075s] copying /home/robotica/Robotica/Taller 1/build/turtle_bot_15/build/lib/turtle_bot_15/turtle_bot_interface.py -> /home/robotica/Robotica/Taller 1/install/turtle_bot_15/lib/python3.10/site-packages/turtle_bot_15
[4.111s] byte-compiling /home/robotica/Robotica/Taller 1/install/turtle_bot_15/lib/python3.10/site-packages/turtle_bot_15/turtle_bot_interface.py to turtle_bot_interface.cpython-310.pyc
[4.148s] running install_data
[4.162s] running install_egg_info
[4.175s] removing '/home/robotica/Robotica/Taller 1/install/turtle_bot_15/lib/python3.10/site-packages/turtle_bot_15-0.0.0-py3.10.egg-info' (and everything under it)
[4.250s] Copying ../../build/turtle_bot_15/turtle_bot_15.egg-info to /home/robotica/Robotica/Taller 1/install/turtle_bot_15/lib/python3.10/site-packages/turtle_bot_15-0.0.0-py3.10.egg-info
[4.470s] running install_scripts
[4.590s] Installing turtle_bot_interface script to /home/robotica/Robotica/Taller 1/install/turtle_bot_15/lib/turtle_bot_15
[4.602s] Installing turtle_bot_teleop script to /home/robotica/Robotica/Taller 1/install/turtle_bot_15/lib/turtle_bot_15
[4.620s] writing list of installed files to '/home/robotica/Robotica/Taller 1/build/turtle_bot_15/install.log'
[4.708s] Invoked command in '/home/robotica/Robotica/Taller 1/src/turtle_bot_15' returned '0': PYTHONPATH=/home/robotica/Robotica/Taller 1/build/turtle_bot_15/prefix_override:/home/robotica/Robotica/Taller 1/install/turtle_bot_15/lib/python3.10/site-packages:${PYTHONPATH} /usr/bin/python3 setup.py egg_info --egg-base ../../build/turtle_bot_15 build --build-base /home/robotica/Robotica/Taller 1/build/turtle_bot_15/build install --record /home/robotica/Robotica/Taller 1/build/turtle_bot_15/install.log --single-version-externally-managed
