[2.274s] Invoking command in '/home/robotica/taller1_grupo15/keyboard': PYTHONPATH=/home/robotica/taller1_grupo15/build/keyboard/prefix_override:/home/robotica/taller1_grupo15/install/keyboard/lib/python3.10/site-packages:${PYTHONPATH} /usr/bin/python3 setup.py egg_info --egg-base ../build/keyboard build --build-base /home/robotica/taller1_grupo15/build/keyboard/build install --record /home/robotica/taller1_grupo15/build/keyboard/install.log --single-version-externally-managed
[2.998s] running egg_info
[2.999s] writing ../build/keyboard/keyboard.egg-info/PKG-INFO
[3.003s] writing dependency_links to ../build/keyboard/keyboard.egg-info/dependency_links.txt
[3.005s] writing requirements to ../build/keyboard/keyboard.egg-info/requires.txt
[3.026s] writing top-level names to ../build/keyboard/keyboard.egg-info/top_level.txt
[3.033s] reading manifest file '../build/keyboard/keyboard.egg-info/SOURCES.txt'
[3.034s] reading manifest template 'MANIFEST.in'
[3.034s] adding license file 'LICENSE.txt'
[3.035s] writing manifest file '../build/keyboard/keyboard.egg-info/SOURCES.txt'
[3.043s] running build
[3.044s] running build_py
[3.046s] running install
[3.046s] /usr/lib/python3/dist-packages/setuptools/command/install.py:34: SetuptoolsDeprecationWarning: setup.py install is deprecated. Use build and pip and other standards-based tools.
[3.047s]   warnings.warn(
[3.047s] running install_lib
[3.061s] running install_egg_info
[3.063s] removing '/home/robotica/taller1_grupo15/install/keyboard/lib/python3.10/site-packages/keyboard-0.13.5-py3.10.egg-info' (and everything under it)
[3.064s] Copying ../build/keyboard/keyboard.egg-info to /home/robotica/taller1_grupo15/install/keyboard/lib/python3.10/site-packages/keyboard-0.13.5-py3.10.egg-info
[3.066s] running install_scripts
[3.127s] writing list of installed files to '/home/robotica/taller1_grupo15/build/keyboard/install.log'
[3.243s] Invoked command in '/home/robotica/taller1_grupo15/keyboard' returned '0': PYTHONPATH=/home/robotica/taller1_grupo15/build/keyboard/prefix_override:/home/robotica/taller1_grupo15/install/keyboard/lib/python3.10/site-packages:${PYTHONPATH} /usr/bin/python3 setup.py egg_info --egg-base ../build/keyboard build --build-base /home/robotica/taller1_grupo15/build/keyboard/build install --record /home/robotica/taller1_grupo15/build/keyboard/install.log --single-version-externally-managed
