[1.884s] Invoking command in '/home/robotica/taller1_grupo15/keyboard': PYTHONPATH=/home/robotica/taller1_grupo15/build/keyboard/prefix_override:/home/robotica/taller1_grupo15/install/keyboard/lib/python3.10/site-packages:${PYTHONPATH} /usr/bin/python3 setup.py egg_info --egg-base ../build/keyboard build --build-base /home/robotica/taller1_grupo15/build/keyboard/build install --record /home/robotica/taller1_grupo15/build/keyboard/install.log --single-version-externally-managed
[2.460s] running egg_info
[2.462s] writing ../build/keyboard/keyboard.egg-info/PKG-INFO
[2.465s] writing dependency_links to ../build/keyboard/keyboard.egg-info/dependency_links.txt
[2.468s] writing requirements to ../build/keyboard/keyboard.egg-info/requires.txt
[2.469s] writing top-level names to ../build/keyboard/keyboard.egg-info/top_level.txt
[2.472s] reading manifest file '../build/keyboard/keyboard.egg-info/SOURCES.txt'
[2.473s] reading manifest template 'MANIFEST.in'
[2.482s] adding license file 'LICENSE.txt'
[2.484s] writing manifest file '../build/keyboard/keyboard.egg-info/SOURCES.txt'
[2.485s] running build
[2.486s] running build_py
[2.487s] running install
[2.488s] /usr/lib/python3/dist-packages/setuptools/command/install.py:34: SetuptoolsDeprecationWarning: setup.py install is deprecated. Use build and pip and other standards-based tools.
[2.488s]   warnings.warn(
[2.489s] running install_lib
[2.491s] running install_egg_info
[2.493s] removing '/home/robotica/taller1_grupo15/install/keyboard/lib/python3.10/site-packages/keyboard-0.13.5-py3.10.egg-info' (and everything under it)
[2.505s] Copying ../build/keyboard/keyboard.egg-info to /home/robotica/taller1_grupo15/install/keyboard/lib/python3.10/site-packages/keyboard-0.13.5-py3.10.egg-info
[2.506s] running install_scripts
[2.569s] writing list of installed files to '/home/robotica/taller1_grupo15/build/keyboard/install.log'
[2.681s] Invoked command in '/home/robotica/taller1_grupo15/keyboard' returned '0': PYTHONPATH=/home/robotica/taller1_grupo15/build/keyboard/prefix_override:/home/robotica/taller1_grupo15/install/keyboard/lib/python3.10/site-packages:${PYTHONPATH} /usr/bin/python3 setup.py egg_info --egg-base ../build/keyboard build --build-base /home/robotica/taller1_grupo15/build/keyboard/build install --record /home/robotica/taller1_grupo15/build/keyboard/install.log --single-version-externally-managed
