[0.246s] Invoking command in '/home/robotica/Robotica/Taller 1/src/build/turtle_bot_servcli': /usr/bin/cmake /home/robotica/Robotica/Taller 1/src/turtle_bot_servcli -DCMAKE_INSTALL_PREFIX=/home/robotica/Robotica/Taller 1/src/install/turtle_bot_servcli
[1.169s] -- The C compiler identification is GNU 11.3.0
[1.862s] -- The CXX compiler identification is GNU 11.3.0
[1.972s] -- Detecting C compiler ABI info
[2.634s] -- Detecting C compiler ABI info - done
[2.668s] -- Check for working C compiler: /usr/bin/cc - skipped
[2.678s] -- Detecting C compile features
[2.687s] -- Detecting C compile features - done
[2.768s] -- Detecting CXX compiler ABI info
[3.689s] -- Detecting CXX compiler ABI info - done
[3.743s] -- Check for working CXX compiler: /usr/bin/c++ - skipped
[3.751s] -- Detecting CXX compile features
[3.756s] -- Detecting CXX compile features - done
[3.846s] -- Found ament_cmake: 1.3.3 (/opt/ros/humble/share/ament_cmake/cmake)
[4.386s] -- Found Python3: /usr/bin/python3.10 (found version "3.10.6") found components: Interpreter 
[4.879s] -- Found ament_lint_auto: 0.12.4 (/opt/ros/humble/share/ament_lint_auto/cmake)
[5.038s] Error parsing '/home/robotica/Robotica/Taller 1/src/turtle_bot_servcli/package.xml':
[5.123s] Traceback (most recent call last):
[5.127s]   File "/opt/ros/humble/share/ament_cmake_core/cmake/core/package_xml_2_cmake.py", line 150, in <module>
[5.132s]     main()
[5.137s]   File "/opt/ros/humble/share/ament_cmake_core/cmake/core/package_xml_2_cmake.py", line 53, in main
[5.141s]     raise e
[5.144s]   File "/opt/ros/humble/share/ament_cmake_core/cmake/core/package_xml_2_cmake.py", line 49, in main
[5.148s]     package = parse_package_string(
[5.151s]   File "/usr/lib/python3/dist-packages/catkin_pkg/package.py", line 788, in parse_package_string
[5.154s]     pkg.validate(warnings=warnings)
[5.157s]   File "/usr/lib/python3/dist-packages/catkin_pkg/package.py", line 330, in validate
[5.174s]     raise InvalidPackage('\n'.join(errors), self.filename)
[5.183s] catkin_pkg.package.InvalidPackage: Error(s) in package '/home/robotica/Robotica/Taller 1/src/turtle_bot_servcli/package.xml':
[5.188s] The package "turtle_bot_servcli" must not "exec_depend" on a package with the same name as this package
[5.192s] [31mCMake Error at /opt/ros/humble/share/ament_cmake_core/cmake/core/ament_package_xml.cmake:95 (message):
[5.206s]   execute_process(/usr/bin/python3.10
[5.212s]   /opt/ros/humble/share/ament_cmake_core/cmake/core/package_xml_2_cmake.py
[5.217s]   /home/robotica/Robotica/Taller 1/src/turtle_bot_servcli/package.xml
[5.221s]   /home/robotica/Robotica/Taller
[5.227s]   1/src/build/turtle_bot_servcli/ament_cmake_core/package.cmake) returned
[5.238s]   error code 1
[5.240s] Call Stack (most recent call first):
[5.245s]   /opt/ros/humble/share/ament_cmake_core/cmake/core/ament_package_xml.cmake:49 (_ament_package_xml)
[5.247s]   /opt/ros/humble/share/ament_lint_auto/cmake/ament_lint_auto_find_test_dependencies.cmake:31 (ament_package_xml)
[5.250s]   CMakeLists.txt:23 (ament_lint_auto_find_test_dependencies)
[5.252s] 
[5.255s] [0m
[5.258s] -- Configuring incomplete, errors occurred!
[5.260s] See also "/home/robotica/Robotica/Taller 1/src/build/turtle_bot_servcli/CMakeFiles/CMakeOutput.log".
[5.263s] Invoked command in '/home/robotica/Robotica/Taller 1/src/build/turtle_bot_servcli' returned '1': /usr/bin/cmake /home/robotica/Robotica/Taller 1/src/turtle_bot_servcli -DCMAKE_INSTALL_PREFIX=/home/robotica/Robotica/Taller 1/src/install/turtle_bot_servcli
