[0.307s] DEBUG:colcon:Command line arguments: ['/usr/bin/colcon', 'build']
[0.307s] DEBUG:colcon:Parsed command line arguments: Namespace(log_base=None, log_level=None, verb_name='build', build_base='build', install_base='install', merge_install=False, symlink_install=False, test_result_base=None, continue_on_error=False, executor='parallel', parallel_workers=8, event_handlers=None, ignore_user_meta=False, metas=['./colcon.meta'], base_paths=['.'], packages_ignore=None, packages_ignore_regex=None, paths=None, packages_up_to=None, packages_up_to_regex=None, packages_above=None, packages_above_and_dependencies=None, packages_above_depth=None, packages_select_by_dep=None, packages_skip_by_dep=None, packages_skip_up_to=None, packages_select_build_failed=False, packages_skip_build_finished=False, packages_select_test_failures=False, packages_skip_test_passed=False, packages_select=None, packages_skip=None, packages_select_regex=None, packages_skip_regex=None, packages_start=None, packages_end=None, allow_overriding=[], cmake_args=None, cmake_target=None, cmake_target_skip_unavailable=False, cmake_clean_cache=False, cmake_clean_first=False, cmake_force_configure=False, ament_cmake_args=None, catkin_cmake_args=None, catkin_skip_building_tests=False, verb_parser=<colcon_defaults.argument_parser.defaults.DefaultArgumentsDecorator object at 0x7f00029719f0>, verb_extension=<colcon_core.verb.build.BuildVerb object at 0x7f0003147d60>, main=<bound method BuildVerb.main of <colcon_core.verb.build.BuildVerb object at 0x7f0003147d60>>)
[0.342s] Level 1:colcon.colcon_core.package_discovery:discover_packages(colcon_meta) check parameters
[0.342s] Level 1:colcon.colcon_core.package_discovery:discover_packages(recursive) check parameters
[0.342s] Level 1:colcon.colcon_core.package_discovery:discover_packages(ignore) check parameters
[0.342s] Level 1:colcon.colcon_core.package_discovery:discover_packages(path) check parameters
[0.342s] Level 1:colcon.colcon_core.package_discovery:discover_packages(colcon_meta) discover
[0.342s] Level 1:colcon.colcon_core.package_discovery:discover_packages(recursive) discover
[0.342s] INFO:colcon.colcon_core.package_discovery:Crawling recursively for packages in '/home/lieeeml00401/taller1_grupo15/src'
[0.342s] Level 1:colcon.colcon_core.package_identification:_identify(.) by extensions ['ignore', 'ignore_ament_install']
[0.343s] Level 1:colcon.colcon_core.package_identification:_identify(.) by extension 'ignore'
[0.343s] Level 1:colcon.colcon_core.package_identification:_identify(.) by extension 'ignore_ament_install'
[0.343s] Level 1:colcon.colcon_core.package_identification:_identify(.) by extensions ['colcon_pkg']
[0.343s] Level 1:colcon.colcon_core.package_identification:_identify(.) by extension 'colcon_pkg'
[0.343s] Level 1:colcon.colcon_core.package_identification:_identify(.) by extensions ['colcon_meta']
[0.343s] Level 1:colcon.colcon_core.package_identification:_identify(.) by extension 'colcon_meta'
[0.343s] Level 1:colcon.colcon_core.package_identification:_identify(.) by extensions ['ros']
[0.343s] Level 1:colcon.colcon_core.package_identification:_identify(.) by extension 'ros'
[0.354s] Level 1:colcon.colcon_core.package_identification:_identify(.) by extensions ['cmake', 'python']
[0.354s] Level 1:colcon.colcon_core.package_identification:_identify(.) by extension 'cmake'
[0.354s] Level 1:colcon.colcon_core.package_identification:_identify(.) by extension 'python'
[0.354s] Level 1:colcon.colcon_core.package_identification:_identify(.) by extensions ['python_setup_py']
[0.354s] Level 1:colcon.colcon_core.package_identification:_identify(.) by extension 'python_setup_py'
[0.354s] Level 1:colcon.colcon_core.package_identification:_identify(build) by extensions ['ignore', 'ignore_ament_install']
[0.354s] Level 1:colcon.colcon_core.package_identification:_identify(build) by extension 'ignore'
[0.355s] Level 1:colcon.colcon_core.package_identification:_identify(build) ignored
[0.355s] Level 1:colcon.colcon_core.package_identification:_identify(install) by extensions ['ignore', 'ignore_ament_install']
[0.355s] Level 1:colcon.colcon_core.package_identification:_identify(install) by extension 'ignore'
[0.355s] Level 1:colcon.colcon_core.package_identification:_identify(install) ignored
[0.355s] Level 1:colcon.colcon_core.package_identification:_identify(log) by extensions ['ignore', 'ignore_ament_install']
[0.355s] Level 1:colcon.colcon_core.package_identification:_identify(log) by extension 'ignore'
[0.355s] Level 1:colcon.colcon_core.package_identification:_identify(log) ignored
[0.355s] Level 1:colcon.colcon_core.package_identification:_identify(turtle_bot_15) by extensions ['ignore', 'ignore_ament_install']
[0.355s] Level 1:colcon.colcon_core.package_identification:_identify(turtle_bot_15) by extension 'ignore'
[0.355s] Level 1:colcon.colcon_core.package_identification:_identify(turtle_bot_15) by extension 'ignore_ament_install'
[0.355s] Level 1:colcon.colcon_core.package_identification:_identify(turtle_bot_15) by extensions ['colcon_pkg']
[0.355s] Level 1:colcon.colcon_core.package_identification:_identify(turtle_bot_15) by extension 'colcon_pkg'
[0.355s] Level 1:colcon.colcon_core.package_identification:_identify(turtle_bot_15) by extensions ['colcon_meta']
[0.355s] Level 1:colcon.colcon_core.package_identification:_identify(turtle_bot_15) by extension 'colcon_meta'
[0.356s] Level 1:colcon.colcon_core.package_identification:_identify(turtle_bot_15) by extensions ['ros']
[0.356s] Level 1:colcon.colcon_core.package_identification:_identify(turtle_bot_15) by extension 'ros'
[0.359s] DEBUG:colcon.colcon_core.package_identification:Package 'turtle_bot_15' with type 'ros.ament_python' and name 'turtle_bot_15'
[0.359s] Level 1:colcon.colcon_core.package_discovery:discover_packages(recursive) using defaults
[0.359s] Level 1:colcon.colcon_core.package_discovery:discover_packages(ignore) discover
[0.359s] Level 1:colcon.colcon_core.package_discovery:discover_packages(ignore) using defaults
[0.359s] Level 1:colcon.colcon_core.package_discovery:discover_packages(path) discover
[0.359s] Level 1:colcon.colcon_core.package_discovery:discover_packages(path) using defaults
[0.381s] Level 1:colcon.colcon_core.package_discovery:discover_packages(prefix_path) check parameters
[0.381s] Level 1:colcon.colcon_core.package_discovery:discover_packages(prefix_path) discover
[0.384s] DEBUG:colcon.colcon_installed_package_information.package_discovery:Found 1 installed packages in /home/lieeeml00401/taller1_grupo15/src/install
[0.384s] DEBUG:colcon.colcon_installed_package_information.package_discovery:Found 0 installed packages in /home/lieeeml00401/taller1_grupo15/install
[0.386s] DEBUG:colcon.colcon_installed_package_information.package_discovery:Found 270 installed packages in /opt/ros/humble
[0.387s] Level 1:colcon.colcon_core.package_discovery:discover_packages(prefix_path) using defaults
[0.448s] Level 5:colcon.colcon_core.verb:set package 'turtle_bot_15' build argument 'cmake_args' from command line to 'None'
[0.448s] Level 5:colcon.colcon_core.verb:set package 'turtle_bot_15' build argument 'cmake_target' from command line to 'None'
[0.448s] Level 5:colcon.colcon_core.verb:set package 'turtle_bot_15' build argument 'cmake_target_skip_unavailable' from command line to 'False'
[0.448s] Level 5:colcon.colcon_core.verb:set package 'turtle_bot_15' build argument 'cmake_clean_cache' from command line to 'False'
[0.448s] Level 5:colcon.colcon_core.verb:set package 'turtle_bot_15' build argument 'cmake_clean_first' from command line to 'False'
[0.448s] Level 5:colcon.colcon_core.verb:set package 'turtle_bot_15' build argument 'cmake_force_configure' from command line to 'False'
[0.448s] Level 5:colcon.colcon_core.verb:set package 'turtle_bot_15' build argument 'ament_cmake_args' from command line to 'None'
[0.448s] Level 5:colcon.colcon_core.verb:set package 'turtle_bot_15' build argument 'catkin_cmake_args' from command line to 'None'
[0.448s] Level 5:colcon.colcon_core.verb:set package 'turtle_bot_15' build argument 'catkin_skip_building_tests' from command line to 'False'
[0.448s] DEBUG:colcon.colcon_core.verb:Building package 'turtle_bot_15' with the following arguments: {'ament_cmake_args': None, 'build_base': '/home/lieeeml00401/taller1_grupo15/src/build/turtle_bot_15', 'catkin_cmake_args': None, 'catkin_skip_building_tests': False, 'cmake_args': None, 'cmake_clean_cache': False, 'cmake_clean_first': False, 'cmake_force_configure': False, 'cmake_target': None, 'cmake_target_skip_unavailable': False, 'install_base': '/home/lieeeml00401/taller1_grupo15/src/install/turtle_bot_15', 'merge_install': False, 'path': '/home/lieeeml00401/taller1_grupo15/src/turtle_bot_15', 'symlink_install': False, 'test_result_base': None}
[0.449s] INFO:colcon.colcon_core.executor:Executing jobs using 'parallel' executor
[0.452s] DEBUG:colcon.colcon_parallel_executor.executor.parallel:run_until_complete
[0.452s] INFO:colcon.colcon_ros.task.ament_python.build:Building ROS package in '/home/lieeeml00401/taller1_grupo15/src/turtle_bot_15' with build type 'ament_python'
[0.452s] Level 1:colcon.colcon_core.shell:create_environment_hook('turtle_bot_15', 'ament_prefix_path')
[0.457s] INFO:colcon.colcon_core.plugin_system:Skipping extension 'colcon_core.shell.bat': Not used on non-Windows systems
[0.457s] INFO:colcon.colcon_core.shell:Creating environment hook '/home/lieeeml00401/taller1_grupo15/src/install/turtle_bot_15/share/turtle_bot_15/hook/ament_prefix_path.ps1'
[0.458s] INFO:colcon.colcon_core.shell:Creating environment descriptor '/home/lieeeml00401/taller1_grupo15/src/install/turtle_bot_15/share/turtle_bot_15/hook/ament_prefix_path.dsv'
[0.458s] INFO:colcon.colcon_core.shell:Creating environment hook '/home/lieeeml00401/taller1_grupo15/src/install/turtle_bot_15/share/turtle_bot_15/hook/ament_prefix_path.sh'
[0.460s] INFO:colcon.colcon_core.shell:Skip shell extension 'powershell' for command environment: Not usable outside of PowerShell
[0.460s] DEBUG:colcon.colcon_core.shell:Skip shell extension 'dsv' for command environment
[0.711s] INFO:colcon.colcon_core.task.python.build:Building Python package in '/home/lieeeml00401/taller1_grupo15/src/turtle_bot_15'
[0.713s] INFO:colcon.colcon_core.shell:Skip shell extension 'powershell' for command environment: Not usable outside of PowerShell
[0.713s] DEBUG:colcon.colcon_core.shell:Skip shell extension 'dsv' for command environment
[1.028s] DEBUG:colcon.colcon_core.event_handler.log_command:Invoking command in '/home/lieeeml00401/taller1_grupo15/src/turtle_bot_15': PYTHONPATH=/home/lieeeml00401/taller1_grupo15/src/build/turtle_bot_15/prefix_override:/home/lieeeml00401/taller1_grupo15/src/install/turtle_bot_15/lib/python3.10/site-packages:${PYTHONPATH} /usr/bin/python3 setup.py egg_info --egg-base ../build/turtle_bot_15 build --build-base /home/lieeeml00401/taller1_grupo15/src/build/turtle_bot_15/build install --record /home/lieeeml00401/taller1_grupo15/src/build/turtle_bot_15/install.log --single-version-externally-managed
[1.319s] DEBUG:colcon.colcon_core.event_handler.log_command:Invoked command in '/home/lieeeml00401/taller1_grupo15/src/turtle_bot_15' returned '0': PYTHONPATH=/home/lieeeml00401/taller1_grupo15/src/build/turtle_bot_15/prefix_override:/home/lieeeml00401/taller1_grupo15/src/install/turtle_bot_15/lib/python3.10/site-packages:${PYTHONPATH} /usr/bin/python3 setup.py egg_info --egg-base ../build/turtle_bot_15 build --build-base /home/lieeeml00401/taller1_grupo15/src/build/turtle_bot_15/build install --record /home/lieeeml00401/taller1_grupo15/src/build/turtle_bot_15/install.log --single-version-externally-managed
[1.324s] Level 1:colcon.colcon_core.environment:checking '/home/lieeeml00401/taller1_grupo15/src/install/turtle_bot_15' for CMake module files
[1.324s] Level 1:colcon.colcon_core.environment:checking '/home/lieeeml00401/taller1_grupo15/src/install/turtle_bot_15' for CMake config files
[1.325s] Level 1:colcon.colcon_core.environment:checking '/home/lieeeml00401/taller1_grupo15/src/install/turtle_bot_15/lib'
[1.325s] Level 1:colcon.colcon_core.environment:checking '/home/lieeeml00401/taller1_grupo15/src/install/turtle_bot_15/bin'
[1.325s] Level 1:colcon.colcon_core.environment:checking '/home/lieeeml00401/taller1_grupo15/src/install/turtle_bot_15/lib/pkgconfig/turtle_bot_15.pc'
[1.325s] Level 1:colcon.colcon_core.environment:checking '/home/lieeeml00401/taller1_grupo15/src/install/turtle_bot_15/lib/python3.10/site-packages'
[1.325s] Level 1:colcon.colcon_core.shell:create_environment_hook('turtle_bot_15', 'pythonpath')
[1.326s] INFO:colcon.colcon_core.shell:Creating environment hook '/home/lieeeml00401/taller1_grupo15/src/install/turtle_bot_15/share/turtle_bot_15/hook/pythonpath.ps1'
[1.327s] INFO:colcon.colcon_core.shell:Creating environment descriptor '/home/lieeeml00401/taller1_grupo15/src/install/turtle_bot_15/share/turtle_bot_15/hook/pythonpath.dsv'
[1.327s] INFO:colcon.colcon_core.shell:Creating environment hook '/home/lieeeml00401/taller1_grupo15/src/install/turtle_bot_15/share/turtle_bot_15/hook/pythonpath.sh'
[1.328s] Level 1:colcon.colcon_core.environment:checking '/home/lieeeml00401/taller1_grupo15/src/install/turtle_bot_15/bin'
[1.328s] Level 1:colcon.colcon_core.environment:create_environment_scripts_only(turtle_bot_15)
[1.330s] INFO:colcon.colcon_core.shell:Creating package script '/home/lieeeml00401/taller1_grupo15/src/install/turtle_bot_15/share/turtle_bot_15/package.ps1'
[1.330s] INFO:colcon.colcon_core.shell:Creating package descriptor '/home/lieeeml00401/taller1_grupo15/src/install/turtle_bot_15/share/turtle_bot_15/package.dsv'
[1.331s] INFO:colcon.colcon_core.shell:Creating package script '/home/lieeeml00401/taller1_grupo15/src/install/turtle_bot_15/share/turtle_bot_15/package.sh'
[1.331s] INFO:colcon.colcon_core.shell:Creating package script '/home/lieeeml00401/taller1_grupo15/src/install/turtle_bot_15/share/turtle_bot_15/package.bash'
[1.332s] INFO:colcon.colcon_core.shell:Creating package script '/home/lieeeml00401/taller1_grupo15/src/install/turtle_bot_15/share/turtle_bot_15/package.zsh'
[1.333s] Level 1:colcon.colcon_core.environment:create_file_with_runtime_dependencies(/home/lieeeml00401/taller1_grupo15/src/install/turtle_bot_15/share/colcon-core/packages/turtle_bot_15)
[1.333s] DEBUG:colcon.colcon_parallel_executor.executor.parallel:closing loop
[1.333s] DEBUG:colcon.colcon_parallel_executor.executor.parallel:loop closed
[1.334s] DEBUG:colcon.colcon_parallel_executor.executor.parallel:run_until_complete finished with '0'
[1.334s] DEBUG:colcon.colcon_core.event_reactor:joining thread
[1.339s] INFO:colcon.colcon_core.plugin_system:Skipping extension 'colcon_notification.desktop_notification.terminal_notifier': Not used on non-Darwin systems
[1.339s] INFO:colcon.colcon_core.plugin_system:Skipping extension 'colcon_notification.desktop_notification.win32': Not used on non-Windows systems
[1.339s] INFO:colcon.colcon_notification.desktop_notification:Sending desktop notification using 'notify2'
[1.351s] DEBUG:colcon.colcon_core.event_reactor:joined thread
[1.352s] INFO:colcon.colcon_core.shell:Creating prefix script '/home/lieeeml00401/taller1_grupo15/src/install/local_setup.ps1'
[1.353s] INFO:colcon.colcon_core.shell:Creating prefix util module '/home/lieeeml00401/taller1_grupo15/src/install/_local_setup_util_ps1.py'
[1.354s] INFO:colcon.colcon_core.shell:Creating prefix chain script '/home/lieeeml00401/taller1_grupo15/src/install/setup.ps1'
[1.355s] INFO:colcon.colcon_core.shell:Creating prefix script '/home/lieeeml00401/taller1_grupo15/src/install/local_setup.sh'
[1.356s] INFO:colcon.colcon_core.shell:Creating prefix util module '/home/lieeeml00401/taller1_grupo15/src/install/_local_setup_util_sh.py'
[1.356s] INFO:colcon.colcon_core.shell:Creating prefix chain script '/home/lieeeml00401/taller1_grupo15/src/install/setup.sh'
[1.358s] INFO:colcon.colcon_core.shell:Creating prefix script '/home/lieeeml00401/taller1_grupo15/src/install/local_setup.bash'
[1.358s] INFO:colcon.colcon_core.shell:Creating prefix chain script '/home/lieeeml00401/taller1_grupo15/src/install/setup.bash'
[1.360s] INFO:colcon.colcon_core.shell:Creating prefix script '/home/lieeeml00401/taller1_grupo15/src/install/local_setup.zsh'
[1.360s] INFO:colcon.colcon_core.shell:Creating prefix chain script '/home/lieeeml00401/taller1_grupo15/src/install/setup.zsh'
