[0.041s] Invoking command in '/home/robotica/taller1_grupo15/build/turtle_bot_servcli': CMAKE_PREFIX_PATH=/opt/ros/humble /usr/bin/cmake /home/robotica/taller1_grupo15/src/turtle_bot_servcli -DCMAKE_INSTALL_PREFIX=/home/robotica/taller1_grupo15/install/turtle_bot_servcli
[0.144s] -- Found ament_cmake: 1.3.3 (/opt/ros/humble/share/ament_cmake/cmake)
[0.715s] -- Found ament_lint_auto: 0.12.4 (/opt/ros/humble/share/ament_lint_auto/cmake)
[0.939s] -- Found geometry_msgs: 4.2.2 (/opt/ros/humble/share/geometry_msgs/cmake)
[1.232s] -- Found rosidl_generator_c: 3.1.4 (/opt/ros/humble/share/rosidl_generator_c/cmake)
[1.272s] -- Found rosidl_adapter: 3.1.4 (/opt/ros/humble/share/rosidl_adapter/cmake)
[1.341s] -- Found rosidl_generator_cpp: 3.1.4 (/opt/ros/humble/share/rosidl_generator_cpp/cmake)
[1.487s] -- Using all available rosidl_typesupport_c: rosidl_typesupport_fastrtps_c;rosidl_typesupport_introspection_c
[1.590s] -- Using all available rosidl_typesupport_cpp: rosidl_typesupport_fastrtps_cpp;rosidl_typesupport_introspection_cpp
[2.113s] -- Found rosidl_default_generators: 1.2.0 (/opt/ros/humble/share/rosidl_default_generators/cmake)
[2.741s] [31mCMake Error at /opt/ros/humble/share/rosidl_adapter/cmake/rosidl_adapt_interfaces.cmake:59 (message):
[2.741s]   execute_process(/usr/bin/python3.10 -m rosidl_adapter --package-name
[2.741s]   turtle_bot_servcli --arguments-file
[2.741s]   /home/robotica/taller1_grupo15/build/turtle_bot_servcli/rosidl_adapter__arguments__turtle_bot_servcli.json
[2.741s]   --output-dir
[2.741s]   /home/robotica/taller1_grupo15/build/turtle_bot_servcli/rosidl_adapter/turtle_bot_servcli
[2.741s]   --output-file
[2.741s]   /home/robotica/taller1_grupo15/build/turtle_bot_servcli/rosidl_adapter/turtle_bot_servcli.idls)
[2.741s]   returned error code 1:
[2.741s] 
[2.742s]   Error processing 'geometry_msgs/Twist posicionInicial' of
[2.742s]   'turtle_bot_servcli/Posicion': ''posicionInicial' is an invalid field name.
[2.742s]   It should have the pattern '^(?!.*__)(?!.*_$)[a-z][a-z0-9_]*$''
[2.742s] 
[2.742s]   Traceback (most recent call last):
[2.742s] 
[2.742s]     File "/usr/lib/python3.10/runpy.py", line 196, in _run_module_as_main
[2.742s]       return _run_code(code, main_globals, None,
[2.742s]     File "/usr/lib/python3.10/runpy.py", line 86, in _run_code
[2.742s]       exec(code, run_globals)
[2.742s]     File "/opt/ros/humble/local/lib/python3.10/dist-packages/rosidl_adapter/__main__.py", line 19, in <module>
[2.742s]       sys.exit(main())
[2.742s]     File "/opt/ros/humble/local/lib/python3.10/dist-packages/rosidl_adapter/main.py", line 53, in main
[2.742s]       abs_idl_file = convert_to_idl(
[2.742s]     File "/opt/ros/humble/local/lib/python3.10/dist-packages/rosidl_adapter/__init__.py", line 19, in convert_to_idl
[2.742s]       return convert_msg_to_idl(
[2.743s]     File "/opt/ros/humble/local/lib/python3.10/dist-packages/rosidl_adapter/msg/__init__.py", line 28, in convert_msg_to_idl
[2.743s]       msg = parse_message_string(package_name, input_file.stem, content)
[2.743s]     File "/opt/ros/humble/local/lib/python3.10/dist-packages/rosidl_adapter/parser.py", line 519, in parse_message_string
[2.743s]       fields.append(Field(
[2.743s]     File "/opt/ros/humble/local/lib/python3.10/dist-packages/rosidl_adapter/parser.py", line 354, in __init__
[2.743s]       raise NameError(
[2.743s] 
[2.743s]   NameError: 'posicionInicial' is an invalid field name.  It should have the
[2.743s]   pattern '^(?!.*__)(?!.*_$)[a-z][a-z0-9_]*$'
[2.743s] 
[2.743s] Call Stack (most recent call first):
[2.743s]   /opt/ros/humble/share/rosidl_cmake/cmake/rosidl_generate_interfaces.cmake:130 (rosidl_adapt_interfaces)
[2.743s]   CMakeLists.txt:29 (rosidl_generate_interfaces)
[2.743s] 
[2.743s] [0m
[2.743s] -- Configuring incomplete, errors occurred!
[2.744s] See also "/home/robotica/taller1_grupo15/build/turtle_bot_servcli/CMakeFiles/CMakeOutput.log".
[2.746s] Invoked command in '/home/robotica/taller1_grupo15/build/turtle_bot_servcli' returned '1': CMAKE_PREFIX_PATH=/opt/ros/humble /usr/bin/cmake /home/robotica/taller1_grupo15/src/turtle_bot_servcli -DCMAKE_INSTALL_PREFIX=/home/robotica/taller1_grupo15/install/turtle_bot_servcli
