[1.470s] Invoking command in '/home/robotica/taller1_grupo15/src/turtle_bot_15': PYTHONPATH=/home/robotica/taller1_grupo15/build/turtle_bot_15/prefix_override:/home/robotica/taller1_grupo15/install/turtle_bot_15/lib/python3.10/site-packages:${PYTHONPATH} /usr/bin/python3 setup.py egg_info --egg-base ../../build/turtle_bot_15 build --build-base /home/robotica/taller1_grupo15/build/turtle_bot_15/build install --record /home/robotica/taller1_grupo15/build/turtle_bot_15/install.log --single-version-externally-managed
[2.008s] running egg_info
[2.009s] writing ../../build/turtle_bot_15/turtle_bot_15.egg-info/PKG-INFO
[2.011s] writing dependency_links to ../../build/turtle_bot_15/turtle_bot_15.egg-info/dependency_links.txt
[2.013s] writing entry points to ../../build/turtle_bot_15/turtle_bot_15.egg-info/entry_points.txt
[2.014s] writing requirements to ../../build/turtle_bot_15/turtle_bot_15.egg-info/requires.txt
[2.015s] writing top-level names to ../../build/turtle_bot_15/turtle_bot_15.egg-info/top_level.txt
[2.019s] reading manifest file '../../build/turtle_bot_15/turtle_bot_15.egg-info/SOURCES.txt'
[2.020s] writing manifest file '../../build/turtle_bot_15/turtle_bot_15.egg-info/SOURCES.txt'
[2.022s] running build
[2.022s] running build_py
[2.022s] copying turtle_bot_15/turtle_bot_interface.py -> /home/robotica/taller1_grupo15/build/turtle_bot_15/build/lib/turtle_bot_15
[2.023s] running install
[2.023s] /usr/lib/python3/dist-packages/setuptools/command/install.py:34: SetuptoolsDeprecationWarning: setup.py install is deprecated. Use build and pip and other standards-based tools.
[2.023s]   warnings.warn(
[2.024s] running install_lib
[2.025s] copying /home/robotica/taller1_grupo15/build/turtle_bot_15/build/lib/turtle_bot_15/turtle_bot_interface.py -> /home/robotica/taller1_grupo15/install/turtle_bot_15/lib/python3.10/site-packages/turtle_bot_15
[2.026s] byte-compiling /home/robotica/taller1_grupo15/install/turtle_bot_15/lib/python3.10/site-packages/turtle_bot_15/turtle_bot_interface.py to turtle_bot_interface.cpython-310.pyc
[2.042s] running install_data
[2.044s] running install_egg_info
[2.046s] removing '/home/robotica/taller1_grupo15/install/turtle_bot_15/lib/python3.10/site-packages/turtle_bot_15-0.0.0-py3.10.egg-info' (and everything under it)
[2.046s] Copying ../../build/turtle_bot_15/turtle_bot_15.egg-info to /home/robotica/taller1_grupo15/install/turtle_bot_15/lib/python3.10/site-packages/turtle_bot_15-0.0.0-py3.10.egg-info
[2.048s] running install_scripts
[2.118s] Installing turtle_bot_interface script to /home/robotica/taller1_grupo15/install/turtle_bot_15/lib/turtle_bot_15
[2.120s] Installing turtle_bot_teleop script to /home/robotica/taller1_grupo15/install/turtle_bot_15/lib/turtle_bot_15
[2.122s] writing list of installed files to '/home/robotica/taller1_grupo15/build/turtle_bot_15/install.log'
[2.197s] Invoked command in '/home/robotica/taller1_grupo15/src/turtle_bot_15' returned '0': PYTHONPATH=/home/robotica/taller1_grupo15/build/turtle_bot_15/prefix_override:/home/robotica/taller1_grupo15/install/turtle_bot_15/lib/python3.10/site-packages:${PYTHONPATH} /usr/bin/python3 setup.py egg_info --egg-base ../../build/turtle_bot_15 build --build-base /home/robotica/taller1_grupo15/build/turtle_bot_15/build install --record /home/robotica/taller1_grupo15/build/turtle_bot_15/install.log --single-version-externally-managed
