[2.521s] Invoking command in '/home/robotica/Robotica/Taller 1/src/turtle_bot_15': PYTHONPATH=/home/robotica/Robotica/Taller 1/build/turtle_bot_15/prefix_override:/home/robotica/Robotica/Taller 1/install/turtle_bot_15/lib/python3.10/site-packages:${PYTHONPATH} /usr/bin/python3 setup.py egg_info --egg-base ../../build/turtle_bot_15 build --build-base /home/robotica/Robotica/Taller 1/build/turtle_bot_15/build install --record /home/robotica/Robotica/Taller 1/build/turtle_bot_15/install.log --single-version-externally-managed
[3.411s] running egg_info
[3.446s] writing ../../build/turtle_bot_15/turtle_bot_15.egg-info/PKG-INFO
[3.458s] writing dependency_links to ../../build/turtle_bot_15/turtle_bot_15.egg-info/dependency_links.txt
[3.480s] writing entry points to ../../build/turtle_bot_15/turtle_bot_15.egg-info/entry_points.txt
[3.502s] writing requirements to ../../build/turtle_bot_15/turtle_bot_15.egg-info/requires.txt
[3.566s] writing top-level names to ../../build/turtle_bot_15/turtle_bot_15.egg-info/top_level.txt
[3.750s] reading manifest file '../../build/turtle_bot_15/turtle_bot_15.egg-info/SOURCES.txt'
[3.793s] writing manifest file '../../build/turtle_bot_15/turtle_bot_15.egg-info/SOURCES.txt'
[3.845s] running build
[3.853s] running build_py
[3.878s] copying turtle_bot_15/turtle_bot_interface.py -> /home/robotica/Robotica/Taller 1/build/turtle_bot_15/build/lib/turtle_bot_15
[3.913s] running install
[3.922s] /usr/lib/python3/dist-packages/setuptools/command/install.py:34: SetuptoolsDeprecationWarning: setup.py install is deprecated. Use build and pip and other standards-based tools.
[3.927s]   warnings.warn(
[3.931s] running install_lib
[3.941s] copying /home/robotica/Robotica/Taller 1/build/turtle_bot_15/build/lib/turtle_bot_15/turtle_bot_interface.py -> /home/robotica/Robotica/Taller 1/install/turtle_bot_15/lib/python3.10/site-packages/turtle_bot_15
[4.040s] byte-compiling /home/robotica/Robotica/Taller 1/install/turtle_bot_15/lib/python3.10/site-packages/turtle_bot_15/turtle_bot_interface.py to turtle_bot_interface.cpython-310.pyc
[4.107s] running install_data
[4.124s] running install_egg_info
[4.178s] removing '/home/robotica/Robotica/Taller 1/install/turtle_bot_15/lib/python3.10/site-packages/turtle_bot_15-0.0.0-py3.10.egg-info' (and everything under it)
[4.209s] Copying ../../build/turtle_bot_15/turtle_bot_15.egg-info to /home/robotica/Robotica/Taller 1/install/turtle_bot_15/lib/python3.10/site-packages/turtle_bot_15-0.0.0-py3.10.egg-info
[4.475s] running install_scripts
[4.662s] Installing turtle_bot_interface script to /home/robotica/Robotica/Taller 1/install/turtle_bot_15/lib/turtle_bot_15
[4.726s] Installing turtle_bot_teleop script to /home/robotica/Robotica/Taller 1/install/turtle_bot_15/lib/turtle_bot_15
[4.764s] writing list of installed files to '/home/robotica/Robotica/Taller 1/build/turtle_bot_15/install.log'
[4.889s] Invoked command in '/home/robotica/Robotica/Taller 1/src/turtle_bot_15' returned '0': PYTHONPATH=/home/robotica/Robotica/Taller 1/build/turtle_bot_15/prefix_override:/home/robotica/Robotica/Taller 1/install/turtle_bot_15/lib/python3.10/site-packages:${PYTHONPATH} /usr/bin/python3 setup.py egg_info --egg-base ../../build/turtle_bot_15 build --build-base /home/robotica/Robotica/Taller 1/build/turtle_bot_15/build install --record /home/robotica/Robotica/Taller 1/build/turtle_bot_15/install.log --single-version-externally-managed
