[2.690s] Invoking command in '/home/robotica/taller1_grupo15/keyboard': PYTHONPATH=/home/robotica/taller1_grupo15/build/keyboard/prefix_override:/home/robotica/taller1_grupo15/install/keyboard/lib/python3.10/site-packages:${PYTHONPATH} /usr/bin/python3 setup.py egg_info --egg-base ../build/keyboard build --build-base /home/robotica/taller1_grupo15/build/keyboard/build install --record /home/robotica/taller1_grupo15/build/keyboard/install.log --single-version-externally-managed
[3.606s] running egg_info
[3.608s] writing ../build/keyboard/keyboard.egg-info/PKG-INFO
[3.611s] writing dependency_links to ../build/keyboard/keyboard.egg-info/dependency_links.txt
[3.620s] writing requirements to ../build/keyboard/keyboard.egg-info/requires.txt
[3.621s] writing top-level names to ../build/keyboard/keyboard.egg-info/top_level.txt
[3.649s] reading manifest file '../build/keyboard/keyboard.egg-info/SOURCES.txt'
[3.651s] reading manifest template 'MANIFEST.in'
[3.652s] adding license file 'LICENSE.txt'
[3.654s] writing manifest file '../build/keyboard/keyboard.egg-info/SOURCES.txt'
[3.672s] running build
[3.673s] running build_py
[3.676s] running install
[3.690s] /usr/lib/python3/dist-packages/setuptools/command/install.py:34: SetuptoolsDeprecationWarning: setup.py install is deprecated. Use build and pip and other standards-based tools.
[3.691s]   warnings.warn(
[3.703s] running install_lib
[3.711s] running install_egg_info
[3.723s] removing '/home/robotica/taller1_grupo15/install/keyboard/lib/python3.10/site-packages/keyboard-0.13.5-py3.10.egg-info' (and everything under it)
[3.724s] Copying ../build/keyboard/keyboard.egg-info to /home/robotica/taller1_grupo15/install/keyboard/lib/python3.10/site-packages/keyboard-0.13.5-py3.10.egg-info
[3.727s] running install_scripts
[3.835s] writing list of installed files to '/home/robotica/taller1_grupo15/build/keyboard/install.log'
[3.960s] Invoked command in '/home/robotica/taller1_grupo15/keyboard' returned '0': PYTHONPATH=/home/robotica/taller1_grupo15/build/keyboard/prefix_override:/home/robotica/taller1_grupo15/install/keyboard/lib/python3.10/site-packages:${PYTHONPATH} /usr/bin/python3 setup.py egg_info --egg-base ../build/keyboard build --build-base /home/robotica/taller1_grupo15/build/keyboard/build install --record /home/robotica/taller1_grupo15/build/keyboard/install.log --single-version-externally-managed
