[2.020s] Invoking command in '/home/robotica/taller1_grupo15/keyboard': PYTHONPATH=/home/robotica/taller1_grupo15/build/keyboard/prefix_override:/home/robotica/taller1_grupo15/install/keyboard/lib/python3.10/site-packages:${PYTHONPATH} /usr/bin/python3 setup.py egg_info --egg-base ../build/keyboard build --build-base /home/robotica/taller1_grupo15/build/keyboard/build install --record /home/robotica/taller1_grupo15/build/keyboard/install.log --single-version-externally-managed
[2.786s] running egg_info
[2.787s] writing ../build/keyboard/keyboard.egg-info/PKG-INFO
[2.796s] writing dependency_links to ../build/keyboard/keyboard.egg-info/dependency_links.txt
[2.818s] writing requirements to ../build/keyboard/keyboard.egg-info/requires.txt
[2.818s] writing top-level names to ../build/keyboard/keyboard.egg-info/top_level.txt
[2.820s] reading manifest file '../build/keyboard/keyboard.egg-info/SOURCES.txt'
[2.820s] reading manifest template 'MANIFEST.in'
[2.822s] adding license file 'LICENSE.txt'
[2.832s] writing manifest file '../build/keyboard/keyboard.egg-info/SOURCES.txt'
[2.835s] running build
[2.835s] running build_py
[2.837s] running install
[2.837s] /usr/lib/python3/dist-packages/setuptools/command/install.py:34: SetuptoolsDeprecationWarning: setup.py install is deprecated. Use build and pip and other standards-based tools.
[2.837s]   warnings.warn(
[2.838s] running install_lib
[2.841s] running install_egg_info
[2.854s] removing '/home/robotica/taller1_grupo15/install/keyboard/lib/python3.10/site-packages/keyboard-0.13.5-py3.10.egg-info' (and everything under it)
[2.855s] Copying ../build/keyboard/keyboard.egg-info to /home/robotica/taller1_grupo15/install/keyboard/lib/python3.10/site-packages/keyboard-0.13.5-py3.10.egg-info
[2.856s] running install_scripts
[2.956s] writing list of installed files to '/home/robotica/taller1_grupo15/build/keyboard/install.log'
[3.092s] Invoked command in '/home/robotica/taller1_grupo15/keyboard' returned '0': PYTHONPATH=/home/robotica/taller1_grupo15/build/keyboard/prefix_override:/home/robotica/taller1_grupo15/install/keyboard/lib/python3.10/site-packages:${PYTHONPATH} /usr/bin/python3 setup.py egg_info --egg-base ../build/keyboard build --build-base /home/robotica/taller1_grupo15/build/keyboard/build install --record /home/robotica/taller1_grupo15/build/keyboard/install.log --single-version-externally-managed
