[1.696s] DEBUG:colcon:Command line arguments: ['/usr/bin/colcon', 'build']
[1.697s] DEBUG:colcon:Parsed command line arguments: Namespace(log_base=None, log_level=None, verb_name='build', build_base='build', install_base='install', merge_install=False, symlink_install=False, test_result_base=None, continue_on_error=False, executor='parallel', parallel_workers=4, event_handlers=None, ignore_user_meta=False, metas=['./colcon.meta'], base_paths=['.'], packages_ignore=None, packages_ignore_regex=None, paths=None, packages_up_to=None, packages_up_to_regex=None, packages_above=None, packages_above_and_dependencies=None, packages_above_depth=None, packages_select_by_dep=None, packages_skip_by_dep=None, packages_skip_up_to=None, packages_select_build_failed=False, packages_skip_build_finished=False, packages_select_test_failures=False, packages_skip_test_passed=False, packages_select=None, packages_skip=None, packages_select_regex=None, packages_skip_regex=None, packages_start=None, packages_end=None, allow_overriding=[], cmake_args=None, cmake_target=None, cmake_target_skip_unavailable=False, cmake_clean_cache=False, cmake_clean_first=False, cmake_force_configure=False, ament_cmake_args=None, catkin_cmake_args=None, catkin_skip_building_tests=False, verb_parser=<colcon_defaults.argument_parser.defaults.DefaultArgumentsDecorator object at 0x7f947d8ad7b0>, verb_extension=<colcon_core.verb.build.BuildVerb object at 0x7f947e13e020>, main=<bound method BuildVerb.main of <colcon_core.verb.build.BuildVerb object at 0x7f947e13e020>>)
[2.032s] Level 1:colcon.colcon_core.package_discovery:discover_packages(colcon_meta) check parameters
[2.034s] Level 1:colcon.colcon_core.package_discovery:discover_packages(recursive) check parameters
[2.035s] Level 1:colcon.colcon_core.package_discovery:discover_packages(ignore) check parameters
[2.036s] Level 1:colcon.colcon_core.package_discovery:discover_packages(path) check parameters
[2.036s] Level 1:colcon.colcon_core.package_discovery:discover_packages(colcon_meta) discover
[2.037s] Level 1:colcon.colcon_core.package_discovery:discover_packages(recursive) discover
[2.039s] INFO:colcon.colcon_core.package_discovery:Crawling recursively for packages in '/home/robotica/Robotica/Taller 1'
[2.070s] Level 1:colcon.colcon_core.package_identification:_identify(.) by extensions ['ignore', 'ignore_ament_install']
[2.076s] Level 1:colcon.colcon_core.package_identification:_identify(.) by extension 'ignore'
[2.086s] Level 1:colcon.colcon_core.package_identification:_identify(.) by extension 'ignore_ament_install'
[2.139s] Level 1:colcon.colcon_core.package_identification:_identify(.) by extensions ['colcon_pkg']
[2.151s] Level 1:colcon.colcon_core.package_identification:_identify(.) by extension 'colcon_pkg'
[2.160s] Level 1:colcon.colcon_core.package_identification:_identify(.) by extensions ['colcon_meta']
[2.164s] Level 1:colcon.colcon_core.package_identification:_identify(.) by extension 'colcon_meta'
[2.166s] Level 1:colcon.colcon_core.package_identification:_identify(.) by extensions ['ros']
[2.167s] Level 1:colcon.colcon_core.package_identification:_identify(.) by extension 'ros'
[2.327s] Level 1:colcon.colcon_core.package_identification:_identify(.) by extensions ['cmake', 'python']
[2.328s] Level 1:colcon.colcon_core.package_identification:_identify(.) by extension 'cmake'
[2.332s] Level 1:colcon.colcon_core.package_identification:_identify(.) by extension 'python'
[2.335s] Level 1:colcon.colcon_core.package_identification:_identify(.) by extensions ['python_setup_py']
[2.335s] Level 1:colcon.colcon_core.package_identification:_identify(.) by extension 'python_setup_py'
[2.349s] Level 1:colcon.colcon_core.package_identification:_identify(Resources) by extensions ['ignore', 'ignore_ament_install']
[2.355s] Level 1:colcon.colcon_core.package_identification:_identify(Resources) by extension 'ignore'
[2.363s] Level 1:colcon.colcon_core.package_identification:_identify(Resources) by extension 'ignore_ament_install'
[2.382s] Level 1:colcon.colcon_core.package_identification:_identify(Resources) by extensions ['colcon_pkg']
[2.385s] Level 1:colcon.colcon_core.package_identification:_identify(Resources) by extension 'colcon_pkg'
[2.401s] Level 1:colcon.colcon_core.package_identification:_identify(Resources) by extensions ['colcon_meta']
[2.401s] Level 1:colcon.colcon_core.package_identification:_identify(Resources) by extension 'colcon_meta'
[2.402s] Level 1:colcon.colcon_core.package_identification:_identify(Resources) by extensions ['ros']
[2.403s] Level 1:colcon.colcon_core.package_identification:_identify(Resources) by extension 'ros'
[2.443s] Level 1:colcon.colcon_core.package_identification:_identify(Resources) by extensions ['cmake', 'python']
[2.446s] Level 1:colcon.colcon_core.package_identification:_identify(Resources) by extension 'cmake'
[2.449s] Level 1:colcon.colcon_core.package_identification:_identify(Resources) by extension 'python'
[2.450s] Level 1:colcon.colcon_core.package_identification:_identify(Resources) by extensions ['python_setup_py']
[2.450s] Level 1:colcon.colcon_core.package_identification:_identify(Resources) by extension 'python_setup_py'
[2.454s] Level 1:colcon.colcon_core.package_identification:_identify(build) by extensions ['ignore', 'ignore_ament_install']
[2.455s] Level 1:colcon.colcon_core.package_identification:_identify(build) by extension 'ignore'
[2.456s] Level 1:colcon.colcon_core.package_identification:_identify(build) ignored
[2.460s] Level 1:colcon.colcon_core.package_identification:_identify(install) by extensions ['ignore', 'ignore_ament_install']
[2.461s] Level 1:colcon.colcon_core.package_identification:_identify(install) by extension 'ignore'
[2.462s] Level 1:colcon.colcon_core.package_identification:_identify(install) ignored
[2.468s] Level 1:colcon.colcon_core.package_identification:_identify(log) by extensions ['ignore', 'ignore_ament_install']
[2.469s] Level 1:colcon.colcon_core.package_identification:_identify(log) by extension 'ignore'
[2.470s] Level 1:colcon.colcon_core.package_identification:_identify(log) ignored
[2.474s] Level 1:colcon.colcon_core.package_identification:_identify(src) by extensions ['ignore', 'ignore_ament_install']
[2.475s] Level 1:colcon.colcon_core.package_identification:_identify(src) by extension 'ignore'
[2.476s] Level 1:colcon.colcon_core.package_identification:_identify(src) by extension 'ignore_ament_install'
[2.478s] Level 1:colcon.colcon_core.package_identification:_identify(src) by extensions ['colcon_pkg']
[2.479s] Level 1:colcon.colcon_core.package_identification:_identify(src) by extension 'colcon_pkg'
[2.481s] Level 1:colcon.colcon_core.package_identification:_identify(src) by extensions ['colcon_meta']
[2.481s] Level 1:colcon.colcon_core.package_identification:_identify(src) by extension 'colcon_meta'
[2.482s] Level 1:colcon.colcon_core.package_identification:_identify(src) by extensions ['ros']
[2.482s] Level 1:colcon.colcon_core.package_identification:_identify(src) by extension 'ros'
[2.495s] Level 1:colcon.colcon_core.package_identification:_identify(src) by extensions ['cmake', 'python']
[2.496s] Level 1:colcon.colcon_core.package_identification:_identify(src) by extension 'cmake'
[2.497s] Level 1:colcon.colcon_core.package_identification:_identify(src) by extension 'python'
[2.498s] Level 1:colcon.colcon_core.package_identification:_identify(src) by extensions ['python_setup_py']
[2.498s] Level 1:colcon.colcon_core.package_identification:_identify(src) by extension 'python_setup_py'
[2.501s] Level 1:colcon.colcon_core.package_identification:_identify(src/build) by extensions ['ignore', 'ignore_ament_install']
[2.502s] Level 1:colcon.colcon_core.package_identification:_identify(src/build) by extension 'ignore'
[2.503s] Level 1:colcon.colcon_core.package_identification:_identify(src/build) ignored
[2.506s] Level 1:colcon.colcon_core.package_identification:_identify(src/install) by extensions ['ignore', 'ignore_ament_install']
[2.507s] Level 1:colcon.colcon_core.package_identification:_identify(src/install) by extension 'ignore'
[2.509s] Level 1:colcon.colcon_core.package_identification:_identify(src/install) ignored
[2.512s] Level 1:colcon.colcon_core.package_identification:_identify(src/log) by extensions ['ignore', 'ignore_ament_install']
[2.513s] Level 1:colcon.colcon_core.package_identification:_identify(src/log) by extension 'ignore'
[2.515s] Level 1:colcon.colcon_core.package_identification:_identify(src/log) ignored
[2.524s] Level 1:colcon.colcon_core.package_identification:_identify(src/turtle_bot_15) by extensions ['ignore', 'ignore_ament_install']
[2.525s] Level 1:colcon.colcon_core.package_identification:_identify(src/turtle_bot_15) by extension 'ignore'
[2.533s] Level 1:colcon.colcon_core.package_identification:_identify(src/turtle_bot_15) by extension 'ignore_ament_install'
[2.536s] Level 1:colcon.colcon_core.package_identification:_identify(src/turtle_bot_15) by extensions ['colcon_pkg']
[2.537s] Level 1:colcon.colcon_core.package_identification:_identify(src/turtle_bot_15) by extension 'colcon_pkg'
[2.539s] Level 1:colcon.colcon_core.package_identification:_identify(src/turtle_bot_15) by extensions ['colcon_meta']
[2.540s] Level 1:colcon.colcon_core.package_identification:_identify(src/turtle_bot_15) by extension 'colcon_meta'
[2.541s] Level 1:colcon.colcon_core.package_identification:_identify(src/turtle_bot_15) by extensions ['ros']
[2.542s] Level 1:colcon.colcon_core.package_identification:_identify(src/turtle_bot_15) by extension 'ros'
[2.555s] DEBUG:colcon.colcon_core.package_identification:Package 'src/turtle_bot_15' with type 'ros.ament_python' and name 'turtle_bot_15'
[2.555s] Level 1:colcon.colcon_core.package_discovery:discover_packages(recursive) using defaults
[2.558s] Level 1:colcon.colcon_core.package_discovery:discover_packages(ignore) discover
[2.558s] Level 1:colcon.colcon_core.package_discovery:discover_packages(ignore) using defaults
[2.559s] Level 1:colcon.colcon_core.package_discovery:discover_packages(path) discover
[2.560s] Level 1:colcon.colcon_core.package_discovery:discover_packages(path) using defaults
[2.686s] Level 1:colcon.colcon_core.package_discovery:discover_packages(prefix_path) check parameters
[2.736s] Level 1:colcon.colcon_core.package_discovery:discover_packages(prefix_path) discover
[2.771s] DEBUG:colcon.colcon_installed_package_information.package_discovery:Found 1 installed packages in /home/robotica/Robotica/Taller 1/install
[2.777s] DEBUG:colcon.colcon_installed_package_information.package_discovery:Found 270 installed packages in /opt/ros/humble
[2.785s] Level 1:colcon.colcon_core.package_discovery:discover_packages(prefix_path) using defaults
[3.046s] Level 5:colcon.colcon_core.verb:set package 'turtle_bot_15' build argument 'cmake_args' from command line to 'None'
[3.047s] Level 5:colcon.colcon_core.verb:set package 'turtle_bot_15' build argument 'cmake_target' from command line to 'None'
[3.050s] Level 5:colcon.colcon_core.verb:set package 'turtle_bot_15' build argument 'cmake_target_skip_unavailable' from command line to 'False'
[3.052s] Level 5:colcon.colcon_core.verb:set package 'turtle_bot_15' build argument 'cmake_clean_cache' from command line to 'False'
[3.052s] Level 5:colcon.colcon_core.verb:set package 'turtle_bot_15' build argument 'cmake_clean_first' from command line to 'False'
[3.053s] Level 5:colcon.colcon_core.verb:set package 'turtle_bot_15' build argument 'cmake_force_configure' from command line to 'False'
[3.054s] Level 5:colcon.colcon_core.verb:set package 'turtle_bot_15' build argument 'ament_cmake_args' from command line to 'None'
[3.055s] Level 5:colcon.colcon_core.verb:set package 'turtle_bot_15' build argument 'catkin_cmake_args' from command line to 'None'
[3.057s] Level 5:colcon.colcon_core.verb:set package 'turtle_bot_15' build argument 'catkin_skip_building_tests' from command line to 'False'
[3.058s] DEBUG:colcon.colcon_core.verb:Building package 'turtle_bot_15' with the following arguments: {'ament_cmake_args': None, 'build_base': '/home/robotica/Robotica/Taller 1/build/turtle_bot_15', 'catkin_cmake_args': None, 'catkin_skip_building_tests': False, 'cmake_args': None, 'cmake_clean_cache': False, 'cmake_clean_first': False, 'cmake_force_configure': False, 'cmake_target': None, 'cmake_target_skip_unavailable': False, 'install_base': '/home/robotica/Robotica/Taller 1/install/turtle_bot_15', 'merge_install': False, 'path': '/home/robotica/Robotica/Taller 1/src/turtle_bot_15', 'symlink_install': False, 'test_result_base': None}
[3.061s] INFO:colcon.colcon_core.executor:Executing jobs using 'parallel' executor
[3.070s] DEBUG:colcon.colcon_parallel_executor.executor.parallel:run_until_complete
[3.072s] INFO:colcon.colcon_ros.task.ament_python.build:Building ROS package in '/home/robotica/Robotica/Taller 1/src/turtle_bot_15' with build type 'ament_python'
[3.075s] Level 1:colcon.colcon_core.shell:create_environment_hook('turtle_bot_15', 'ament_prefix_path')
[3.094s] INFO:colcon.colcon_core.plugin_system:Skipping extension 'colcon_core.shell.bat': Not used on non-Windows systems
[3.098s] INFO:colcon.colcon_core.shell:Creating environment hook '/home/robotica/Robotica/Taller 1/install/turtle_bot_15/share/turtle_bot_15/hook/ament_prefix_path.ps1'
[3.117s] INFO:colcon.colcon_core.shell:Creating environment descriptor '/home/robotica/Robotica/Taller 1/install/turtle_bot_15/share/turtle_bot_15/hook/ament_prefix_path.dsv'
[3.125s] INFO:colcon.colcon_core.shell:Creating environment hook '/home/robotica/Robotica/Taller 1/install/turtle_bot_15/share/turtle_bot_15/hook/ament_prefix_path.sh'
[3.136s] INFO:colcon.colcon_core.shell:Skip shell extension 'powershell' for command environment: Not usable outside of PowerShell
[3.136s] DEBUG:colcon.colcon_core.shell:Skip shell extension 'dsv' for command environment
[4.573s] INFO:colcon.colcon_core.task.python.build:Building Python package in '/home/robotica/Robotica/Taller 1/src/turtle_bot_15'
[4.578s] INFO:colcon.colcon_core.shell:Skip shell extension 'powershell' for command environment: Not usable outside of PowerShell
[4.579s] DEBUG:colcon.colcon_core.shell:Skip shell extension 'dsv' for command environment
[6.365s] DEBUG:colcon.colcon_core.event_handler.log_command:Invoking command in '/home/robotica/Robotica/Taller 1/src/turtle_bot_15': PYTHONPATH=/home/robotica/Robotica/Taller 1/build/turtle_bot_15/prefix_override:/home/robotica/Robotica/Taller 1/install/turtle_bot_15/lib/python3.10/site-packages:${PYTHONPATH} /usr/bin/python3 setup.py egg_info --egg-base ../../build/turtle_bot_15 build --build-base /home/robotica/Robotica/Taller 1/build/turtle_bot_15/build install --record /home/robotica/Robotica/Taller 1/build/turtle_bot_15/install.log --single-version-externally-managed
[7.915s] DEBUG:colcon.colcon_core.event_handler.log_command:Invoked command in '/home/robotica/Robotica/Taller 1/src/turtle_bot_15' returned '0': PYTHONPATH=/home/robotica/Robotica/Taller 1/build/turtle_bot_15/prefix_override:/home/robotica/Robotica/Taller 1/install/turtle_bot_15/lib/python3.10/site-packages:${PYTHONPATH} /usr/bin/python3 setup.py egg_info --egg-base ../../build/turtle_bot_15 build --build-base /home/robotica/Robotica/Taller 1/build/turtle_bot_15/build install --record /home/robotica/Robotica/Taller 1/build/turtle_bot_15/install.log --single-version-externally-managed
[7.921s] Level 1:colcon.colcon_core.environment:checking '/home/robotica/Robotica/Taller 1/install/turtle_bot_15' for CMake module files
[7.967s] Level 1:colcon.colcon_core.environment:checking '/home/robotica/Robotica/Taller 1/install/turtle_bot_15' for CMake config files
[8.094s] Level 1:colcon.colcon_core.environment:checking '/home/robotica/Robotica/Taller 1/install/turtle_bot_15/lib'
[8.134s] Level 1:colcon.colcon_core.environment:checking '/home/robotica/Robotica/Taller 1/install/turtle_bot_15/bin'
[8.138s] Level 1:colcon.colcon_core.environment:checking '/home/robotica/Robotica/Taller 1/install/turtle_bot_15/lib/pkgconfig/turtle_bot_15.pc'
[8.143s] Level 1:colcon.colcon_core.environment:checking '/home/robotica/Robotica/Taller 1/install/turtle_bot_15/lib/python3.10/site-packages'
[8.144s] Level 1:colcon.colcon_core.shell:create_environment_hook('turtle_bot_15', 'pythonpath')
[8.147s] INFO:colcon.colcon_core.shell:Creating environment hook '/home/robotica/Robotica/Taller 1/install/turtle_bot_15/share/turtle_bot_15/hook/pythonpath.ps1'
[8.162s] INFO:colcon.colcon_core.shell:Creating environment descriptor '/home/robotica/Robotica/Taller 1/install/turtle_bot_15/share/turtle_bot_15/hook/pythonpath.dsv'
[8.210s] INFO:colcon.colcon_core.shell:Creating environment hook '/home/robotica/Robotica/Taller 1/install/turtle_bot_15/share/turtle_bot_15/hook/pythonpath.sh'
[8.217s] Level 1:colcon.colcon_core.environment:checking '/home/robotica/Robotica/Taller 1/install/turtle_bot_15/bin'
[8.220s] Level 1:colcon.colcon_core.environment:create_environment_scripts_only(turtle_bot_15)
[8.224s] INFO:colcon.colcon_core.shell:Creating package script '/home/robotica/Robotica/Taller 1/install/turtle_bot_15/share/turtle_bot_15/package.ps1'
[8.230s] INFO:colcon.colcon_core.shell:Creating package descriptor '/home/robotica/Robotica/Taller 1/install/turtle_bot_15/share/turtle_bot_15/package.dsv'
[8.236s] INFO:colcon.colcon_core.shell:Creating package script '/home/robotica/Robotica/Taller 1/install/turtle_bot_15/share/turtle_bot_15/package.sh'
[8.243s] INFO:colcon.colcon_core.shell:Creating package script '/home/robotica/Robotica/Taller 1/install/turtle_bot_15/share/turtle_bot_15/package.bash'
[8.250s] INFO:colcon.colcon_core.shell:Creating package script '/home/robotica/Robotica/Taller 1/install/turtle_bot_15/share/turtle_bot_15/package.zsh'
[8.262s] Level 1:colcon.colcon_core.environment:create_file_with_runtime_dependencies(/home/robotica/Robotica/Taller 1/install/turtle_bot_15/share/colcon-core/packages/turtle_bot_15)
[8.277s] DEBUG:colcon.colcon_parallel_executor.executor.parallel:closing loop
[8.278s] DEBUG:colcon.colcon_parallel_executor.executor.parallel:loop closed
[8.279s] DEBUG:colcon.colcon_parallel_executor.executor.parallel:run_until_complete finished with '0'
[8.280s] DEBUG:colcon.colcon_core.event_reactor:joining thread
[8.306s] INFO:colcon.colcon_core.plugin_system:Skipping extension 'colcon_notification.desktop_notification.terminal_notifier': Not used on non-Darwin systems
[8.306s] INFO:colcon.colcon_core.plugin_system:Skipping extension 'colcon_notification.desktop_notification.win32': Not used on non-Windows systems
[8.307s] INFO:colcon.colcon_notification.desktop_notification:Sending desktop notification using 'notify2'
[8.441s] DEBUG:colcon.colcon_core.event_reactor:joined thread
[8.446s] INFO:colcon.colcon_core.shell:Creating prefix script '/home/robotica/Robotica/Taller 1/install/local_setup.ps1'
[8.457s] INFO:colcon.colcon_core.shell:Creating prefix util module '/home/robotica/Robotica/Taller 1/install/_local_setup_util_ps1.py'
[8.464s] INFO:colcon.colcon_core.shell:Creating prefix chain script '/home/robotica/Robotica/Taller 1/install/setup.ps1'
[8.525s] INFO:colcon.colcon_core.shell:Creating prefix script '/home/robotica/Robotica/Taller 1/install/local_setup.sh'
[8.536s] INFO:colcon.colcon_core.shell:Creating prefix util module '/home/robotica/Robotica/Taller 1/install/_local_setup_util_sh.py'
[8.546s] INFO:colcon.colcon_core.shell:Creating prefix chain script '/home/robotica/Robotica/Taller 1/install/setup.sh'
[8.558s] INFO:colcon.colcon_core.shell:Creating prefix script '/home/robotica/Robotica/Taller 1/install/local_setup.bash'
[8.566s] INFO:colcon.colcon_core.shell:Creating prefix chain script '/home/robotica/Robotica/Taller 1/install/setup.bash'
[8.579s] INFO:colcon.colcon_core.shell:Creating prefix script '/home/robotica/Robotica/Taller 1/install/local_setup.zsh'
[8.584s] INFO:colcon.colcon_core.shell:Creating prefix chain script '/home/robotica/Robotica/Taller 1/install/setup.zsh'
