[5.103s] Invoking command in '/home/robotica/taller1_grupo15/keyboard': PYTHONPATH=/home/robotica/taller1_grupo15/build/keyboard/prefix_override:/home/robotica/taller1_grupo15/install/keyboard/lib/python3.10/site-packages:${PYTHONPATH} /usr/bin/python3 setup.py egg_info --egg-base ../build/keyboard build --build-base /home/robotica/taller1_grupo15/build/keyboard/build install --record /home/robotica/taller1_grupo15/build/keyboard/install.log --single-version-externally-managed
[6.734s] running egg_info
[6.743s] writing ../build/keyboard/keyboard.egg-info/PKG-INFO
[6.747s] writing dependency_links to ../build/keyboard/keyboard.egg-info/dependency_links.txt
[6.759s] writing requirements to ../build/keyboard/keyboard.egg-info/requires.txt
[6.782s] writing top-level names to ../build/keyboard/keyboard.egg-info/top_level.txt
[6.820s] reading manifest file '../build/keyboard/keyboard.egg-info/SOURCES.txt'
[6.821s] reading manifest template 'MANIFEST.in'
[6.825s] adding license file 'LICENSE.txt'
[6.840s] writing manifest file '../build/keyboard/keyboard.egg-info/SOURCES.txt'
[6.856s] running build
[6.857s] running build_py
[6.861s] running install
[6.869s] /usr/lib/python3/dist-packages/setuptools/command/install.py:34: SetuptoolsDeprecationWarning: setup.py install is deprecated. Use build and pip and other standards-based tools.
[6.887s]   warnings.warn(
[6.887s] running install_lib
[6.896s] running install_egg_info
[6.927s] removing '/home/robotica/taller1_grupo15/install/keyboard/lib/python3.10/site-packages/keyboard-0.13.5-py3.10.egg-info' (and everything under it)
[6.927s] Copying ../build/keyboard/keyboard.egg-info to /home/robotica/taller1_grupo15/install/keyboard/lib/python3.10/site-packages/keyboard-0.13.5-py3.10.egg-info
[6.927s] running install_scripts
[7.076s] writing list of installed files to '/home/robotica/taller1_grupo15/build/keyboard/install.log'
[7.460s] Invoked command in '/home/robotica/taller1_grupo15/keyboard' returned '0': PYTHONPATH=/home/robotica/taller1_grupo15/build/keyboard/prefix_override:/home/robotica/taller1_grupo15/install/keyboard/lib/python3.10/site-packages:${PYTHONPATH} /usr/bin/python3 setup.py egg_info --egg-base ../build/keyboard build --build-base /home/robotica/taller1_grupo15/build/keyboard/build install --record /home/robotica/taller1_grupo15/build/keyboard/install.log --single-version-externally-managed
